====================================================================================================
SafeObjWorld V2 runner
{
  "mode": "train",
  "dataset_root": "/home/tahiti/SafeObjWorld/data/DAVIS2017",
  "run_root": "/home/tahiti/SafeObjWorld/runs_v2_full",
  "year": "2017",
  "method": "safeobjworld_r_no_area",
  "stress": "clean",
  "prefix_len": 3,
  "max_h": 10,
  "image_size": 192,
  "batch_size": 8,
  "epochs": 10,
  "lr": 0.0002,
  "weight_decay": 0.0001,
  "max_train_samples": 0,
  "max_val_samples": 0,
  "num_workers": 4,
  "seed": 42,
  "eval_k_override": 0,
  "amp": true,
  "cpu": false,
  "skip_existing": true,
  "log_every": 25
}
====================================================================================================
[train] method=safeobjworld_r_no_area device=cuda cfg={'stress_train': True, 'temporal_weight': 0.05, 'split_weight': 0.005, 'area_weight': 0.0, 'mc_eval': True, 'eval_k': 5}
[train:safeobjworld_r_no_area:H10] epoch=1/10 step=0/1003 loss=1.5680
[train:safeobjworld_r_no_area:H10] epoch=1/10 step=25/1003 loss=1.5021
[train:safeobjworld_r_no_area:H10] epoch=1/10 step=50/1003 loss=1.0220
[train:safeobjworld_r_no_area:H10] epoch=1/10 step=75/1003 loss=0.8999
[train:safeobjworld_r_no_area:H10] epoch=1/10 step=100/1003 loss=0.8037
[train:safeobjworld_r_no_area:H10] epoch=1/10 step=125/1003 loss=0.7181
[train:safeobjworld_r_no_area:H10] epoch=1/10 step=150/1003 loss=0.7846
[train:safeobjworld_r_no_area:H10] epoch=1/10 step=175/1003 loss=0.7283
[train:safeobjworld_r_no_area:H10] epoch=1/10 step=200/1003 loss=0.7074
[train:safeobjworld_r_no_area:H10] epoch=1/10 step=225/1003 loss=0.6945
[train:safeobjworld_r_no_area:H10] epoch=1/10 step=250/1003 loss=0.7764
[train:safeobjworld_r_no_area:H10] epoch=1/10 step=275/1003 loss=0.6750
[train:safeobjworld_r_no_area:H10] epoch=1/10 step=300/1003 loss=0.7213
[train:safeobjworld_r_no_area:H10] epoch=1/10 step=325/1003 loss=0.7031
[train:safeobjworld_r_no_area:H10] epoch=1/10 step=350/1003 loss=0.6966
[train:safeobjworld_r_no_area:H10] epoch=1/10 step=375/1003 loss=0.6976
[train:safeobjworld_r_no_area:H10] epoch=1/10 step=400/1003 loss=0.7082
[train:safeobjworld_r_no_area:H10] epoch=1/10 step=425/1003 loss=0.6968
[train:safeobjworld_r_no_area:H10] epoch=1/10 step=450/1003 loss=0.6424
[train:safeobjworld_r_no_area:H10] epoch=1/10 step=475/1003 loss=0.7305
[train:safeobjworld_r_no_area:H10] epoch=1/10 step=500/1003 loss=0.7035
[train:safeobjworld_r_no_area:H10] epoch=1/10 step=525/1003 loss=0.7175
[train:safeobjworld_r_no_area:H10] epoch=1/10 step=550/1003 loss=0.6788
[train:safeobjworld_r_no_area:H10] epoch=1/10 step=575/1003 loss=0.6993
[train:safeobjworld_r_no_area:H10] epoch=1/10 step=600/1003 loss=0.6713
[train:safeobjworld_r_no_area:H10] epoch=1/10 step=625/1003 loss=0.6389
[train:safeobjworld_r_no_area:H10] epoch=1/10 step=650/1003 loss=0.6692
[train:safeobjworld_r_no_area:H10] epoch=1/10 step=675/1003 loss=0.6562
[train:safeobjworld_r_no_area:H10] epoch=1/10 step=700/1003 loss=0.6764
[train:safeobjworld_r_no_area:H10] epoch=1/10 step=725/1003 loss=0.6391
[train:safeobjworld_r_no_area:H10] epoch=1/10 step=750/1003 loss=0.6304
[train:safeobjworld_r_no_area:H10] epoch=1/10 step=775/1003 loss=0.6517
[train:safeobjworld_r_no_area:H10] epoch=1/10 step=800/1003 loss=0.6662
[train:safeobjworld_r_no_area:H10] epoch=1/10 step=825/1003 loss=0.6516
[train:safeobjworld_r_no_area:H10] epoch=1/10 step=850/1003 loss=0.6595
[train:safeobjworld_r_no_area:H10] epoch=1/10 step=875/1003 loss=0.6218
[train:safeobjworld_r_no_area:H10] epoch=1/10 step=900/1003 loss=0.6614
[train:safeobjworld_r_no_area:H10] epoch=1/10 step=925/1003 loss=0.5956
[train:safeobjworld_r_no_area:H10] epoch=1/10 step=950/1003 loss=0.5893
[train:safeobjworld_r_no_area:H10] epoch=1/10 step=975/1003 loss=0.6120
[train:safeobjworld_r_no_area:H10] epoch=1/10 step=1000/1003 loss=0.6541
[epoch] method=safeobjworld_r_no_area epoch=1 train=0.7206 val=0.5119 best=0.5119
[train:safeobjworld_r_no_area:H10] epoch=2/10 step=0/1003 loss=0.4396
[train:safeobjworld_r_no_area:H10] epoch=2/10 step=25/1003 loss=0.6043
[train:safeobjworld_r_no_area:H10] epoch=2/10 step=50/1003 loss=0.6173
[train:safeobjworld_r_no_area:H10] epoch=2/10 step=75/1003 loss=0.6336
[train:safeobjworld_r_no_area:H10] epoch=2/10 step=100/1003 loss=0.6257
[train:safeobjworld_r_no_area:H10] epoch=2/10 step=125/1003 loss=0.6011
[train:safeobjworld_r_no_area:H10] epoch=2/10 step=150/1003 loss=0.6644
[train:safeobjworld_r_no_area:H10] epoch=2/10 step=175/1003 loss=0.6047
[train:safeobjworld_r_no_area:H10] epoch=2/10 step=200/1003 loss=0.5844
[train:safeobjworld_r_no_area:H10] epoch=2/10 step=225/1003 loss=0.6481
[train:safeobjworld_r_no_area:H10] epoch=2/10 step=250/1003 loss=0.6297
[train:safeobjworld_r_no_area:H10] epoch=2/10 step=275/1003 loss=0.6415
[train:safeobjworld_r_no_area:H10] epoch=2/10 step=300/1003 loss=0.5956
[train:safeobjworld_r_no_area:H10] epoch=2/10 step=325/1003 loss=0.6655
[train:safeobjworld_r_no_area:H10] epoch=2/10 step=350/1003 loss=0.6282
[train:safeobjworld_r_no_area:H10] epoch=2/10 step=375/1003 loss=0.6166
[train:safeobjworld_r_no_area:H10] epoch=2/10 step=400/1003 loss=0.6032
[train:safeobjworld_r_no_area:H10] epoch=2/10 step=425/1003 loss=0.6212
[train:safeobjworld_r_no_area:H10] epoch=2/10 step=450/1003 loss=0.6099
[train:safeobjworld_r_no_area:H10] epoch=2/10 step=475/1003 loss=0.6154
[train:safeobjworld_r_no_area:H10] epoch=2/10 step=500/1003 loss=0.5781
[train:safeobjworld_r_no_area:H10] epoch=2/10 step=525/1003 loss=0.6474
[train:safeobjworld_r_no_area:H10] epoch=2/10 step=550/1003 loss=0.5912
[train:safeobjworld_r_no_area:H10] epoch=2/10 step=575/1003 loss=0.6026
[train:safeobjworld_r_no_area:H10] epoch=2/10 step=600/1003 loss=0.5821
[train:safeobjworld_r_no_area:H10] epoch=2/10 step=625/1003 loss=0.5639
[train:safeobjworld_r_no_area:H10] epoch=2/10 step=650/1003 loss=0.6349
[train:safeobjworld_r_no_area:H10] epoch=2/10 step=675/1003 loss=0.6487
[train:safeobjworld_r_no_area:H10] epoch=2/10 step=700/1003 loss=0.6355
[train:safeobjworld_r_no_area:H10] epoch=2/10 step=725/1003 loss=0.6079
[train:safeobjworld_r_no_area:H10] epoch=2/10 step=750/1003 loss=0.6161
[train:safeobjworld_r_no_area:H10] epoch=2/10 step=775/1003 loss=0.6121
[train:safeobjworld_r_no_area:H10] epoch=2/10 step=800/1003 loss=0.6004
[train:safeobjworld_r_no_area:H10] epoch=2/10 step=825/1003 loss=0.6283
[train:safeobjworld_r_no_area:H10] epoch=2/10 step=850/1003 loss=0.5964
[train:safeobjworld_r_no_area:H10] epoch=2/10 step=875/1003 loss=0.5869
[train:safeobjworld_r_no_area:H10] epoch=2/10 step=900/1003 loss=0.6170
[train:safeobjworld_r_no_area:H10] epoch=2/10 step=925/1003 loss=0.6388
[train:safeobjworld_r_no_area:H10] epoch=2/10 step=950/1003 loss=0.5741
[train:safeobjworld_r_no_area:H10] epoch=2/10 step=975/1003 loss=0.6211
[train:safeobjworld_r_no_area:H10] epoch=2/10 step=1000/1003 loss=0.6338
[epoch] method=safeobjworld_r_no_area epoch=2 train=0.6180 val=0.4991 best=0.4991
[train:safeobjworld_r_no_area:H10] epoch=3/10 step=0/1003 loss=0.6125
[train:safeobjworld_r_no_area:H10] epoch=3/10 step=25/1003 loss=0.6302
[train:safeobjworld_r_no_area:H10] epoch=3/10 step=50/1003 loss=0.6150
[train:safeobjworld_r_no_area:H10] epoch=3/10 step=75/1003 loss=0.5876
[train:safeobjworld_r_no_area:H10] epoch=3/10 step=100/1003 loss=0.6069
[train:safeobjworld_r_no_area:H10] epoch=3/10 step=125/1003 loss=0.6077
[train:safeobjworld_r_no_area:H10] epoch=3/10 step=150/1003 loss=0.5998
[train:safeobjworld_r_no_area:H10] epoch=3/10 step=175/1003 loss=0.5636
[train:safeobjworld_r_no_area:H10] epoch=3/10 step=200/1003 loss=0.6321
[train:safeobjworld_r_no_area:H10] epoch=3/10 step=225/1003 loss=0.6369
[train:safeobjworld_r_no_area:H10] epoch=3/10 step=250/1003 loss=0.6042
[train:safeobjworld_r_no_area:H10] epoch=3/10 step=275/1003 loss=0.5874
[train:safeobjworld_r_no_area:H10] epoch=3/10 step=300/1003 loss=0.5969
[train:safeobjworld_r_no_area:H10] epoch=3/10 step=325/1003 loss=0.6000
[train:safeobjworld_r_no_area:H10] epoch=3/10 step=350/1003 loss=0.6280
[train:safeobjworld_r_no_area:H10] epoch=3/10 step=375/1003 loss=0.5850
[train:safeobjworld_r_no_area:H10] epoch=3/10 step=400/1003 loss=0.5924
[train:safeobjworld_r_no_area:H10] epoch=3/10 step=425/1003 loss=0.6140
[train:safeobjworld_r_no_area:H10] epoch=3/10 step=450/1003 loss=0.5791
[train:safeobjworld_r_no_area:H10] epoch=3/10 step=475/1003 loss=0.6151
[train:safeobjworld_r_no_area:H10] epoch=3/10 step=500/1003 loss=0.5725
[train:safeobjworld_r_no_area:H10] epoch=3/10 step=525/1003 loss=0.6107
[train:safeobjworld_r_no_area:H10] epoch=3/10 step=550/1003 loss=0.5864
[train:safeobjworld_r_no_area:H10] epoch=3/10 step=575/1003 loss=0.6540
[train:safeobjworld_r_no_area:H10] epoch=3/10 step=600/1003 loss=0.6385
[train:safeobjworld_r_no_area:H10] epoch=3/10 step=625/1003 loss=0.6177
[train:safeobjworld_r_no_area:H10] epoch=3/10 step=650/1003 loss=0.5862
[train:safeobjworld_r_no_area:H10] epoch=3/10 step=675/1003 loss=0.5793
[train:safeobjworld_r_no_area:H10] epoch=3/10 step=700/1003 loss=0.5910
[train:safeobjworld_r_no_area:H10] epoch=3/10 step=725/1003 loss=0.6271
[train:safeobjworld_r_no_area:H10] epoch=3/10 step=750/1003 loss=0.5433
[train:safeobjworld_r_no_area:H10] epoch=3/10 step=775/1003 loss=0.5940
[train:safeobjworld_r_no_area:H10] epoch=3/10 step=800/1003 loss=0.6109
[train:safeobjworld_r_no_area:H10] epoch=3/10 step=825/1003 loss=0.6060
[train:safeobjworld_r_no_area:H10] epoch=3/10 step=850/1003 loss=0.6104
[train:safeobjworld_r_no_area:H10] epoch=3/10 step=875/1003 loss=0.6016
[train:safeobjworld_r_no_area:H10] epoch=3/10 step=900/1003 loss=0.5766
[train:safeobjworld_r_no_area:H10] epoch=3/10 step=925/1003 loss=0.5791
[train:safeobjworld_r_no_area:H10] epoch=3/10 step=950/1003 loss=0.5509
[train:safeobjworld_r_no_area:H10] epoch=3/10 step=975/1003 loss=0.5677
[train:safeobjworld_r_no_area:H10] epoch=3/10 step=1000/1003 loss=0.6030
[epoch] method=safeobjworld_r_no_area epoch=3 train=0.5979 val=0.4944 best=0.4944
[train:safeobjworld_r_no_area:H10] epoch=4/10 step=0/1003 loss=0.5256
[train:safeobjworld_r_no_area:H10] epoch=4/10 step=25/1003 loss=0.6056
[train:safeobjworld_r_no_area:H10] epoch=4/10 step=50/1003 loss=0.6167
[train:safeobjworld_r_no_area:H10] epoch=4/10 step=75/1003 loss=0.6126
[train:safeobjworld_r_no_area:H10] epoch=4/10 step=100/1003 loss=0.5788
[train:safeobjworld_r_no_area:H10] epoch=4/10 step=125/1003 loss=0.5909
[train:safeobjworld_r_no_area:H10] epoch=4/10 step=150/1003 loss=0.5595
[train:safeobjworld_r_no_area:H10] epoch=4/10 step=175/1003 loss=0.6075
[train:safeobjworld_r_no_area:H10] epoch=4/10 step=200/1003 loss=0.6155
[train:safeobjworld_r_no_area:H10] epoch=4/10 step=225/1003 loss=0.5761
[train:safeobjworld_r_no_area:H10] epoch=4/10 step=250/1003 loss=0.5418
[train:safeobjworld_r_no_area:H10] epoch=4/10 step=275/1003 loss=0.5885
[train:safeobjworld_r_no_area:H10] epoch=4/10 step=300/1003 loss=0.5719
[train:safeobjworld_r_no_area:H10] epoch=4/10 step=325/1003 loss=0.5898
[train:safeobjworld_r_no_area:H10] epoch=4/10 step=350/1003 loss=0.5538
[train:safeobjworld_r_no_area:H10] epoch=4/10 step=375/1003 loss=0.5816
[train:safeobjworld_r_no_area:H10] epoch=4/10 step=400/1003 loss=0.5699
[train:safeobjworld_r_no_area:H10] epoch=4/10 step=425/1003 loss=0.5790
[train:safeobjworld_r_no_area:H10] epoch=4/10 step=450/1003 loss=0.5900
[train:safeobjworld_r_no_area:H10] epoch=4/10 step=475/1003 loss=0.5771
[train:safeobjworld_r_no_area:H10] epoch=4/10 step=500/1003 loss=0.5186
[train:safeobjworld_r_no_area:H10] epoch=4/10 step=525/1003 loss=0.5899
[train:safeobjworld_r_no_area:H10] epoch=4/10 step=550/1003 loss=0.5735
[train:safeobjworld_r_no_area:H10] epoch=4/10 step=575/1003 loss=0.6515
[train:safeobjworld_r_no_area:H10] epoch=4/10 step=600/1003 loss=0.5534
[train:safeobjworld_r_no_area:H10] epoch=4/10 step=625/1003 loss=0.5300
[train:safeobjworld_r_no_area:H10] epoch=4/10 step=650/1003 loss=0.6511
[train:safeobjworld_r_no_area:H10] epoch=4/10 step=675/1003 loss=0.5968
[train:safeobjworld_r_no_area:H10] epoch=4/10 step=700/1003 loss=0.5923
[train:safeobjworld_r_no_area:H10] epoch=4/10 step=725/1003 loss=0.6066
[train:safeobjworld_r_no_area:H10] epoch=4/10 step=750/1003 loss=0.5763
[train:safeobjworld_r_no_area:H10] epoch=4/10 step=775/1003 loss=0.5745
[train:safeobjworld_r_no_area:H10] epoch=4/10 step=800/1003 loss=0.5732
[train:safeobjworld_r_no_area:H10] epoch=4/10 step=825/1003 loss=0.5419
[train:safeobjworld_r_no_area:H10] epoch=4/10 step=850/1003 loss=0.5570
[train:safeobjworld_r_no_area:H10] epoch=4/10 step=875/1003 loss=0.6065
[train:safeobjworld_r_no_area:H10] epoch=4/10 step=900/1003 loss=0.5863
[train:safeobjworld_r_no_area:H10] epoch=4/10 step=925/1003 loss=0.5670
[train:safeobjworld_r_no_area:H10] epoch=4/10 step=950/1003 loss=0.5627
[train:safeobjworld_r_no_area:H10] epoch=4/10 step=975/1003 loss=0.5837
[train:safeobjworld_r_no_area:H10] epoch=4/10 step=1000/1003 loss=0.6013
[epoch] method=safeobjworld_r_no_area epoch=4 train=0.5834 val=0.4790 best=0.4790
[train:safeobjworld_r_no_area:H10] epoch=5/10 step=0/1003 loss=0.4221
[train:safeobjworld_r_no_area:H10] epoch=5/10 step=25/1003 loss=0.5747
[train:safeobjworld_r_no_area:H10] epoch=5/10 step=50/1003 loss=0.6025
[train:safeobjworld_r_no_area:H10] epoch=5/10 step=75/1003 loss=0.6274
[train:safeobjworld_r_no_area:H10] epoch=5/10 step=100/1003 loss=0.5838
[train:safeobjworld_r_no_area:H10] epoch=5/10 step=125/1003 loss=0.5552
[train:safeobjworld_r_no_area:H10] epoch=5/10 step=150/1003 loss=0.5685
[train:safeobjworld_r_no_area:H10] epoch=5/10 step=175/1003 loss=0.5318
[train:safeobjworld_r_no_area:H10] epoch=5/10 step=200/1003 loss=0.6150
[train:safeobjworld_r_no_area:H10] epoch=5/10 step=225/1003 loss=0.5489
[train:safeobjworld_r_no_area:H10] epoch=5/10 step=250/1003 loss=0.5742
[train:safeobjworld_r_no_area:H10] epoch=5/10 step=275/1003 loss=0.5598
[train:safeobjworld_r_no_area:H10] epoch=5/10 step=300/1003 loss=0.5727
[train:safeobjworld_r_no_area:H10] epoch=5/10 step=325/1003 loss=0.5541
[train:safeobjworld_r_no_area:H10] epoch=5/10 step=350/1003 loss=0.5890
[train:safeobjworld_r_no_area:H10] epoch=5/10 step=375/1003 loss=0.5566
[train:safeobjworld_r_no_area:H10] epoch=5/10 step=400/1003 loss=0.5129
[train:safeobjworld_r_no_area:H10] epoch=5/10 step=425/1003 loss=0.5827
[train:safeobjworld_r_no_area:H10] epoch=5/10 step=450/1003 loss=0.6080
[train:safeobjworld_r_no_area:H10] epoch=5/10 step=475/1003 loss=0.5790
[train:safeobjworld_r_no_area:H10] epoch=5/10 step=500/1003 loss=0.6270
[train:safeobjworld_r_no_area:H10] epoch=5/10 step=525/1003 loss=0.5616
[train:safeobjworld_r_no_area:H10] epoch=5/10 step=550/1003 loss=0.5713
[train:safeobjworld_r_no_area:H10] epoch=5/10 step=575/1003 loss=0.5729
[train:safeobjworld_r_no_area:H10] epoch=5/10 step=600/1003 loss=0.5969
[train:safeobjworld_r_no_area:H10] epoch=5/10 step=625/1003 loss=0.5777
[train:safeobjworld_r_no_area:H10] epoch=5/10 step=650/1003 loss=0.5612
[train:safeobjworld_r_no_area:H10] epoch=5/10 step=675/1003 loss=0.5618
[train:safeobjworld_r_no_area:H10] epoch=5/10 step=700/1003 loss=0.5630
[train:safeobjworld_r_no_area:H10] epoch=5/10 step=725/1003 loss=0.5921
[train:safeobjworld_r_no_area:H10] epoch=5/10 step=750/1003 loss=0.5676
[train:safeobjworld_r_no_area:H10] epoch=5/10 step=775/1003 loss=0.5678
[train:safeobjworld_r_no_area:H10] epoch=5/10 step=800/1003 loss=0.5565
[train:safeobjworld_r_no_area:H10] epoch=5/10 step=825/1003 loss=0.5774
[train:safeobjworld_r_no_area:H10] epoch=5/10 step=850/1003 loss=0.5933
[train:safeobjworld_r_no_area:H10] epoch=5/10 step=875/1003 loss=0.5875
[train:safeobjworld_r_no_area:H10] epoch=5/10 step=900/1003 loss=0.5872
[train:safeobjworld_r_no_area:H10] epoch=5/10 step=925/1003 loss=0.5864
[train:safeobjworld_r_no_area:H10] epoch=5/10 step=950/1003 loss=0.5813
[train:safeobjworld_r_no_area:H10] epoch=5/10 step=975/1003 loss=0.5832
[train:safeobjworld_r_no_area:H10] epoch=5/10 step=1000/1003 loss=0.5650
[epoch] method=safeobjworld_r_no_area epoch=5 train=0.5740 val=0.4838 best=0.4790
[train:safeobjworld_r_no_area:H10] epoch=6/10 step=0/1003 loss=0.6009
[train:safeobjworld_r_no_area:H10] epoch=6/10 step=25/1003 loss=0.5763
[train:safeobjworld_r_no_area:H10] epoch=6/10 step=50/1003 loss=0.5829
[train:safeobjworld_r_no_area:H10] epoch=6/10 step=75/1003 loss=0.5172
[train:safeobjworld_r_no_area:H10] epoch=6/10 step=100/1003 loss=0.5239
[train:safeobjworld_r_no_area:H10] epoch=6/10 step=125/1003 loss=0.5546
[train:safeobjworld_r_no_area:H10] epoch=6/10 step=150/1003 loss=0.5872
[train:safeobjworld_r_no_area:H10] epoch=6/10 step=175/1003 loss=0.5624
[train:safeobjworld_r_no_area:H10] epoch=6/10 step=200/1003 loss=0.5872
[train:safeobjworld_r_no_area:H10] epoch=6/10 step=225/1003 loss=0.5951
[train:safeobjworld_r_no_area:H10] epoch=6/10 step=250/1003 loss=0.5568
[train:safeobjworld_r_no_area:H10] epoch=6/10 step=275/1003 loss=0.5802
[train:safeobjworld_r_no_area:H10] epoch=6/10 step=300/1003 loss=0.6067
[train:safeobjworld_r_no_area:H10] epoch=6/10 step=325/1003 loss=0.5624
[train:safeobjworld_r_no_area:H10] epoch=6/10 step=350/1003 loss=0.5727
[train:safeobjworld_r_no_area:H10] epoch=6/10 step=375/1003 loss=0.5375
[train:safeobjworld_r_no_area:H10] epoch=6/10 step=400/1003 loss=0.5685
[train:safeobjworld_r_no_area:H10] epoch=6/10 step=425/1003 loss=0.5981
[train:safeobjworld_r_no_area:H10] epoch=6/10 step=450/1003 loss=0.5482
[train:safeobjworld_r_no_area:H10] epoch=6/10 step=475/1003 loss=0.5455
[train:safeobjworld_r_no_area:H10] epoch=6/10 step=500/1003 loss=0.5863
[train:safeobjworld_r_no_area:H10] epoch=6/10 step=525/1003 loss=0.5575
[train:safeobjworld_r_no_area:H10] epoch=6/10 step=550/1003 loss=0.5648
[train:safeobjworld_r_no_area:H10] epoch=6/10 step=575/1003 loss=0.5810
[train:safeobjworld_r_no_area:H10] epoch=6/10 step=600/1003 loss=0.5837
[train:safeobjworld_r_no_area:H10] epoch=6/10 step=625/1003 loss=0.5657
[train:safeobjworld_r_no_area:H10] epoch=6/10 step=650/1003 loss=0.5687
[train:safeobjworld_r_no_area:H10] epoch=6/10 step=675/1003 loss=0.5679
[train:safeobjworld_r_no_area:H10] epoch=6/10 step=700/1003 loss=0.5833
[train:safeobjworld_r_no_area:H10] epoch=6/10 step=725/1003 loss=0.5454
[train:safeobjworld_r_no_area:H10] epoch=6/10 step=750/1003 loss=0.5659
[train:safeobjworld_r_no_area:H10] epoch=6/10 step=775/1003 loss=0.5584
[train:safeobjworld_r_no_area:H10] epoch=6/10 step=800/1003 loss=0.5533
[train:safeobjworld_r_no_area:H10] epoch=6/10 step=825/1003 loss=0.5302
[train:safeobjworld_r_no_area:H10] epoch=6/10 step=850/1003 loss=0.5736
[train:safeobjworld_r_no_area:H10] epoch=6/10 step=875/1003 loss=0.5168
[train:safeobjworld_r_no_area:H10] epoch=6/10 step=900/1003 loss=0.6128
[train:safeobjworld_r_no_area:H10] epoch=6/10 step=925/1003 loss=0.5274
[train:safeobjworld_r_no_area:H10] epoch=6/10 step=950/1003 loss=0.5569
[train:safeobjworld_r_no_area:H10] epoch=6/10 step=975/1003 loss=0.6019
[train:safeobjworld_r_no_area:H10] epoch=6/10 step=1000/1003 loss=0.5409
[epoch] method=safeobjworld_r_no_area epoch=6 train=0.5661 val=0.4784 best=0.4784
[train:safeobjworld_r_no_area:H10] epoch=7/10 step=0/1003 loss=0.7892
[train:safeobjworld_r_no_area:H10] epoch=7/10 step=25/1003 loss=0.5858
[train:safeobjworld_r_no_area:H10] epoch=7/10 step=50/1003 loss=0.5708
[train:safeobjworld_r_no_area:H10] epoch=7/10 step=75/1003 loss=0.5791
[train:safeobjworld_r_no_area:H10] epoch=7/10 step=100/1003 loss=0.5502
[train:safeobjworld_r_no_area:H10] epoch=7/10 step=125/1003 loss=0.5784
[train:safeobjworld_r_no_area:H10] epoch=7/10 step=150/1003 loss=0.5469
[train:safeobjworld_r_no_area:H10] epoch=7/10 step=175/1003 loss=0.5863
[train:safeobjworld_r_no_area:H10] epoch=7/10 step=200/1003 loss=0.5409
[train:safeobjworld_r_no_area:H10] epoch=7/10 step=225/1003 loss=0.5962
[train:safeobjworld_r_no_area:H10] epoch=7/10 step=250/1003 loss=0.5830
[train:safeobjworld_r_no_area:H10] epoch=7/10 step=275/1003 loss=0.5622
[train:safeobjworld_r_no_area:H10] epoch=7/10 step=300/1003 loss=0.5245
[train:safeobjworld_r_no_area:H10] epoch=7/10 step=325/1003 loss=0.5386
[train:safeobjworld_r_no_area:H10] epoch=7/10 step=350/1003 loss=0.5419
[train:safeobjworld_r_no_area:H10] epoch=7/10 step=375/1003 loss=0.6067
[train:safeobjworld_r_no_area:H10] epoch=7/10 step=400/1003 loss=0.5722
[train:safeobjworld_r_no_area:H10] epoch=7/10 step=425/1003 loss=0.5451
[train:safeobjworld_r_no_area:H10] epoch=7/10 step=450/1003 loss=0.5832
[train:safeobjworld_r_no_area:H10] epoch=7/10 step=475/1003 loss=0.5764
[train:safeobjworld_r_no_area:H10] epoch=7/10 step=500/1003 loss=0.5935
[train:safeobjworld_r_no_area:H10] epoch=7/10 step=525/1003 loss=0.5277
[train:safeobjworld_r_no_area:H10] epoch=7/10 step=550/1003 loss=0.5396
[train:safeobjworld_r_no_area:H10] epoch=7/10 step=575/1003 loss=0.5550
[train:safeobjworld_r_no_area:H10] epoch=7/10 step=600/1003 loss=0.5607
[train:safeobjworld_r_no_area:H10] epoch=7/10 step=625/1003 loss=0.5591
[train:safeobjworld_r_no_area:H10] epoch=7/10 step=650/1003 loss=0.5532
[train:safeobjworld_r_no_area:H10] epoch=7/10 step=675/1003 loss=0.5533
[train:safeobjworld_r_no_area:H10] epoch=7/10 step=700/1003 loss=0.5860
[train:safeobjworld_r_no_area:H10] epoch=7/10 step=725/1003 loss=0.5556
[train:safeobjworld_r_no_area:H10] epoch=7/10 step=750/1003 loss=0.5683
[train:safeobjworld_r_no_area:H10] epoch=7/10 step=775/1003 loss=0.5737
[train:safeobjworld_r_no_area:H10] epoch=7/10 step=800/1003 loss=0.5312
[train:safeobjworld_r_no_area:H10] epoch=7/10 step=825/1003 loss=0.5280
[train:safeobjworld_r_no_area:H10] epoch=7/10 step=850/1003 loss=0.5584
[train:safeobjworld_r_no_area:H10] epoch=7/10 step=875/1003 loss=0.5420
[train:safeobjworld_r_no_area:H10] epoch=7/10 step=900/1003 loss=0.5615
[train:safeobjworld_r_no_area:H10] epoch=7/10 step=925/1003 loss=0.5593
[train:safeobjworld_r_no_area:H10] epoch=7/10 step=950/1003 loss=0.5557
[train:safeobjworld_r_no_area:H10] epoch=7/10 step=975/1003 loss=0.5673
[train:safeobjworld_r_no_area:H10] epoch=7/10 step=1000/1003 loss=0.5527
[epoch] method=safeobjworld_r_no_area epoch=7 train=0.5591 val=0.4779 best=0.4779
[train:safeobjworld_r_no_area:H10] epoch=8/10 step=0/1003 loss=0.6592
[train:safeobjworld_r_no_area:H10] epoch=8/10 step=25/1003 loss=0.5573
[train:safeobjworld_r_no_area:H10] epoch=8/10 step=50/1003 loss=0.5382
[train:safeobjworld_r_no_area:H10] epoch=8/10 step=75/1003 loss=0.5305
[train:safeobjworld_r_no_area:H10] epoch=8/10 step=100/1003 loss=0.5504
[train:safeobjworld_r_no_area:H10] epoch=8/10 step=125/1003 loss=0.5401
[train:safeobjworld_r_no_area:H10] epoch=8/10 step=150/1003 loss=0.5416
[train:safeobjworld_r_no_area:H10] epoch=8/10 step=175/1003 loss=0.6004
[train:safeobjworld_r_no_area:H10] epoch=8/10 step=200/1003 loss=0.5445
[train:safeobjworld_r_no_area:H10] epoch=8/10 step=225/1003 loss=0.5959
[train:safeobjworld_r_no_area:H10] epoch=8/10 step=250/1003 loss=0.5929
[train:safeobjworld_r_no_area:H10] epoch=8/10 step=275/1003 loss=0.5283
[train:safeobjworld_r_no_area:H10] epoch=8/10 step=300/1003 loss=0.5500
[train:safeobjworld_r_no_area:H10] epoch=8/10 step=325/1003 loss=0.5503
[train:safeobjworld_r_no_area:H10] epoch=8/10 step=350/1003 loss=0.5815
[train:safeobjworld_r_no_area:H10] epoch=8/10 step=375/1003 loss=0.5879
[train:safeobjworld_r_no_area:H10] epoch=8/10 step=400/1003 loss=0.5545
[train:safeobjworld_r_no_area:H10] epoch=8/10 step=425/1003 loss=0.5404
[train:safeobjworld_r_no_area:H10] epoch=8/10 step=450/1003 loss=0.5545
[train:safeobjworld_r_no_area:H10] epoch=8/10 step=475/1003 loss=0.5425
[train:safeobjworld_r_no_area:H10] epoch=8/10 step=500/1003 loss=0.5322
[train:safeobjworld_r_no_area:H10] epoch=8/10 step=525/1003 loss=0.5675
[train:safeobjworld_r_no_area:H10] epoch=8/10 step=550/1003 loss=0.5434
[train:safeobjworld_r_no_area:H10] epoch=8/10 step=575/1003 loss=0.5142
[train:safeobjworld_r_no_area:H10] epoch=8/10 step=600/1003 loss=0.5116
[train:safeobjworld_r_no_area:H10] epoch=8/10 step=625/1003 loss=0.5403
[train:safeobjworld_r_no_area:H10] epoch=8/10 step=650/1003 loss=0.5424
[train:safeobjworld_r_no_area:H10] epoch=8/10 step=675/1003 loss=0.5489
[train:safeobjworld_r_no_area:H10] epoch=8/10 step=700/1003 loss=0.5672
[train:safeobjworld_r_no_area:H10] epoch=8/10 step=725/1003 loss=0.5469
[train:safeobjworld_r_no_area:H10] epoch=8/10 step=750/1003 loss=0.5425
[train:safeobjworld_r_no_area:H10] epoch=8/10 step=775/1003 loss=0.6009
[train:safeobjworld_r_no_area:H10] epoch=8/10 step=800/1003 loss=0.5757
[train:safeobjworld_r_no_area:H10] epoch=8/10 step=825/1003 loss=0.5507
[train:safeobjworld_r_no_area:H10] epoch=8/10 step=850/1003 loss=0.5899
[train:safeobjworld_r_no_area:H10] epoch=8/10 step=875/1003 loss=0.5517
[train:safeobjworld_r_no_area:H10] epoch=8/10 step=900/1003 loss=0.5339
[train:safeobjworld_r_no_area:H10] epoch=8/10 step=925/1003 loss=0.5726
[train:safeobjworld_r_no_area:H10] epoch=8/10 step=950/1003 loss=0.5565
[train:safeobjworld_r_no_area:H10] epoch=8/10 step=975/1003 loss=0.5880
[train:safeobjworld_r_no_area:H10] epoch=8/10 step=1000/1003 loss=0.5693
[epoch] method=safeobjworld_r_no_area epoch=8 train=0.5527 val=0.4856 best=0.4779
[train:safeobjworld_r_no_area:H10] epoch=9/10 step=0/1003 loss=0.5708
[train:safeobjworld_r_no_area:H10] epoch=9/10 step=25/1003 loss=0.5204
[train:safeobjworld_r_no_area:H10] epoch=9/10 step=50/1003 loss=0.5823
[train:safeobjworld_r_no_area:H10] epoch=9/10 step=75/1003 loss=0.5539
[train:safeobjworld_r_no_area:H10] epoch=9/10 step=100/1003 loss=0.5722
[train:safeobjworld_r_no_area:H10] epoch=9/10 step=125/1003 loss=0.5657
[train:safeobjworld_r_no_area:H10] epoch=9/10 step=150/1003 loss=0.5039
[train:safeobjworld_r_no_area:H10] epoch=9/10 step=175/1003 loss=0.5715
[train:safeobjworld_r_no_area:H10] epoch=9/10 step=200/1003 loss=0.5645
[train:safeobjworld_r_no_area:H10] epoch=9/10 step=225/1003 loss=0.5102
[train:safeobjworld_r_no_area:H10] epoch=9/10 step=250/1003 loss=0.5467
[train:safeobjworld_r_no_area:H10] epoch=9/10 step=275/1003 loss=0.5216
[train:safeobjworld_r_no_area:H10] epoch=9/10 step=300/1003 loss=0.5280
[train:safeobjworld_r_no_area:H10] epoch=9/10 step=325/1003 loss=0.5224
[train:safeobjworld_r_no_area:H10] epoch=9/10 step=350/1003 loss=0.5362
[train:safeobjworld_r_no_area:H10] epoch=9/10 step=375/1003 loss=0.5551
[train:safeobjworld_r_no_area:H10] epoch=9/10 step=400/1003 loss=0.5238
[train:safeobjworld_r_no_area:H10] epoch=9/10 step=425/1003 loss=0.5463
[train:safeobjworld_r_no_area:H10] epoch=9/10 step=450/1003 loss=0.5850
[train:safeobjworld_r_no_area:H10] epoch=9/10 step=475/1003 loss=0.5205
[train:safeobjworld_r_no_area:H10] epoch=9/10 step=500/1003 loss=0.5753
[train:safeobjworld_r_no_area:H10] epoch=9/10 step=525/1003 loss=0.5594
[train:safeobjworld_r_no_area:H10] epoch=9/10 step=550/1003 loss=0.5649
[train:safeobjworld_r_no_area:H10] epoch=9/10 step=575/1003 loss=0.6124
[train:safeobjworld_r_no_area:H10] epoch=9/10 step=600/1003 loss=0.5258
[train:safeobjworld_r_no_area:H10] epoch=9/10 step=625/1003 loss=0.5234
[train:safeobjworld_r_no_area:H10] epoch=9/10 step=650/1003 loss=0.5359
[train:safeobjworld_r_no_area:H10] epoch=9/10 step=675/1003 loss=0.5350
[train:safeobjworld_r_no_area:H10] epoch=9/10 step=700/1003 loss=0.5719
[train:safeobjworld_r_no_area:H10] epoch=9/10 step=725/1003 loss=0.5564
[train:safeobjworld_r_no_area:H10] epoch=9/10 step=750/1003 loss=0.5601
[train:safeobjworld_r_no_area:H10] epoch=9/10 step=775/1003 loss=0.5528
[train:safeobjworld_r_no_area:H10] epoch=9/10 step=800/1003 loss=0.5951
[train:safeobjworld_r_no_area:H10] epoch=9/10 step=825/1003 loss=0.5492
[train:safeobjworld_r_no_area:H10] epoch=9/10 step=850/1003 loss=0.5538
[train:safeobjworld_r_no_area:H10] epoch=9/10 step=875/1003 loss=0.5530
[train:safeobjworld_r_no_area:H10] epoch=9/10 step=900/1003 loss=0.5728
[train:safeobjworld_r_no_area:H10] epoch=9/10 step=925/1003 loss=0.5567
[train:safeobjworld_r_no_area:H10] epoch=9/10 step=950/1003 loss=0.5550
[train:safeobjworld_r_no_area:H10] epoch=9/10 step=975/1003 loss=0.5531
[train:safeobjworld_r_no_area:H10] epoch=9/10 step=1000/1003 loss=0.5308
[epoch] method=safeobjworld_r_no_area epoch=9 train=0.5474 val=0.4768 best=0.4768
[train:safeobjworld_r_no_area:H10] epoch=10/10 step=0/1003 loss=0.4740
[train:safeobjworld_r_no_area:H10] epoch=10/10 step=25/1003 loss=0.5331
[train:safeobjworld_r_no_area:H10] epoch=10/10 step=50/1003 loss=0.5484
[train:safeobjworld_r_no_area:H10] epoch=10/10 step=75/1003 loss=0.5231
[train:safeobjworld_r_no_area:H10] epoch=10/10 step=100/1003 loss=0.5535
[train:safeobjworld_r_no_area:H10] epoch=10/10 step=125/1003 loss=0.5261
[train:safeobjworld_r_no_area:H10] epoch=10/10 step=150/1003 loss=0.5084
[train:safeobjworld_r_no_area:H10] epoch=10/10 step=175/1003 loss=0.5297
[train:safeobjworld_r_no_area:H10] epoch=10/10 step=200/1003 loss=0.5483
[train:safeobjworld_r_no_area:H10] epoch=10/10 step=225/1003 loss=0.5259
[train:safeobjworld_r_no_area:H10] epoch=10/10 step=250/1003 loss=0.5128
[train:safeobjworld_r_no_area:H10] epoch=10/10 step=275/1003 loss=0.6038
[train:safeobjworld_r_no_area:H10] epoch=10/10 step=300/1003 loss=0.5402
[train:safeobjworld_r_no_area:H10] epoch=10/10 step=325/1003 loss=0.5649
[train:safeobjworld_r_no_area:H10] epoch=10/10 step=350/1003 loss=0.5441
[train:safeobjworld_r_no_area:H10] epoch=10/10 step=375/1003 loss=0.5622
[train:safeobjworld_r_no_area:H10] epoch=10/10 step=400/1003 loss=0.5772
[train:safeobjworld_r_no_area:H10] epoch=10/10 step=425/1003 loss=0.5498
[train:safeobjworld_r_no_area:H10] epoch=10/10 step=450/1003 loss=0.5378
[train:safeobjworld_r_no_area:H10] epoch=10/10 step=475/1003 loss=0.5562
[train:safeobjworld_r_no_area:H10] epoch=10/10 step=500/1003 loss=0.5549
[train:safeobjworld_r_no_area:H10] epoch=10/10 step=525/1003 loss=0.5543
[train:safeobjworld_r_no_area:H10] epoch=10/10 step=550/1003 loss=0.5512
[train:safeobjworld_r_no_area:H10] epoch=10/10 step=575/1003 loss=0.5545
[train:safeobjworld_r_no_area:H10] epoch=10/10 step=600/1003 loss=0.5229
[train:safeobjworld_r_no_area:H10] epoch=10/10 step=625/1003 loss=0.5276
[train:safeobjworld_r_no_area:H10] epoch=10/10 step=650/1003 loss=0.5214
[train:safeobjworld_r_no_area:H10] epoch=10/10 step=675/1003 loss=0.5708
[train:safeobjworld_r_no_area:H10] epoch=10/10 step=700/1003 loss=0.5526
[train:safeobjworld_r_no_area:H10] epoch=10/10 step=725/1003 loss=0.5515
[train:safeobjworld_r_no_area:H10] epoch=10/10 step=750/1003 loss=0.5282
[train:safeobjworld_r_no_area:H10] epoch=10/10 step=775/1003 loss=0.5413
[train:safeobjworld_r_no_area:H10] epoch=10/10 step=800/1003 loss=0.5196
[train:safeobjworld_r_no_area:H10] epoch=10/10 step=825/1003 loss=0.5464
[train:safeobjworld_r_no_area:H10] epoch=10/10 step=850/1003 loss=0.5362
[train:safeobjworld_r_no_area:H10] epoch=10/10 step=875/1003 loss=0.5018
[train:safeobjworld_r_no_area:H10] epoch=10/10 step=900/1003 loss=0.5391
[train:safeobjworld_r_no_area:H10] epoch=10/10 step=925/1003 loss=0.5424
[train:safeobjworld_r_no_area:H10] epoch=10/10 step=950/1003 loss=0.5858
[train:safeobjworld_r_no_area:H10] epoch=10/10 step=975/1003 loss=0.5022
[train:safeobjworld_r_no_area:H10] epoch=10/10 step=1000/1003 loss=0.5109
[epoch] method=safeobjworld_r_no_area epoch=10 train=0.5433 val=0.4713 best=0.4713
[done train] /home/tahiti/SafeObjWorld/runs_v2_full/models/safeobjworld_r_no_area/H10/best.pt
