====================================================================================================
SafeObjWorld V2 runner
{
  "mode": "train",
  "dataset_root": "/home/tahiti/SafeObjWorld/data/DAVIS2017",
  "run_root": "/home/tahiti/SafeObjWorld/runs_v2_full",
  "year": "2017",
  "method": "convlstm_base",
  "stress": "clean",
  "prefix_len": 3,
  "max_h": 10,
  "image_size": 192,
  "batch_size": 8,
  "epochs": 10,
  "lr": 0.0002,
  "weight_decay": 0.0001,
  "max_train_samples": 0,
  "max_val_samples": 0,
  "num_workers": 4,
  "seed": 42,
  "eval_k_override": 0,
  "amp": true,
  "cpu": false,
  "skip_existing": true,
  "log_every": 25
}
====================================================================================================
[train] method=convlstm_base device=cuda cfg={'stress_train': False, 'temporal_weight': 0.0, 'split_weight': 0.0, 'area_weight': 0.0, 'mc_eval': False, 'eval_k': 1}
[train:convlstm_base:H10] epoch=1/10 step=0/1003 loss=1.5680
[train:convlstm_base:H10] epoch=1/10 step=25/1003 loss=1.4771
[train:convlstm_base:H10] epoch=1/10 step=50/1003 loss=0.9634
[train:convlstm_base:H10] epoch=1/10 step=75/1003 loss=0.8566
[train:convlstm_base:H10] epoch=1/10 step=100/1003 loss=0.7311
[train:convlstm_base:H10] epoch=1/10 step=125/1003 loss=0.6618
[train:convlstm_base:H10] epoch=1/10 step=150/1003 loss=0.7423
[train:convlstm_base:H10] epoch=1/10 step=175/1003 loss=0.6738
[train:convlstm_base:H10] epoch=1/10 step=200/1003 loss=0.6592
[train:convlstm_base:H10] epoch=1/10 step=225/1003 loss=0.6429
[train:convlstm_base:H10] epoch=1/10 step=250/1003 loss=0.6998
[train:convlstm_base:H10] epoch=1/10 step=275/1003 loss=0.6199
[train:convlstm_base:H10] epoch=1/10 step=300/1003 loss=0.6547
[train:convlstm_base:H10] epoch=1/10 step=325/1003 loss=0.6538
[train:convlstm_base:H10] epoch=1/10 step=350/1003 loss=0.6398
[train:convlstm_base:H10] epoch=1/10 step=375/1003 loss=0.6221
[train:convlstm_base:H10] epoch=1/10 step=400/1003 loss=0.6467
[train:convlstm_base:H10] epoch=1/10 step=425/1003 loss=0.6510
[train:convlstm_base:H10] epoch=1/10 step=450/1003 loss=0.5881
[train:convlstm_base:H10] epoch=1/10 step=475/1003 loss=0.6664
[train:convlstm_base:H10] epoch=1/10 step=500/1003 loss=0.6560
[train:convlstm_base:H10] epoch=1/10 step=525/1003 loss=0.6562
[train:convlstm_base:H10] epoch=1/10 step=550/1003 loss=0.6210
[train:convlstm_base:H10] epoch=1/10 step=575/1003 loss=0.6559
[train:convlstm_base:H10] epoch=1/10 step=600/1003 loss=0.6146
[train:convlstm_base:H10] epoch=1/10 step=625/1003 loss=0.5943
[train:convlstm_base:H10] epoch=1/10 step=650/1003 loss=0.6248
[train:convlstm_base:H10] epoch=1/10 step=675/1003 loss=0.6019
[train:convlstm_base:H10] epoch=1/10 step=700/1003 loss=0.6314
[train:convlstm_base:H10] epoch=1/10 step=725/1003 loss=0.5844
[train:convlstm_base:H10] epoch=1/10 step=750/1003 loss=0.5857
[train:convlstm_base:H10] epoch=1/10 step=775/1003 loss=0.6101
[train:convlstm_base:H10] epoch=1/10 step=800/1003 loss=0.6195
[train:convlstm_base:H10] epoch=1/10 step=825/1003 loss=0.6124
[train:convlstm_base:H10] epoch=1/10 step=850/1003 loss=0.6140
[train:convlstm_base:H10] epoch=1/10 step=875/1003 loss=0.5851
[train:convlstm_base:H10] epoch=1/10 step=900/1003 loss=0.6071
[train:convlstm_base:H10] epoch=1/10 step=925/1003 loss=0.5604
[train:convlstm_base:H10] epoch=1/10 step=950/1003 loss=0.5594
[train:convlstm_base:H10] epoch=1/10 step=975/1003 loss=0.5565
[train:convlstm_base:H10] epoch=1/10 step=1000/1003 loss=0.6207
[epoch] method=convlstm_base epoch=1 train=0.6697 val=0.5006 best=0.5006
[train:convlstm_base:H10] epoch=2/10 step=0/1003 loss=0.3661
[train:convlstm_base:H10] epoch=2/10 step=25/1003 loss=0.5815
[train:convlstm_base:H10] epoch=2/10 step=50/1003 loss=0.5904
[train:convlstm_base:H10] epoch=2/10 step=75/1003 loss=0.5985
[train:convlstm_base:H10] epoch=2/10 step=100/1003 loss=0.5937
[train:convlstm_base:H10] epoch=2/10 step=125/1003 loss=0.5676
[train:convlstm_base:H10] epoch=2/10 step=150/1003 loss=0.6173
[train:convlstm_base:H10] epoch=2/10 step=175/1003 loss=0.5701
[train:convlstm_base:H10] epoch=2/10 step=200/1003 loss=0.5485
[train:convlstm_base:H10] epoch=2/10 step=225/1003 loss=0.6098
[train:convlstm_base:H10] epoch=2/10 step=250/1003 loss=0.6078
[train:convlstm_base:H10] epoch=2/10 step=275/1003 loss=0.6182
[train:convlstm_base:H10] epoch=2/10 step=300/1003 loss=0.5625
[train:convlstm_base:H10] epoch=2/10 step=325/1003 loss=0.6248
[train:convlstm_base:H10] epoch=2/10 step=350/1003 loss=0.5973
[train:convlstm_base:H10] epoch=2/10 step=375/1003 loss=0.5961
[train:convlstm_base:H10] epoch=2/10 step=400/1003 loss=0.5682
[train:convlstm_base:H10] epoch=2/10 step=425/1003 loss=0.5817
[train:convlstm_base:H10] epoch=2/10 step=450/1003 loss=0.5746
[train:convlstm_base:H10] epoch=2/10 step=475/1003 loss=0.5880
[train:convlstm_base:H10] epoch=2/10 step=500/1003 loss=0.5381
[train:convlstm_base:H10] epoch=2/10 step=525/1003 loss=0.6138
[train:convlstm_base:H10] epoch=2/10 step=550/1003 loss=0.5566
[train:convlstm_base:H10] epoch=2/10 step=575/1003 loss=0.5624
[train:convlstm_base:H10] epoch=2/10 step=600/1003 loss=0.5537
[train:convlstm_base:H10] epoch=2/10 step=625/1003 loss=0.5210
[train:convlstm_base:H10] epoch=2/10 step=650/1003 loss=0.5998
[train:convlstm_base:H10] epoch=2/10 step=675/1003 loss=0.6088
[train:convlstm_base:H10] epoch=2/10 step=700/1003 loss=0.6047
[train:convlstm_base:H10] epoch=2/10 step=725/1003 loss=0.5770
[train:convlstm_base:H10] epoch=2/10 step=750/1003 loss=0.5939
[train:convlstm_base:H10] epoch=2/10 step=775/1003 loss=0.5884
[train:convlstm_base:H10] epoch=2/10 step=800/1003 loss=0.5711
[train:convlstm_base:H10] epoch=2/10 step=825/1003 loss=0.5919
[train:convlstm_base:H10] epoch=2/10 step=850/1003 loss=0.5613
[train:convlstm_base:H10] epoch=2/10 step=875/1003 loss=0.5635
[train:convlstm_base:H10] epoch=2/10 step=900/1003 loss=0.5889
[train:convlstm_base:H10] epoch=2/10 step=925/1003 loss=0.6196
[train:convlstm_base:H10] epoch=2/10 step=950/1003 loss=0.5487
[train:convlstm_base:H10] epoch=2/10 step=975/1003 loss=0.5850
[train:convlstm_base:H10] epoch=2/10 step=1000/1003 loss=0.6047
[epoch] method=convlstm_base epoch=2 train=0.5858 val=0.4845 best=0.4845
[train:convlstm_base:H10] epoch=3/10 step=0/1003 loss=0.5990
[train:convlstm_base:H10] epoch=3/10 step=25/1003 loss=0.6007
[train:convlstm_base:H10] epoch=3/10 step=50/1003 loss=0.5897
[train:convlstm_base:H10] epoch=3/10 step=75/1003 loss=0.5560
[train:convlstm_base:H10] epoch=3/10 step=100/1003 loss=0.5780
[train:convlstm_base:H10] epoch=3/10 step=125/1003 loss=0.5831
[train:convlstm_base:H10] epoch=3/10 step=150/1003 loss=0.5685
[train:convlstm_base:H10] epoch=3/10 step=175/1003 loss=0.5329
[train:convlstm_base:H10] epoch=3/10 step=200/1003 loss=0.6055
[train:convlstm_base:H10] epoch=3/10 step=225/1003 loss=0.6074
[train:convlstm_base:H10] epoch=3/10 step=250/1003 loss=0.5639
[train:convlstm_base:H10] epoch=3/10 step=275/1003 loss=0.5525
[train:convlstm_base:H10] epoch=3/10 step=300/1003 loss=0.5693
[train:convlstm_base:H10] epoch=3/10 step=325/1003 loss=0.5664
[train:convlstm_base:H10] epoch=3/10 step=350/1003 loss=0.5970
[train:convlstm_base:H10] epoch=3/10 step=375/1003 loss=0.5587
[train:convlstm_base:H10] epoch=3/10 step=400/1003 loss=0.5549
[train:convlstm_base:H10] epoch=3/10 step=425/1003 loss=0.5899
[train:convlstm_base:H10] epoch=3/10 step=450/1003 loss=0.5489
[train:convlstm_base:H10] epoch=3/10 step=475/1003 loss=0.5760
[train:convlstm_base:H10] epoch=3/10 step=500/1003 loss=0.5499
[train:convlstm_base:H10] epoch=3/10 step=525/1003 loss=0.5783
[train:convlstm_base:H10] epoch=3/10 step=550/1003 loss=0.5473
[train:convlstm_base:H10] epoch=3/10 step=575/1003 loss=0.6187
[train:convlstm_base:H10] epoch=3/10 step=600/1003 loss=0.6038
[train:convlstm_base:H10] epoch=3/10 step=625/1003 loss=0.5975
[train:convlstm_base:H10] epoch=3/10 step=650/1003 loss=0.5525
[train:convlstm_base:H10] epoch=3/10 step=675/1003 loss=0.5536
[train:convlstm_base:H10] epoch=3/10 step=700/1003 loss=0.5606
[train:convlstm_base:H10] epoch=3/10 step=725/1003 loss=0.5984
[train:convlstm_base:H10] epoch=3/10 step=750/1003 loss=0.5151
[train:convlstm_base:H10] epoch=3/10 step=775/1003 loss=0.5734
[train:convlstm_base:H10] epoch=3/10 step=800/1003 loss=0.5850
[train:convlstm_base:H10] epoch=3/10 step=825/1003 loss=0.5671
[train:convlstm_base:H10] epoch=3/10 step=850/1003 loss=0.5827
[train:convlstm_base:H10] epoch=3/10 step=875/1003 loss=0.5735
[train:convlstm_base:H10] epoch=3/10 step=900/1003 loss=0.5446
[train:convlstm_base:H10] epoch=3/10 step=925/1003 loss=0.5609
[train:convlstm_base:H10] epoch=3/10 step=950/1003 loss=0.5283
[train:convlstm_base:H10] epoch=3/10 step=975/1003 loss=0.5408
[train:convlstm_base:H10] epoch=3/10 step=1000/1003 loss=0.5772
[epoch] method=convlstm_base epoch=3 train=0.5680 val=0.4877 best=0.4845
[train:convlstm_base:H10] epoch=4/10 step=0/1003 loss=0.4949
[train:convlstm_base:H10] epoch=4/10 step=25/1003 loss=0.5738
[train:convlstm_base:H10] epoch=4/10 step=50/1003 loss=0.5758
[train:convlstm_base:H10] epoch=4/10 step=75/1003 loss=0.5852
[train:convlstm_base:H10] epoch=4/10 step=100/1003 loss=0.5504
[train:convlstm_base:H10] epoch=4/10 step=125/1003 loss=0.5657
[train:convlstm_base:H10] epoch=4/10 step=150/1003 loss=0.5298
[train:convlstm_base:H10] epoch=4/10 step=175/1003 loss=0.5790
[train:convlstm_base:H10] epoch=4/10 step=200/1003 loss=0.5778
[train:convlstm_base:H10] epoch=4/10 step=225/1003 loss=0.5540
[train:convlstm_base:H10] epoch=4/10 step=250/1003 loss=0.5065
[train:convlstm_base:H10] epoch=4/10 step=275/1003 loss=0.5582
[train:convlstm_base:H10] epoch=4/10 step=300/1003 loss=0.5507
[train:convlstm_base:H10] epoch=4/10 step=325/1003 loss=0.5623
[train:convlstm_base:H10] epoch=4/10 step=350/1003 loss=0.5344
[train:convlstm_base:H10] epoch=4/10 step=375/1003 loss=0.5482
[train:convlstm_base:H10] epoch=4/10 step=400/1003 loss=0.5424
[train:convlstm_base:H10] epoch=4/10 step=425/1003 loss=0.5490
[train:convlstm_base:H10] epoch=4/10 step=450/1003 loss=0.5554
[train:convlstm_base:H10] epoch=4/10 step=475/1003 loss=0.5444
[train:convlstm_base:H10] epoch=4/10 step=500/1003 loss=0.4894
[train:convlstm_base:H10] epoch=4/10 step=525/1003 loss=0.5648
[train:convlstm_base:H10] epoch=4/10 step=550/1003 loss=0.5514
[train:convlstm_base:H10] epoch=4/10 step=575/1003 loss=0.6156
[train:convlstm_base:H10] epoch=4/10 step=600/1003 loss=0.5208
[train:convlstm_base:H10] epoch=4/10 step=625/1003 loss=0.5013
[train:convlstm_base:H10] epoch=4/10 step=650/1003 loss=0.6156
[train:convlstm_base:H10] epoch=4/10 step=675/1003 loss=0.5694
[train:convlstm_base:H10] epoch=4/10 step=700/1003 loss=0.5697
[train:convlstm_base:H10] epoch=4/10 step=725/1003 loss=0.5846
[train:convlstm_base:H10] epoch=4/10 step=750/1003 loss=0.5472
[train:convlstm_base:H10] epoch=4/10 step=775/1003 loss=0.5439
[train:convlstm_base:H10] epoch=4/10 step=800/1003 loss=0.5431
[train:convlstm_base:H10] epoch=4/10 step=825/1003 loss=0.5102
[train:convlstm_base:H10] epoch=4/10 step=850/1003 loss=0.5202
[train:convlstm_base:H10] epoch=4/10 step=875/1003 loss=0.5835
[train:convlstm_base:H10] epoch=4/10 step=900/1003 loss=0.5639
[train:convlstm_base:H10] epoch=4/10 step=925/1003 loss=0.5350
[train:convlstm_base:H10] epoch=4/10 step=950/1003 loss=0.5339
[train:convlstm_base:H10] epoch=4/10 step=975/1003 loss=0.5545
[train:convlstm_base:H10] epoch=4/10 step=1000/1003 loss=0.5599
[epoch] method=convlstm_base epoch=4 train=0.5543 val=0.4789 best=0.4789
[train:convlstm_base:H10] epoch=5/10 step=0/1003 loss=0.4033
[train:convlstm_base:H10] epoch=5/10 step=25/1003 loss=0.5497
[train:convlstm_base:H10] epoch=5/10 step=50/1003 loss=0.5741
[train:convlstm_base:H10] epoch=5/10 step=75/1003 loss=0.6044
[train:convlstm_base:H10] epoch=5/10 step=100/1003 loss=0.5481
[train:convlstm_base:H10] epoch=5/10 step=125/1003 loss=0.5233
[train:convlstm_base:H10] epoch=5/10 step=150/1003 loss=0.5476
[train:convlstm_base:H10] epoch=5/10 step=175/1003 loss=0.5036
[train:convlstm_base:H10] epoch=5/10 step=200/1003 loss=0.5836
[train:convlstm_base:H10] epoch=5/10 step=225/1003 loss=0.5200
[train:convlstm_base:H10] epoch=5/10 step=250/1003 loss=0.5465
[train:convlstm_base:H10] epoch=5/10 step=275/1003 loss=0.5296
[train:convlstm_base:H10] epoch=5/10 step=300/1003 loss=0.5419
[train:convlstm_base:H10] epoch=5/10 step=325/1003 loss=0.5325
[train:convlstm_base:H10] epoch=5/10 step=350/1003 loss=0.5717
[train:convlstm_base:H10] epoch=5/10 step=375/1003 loss=0.5176
[train:convlstm_base:H10] epoch=5/10 step=400/1003 loss=0.4911
[train:convlstm_base:H10] epoch=5/10 step=425/1003 loss=0.5507
[train:convlstm_base:H10] epoch=5/10 step=450/1003 loss=0.5798
[train:convlstm_base:H10] epoch=5/10 step=475/1003 loss=0.5493
[train:convlstm_base:H10] epoch=5/10 step=500/1003 loss=0.6000
[train:convlstm_base:H10] epoch=5/10 step=525/1003 loss=0.5353
[train:convlstm_base:H10] epoch=5/10 step=550/1003 loss=0.5347
[train:convlstm_base:H10] epoch=5/10 step=575/1003 loss=0.5540
[train:convlstm_base:H10] epoch=5/10 step=600/1003 loss=0.5593
[train:convlstm_base:H10] epoch=5/10 step=625/1003 loss=0.5380
[train:convlstm_base:H10] epoch=5/10 step=650/1003 loss=0.5249
[train:convlstm_base:H10] epoch=5/10 step=675/1003 loss=0.5429
[train:convlstm_base:H10] epoch=5/10 step=700/1003 loss=0.5371
[train:convlstm_base:H10] epoch=5/10 step=725/1003 loss=0.5672
[train:convlstm_base:H10] epoch=5/10 step=750/1003 loss=0.5265
[train:convlstm_base:H10] epoch=5/10 step=775/1003 loss=0.5359
[train:convlstm_base:H10] epoch=5/10 step=800/1003 loss=0.5280
[train:convlstm_base:H10] epoch=5/10 step=825/1003 loss=0.5450
[train:convlstm_base:H10] epoch=5/10 step=850/1003 loss=0.5645
[train:convlstm_base:H10] epoch=5/10 step=875/1003 loss=0.5552
[train:convlstm_base:H10] epoch=5/10 step=900/1003 loss=0.5530
[train:convlstm_base:H10] epoch=5/10 step=925/1003 loss=0.5636
[train:convlstm_base:H10] epoch=5/10 step=950/1003 loss=0.5520
[train:convlstm_base:H10] epoch=5/10 step=975/1003 loss=0.5560
[train:convlstm_base:H10] epoch=5/10 step=1000/1003 loss=0.5407
[epoch] method=convlstm_base epoch=5 train=0.5452 val=0.4759 best=0.4759
[train:convlstm_base:H10] epoch=6/10 step=0/1003 loss=0.6025
[train:convlstm_base:H10] epoch=6/10 step=25/1003 loss=0.5511
[train:convlstm_base:H10] epoch=6/10 step=50/1003 loss=0.5575
[train:convlstm_base:H10] epoch=6/10 step=75/1003 loss=0.4906
[train:convlstm_base:H10] epoch=6/10 step=100/1003 loss=0.4949
[train:convlstm_base:H10] epoch=6/10 step=125/1003 loss=0.5223
[train:convlstm_base:H10] epoch=6/10 step=150/1003 loss=0.5392
[train:convlstm_base:H10] epoch=6/10 step=175/1003 loss=0.5352
[train:convlstm_base:H10] epoch=6/10 step=200/1003 loss=0.5518
[train:convlstm_base:H10] epoch=6/10 step=225/1003 loss=0.5692
[train:convlstm_base:H10] epoch=6/10 step=250/1003 loss=0.5305
[train:convlstm_base:H10] epoch=6/10 step=275/1003 loss=0.5461
[train:convlstm_base:H10] epoch=6/10 step=300/1003 loss=0.5839
[train:convlstm_base:H10] epoch=6/10 step=325/1003 loss=0.5345
[train:convlstm_base:H10] epoch=6/10 step=350/1003 loss=0.5390
[train:convlstm_base:H10] epoch=6/10 step=375/1003 loss=0.5147
[train:convlstm_base:H10] epoch=6/10 step=400/1003 loss=0.5396
[train:convlstm_base:H10] epoch=6/10 step=425/1003 loss=0.5726
[train:convlstm_base:H10] epoch=6/10 step=450/1003 loss=0.5260
[train:convlstm_base:H10] epoch=6/10 step=475/1003 loss=0.5217
[train:convlstm_base:H10] epoch=6/10 step=500/1003 loss=0.5562
[train:convlstm_base:H10] epoch=6/10 step=525/1003 loss=0.5175
[train:convlstm_base:H10] epoch=6/10 step=550/1003 loss=0.5402
[train:convlstm_base:H10] epoch=6/10 step=575/1003 loss=0.5466
[train:convlstm_base:H10] epoch=6/10 step=600/1003 loss=0.5574
[train:convlstm_base:H10] epoch=6/10 step=625/1003 loss=0.5390
[train:convlstm_base:H10] epoch=6/10 step=650/1003 loss=0.5476
[train:convlstm_base:H10] epoch=6/10 step=675/1003 loss=0.5334
[train:convlstm_base:H10] epoch=6/10 step=700/1003 loss=0.5557
[train:convlstm_base:H10] epoch=6/10 step=725/1003 loss=0.5177
[train:convlstm_base:H10] epoch=6/10 step=750/1003 loss=0.5349
[train:convlstm_base:H10] epoch=6/10 step=775/1003 loss=0.5301
[train:convlstm_base:H10] epoch=6/10 step=800/1003 loss=0.5215
[train:convlstm_base:H10] epoch=6/10 step=825/1003 loss=0.5069
[train:convlstm_base:H10] epoch=6/10 step=850/1003 loss=0.5407
[train:convlstm_base:H10] epoch=6/10 step=875/1003 loss=0.4859
[train:convlstm_base:H10] epoch=6/10 step=900/1003 loss=0.5803
[train:convlstm_base:H10] epoch=6/10 step=925/1003 loss=0.5033
[train:convlstm_base:H10] epoch=6/10 step=950/1003 loss=0.5317
[train:convlstm_base:H10] epoch=6/10 step=975/1003 loss=0.5787
[train:convlstm_base:H10] epoch=6/10 step=1000/1003 loss=0.5101
[epoch] method=convlstm_base epoch=6 train=0.5375 val=0.4828 best=0.4759
[train:convlstm_base:H10] epoch=7/10 step=0/1003 loss=0.7774
[train:convlstm_base:H10] epoch=7/10 step=25/1003 loss=0.5601
[train:convlstm_base:H10] epoch=7/10 step=50/1003 loss=0.5462
[train:convlstm_base:H10] epoch=7/10 step=75/1003 loss=0.5461
[train:convlstm_base:H10] epoch=7/10 step=100/1003 loss=0.5203
[train:convlstm_base:H10] epoch=7/10 step=125/1003 loss=0.5381
[train:convlstm_base:H10] epoch=7/10 step=150/1003 loss=0.5218
[train:convlstm_base:H10] epoch=7/10 step=175/1003 loss=0.5648
[train:convlstm_base:H10] epoch=7/10 step=200/1003 loss=0.5159
[train:convlstm_base:H10] epoch=7/10 step=225/1003 loss=0.5662
[train:convlstm_base:H10] epoch=7/10 step=250/1003 loss=0.5529
[train:convlstm_base:H10] epoch=7/10 step=275/1003 loss=0.5239
[train:convlstm_base:H10] epoch=7/10 step=300/1003 loss=0.4944
[train:convlstm_base:H10] epoch=7/10 step=325/1003 loss=0.5099
[train:convlstm_base:H10] epoch=7/10 step=350/1003 loss=0.5166
[train:convlstm_base:H10] epoch=7/10 step=375/1003 loss=0.5789
[train:convlstm_base:H10] epoch=7/10 step=400/1003 loss=0.5432
[train:convlstm_base:H10] epoch=7/10 step=425/1003 loss=0.5205
[train:convlstm_base:H10] epoch=7/10 step=450/1003 loss=0.5546
[train:convlstm_base:H10] epoch=7/10 step=475/1003 loss=0.5447
[train:convlstm_base:H10] epoch=7/10 step=500/1003 loss=0.5584
[train:convlstm_base:H10] epoch=7/10 step=525/1003 loss=0.4951
[train:convlstm_base:H10] epoch=7/10 step=550/1003 loss=0.5107
[train:convlstm_base:H10] epoch=7/10 step=575/1003 loss=0.5179
[train:convlstm_base:H10] epoch=7/10 step=600/1003 loss=0.5345
[train:convlstm_base:H10] epoch=7/10 step=625/1003 loss=0.5300
[train:convlstm_base:H10] epoch=7/10 step=650/1003 loss=0.5159
[train:convlstm_base:H10] epoch=7/10 step=675/1003 loss=0.5329
[train:convlstm_base:H10] epoch=7/10 step=700/1003 loss=0.5618
[train:convlstm_base:H10] epoch=7/10 step=725/1003 loss=0.5323
[train:convlstm_base:H10] epoch=7/10 step=750/1003 loss=0.5426
[train:convlstm_base:H10] epoch=7/10 step=775/1003 loss=0.5417
[train:convlstm_base:H10] epoch=7/10 step=800/1003 loss=0.5044
[train:convlstm_base:H10] epoch=7/10 step=825/1003 loss=0.5020
[train:convlstm_base:H10] epoch=7/10 step=850/1003 loss=0.5314
[train:convlstm_base:H10] epoch=7/10 step=875/1003 loss=0.5130
[train:convlstm_base:H10] epoch=7/10 step=900/1003 loss=0.5349
[train:convlstm_base:H10] epoch=7/10 step=925/1003 loss=0.5318
[train:convlstm_base:H10] epoch=7/10 step=950/1003 loss=0.5241
[train:convlstm_base:H10] epoch=7/10 step=975/1003 loss=0.5454
[train:convlstm_base:H10] epoch=7/10 step=1000/1003 loss=0.5283
[epoch] method=convlstm_base epoch=7 train=0.5305 val=0.4741 best=0.4741
[train:convlstm_base:H10] epoch=8/10 step=0/1003 loss=0.6553
[train:convlstm_base:H10] epoch=8/10 step=25/1003 loss=0.5238
[train:convlstm_base:H10] epoch=8/10 step=50/1003 loss=0.5024
[train:convlstm_base:H10] epoch=8/10 step=75/1003 loss=0.4948
[train:convlstm_base:H10] epoch=8/10 step=100/1003 loss=0.5201
[train:convlstm_base:H10] epoch=8/10 step=125/1003 loss=0.5122
[train:convlstm_base:H10] epoch=8/10 step=150/1003 loss=0.5116
[train:convlstm_base:H10] epoch=8/10 step=175/1003 loss=0.5767
[train:convlstm_base:H10] epoch=8/10 step=200/1003 loss=0.5142
[train:convlstm_base:H10] epoch=8/10 step=225/1003 loss=0.5685
[train:convlstm_base:H10] epoch=8/10 step=250/1003 loss=0.5647
[train:convlstm_base:H10] epoch=8/10 step=275/1003 loss=0.4976
[train:convlstm_base:H10] epoch=8/10 step=300/1003 loss=0.5250
[train:convlstm_base:H10] epoch=8/10 step=325/1003 loss=0.5097
[train:convlstm_base:H10] epoch=8/10 step=350/1003 loss=0.5493
[train:convlstm_base:H10] epoch=8/10 step=375/1003 loss=0.5517
[train:convlstm_base:H10] epoch=8/10 step=400/1003 loss=0.5200
[train:convlstm_base:H10] epoch=8/10 step=425/1003 loss=0.5089
[train:convlstm_base:H10] epoch=8/10 step=450/1003 loss=0.5231
[train:convlstm_base:H10] epoch=8/10 step=475/1003 loss=0.5113
[train:convlstm_base:H10] epoch=8/10 step=500/1003 loss=0.4989
[train:convlstm_base:H10] epoch=8/10 step=525/1003 loss=0.5335
[train:convlstm_base:H10] epoch=8/10 step=550/1003 loss=0.5092
[train:convlstm_base:H10] epoch=8/10 step=575/1003 loss=0.4912
[train:convlstm_base:H10] epoch=8/10 step=600/1003 loss=0.4911
[train:convlstm_base:H10] epoch=8/10 step=625/1003 loss=0.5087
[train:convlstm_base:H10] epoch=8/10 step=650/1003 loss=0.5157
[train:convlstm_base:H10] epoch=8/10 step=675/1003 loss=0.5187
[train:convlstm_base:H10] epoch=8/10 step=700/1003 loss=0.5364
[train:convlstm_base:H10] epoch=8/10 step=725/1003 loss=0.5264
[train:convlstm_base:H10] epoch=8/10 step=750/1003 loss=0.5158
[train:convlstm_base:H10] epoch=8/10 step=775/1003 loss=0.5678
[train:convlstm_base:H10] epoch=8/10 step=800/1003 loss=0.5497
[train:convlstm_base:H10] epoch=8/10 step=825/1003 loss=0.5246
[train:convlstm_base:H10] epoch=8/10 step=850/1003 loss=0.5571
[train:convlstm_base:H10] epoch=8/10 step=875/1003 loss=0.5210
[train:convlstm_base:H10] epoch=8/10 step=900/1003 loss=0.5034
[train:convlstm_base:H10] epoch=8/10 step=925/1003 loss=0.5406
[train:convlstm_base:H10] epoch=8/10 step=950/1003 loss=0.5246
[train:convlstm_base:H10] epoch=8/10 step=975/1003 loss=0.5568
[train:convlstm_base:H10] epoch=8/10 step=1000/1003 loss=0.5439
[epoch] method=convlstm_base epoch=8 train=0.5227 val=0.4824 best=0.4741
[train:convlstm_base:H10] epoch=9/10 step=0/1003 loss=0.5290
[train:convlstm_base:H10] epoch=9/10 step=25/1003 loss=0.4883
[train:convlstm_base:H10] epoch=9/10 step=50/1003 loss=0.5478
[train:convlstm_base:H10] epoch=9/10 step=75/1003 loss=0.5197
[train:convlstm_base:H10] epoch=9/10 step=100/1003 loss=0.5503
[train:convlstm_base:H10] epoch=9/10 step=125/1003 loss=0.5319
[train:convlstm_base:H10] epoch=9/10 step=150/1003 loss=0.4735
[train:convlstm_base:H10] epoch=9/10 step=175/1003 loss=0.5440
[train:convlstm_base:H10] epoch=9/10 step=200/1003 loss=0.5251
[train:convlstm_base:H10] epoch=9/10 step=225/1003 loss=0.4800
[train:convlstm_base:H10] epoch=9/10 step=250/1003 loss=0.5130
[train:convlstm_base:H10] epoch=9/10 step=275/1003 loss=0.4897
[train:convlstm_base:H10] epoch=9/10 step=300/1003 loss=0.4958
[train:convlstm_base:H10] epoch=9/10 step=325/1003 loss=0.4921
[train:convlstm_base:H10] epoch=9/10 step=350/1003 loss=0.5115
[train:convlstm_base:H10] epoch=9/10 step=375/1003 loss=0.5311
[train:convlstm_base:H10] epoch=9/10 step=400/1003 loss=0.5003
[train:convlstm_base:H10] epoch=9/10 step=425/1003 loss=0.5134
[train:convlstm_base:H10] epoch=9/10 step=450/1003 loss=0.5497
[train:convlstm_base:H10] epoch=9/10 step=475/1003 loss=0.4874
[train:convlstm_base:H10] epoch=9/10 step=500/1003 loss=0.5452
[train:convlstm_base:H10] epoch=9/10 step=525/1003 loss=0.5259
[train:convlstm_base:H10] epoch=9/10 step=550/1003 loss=0.5297
[train:convlstm_base:H10] epoch=9/10 step=575/1003 loss=0.5813
[train:convlstm_base:H10] epoch=9/10 step=600/1003 loss=0.4925
[train:convlstm_base:H10] epoch=9/10 step=625/1003 loss=0.4988
[train:convlstm_base:H10] epoch=9/10 step=650/1003 loss=0.5095
[train:convlstm_base:H10] epoch=9/10 step=675/1003 loss=0.5061
[train:convlstm_base:H10] epoch=9/10 step=700/1003 loss=0.5472
[train:convlstm_base:H10] epoch=9/10 step=725/1003 loss=0.5226
[train:convlstm_base:H10] epoch=9/10 step=750/1003 loss=0.5256
[train:convlstm_base:H10] epoch=9/10 step=775/1003 loss=0.5231
[train:convlstm_base:H10] epoch=9/10 step=800/1003 loss=0.5616
[train:convlstm_base:H10] epoch=9/10 step=825/1003 loss=0.5175
[train:convlstm_base:H10] epoch=9/10 step=850/1003 loss=0.5298
[train:convlstm_base:H10] epoch=9/10 step=875/1003 loss=0.5211
[train:convlstm_base:H10] epoch=9/10 step=900/1003 loss=0.5413
[train:convlstm_base:H10] epoch=9/10 step=925/1003 loss=0.5265
[train:convlstm_base:H10] epoch=9/10 step=950/1003 loss=0.5241
[train:convlstm_base:H10] epoch=9/10 step=975/1003 loss=0.5063
[train:convlstm_base:H10] epoch=9/10 step=1000/1003 loss=0.5094
[epoch] method=convlstm_base epoch=9 train=0.5164 val=0.4801 best=0.4741
[train:convlstm_base:H10] epoch=10/10 step=0/1003 loss=0.4305
[train:convlstm_base:H10] epoch=10/10 step=25/1003 loss=0.4947
[train:convlstm_base:H10] epoch=10/10 step=50/1003 loss=0.5108
[train:convlstm_base:H10] epoch=10/10 step=75/1003 loss=0.4898
[train:convlstm_base:H10] epoch=10/10 step=100/1003 loss=0.5219
[train:convlstm_base:H10] epoch=10/10 step=125/1003 loss=0.4955
[train:convlstm_base:H10] epoch=10/10 step=150/1003 loss=0.4825
[train:convlstm_base:H10] epoch=10/10 step=175/1003 loss=0.5058
[train:convlstm_base:H10] epoch=10/10 step=200/1003 loss=0.5172
[train:convlstm_base:H10] epoch=10/10 step=225/1003 loss=0.4961
[train:convlstm_base:H10] epoch=10/10 step=250/1003 loss=0.4833
[train:convlstm_base:H10] epoch=10/10 step=275/1003 loss=0.5639
[train:convlstm_base:H10] epoch=10/10 step=300/1003 loss=0.5102
[train:convlstm_base:H10] epoch=10/10 step=325/1003 loss=0.5245
[train:convlstm_base:H10] epoch=10/10 step=350/1003 loss=0.5120
[train:convlstm_base:H10] epoch=10/10 step=375/1003 loss=0.5336
[train:convlstm_base:H10] epoch=10/10 step=400/1003 loss=0.5425
[train:convlstm_base:H10] epoch=10/10 step=425/1003 loss=0.5136
[train:convlstm_base:H10] epoch=10/10 step=450/1003 loss=0.5122
[train:convlstm_base:H10] epoch=10/10 step=475/1003 loss=0.5215
[train:convlstm_base:H10] epoch=10/10 step=500/1003 loss=0.5198
[train:convlstm_base:H10] epoch=10/10 step=525/1003 loss=0.5275
[train:convlstm_base:H10] epoch=10/10 step=550/1003 loss=0.5176
[train:convlstm_base:H10] epoch=10/10 step=575/1003 loss=0.5285
[train:convlstm_base:H10] epoch=10/10 step=600/1003 loss=0.4941
[train:convlstm_base:H10] epoch=10/10 step=625/1003 loss=0.4942
[train:convlstm_base:H10] epoch=10/10 step=650/1003 loss=0.4948
[train:convlstm_base:H10] epoch=10/10 step=675/1003 loss=0.5379
[train:convlstm_base:H10] epoch=10/10 step=700/1003 loss=0.5127
[train:convlstm_base:H10] epoch=10/10 step=725/1003 loss=0.5244
[train:convlstm_base:H10] epoch=10/10 step=750/1003 loss=0.4940
[train:convlstm_base:H10] epoch=10/10 step=775/1003 loss=0.5059
[train:convlstm_base:H10] epoch=10/10 step=800/1003 loss=0.4957
[train:convlstm_base:H10] epoch=10/10 step=825/1003 loss=0.5153
[train:convlstm_base:H10] epoch=10/10 step=850/1003 loss=0.5000
[train:convlstm_base:H10] epoch=10/10 step=875/1003 loss=0.4784
[train:convlstm_base:H10] epoch=10/10 step=900/1003 loss=0.5101
[train:convlstm_base:H10] epoch=10/10 step=925/1003 loss=0.5160
[train:convlstm_base:H10] epoch=10/10 step=950/1003 loss=0.5437
[train:convlstm_base:H10] epoch=10/10 step=975/1003 loss=0.4693
[train:convlstm_base:H10] epoch=10/10 step=1000/1003 loss=0.4739
[epoch] method=convlstm_base epoch=10 train=0.5113 val=0.4736 best=0.4736
[done train] /home/tahiti/SafeObjWorld/runs_v2_full/models/convlstm_base/H10/best.pt
