====================================================================================================
SafeObjWorld V2 runner
{
  "mode": "train",
  "dataset_root": "/home/tahiti/SafeObjWorld/data/DAVIS2017",
  "run_root": "/home/tahiti/SafeObjWorld/runs_v2_full",
  "year": "2017",
  "method": "object_token_no_geom",
  "stress": "clean",
  "prefix_len": 3,
  "max_h": 5,
  "image_size": 192,
  "batch_size": 8,
  "epochs": 10,
  "lr": 0.0002,
  "weight_decay": 0.0001,
  "max_train_samples": 0,
  "max_val_samples": 0,
  "num_workers": 4,
  "seed": 42,
  "eval_k_override": 0,
  "amp": true,
  "cpu": false,
  "skip_existing": true,
  "log_every": 25
}
====================================================================================================
[train] method=object_token_no_geom device=cuda cfg={'stress_train': True, 'temporal_weight': 0.05, 'split_weight': 0.0, 'area_weight': 0.1, 'mc_eval': True, 'eval_k': 5}
[train:object_token_no_geom:H5] epoch=1/10 step=0/1086 loss=1.6783
[train:object_token_no_geom:H5] epoch=1/10 step=25/1086 loss=1.6363
[train:object_token_no_geom:H5] epoch=1/10 step=50/1086 loss=1.2758
[train:object_token_no_geom:H5] epoch=1/10 step=75/1086 loss=1.1423
[train:object_token_no_geom:H5] epoch=1/10 step=100/1086 loss=1.1062
[train:object_token_no_geom:H5] epoch=1/10 step=125/1086 loss=1.1369
[train:object_token_no_geom:H5] epoch=1/10 step=150/1086 loss=1.0893
[train:object_token_no_geom:H5] epoch=1/10 step=175/1086 loss=1.1043
[train:object_token_no_geom:H5] epoch=1/10 step=200/1086 loss=1.0952
[train:object_token_no_geom:H5] epoch=1/10 step=225/1086 loss=1.0919
[train:object_token_no_geom:H5] epoch=1/10 step=250/1086 loss=1.1076
[train:object_token_no_geom:H5] epoch=1/10 step=275/1086 loss=1.0681
[train:object_token_no_geom:H5] epoch=1/10 step=300/1086 loss=1.0688
[train:object_token_no_geom:H5] epoch=1/10 step=325/1086 loss=1.0834
[train:object_token_no_geom:H5] epoch=1/10 step=350/1086 loss=1.0857
[train:object_token_no_geom:H5] epoch=1/10 step=375/1086 loss=1.0508
[train:object_token_no_geom:H5] epoch=1/10 step=400/1086 loss=1.0537
[train:object_token_no_geom:H5] epoch=1/10 step=425/1086 loss=1.0785
[train:object_token_no_geom:H5] epoch=1/10 step=450/1086 loss=1.0757
[train:object_token_no_geom:H5] epoch=1/10 step=475/1086 loss=1.0578
[train:object_token_no_geom:H5] epoch=1/10 step=500/1086 loss=1.0460
[train:object_token_no_geom:H5] epoch=1/10 step=525/1086 loss=1.0759
[train:object_token_no_geom:H5] epoch=1/10 step=550/1086 loss=1.0616
[train:object_token_no_geom:H5] epoch=1/10 step=575/1086 loss=1.0441
[train:object_token_no_geom:H5] epoch=1/10 step=600/1086 loss=1.0567
[train:object_token_no_geom:H5] epoch=1/10 step=625/1086 loss=1.0547
[train:object_token_no_geom:H5] epoch=1/10 step=650/1086 loss=1.0356
[train:object_token_no_geom:H5] epoch=1/10 step=675/1086 loss=1.0314
[train:object_token_no_geom:H5] epoch=1/10 step=700/1086 loss=1.0588
[train:object_token_no_geom:H5] epoch=1/10 step=725/1086 loss=1.0690
[train:object_token_no_geom:H5] epoch=1/10 step=750/1086 loss=1.0427
[train:object_token_no_geom:H5] epoch=1/10 step=775/1086 loss=1.0473
[train:object_token_no_geom:H5] epoch=1/10 step=800/1086 loss=1.0455
[train:object_token_no_geom:H5] epoch=1/10 step=825/1086 loss=1.0403
[train:object_token_no_geom:H5] epoch=1/10 step=850/1086 loss=1.0676
[train:object_token_no_geom:H5] epoch=1/10 step=875/1086 loss=1.0461
[train:object_token_no_geom:H5] epoch=1/10 step=900/1086 loss=1.0390
[train:object_token_no_geom:H5] epoch=1/10 step=925/1086 loss=1.0359
[train:object_token_no_geom:H5] epoch=1/10 step=950/1086 loss=1.0507
[train:object_token_no_geom:H5] epoch=1/10 step=975/1086 loss=1.0446
[train:object_token_no_geom:H5] epoch=1/10 step=1000/1086 loss=1.0399
[train:object_token_no_geom:H5] epoch=1/10 step=1025/1086 loss=1.0459
[train:object_token_no_geom:H5] epoch=1/10 step=1050/1086 loss=1.0428
[train:object_token_no_geom:H5] epoch=1/10 step=1075/1086 loss=1.0337
[epoch] method=object_token_no_geom epoch=1 train=1.0860 val=1.0145 best=1.0145
[train:object_token_no_geom:H5] epoch=2/10 step=0/1086 loss=0.9660
[train:object_token_no_geom:H5] epoch=2/10 step=25/1086 loss=1.0307
[train:object_token_no_geom:H5] epoch=2/10 step=50/1086 loss=1.0330
[train:object_token_no_geom:H5] epoch=2/10 step=75/1086 loss=1.0533
[train:object_token_no_geom:H5] epoch=2/10 step=100/1086 loss=1.0426
[train:object_token_no_geom:H5] epoch=2/10 step=125/1086 loss=1.0199
[train:object_token_no_geom:H5] epoch=2/10 step=150/1086 loss=1.0437
[train:object_token_no_geom:H5] epoch=2/10 step=175/1086 loss=1.0381
[train:object_token_no_geom:H5] epoch=2/10 step=200/1086 loss=1.0470
[train:object_token_no_geom:H5] epoch=2/10 step=225/1086 loss=1.0337
[train:object_token_no_geom:H5] epoch=2/10 step=250/1086 loss=1.0092
[train:object_token_no_geom:H5] epoch=2/10 step=275/1086 loss=1.0479
[train:object_token_no_geom:H5] epoch=2/10 step=300/1086 loss=1.0473
[train:object_token_no_geom:H5] epoch=2/10 step=325/1086 loss=1.0407
[train:object_token_no_geom:H5] epoch=2/10 step=350/1086 loss=1.0356
[train:object_token_no_geom:H5] epoch=2/10 step=375/1086 loss=1.0191
[train:object_token_no_geom:H5] epoch=2/10 step=400/1086 loss=1.0258
[train:object_token_no_geom:H5] epoch=2/10 step=425/1086 loss=1.0329
[train:object_token_no_geom:H5] epoch=2/10 step=450/1086 loss=1.0156
[train:object_token_no_geom:H5] epoch=2/10 step=475/1086 loss=1.0129
[train:object_token_no_geom:H5] epoch=2/10 step=500/1086 loss=0.9990
[train:object_token_no_geom:H5] epoch=2/10 step=525/1086 loss=1.0266
[train:object_token_no_geom:H5] epoch=2/10 step=550/1086 loss=1.0226
[train:object_token_no_geom:H5] epoch=2/10 step=575/1086 loss=1.0244
[train:object_token_no_geom:H5] epoch=2/10 step=600/1086 loss=1.0323
[train:object_token_no_geom:H5] epoch=2/10 step=625/1086 loss=1.0081
[train:object_token_no_geom:H5] epoch=2/10 step=650/1086 loss=1.0157
[train:object_token_no_geom:H5] epoch=2/10 step=675/1086 loss=1.0283
[train:object_token_no_geom:H5] epoch=2/10 step=700/1086 loss=1.0266
[train:object_token_no_geom:H5] epoch=2/10 step=725/1086 loss=1.0200
[train:object_token_no_geom:H5] epoch=2/10 step=750/1086 loss=1.0363
[train:object_token_no_geom:H5] epoch=2/10 step=775/1086 loss=1.0040
[train:object_token_no_geom:H5] epoch=2/10 step=800/1086 loss=1.0411
[train:object_token_no_geom:H5] epoch=2/10 step=825/1086 loss=1.0213
[train:object_token_no_geom:H5] epoch=2/10 step=850/1086 loss=1.0408
[train:object_token_no_geom:H5] epoch=2/10 step=875/1086 loss=0.9987
[train:object_token_no_geom:H5] epoch=2/10 step=900/1086 loss=1.0155
[train:object_token_no_geom:H5] epoch=2/10 step=925/1086 loss=1.0110
[train:object_token_no_geom:H5] epoch=2/10 step=950/1086 loss=1.0414
[train:object_token_no_geom:H5] epoch=2/10 step=975/1086 loss=1.0099
[train:object_token_no_geom:H5] epoch=2/10 step=1000/1086 loss=0.9954
[train:object_token_no_geom:H5] epoch=2/10 step=1025/1086 loss=1.0153
[train:object_token_no_geom:H5] epoch=2/10 step=1050/1086 loss=1.0246
[train:object_token_no_geom:H5] epoch=2/10 step=1075/1086 loss=1.0015
[epoch] method=object_token_no_geom epoch=2 train=1.0259 val=1.0197 best=1.0145
[train:object_token_no_geom:H5] epoch=3/10 step=0/1086 loss=1.0727
[train:object_token_no_geom:H5] epoch=3/10 step=25/1086 loss=1.0158
[train:object_token_no_geom:H5] epoch=3/10 step=50/1086 loss=1.0284
[train:object_token_no_geom:H5] epoch=3/10 step=75/1086 loss=0.9990
[train:object_token_no_geom:H5] epoch=3/10 step=100/1086 loss=1.0042
[train:object_token_no_geom:H5] epoch=3/10 step=125/1086 loss=1.0263
[train:object_token_no_geom:H5] epoch=3/10 step=150/1086 loss=0.9857
[train:object_token_no_geom:H5] epoch=3/10 step=175/1086 loss=1.0041
[train:object_token_no_geom:H5] epoch=3/10 step=200/1086 loss=1.0114
[train:object_token_no_geom:H5] epoch=3/10 step=225/1086 loss=0.9952
[train:object_token_no_geom:H5] epoch=3/10 step=250/1086 loss=1.0091
[train:object_token_no_geom:H5] epoch=3/10 step=275/1086 loss=1.0261
[train:object_token_no_geom:H5] epoch=3/10 step=300/1086 loss=1.0049
[train:object_token_no_geom:H5] epoch=3/10 step=325/1086 loss=1.0204
[train:object_token_no_geom:H5] epoch=3/10 step=350/1086 loss=1.0190
[train:object_token_no_geom:H5] epoch=3/10 step=375/1086 loss=1.0274
[train:object_token_no_geom:H5] epoch=3/10 step=400/1086 loss=1.0150
[train:object_token_no_geom:H5] epoch=3/10 step=425/1086 loss=0.9768
[train:object_token_no_geom:H5] epoch=3/10 step=450/1086 loss=1.0300
[train:object_token_no_geom:H5] epoch=3/10 step=475/1086 loss=1.0014
[train:object_token_no_geom:H5] epoch=3/10 step=500/1086 loss=1.0112
[train:object_token_no_geom:H5] epoch=3/10 step=525/1086 loss=0.9997
[train:object_token_no_geom:H5] epoch=3/10 step=550/1086 loss=1.0193
[train:object_token_no_geom:H5] epoch=3/10 step=575/1086 loss=1.0308
[train:object_token_no_geom:H5] epoch=3/10 step=600/1086 loss=1.0221
[train:object_token_no_geom:H5] epoch=3/10 step=625/1086 loss=0.9850
[train:object_token_no_geom:H5] epoch=3/10 step=650/1086 loss=0.9929
[train:object_token_no_geom:H5] epoch=3/10 step=675/1086 loss=1.0110
[train:object_token_no_geom:H5] epoch=3/10 step=700/1086 loss=0.9826
[train:object_token_no_geom:H5] epoch=3/10 step=725/1086 loss=0.9895
[train:object_token_no_geom:H5] epoch=3/10 step=750/1086 loss=1.0094
[train:object_token_no_geom:H5] epoch=3/10 step=775/1086 loss=0.9961
[train:object_token_no_geom:H5] epoch=3/10 step=800/1086 loss=1.0213
[train:object_token_no_geom:H5] epoch=3/10 step=825/1086 loss=0.9894
[train:object_token_no_geom:H5] epoch=3/10 step=850/1086 loss=0.9976
[train:object_token_no_geom:H5] epoch=3/10 step=875/1086 loss=0.9908
[train:object_token_no_geom:H5] epoch=3/10 step=900/1086 loss=1.0034
[train:object_token_no_geom:H5] epoch=3/10 step=925/1086 loss=0.9895
[train:object_token_no_geom:H5] epoch=3/10 step=950/1086 loss=0.9838
[train:object_token_no_geom:H5] epoch=3/10 step=975/1086 loss=0.9843
[train:object_token_no_geom:H5] epoch=3/10 step=1000/1086 loss=0.9981
[train:object_token_no_geom:H5] epoch=3/10 step=1025/1086 loss=0.9653
[train:object_token_no_geom:H5] epoch=3/10 step=1050/1086 loss=1.0032
[train:object_token_no_geom:H5] epoch=3/10 step=1075/1086 loss=1.0008
[epoch] method=object_token_no_geom epoch=3 train=1.0056 val=1.0202 best=1.0145
[train:object_token_no_geom:H5] epoch=4/10 step=0/1086 loss=1.0074
[train:object_token_no_geom:H5] epoch=4/10 step=25/1086 loss=0.9830
[train:object_token_no_geom:H5] epoch=4/10 step=50/1086 loss=0.9896
[train:object_token_no_geom:H5] epoch=4/10 step=75/1086 loss=0.9727
[train:object_token_no_geom:H5] epoch=4/10 step=100/1086 loss=0.9753
[train:object_token_no_geom:H5] epoch=4/10 step=125/1086 loss=0.9947
[train:object_token_no_geom:H5] epoch=4/10 step=150/1086 loss=0.9697
[train:object_token_no_geom:H5] epoch=4/10 step=175/1086 loss=0.9981
[train:object_token_no_geom:H5] epoch=4/10 step=200/1086 loss=0.9681
[train:object_token_no_geom:H5] epoch=4/10 step=225/1086 loss=0.9544
[train:object_token_no_geom:H5] epoch=4/10 step=250/1086 loss=0.9837
[train:object_token_no_geom:H5] epoch=4/10 step=275/1086 loss=0.9455
[train:object_token_no_geom:H5] epoch=4/10 step=300/1086 loss=1.0060
[train:object_token_no_geom:H5] epoch=4/10 step=325/1086 loss=1.0049
[train:object_token_no_geom:H5] epoch=4/10 step=350/1086 loss=0.9745
[train:object_token_no_geom:H5] epoch=4/10 step=375/1086 loss=1.0160
[train:object_token_no_geom:H5] epoch=4/10 step=400/1086 loss=0.9900
[train:object_token_no_geom:H5] epoch=4/10 step=425/1086 loss=0.9743
[train:object_token_no_geom:H5] epoch=4/10 step=450/1086 loss=0.9757
[train:object_token_no_geom:H5] epoch=4/10 step=475/1086 loss=0.9643
[train:object_token_no_geom:H5] epoch=4/10 step=500/1086 loss=0.9707
[train:object_token_no_geom:H5] epoch=4/10 step=525/1086 loss=0.9706
[train:object_token_no_geom:H5] epoch=4/10 step=550/1086 loss=0.9743
[train:object_token_no_geom:H5] epoch=4/10 step=575/1086 loss=0.9846
[train:object_token_no_geom:H5] epoch=4/10 step=600/1086 loss=1.0054
[train:object_token_no_geom:H5] epoch=4/10 step=625/1086 loss=0.9620
[train:object_token_no_geom:H5] epoch=4/10 step=650/1086 loss=0.9385
[train:object_token_no_geom:H5] epoch=4/10 step=675/1086 loss=0.9738
[train:object_token_no_geom:H5] epoch=4/10 step=700/1086 loss=1.0052
[train:object_token_no_geom:H5] epoch=4/10 step=725/1086 loss=0.9963
[train:object_token_no_geom:H5] epoch=4/10 step=750/1086 loss=0.9841
[train:object_token_no_geom:H5] epoch=4/10 step=775/1086 loss=0.9718
[train:object_token_no_geom:H5] epoch=4/10 step=800/1086 loss=0.9796
[train:object_token_no_geom:H5] epoch=4/10 step=825/1086 loss=0.9721
[train:object_token_no_geom:H5] epoch=4/10 step=850/1086 loss=0.9637
[train:object_token_no_geom:H5] epoch=4/10 step=875/1086 loss=0.9919
[train:object_token_no_geom:H5] epoch=4/10 step=900/1086 loss=0.9658
[train:object_token_no_geom:H5] epoch=4/10 step=925/1086 loss=0.9572
[train:object_token_no_geom:H5] epoch=4/10 step=950/1086 loss=0.9680
[train:object_token_no_geom:H5] epoch=4/10 step=975/1086 loss=0.9578
[train:object_token_no_geom:H5] epoch=4/10 step=1000/1086 loss=0.9958
[train:object_token_no_geom:H5] epoch=4/10 step=1025/1086 loss=0.9825
[train:object_token_no_geom:H5] epoch=4/10 step=1050/1086 loss=0.9681
[train:object_token_no_geom:H5] epoch=4/10 step=1075/1086 loss=0.9677
[epoch] method=object_token_no_geom epoch=4 train=0.9756 val=1.0110 best=1.0110
[train:object_token_no_geom:H5] epoch=5/10 step=0/1086 loss=0.8549
[train:object_token_no_geom:H5] epoch=5/10 step=25/1086 loss=0.9631
[train:object_token_no_geom:H5] epoch=5/10 step=50/1086 loss=0.9696
[train:object_token_no_geom:H5] epoch=5/10 step=75/1086 loss=0.9553
[train:object_token_no_geom:H5] epoch=5/10 step=100/1086 loss=0.9463
[train:object_token_no_geom:H5] epoch=5/10 step=125/1086 loss=1.0017
[train:object_token_no_geom:H5] epoch=5/10 step=150/1086 loss=0.9681
[train:object_token_no_geom:H5] epoch=5/10 step=175/1086 loss=0.9415
[train:object_token_no_geom:H5] epoch=5/10 step=200/1086 loss=0.9462
[train:object_token_no_geom:H5] epoch=5/10 step=225/1086 loss=0.9510
[train:object_token_no_geom:H5] epoch=5/10 step=250/1086 loss=0.9570
[train:object_token_no_geom:H5] epoch=5/10 step=275/1086 loss=0.9568
[train:object_token_no_geom:H5] epoch=5/10 step=300/1086 loss=0.9528
[train:object_token_no_geom:H5] epoch=5/10 step=325/1086 loss=0.9707
[train:object_token_no_geom:H5] epoch=5/10 step=350/1086 loss=0.9402
[train:object_token_no_geom:H5] epoch=5/10 step=375/1086 loss=0.9873
[train:object_token_no_geom:H5] epoch=5/10 step=400/1086 loss=0.9619
[train:object_token_no_geom:H5] epoch=5/10 step=425/1086 loss=0.9477
[train:object_token_no_geom:H5] epoch=5/10 step=450/1086 loss=0.9467
[train:object_token_no_geom:H5] epoch=5/10 step=475/1086 loss=0.9474
[train:object_token_no_geom:H5] epoch=5/10 step=500/1086 loss=0.9203
[train:object_token_no_geom:H5] epoch=5/10 step=525/1086 loss=0.9408
[train:object_token_no_geom:H5] epoch=5/10 step=550/1086 loss=0.9554
[train:object_token_no_geom:H5] epoch=5/10 step=575/1086 loss=0.9612
[train:object_token_no_geom:H5] epoch=5/10 step=600/1086 loss=0.9276
[train:object_token_no_geom:H5] epoch=5/10 step=625/1086 loss=0.9397
[train:object_token_no_geom:H5] epoch=5/10 step=650/1086 loss=0.9251
[train:object_token_no_geom:H5] epoch=5/10 step=675/1086 loss=0.9373
[train:object_token_no_geom:H5] epoch=5/10 step=700/1086 loss=0.9620
[train:object_token_no_geom:H5] epoch=5/10 step=725/1086 loss=0.9176
[train:object_token_no_geom:H5] epoch=5/10 step=750/1086 loss=0.9356
[train:object_token_no_geom:H5] epoch=5/10 step=775/1086 loss=0.9523
[train:object_token_no_geom:H5] epoch=5/10 step=800/1086 loss=0.9415
[train:object_token_no_geom:H5] epoch=5/10 step=825/1086 loss=0.9352
[train:object_token_no_geom:H5] epoch=5/10 step=850/1086 loss=0.9183
[train:object_token_no_geom:H5] epoch=5/10 step=875/1086 loss=0.9190
[train:object_token_no_geom:H5] epoch=5/10 step=900/1086 loss=0.9431
[train:object_token_no_geom:H5] epoch=5/10 step=925/1086 loss=0.9509
[train:object_token_no_geom:H5] epoch=5/10 step=950/1086 loss=0.9469
[train:object_token_no_geom:H5] epoch=5/10 step=975/1086 loss=0.9368
[train:object_token_no_geom:H5] epoch=5/10 step=1000/1086 loss=0.9319
[train:object_token_no_geom:H5] epoch=5/10 step=1025/1086 loss=0.9379
[train:object_token_no_geom:H5] epoch=5/10 step=1050/1086 loss=0.9168
[train:object_token_no_geom:H5] epoch=5/10 step=1075/1086 loss=0.9275
[epoch] method=object_token_no_geom epoch=5 train=0.9456 val=1.0215 best=1.0110
[train:object_token_no_geom:H5] epoch=6/10 step=0/1086 loss=1.0263
[train:object_token_no_geom:H5] epoch=6/10 step=25/1086 loss=0.9298
[train:object_token_no_geom:H5] epoch=6/10 step=50/1086 loss=0.9130
[train:object_token_no_geom:H5] epoch=6/10 step=75/1086 loss=0.9132
[train:object_token_no_geom:H5] epoch=6/10 step=100/1086 loss=0.9078
[train:object_token_no_geom:H5] epoch=6/10 step=125/1086 loss=0.9485
[train:object_token_no_geom:H5] epoch=6/10 step=150/1086 loss=0.8863
[train:object_token_no_geom:H5] epoch=6/10 step=175/1086 loss=0.9463
[train:object_token_no_geom:H5] epoch=6/10 step=200/1086 loss=0.9525
[train:object_token_no_geom:H5] epoch=6/10 step=225/1086 loss=0.9189
[train:object_token_no_geom:H5] epoch=6/10 step=250/1086 loss=0.9065
[train:object_token_no_geom:H5] epoch=6/10 step=275/1086 loss=0.8832
[train:object_token_no_geom:H5] epoch=6/10 step=300/1086 loss=0.9393
[train:object_token_no_geom:H5] epoch=6/10 step=325/1086 loss=0.9268
[train:object_token_no_geom:H5] epoch=6/10 step=350/1086 loss=0.9077
[train:object_token_no_geom:H5] epoch=6/10 step=375/1086 loss=0.8957
[train:object_token_no_geom:H5] epoch=6/10 step=400/1086 loss=0.9015
[train:object_token_no_geom:H5] epoch=6/10 step=425/1086 loss=0.9230
[train:object_token_no_geom:H5] epoch=6/10 step=450/1086 loss=0.9286
[train:object_token_no_geom:H5] epoch=6/10 step=475/1086 loss=0.9213
[train:object_token_no_geom:H5] epoch=6/10 step=500/1086 loss=0.8839
[train:object_token_no_geom:H5] epoch=6/10 step=525/1086 loss=0.8956
[train:object_token_no_geom:H5] epoch=6/10 step=550/1086 loss=0.9326
[train:object_token_no_geom:H5] epoch=6/10 step=575/1086 loss=0.9082
[train:object_token_no_geom:H5] epoch=6/10 step=600/1086 loss=0.9038
[train:object_token_no_geom:H5] epoch=6/10 step=625/1086 loss=0.9118
[train:object_token_no_geom:H5] epoch=6/10 step=650/1086 loss=0.9305
[train:object_token_no_geom:H5] epoch=6/10 step=675/1086 loss=0.9003
[train:object_token_no_geom:H5] epoch=6/10 step=700/1086 loss=0.8887
[train:object_token_no_geom:H5] epoch=6/10 step=725/1086 loss=0.9040
[train:object_token_no_geom:H5] epoch=6/10 step=750/1086 loss=0.8918
[train:object_token_no_geom:H5] epoch=6/10 step=775/1086 loss=0.9195
[train:object_token_no_geom:H5] epoch=6/10 step=800/1086 loss=0.9111
[train:object_token_no_geom:H5] epoch=6/10 step=825/1086 loss=0.8753
[train:object_token_no_geom:H5] epoch=6/10 step=850/1086 loss=0.9183
[train:object_token_no_geom:H5] epoch=6/10 step=875/1086 loss=0.9353
[train:object_token_no_geom:H5] epoch=6/10 step=900/1086 loss=0.9240
[train:object_token_no_geom:H5] epoch=6/10 step=925/1086 loss=0.8958
[train:object_token_no_geom:H5] epoch=6/10 step=950/1086 loss=0.9308
[train:object_token_no_geom:H5] epoch=6/10 step=975/1086 loss=0.8919
[train:object_token_no_geom:H5] epoch=6/10 step=1000/1086 loss=0.8936
[train:object_token_no_geom:H5] epoch=6/10 step=1025/1086 loss=0.8975
[train:object_token_no_geom:H5] epoch=6/10 step=1050/1086 loss=0.9194
[train:object_token_no_geom:H5] epoch=6/10 step=1075/1086 loss=0.9004
[epoch] method=object_token_no_geom epoch=6 train=0.9133 val=1.0279 best=1.0110
[train:object_token_no_geom:H5] epoch=7/10 step=0/1086 loss=0.9511
[train:object_token_no_geom:H5] epoch=7/10 step=25/1086 loss=0.8495
[train:object_token_no_geom:H5] epoch=7/10 step=50/1086 loss=0.8837
[train:object_token_no_geom:H5] epoch=7/10 step=75/1086 loss=0.8647
[train:object_token_no_geom:H5] epoch=7/10 step=100/1086 loss=0.8874
[train:object_token_no_geom:H5] epoch=7/10 step=125/1086 loss=0.8659
[train:object_token_no_geom:H5] epoch=7/10 step=150/1086 loss=0.8956
[train:object_token_no_geom:H5] epoch=7/10 step=175/1086 loss=0.8682
[train:object_token_no_geom:H5] epoch=7/10 step=200/1086 loss=0.9302
[train:object_token_no_geom:H5] epoch=7/10 step=225/1086 loss=0.8807
[train:object_token_no_geom:H5] epoch=7/10 step=250/1086 loss=0.8809
[train:object_token_no_geom:H5] epoch=7/10 step=275/1086 loss=0.8800
[train:object_token_no_geom:H5] epoch=7/10 step=300/1086 loss=0.9017
[train:object_token_no_geom:H5] epoch=7/10 step=325/1086 loss=0.9197
[train:object_token_no_geom:H5] epoch=7/10 step=350/1086 loss=0.8798
[train:object_token_no_geom:H5] epoch=7/10 step=375/1086 loss=0.8962
[train:object_token_no_geom:H5] epoch=7/10 step=400/1086 loss=0.8610
[train:object_token_no_geom:H5] epoch=7/10 step=425/1086 loss=0.8876
[train:object_token_no_geom:H5] epoch=7/10 step=450/1086 loss=0.9036
[train:object_token_no_geom:H5] epoch=7/10 step=475/1086 loss=0.9248
[train:object_token_no_geom:H5] epoch=7/10 step=500/1086 loss=0.9031
[train:object_token_no_geom:H5] epoch=7/10 step=525/1086 loss=0.8678
[train:object_token_no_geom:H5] epoch=7/10 step=550/1086 loss=0.9003
[train:object_token_no_geom:H5] epoch=7/10 step=575/1086 loss=0.9042
[train:object_token_no_geom:H5] epoch=7/10 step=600/1086 loss=0.8979
[train:object_token_no_geom:H5] epoch=7/10 step=625/1086 loss=0.8677
[train:object_token_no_geom:H5] epoch=7/10 step=650/1086 loss=0.8750
[train:object_token_no_geom:H5] epoch=7/10 step=675/1086 loss=0.8690
[train:object_token_no_geom:H5] epoch=7/10 step=700/1086 loss=0.8575
[train:object_token_no_geom:H5] epoch=7/10 step=725/1086 loss=0.8810
[train:object_token_no_geom:H5] epoch=7/10 step=750/1086 loss=0.9016
[train:object_token_no_geom:H5] epoch=7/10 step=775/1086 loss=0.8600
[train:object_token_no_geom:H5] epoch=7/10 step=800/1086 loss=0.8800
[train:object_token_no_geom:H5] epoch=7/10 step=825/1086 loss=0.8797
[train:object_token_no_geom:H5] epoch=7/10 step=850/1086 loss=0.8720
[train:object_token_no_geom:H5] epoch=7/10 step=875/1086 loss=0.8548
[train:object_token_no_geom:H5] epoch=7/10 step=900/1086 loss=0.8772
[train:object_token_no_geom:H5] epoch=7/10 step=925/1086 loss=0.8838
[train:object_token_no_geom:H5] epoch=7/10 step=950/1086 loss=0.8456
[train:object_token_no_geom:H5] epoch=7/10 step=975/1086 loss=0.8796
[train:object_token_no_geom:H5] epoch=7/10 step=1000/1086 loss=0.8536
[train:object_token_no_geom:H5] epoch=7/10 step=1025/1086 loss=0.9018
[train:object_token_no_geom:H5] epoch=7/10 step=1050/1086 loss=0.8462
[train:object_token_no_geom:H5] epoch=7/10 step=1075/1086 loss=0.8984
[epoch] method=object_token_no_geom epoch=7 train=0.8820 val=1.0212 best=1.0110
[train:object_token_no_geom:H5] epoch=8/10 step=0/1086 loss=0.9930
[train:object_token_no_geom:H5] epoch=8/10 step=25/1086 loss=0.8536
[train:object_token_no_geom:H5] epoch=8/10 step=50/1086 loss=0.8903
[train:object_token_no_geom:H5] epoch=8/10 step=75/1086 loss=0.8565
[train:object_token_no_geom:H5] epoch=8/10 step=100/1086 loss=0.8127
[train:object_token_no_geom:H5] epoch=8/10 step=125/1086 loss=0.8616
[train:object_token_no_geom:H5] epoch=8/10 step=150/1086 loss=0.8747
[train:object_token_no_geom:H5] epoch=8/10 step=175/1086 loss=0.8958
[train:object_token_no_geom:H5] epoch=8/10 step=200/1086 loss=0.8705
[train:object_token_no_geom:H5] epoch=8/10 step=225/1086 loss=0.8622
[train:object_token_no_geom:H5] epoch=8/10 step=250/1086 loss=0.8514
[train:object_token_no_geom:H5] epoch=8/10 step=275/1086 loss=0.8415
[train:object_token_no_geom:H5] epoch=8/10 step=300/1086 loss=0.8367
[train:object_token_no_geom:H5] epoch=8/10 step=325/1086 loss=0.8586
[train:object_token_no_geom:H5] epoch=8/10 step=350/1086 loss=0.8472
[train:object_token_no_geom:H5] epoch=8/10 step=375/1086 loss=0.8694
[train:object_token_no_geom:H5] epoch=8/10 step=400/1086 loss=0.8967
[train:object_token_no_geom:H5] epoch=8/10 step=425/1086 loss=0.8664
[train:object_token_no_geom:H5] epoch=8/10 step=450/1086 loss=0.8906
[train:object_token_no_geom:H5] epoch=8/10 step=475/1086 loss=0.8432
[train:object_token_no_geom:H5] epoch=8/10 step=500/1086 loss=0.8548
[train:object_token_no_geom:H5] epoch=8/10 step=525/1086 loss=0.8394
[train:object_token_no_geom:H5] epoch=8/10 step=550/1086 loss=0.8608
[train:object_token_no_geom:H5] epoch=8/10 step=575/1086 loss=0.8553
[train:object_token_no_geom:H5] epoch=8/10 step=600/1086 loss=0.8891
[train:object_token_no_geom:H5] epoch=8/10 step=625/1086 loss=0.8454
[train:object_token_no_geom:H5] epoch=8/10 step=650/1086 loss=0.8501
[train:object_token_no_geom:H5] epoch=8/10 step=675/1086 loss=0.8428
[train:object_token_no_geom:H5] epoch=8/10 step=700/1086 loss=0.8614
[train:object_token_no_geom:H5] epoch=8/10 step=725/1086 loss=0.8463
[train:object_token_no_geom:H5] epoch=8/10 step=750/1086 loss=0.8725
[train:object_token_no_geom:H5] epoch=8/10 step=775/1086 loss=0.8514
[train:object_token_no_geom:H5] epoch=8/10 step=800/1086 loss=0.8409
[train:object_token_no_geom:H5] epoch=8/10 step=825/1086 loss=0.8693
[train:object_token_no_geom:H5] epoch=8/10 step=850/1086 loss=0.8231
[train:object_token_no_geom:H5] epoch=8/10 step=875/1086 loss=0.8393
[train:object_token_no_geom:H5] epoch=8/10 step=900/1086 loss=0.8624
[train:object_token_no_geom:H5] epoch=8/10 step=925/1086 loss=0.8509
[train:object_token_no_geom:H5] epoch=8/10 step=950/1086 loss=0.8811
[train:object_token_no_geom:H5] epoch=8/10 step=975/1086 loss=0.8111
[train:object_token_no_geom:H5] epoch=8/10 step=1000/1086 loss=0.8493
[train:object_token_no_geom:H5] epoch=8/10 step=1025/1086 loss=0.8485
[train:object_token_no_geom:H5] epoch=8/10 step=1050/1086 loss=0.8512
[train:object_token_no_geom:H5] epoch=8/10 step=1075/1086 loss=0.8640
[epoch] method=object_token_no_geom epoch=8 train=0.8553 val=1.0753 best=1.0110
[train:object_token_no_geom:H5] epoch=9/10 step=0/1086 loss=0.9817
[train:object_token_no_geom:H5] epoch=9/10 step=25/1086 loss=0.8584
[train:object_token_no_geom:H5] epoch=9/10 step=50/1086 loss=0.8667
[train:object_token_no_geom:H5] epoch=9/10 step=75/1086 loss=0.8743
[train:object_token_no_geom:H5] epoch=9/10 step=100/1086 loss=0.8277
[train:object_token_no_geom:H5] epoch=9/10 step=125/1086 loss=0.8440
[train:object_token_no_geom:H5] epoch=9/10 step=150/1086 loss=0.8680
[train:object_token_no_geom:H5] epoch=9/10 step=175/1086 loss=0.8237
[train:object_token_no_geom:H5] epoch=9/10 step=200/1086 loss=0.8528
[train:object_token_no_geom:H5] epoch=9/10 step=225/1086 loss=0.8328
[train:object_token_no_geom:H5] epoch=9/10 step=250/1086 loss=0.8025
[train:object_token_no_geom:H5] epoch=9/10 step=275/1086 loss=0.8542
[train:object_token_no_geom:H5] epoch=9/10 step=300/1086 loss=0.8137
[train:object_token_no_geom:H5] epoch=9/10 step=325/1086 loss=0.8553
[train:object_token_no_geom:H5] epoch=9/10 step=350/1086 loss=0.7863
[train:object_token_no_geom:H5] epoch=9/10 step=375/1086 loss=0.8283
[train:object_token_no_geom:H5] epoch=9/10 step=400/1086 loss=0.8487
[train:object_token_no_geom:H5] epoch=9/10 step=425/1086 loss=0.8239
[train:object_token_no_geom:H5] epoch=9/10 step=450/1086 loss=0.8236
[train:object_token_no_geom:H5] epoch=9/10 step=475/1086 loss=0.8419
[train:object_token_no_geom:H5] epoch=9/10 step=500/1086 loss=0.8233
[train:object_token_no_geom:H5] epoch=9/10 step=525/1086 loss=0.8333
[train:object_token_no_geom:H5] epoch=9/10 step=550/1086 loss=0.8035
[train:object_token_no_geom:H5] epoch=9/10 step=575/1086 loss=0.8081
[train:object_token_no_geom:H5] epoch=9/10 step=600/1086 loss=0.8474
[train:object_token_no_geom:H5] epoch=9/10 step=625/1086 loss=0.8142
[train:object_token_no_geom:H5] epoch=9/10 step=650/1086 loss=0.8243
[train:object_token_no_geom:H5] epoch=9/10 step=675/1086 loss=0.8778
[train:object_token_no_geom:H5] epoch=9/10 step=700/1086 loss=0.7888
[train:object_token_no_geom:H5] epoch=9/10 step=725/1086 loss=0.8563
[train:object_token_no_geom:H5] epoch=9/10 step=750/1086 loss=0.8301
[train:object_token_no_geom:H5] epoch=9/10 step=775/1086 loss=0.8310
[train:object_token_no_geom:H5] epoch=9/10 step=800/1086 loss=0.8291
[train:object_token_no_geom:H5] epoch=9/10 step=825/1086 loss=0.8749
[train:object_token_no_geom:H5] epoch=9/10 step=850/1086 loss=0.8180
[train:object_token_no_geom:H5] epoch=9/10 step=875/1086 loss=0.8271
[train:object_token_no_geom:H5] epoch=9/10 step=900/1086 loss=0.8030
[train:object_token_no_geom:H5] epoch=9/10 step=925/1086 loss=0.8290
[train:object_token_no_geom:H5] epoch=9/10 step=950/1086 loss=0.8677
[train:object_token_no_geom:H5] epoch=9/10 step=975/1086 loss=0.7978
[train:object_token_no_geom:H5] epoch=9/10 step=1000/1086 loss=0.8144
[train:object_token_no_geom:H5] epoch=9/10 step=1025/1086 loss=0.8520
[train:object_token_no_geom:H5] epoch=9/10 step=1050/1086 loss=0.8618
[train:object_token_no_geom:H5] epoch=9/10 step=1075/1086 loss=0.8167
[epoch] method=object_token_no_geom epoch=9 train=0.8330 val=1.0457 best=1.0110
[train:object_token_no_geom:H5] epoch=10/10 step=0/1086 loss=0.7943
[train:object_token_no_geom:H5] epoch=10/10 step=25/1086 loss=0.8057
[train:object_token_no_geom:H5] epoch=10/10 step=50/1086 loss=0.7814
[train:object_token_no_geom:H5] epoch=10/10 step=75/1086 loss=0.8475
[train:object_token_no_geom:H5] epoch=10/10 step=100/1086 loss=0.8451
[train:object_token_no_geom:H5] epoch=10/10 step=125/1086 loss=0.8341
[train:object_token_no_geom:H5] epoch=10/10 step=150/1086 loss=0.8362
[train:object_token_no_geom:H5] epoch=10/10 step=175/1086 loss=0.8002
[train:object_token_no_geom:H5] epoch=10/10 step=200/1086 loss=0.8040
[train:object_token_no_geom:H5] epoch=10/10 step=225/1086 loss=0.7848
[train:object_token_no_geom:H5] epoch=10/10 step=250/1086 loss=0.8379
[train:object_token_no_geom:H5] epoch=10/10 step=275/1086 loss=0.8321
[train:object_token_no_geom:H5] epoch=10/10 step=300/1086 loss=0.8065
[train:object_token_no_geom:H5] epoch=10/10 step=325/1086 loss=0.8028
[train:object_token_no_geom:H5] epoch=10/10 step=350/1086 loss=0.7764
[train:object_token_no_geom:H5] epoch=10/10 step=375/1086 loss=0.7880
[train:object_token_no_geom:H5] epoch=10/10 step=400/1086 loss=0.8267
[train:object_token_no_geom:H5] epoch=10/10 step=425/1086 loss=0.8343
[train:object_token_no_geom:H5] epoch=10/10 step=450/1086 loss=0.7930
[train:object_token_no_geom:H5] epoch=10/10 step=475/1086 loss=0.8363
[train:object_token_no_geom:H5] epoch=10/10 step=500/1086 loss=0.8162
[train:object_token_no_geom:H5] epoch=10/10 step=525/1086 loss=0.7913
[train:object_token_no_geom:H5] epoch=10/10 step=550/1086 loss=0.7752
[train:object_token_no_geom:H5] epoch=10/10 step=575/1086 loss=0.8024
[train:object_token_no_geom:H5] epoch=10/10 step=600/1086 loss=0.8120
[train:object_token_no_geom:H5] epoch=10/10 step=625/1086 loss=0.8089
[train:object_token_no_geom:H5] epoch=10/10 step=650/1086 loss=0.7951
[train:object_token_no_geom:H5] epoch=10/10 step=675/1086 loss=0.8108
[train:object_token_no_geom:H5] epoch=10/10 step=700/1086 loss=0.7790
[train:object_token_no_geom:H5] epoch=10/10 step=725/1086 loss=0.7772
[train:object_token_no_geom:H5] epoch=10/10 step=750/1086 loss=0.7571
[train:object_token_no_geom:H5] epoch=10/10 step=775/1086 loss=0.8060
[train:object_token_no_geom:H5] epoch=10/10 step=800/1086 loss=0.7897
[train:object_token_no_geom:H5] epoch=10/10 step=825/1086 loss=0.8154
[train:object_token_no_geom:H5] epoch=10/10 step=850/1086 loss=0.8148
[train:object_token_no_geom:H5] epoch=10/10 step=875/1086 loss=0.7894
[train:object_token_no_geom:H5] epoch=10/10 step=900/1086 loss=0.8215
[train:object_token_no_geom:H5] epoch=10/10 step=925/1086 loss=0.8147
[train:object_token_no_geom:H5] epoch=10/10 step=950/1086 loss=0.8046
[train:object_token_no_geom:H5] epoch=10/10 step=975/1086 loss=0.7998
[train:object_token_no_geom:H5] epoch=10/10 step=1000/1086 loss=0.8213
[train:object_token_no_geom:H5] epoch=10/10 step=1025/1086 loss=0.8235
[train:object_token_no_geom:H5] epoch=10/10 step=1050/1086 loss=0.7964
[train:object_token_no_geom:H5] epoch=10/10 step=1075/1086 loss=0.8258
[epoch] method=object_token_no_geom epoch=10 train=0.8083 val=1.0653 best=1.0110
[done train] /home/tahiti/SafeObjWorld/runs_v2_full/models/object_token_no_geom/H5/best.pt
