====================================================================================================
SafeObjWorld V2 runner
{
  "mode": "train",
  "dataset_root": "/home/tahiti/SafeObjWorld/data/DAVIS2017",
  "run_root": "/home/tahiti/SafeObjWorld/runs_v2_full",
  "year": "2017",
  "method": "safeobjworld_r_no_stress",
  "stress": "clean",
  "prefix_len": 3,
  "max_h": 10,
  "image_size": 192,
  "batch_size": 8,
  "epochs": 10,
  "lr": 0.0002,
  "weight_decay": 0.0001,
  "max_train_samples": 0,
  "max_val_samples": 0,
  "num_workers": 4,
  "seed": 42,
  "eval_k_override": 0,
  "amp": true,
  "cpu": false,
  "skip_existing": true,
  "log_every": 25
}
====================================================================================================
[train] method=safeobjworld_r_no_stress device=cuda cfg={'stress_train': False, 'temporal_weight': 0.05, 'split_weight': 0.005, 'area_weight': 0.1, 'mc_eval': True, 'eval_k': 5}
[train:safeobjworld_r_no_stress:H10] epoch=1/10 step=0/1003 loss=1.5773
[train:safeobjworld_r_no_stress:H10] epoch=1/10 step=25/1003 loss=1.5085
[train:safeobjworld_r_no_stress:H10] epoch=1/10 step=50/1003 loss=0.9986
[train:safeobjworld_r_no_stress:H10] epoch=1/10 step=75/1003 loss=0.8896
[train:safeobjworld_r_no_stress:H10] epoch=1/10 step=100/1003 loss=0.7805
[train:safeobjworld_r_no_stress:H10] epoch=1/10 step=125/1003 loss=0.6832
[train:safeobjworld_r_no_stress:H10] epoch=1/10 step=150/1003 loss=0.7691
[train:safeobjworld_r_no_stress:H10] epoch=1/10 step=175/1003 loss=0.7002
[train:safeobjworld_r_no_stress:H10] epoch=1/10 step=200/1003 loss=0.6894
[train:safeobjworld_r_no_stress:H10] epoch=1/10 step=225/1003 loss=0.6707
[train:safeobjworld_r_no_stress:H10] epoch=1/10 step=250/1003 loss=0.7429
[train:safeobjworld_r_no_stress:H10] epoch=1/10 step=275/1003 loss=0.6518
[train:safeobjworld_r_no_stress:H10] epoch=1/10 step=300/1003 loss=0.6916
[train:safeobjworld_r_no_stress:H10] epoch=1/10 step=325/1003 loss=0.6873
[train:safeobjworld_r_no_stress:H10] epoch=1/10 step=350/1003 loss=0.6665
[train:safeobjworld_r_no_stress:H10] epoch=1/10 step=375/1003 loss=0.6591
[train:safeobjworld_r_no_stress:H10] epoch=1/10 step=400/1003 loss=0.6854
[train:safeobjworld_r_no_stress:H10] epoch=1/10 step=425/1003 loss=0.6742
[train:safeobjworld_r_no_stress:H10] epoch=1/10 step=450/1003 loss=0.6171
[train:safeobjworld_r_no_stress:H10] epoch=1/10 step=475/1003 loss=0.7030
[train:safeobjworld_r_no_stress:H10] epoch=1/10 step=500/1003 loss=0.6801
[train:safeobjworld_r_no_stress:H10] epoch=1/10 step=525/1003 loss=0.6855
[train:safeobjworld_r_no_stress:H10] epoch=1/10 step=550/1003 loss=0.6521
[train:safeobjworld_r_no_stress:H10] epoch=1/10 step=575/1003 loss=0.6746
[train:safeobjworld_r_no_stress:H10] epoch=1/10 step=600/1003 loss=0.6385
[train:safeobjworld_r_no_stress:H10] epoch=1/10 step=625/1003 loss=0.6121
[train:safeobjworld_r_no_stress:H10] epoch=1/10 step=650/1003 loss=0.6466
[train:safeobjworld_r_no_stress:H10] epoch=1/10 step=675/1003 loss=0.6311
[train:safeobjworld_r_no_stress:H10] epoch=1/10 step=700/1003 loss=0.6534
[train:safeobjworld_r_no_stress:H10] epoch=1/10 step=725/1003 loss=0.6092
[train:safeobjworld_r_no_stress:H10] epoch=1/10 step=750/1003 loss=0.6033
[train:safeobjworld_r_no_stress:H10] epoch=1/10 step=775/1003 loss=0.6310
[train:safeobjworld_r_no_stress:H10] epoch=1/10 step=800/1003 loss=0.6449
[train:safeobjworld_r_no_stress:H10] epoch=1/10 step=825/1003 loss=0.6261
[train:safeobjworld_r_no_stress:H10] epoch=1/10 step=850/1003 loss=0.6325
[train:safeobjworld_r_no_stress:H10] epoch=1/10 step=875/1003 loss=0.6027
[train:safeobjworld_r_no_stress:H10] epoch=1/10 step=900/1003 loss=0.6265
[train:safeobjworld_r_no_stress:H10] epoch=1/10 step=925/1003 loss=0.5744
[train:safeobjworld_r_no_stress:H10] epoch=1/10 step=950/1003 loss=0.5709
[train:safeobjworld_r_no_stress:H10] epoch=1/10 step=975/1003 loss=0.5757
[train:safeobjworld_r_no_stress:H10] epoch=1/10 step=1000/1003 loss=0.6348
[epoch] method=safeobjworld_r_no_stress epoch=1 train=0.6957 val=0.5081 best=0.5081
[train:safeobjworld_r_no_stress:H10] epoch=2/10 step=0/1003 loss=0.3878
[train:safeobjworld_r_no_stress:H10] epoch=2/10 step=25/1003 loss=0.5875
[train:safeobjworld_r_no_stress:H10] epoch=2/10 step=50/1003 loss=0.6005
[train:safeobjworld_r_no_stress:H10] epoch=2/10 step=75/1003 loss=0.6139
[train:safeobjworld_r_no_stress:H10] epoch=2/10 step=100/1003 loss=0.6077
[train:safeobjworld_r_no_stress:H10] epoch=2/10 step=125/1003 loss=0.5832
[train:safeobjworld_r_no_stress:H10] epoch=2/10 step=150/1003 loss=0.6294
[train:safeobjworld_r_no_stress:H10] epoch=2/10 step=175/1003 loss=0.5874
[train:safeobjworld_r_no_stress:H10] epoch=2/10 step=200/1003 loss=0.5648
[train:safeobjworld_r_no_stress:H10] epoch=2/10 step=225/1003 loss=0.6262
[train:safeobjworld_r_no_stress:H10] epoch=2/10 step=250/1003 loss=0.6165
[train:safeobjworld_r_no_stress:H10] epoch=2/10 step=275/1003 loss=0.6281
[train:safeobjworld_r_no_stress:H10] epoch=2/10 step=300/1003 loss=0.5770
[train:safeobjworld_r_no_stress:H10] epoch=2/10 step=325/1003 loss=0.6411
[train:safeobjworld_r_no_stress:H10] epoch=2/10 step=350/1003 loss=0.6101
[train:safeobjworld_r_no_stress:H10] epoch=2/10 step=375/1003 loss=0.5999
[train:safeobjworld_r_no_stress:H10] epoch=2/10 step=400/1003 loss=0.5792
[train:safeobjworld_r_no_stress:H10] epoch=2/10 step=425/1003 loss=0.5918
[train:safeobjworld_r_no_stress:H10] epoch=2/10 step=450/1003 loss=0.5825
[train:safeobjworld_r_no_stress:H10] epoch=2/10 step=475/1003 loss=0.5954
[train:safeobjworld_r_no_stress:H10] epoch=2/10 step=500/1003 loss=0.5524
[train:safeobjworld_r_no_stress:H10] epoch=2/10 step=525/1003 loss=0.6280
[train:safeobjworld_r_no_stress:H10] epoch=2/10 step=550/1003 loss=0.5693
[train:safeobjworld_r_no_stress:H10] epoch=2/10 step=575/1003 loss=0.5696
[train:safeobjworld_r_no_stress:H10] epoch=2/10 step=600/1003 loss=0.5664
[train:safeobjworld_r_no_stress:H10] epoch=2/10 step=625/1003 loss=0.5282
[train:safeobjworld_r_no_stress:H10] epoch=2/10 step=650/1003 loss=0.6088
[train:safeobjworld_r_no_stress:H10] epoch=2/10 step=675/1003 loss=0.6203
[train:safeobjworld_r_no_stress:H10] epoch=2/10 step=700/1003 loss=0.6120
[train:safeobjworld_r_no_stress:H10] epoch=2/10 step=725/1003 loss=0.5844
[train:safeobjworld_r_no_stress:H10] epoch=2/10 step=750/1003 loss=0.6031
[train:safeobjworld_r_no_stress:H10] epoch=2/10 step=775/1003 loss=0.6007
[train:safeobjworld_r_no_stress:H10] epoch=2/10 step=800/1003 loss=0.5774
[train:safeobjworld_r_no_stress:H10] epoch=2/10 step=825/1003 loss=0.6019
[train:safeobjworld_r_no_stress:H10] epoch=2/10 step=850/1003 loss=0.5763
[train:safeobjworld_r_no_stress:H10] epoch=2/10 step=875/1003 loss=0.5728
[train:safeobjworld_r_no_stress:H10] epoch=2/10 step=900/1003 loss=0.5982
[train:safeobjworld_r_no_stress:H10] epoch=2/10 step=925/1003 loss=0.6318
[train:safeobjworld_r_no_stress:H10] epoch=2/10 step=950/1003 loss=0.5568
[train:safeobjworld_r_no_stress:H10] epoch=2/10 step=975/1003 loss=0.5966
[train:safeobjworld_r_no_stress:H10] epoch=2/10 step=1000/1003 loss=0.6147
[epoch] method=safeobjworld_r_no_stress epoch=2 train=0.5970 val=0.4903 best=0.4903
[train:safeobjworld_r_no_stress:H10] epoch=3/10 step=0/1003 loss=0.5964
[train:safeobjworld_r_no_stress:H10] epoch=3/10 step=25/1003 loss=0.6068
[train:safeobjworld_r_no_stress:H10] epoch=3/10 step=50/1003 loss=0.5966
[train:safeobjworld_r_no_stress:H10] epoch=3/10 step=75/1003 loss=0.5687
[train:safeobjworld_r_no_stress:H10] epoch=3/10 step=100/1003 loss=0.5857
[train:safeobjworld_r_no_stress:H10] epoch=3/10 step=125/1003 loss=0.5900
[train:safeobjworld_r_no_stress:H10] epoch=3/10 step=150/1003 loss=0.5818
[train:safeobjworld_r_no_stress:H10] epoch=3/10 step=175/1003 loss=0.5388
[train:safeobjworld_r_no_stress:H10] epoch=3/10 step=200/1003 loss=0.6046
[train:safeobjworld_r_no_stress:H10] epoch=3/10 step=225/1003 loss=0.6188
[train:safeobjworld_r_no_stress:H10] epoch=3/10 step=250/1003 loss=0.5793
[train:safeobjworld_r_no_stress:H10] epoch=3/10 step=275/1003 loss=0.5663
[train:safeobjworld_r_no_stress:H10] epoch=3/10 step=300/1003 loss=0.5770
[train:safeobjworld_r_no_stress:H10] epoch=3/10 step=325/1003 loss=0.5786
[train:safeobjworld_r_no_stress:H10] epoch=3/10 step=350/1003 loss=0.6080
[train:safeobjworld_r_no_stress:H10] epoch=3/10 step=375/1003 loss=0.5694
[train:safeobjworld_r_no_stress:H10] epoch=3/10 step=400/1003 loss=0.5674
[train:safeobjworld_r_no_stress:H10] epoch=3/10 step=425/1003 loss=0.5974
[train:safeobjworld_r_no_stress:H10] epoch=3/10 step=450/1003 loss=0.5499
[train:safeobjworld_r_no_stress:H10] epoch=3/10 step=475/1003 loss=0.5880
[train:safeobjworld_r_no_stress:H10] epoch=3/10 step=500/1003 loss=0.5573
[train:safeobjworld_r_no_stress:H10] epoch=3/10 step=525/1003 loss=0.5880
[train:safeobjworld_r_no_stress:H10] epoch=3/10 step=550/1003 loss=0.5606
[train:safeobjworld_r_no_stress:H10] epoch=3/10 step=575/1003 loss=0.6319
[train:safeobjworld_r_no_stress:H10] epoch=3/10 step=600/1003 loss=0.6163
[train:safeobjworld_r_no_stress:H10] epoch=3/10 step=625/1003 loss=0.6052
[train:safeobjworld_r_no_stress:H10] epoch=3/10 step=650/1003 loss=0.5630
[train:safeobjworld_r_no_stress:H10] epoch=3/10 step=675/1003 loss=0.5651
[train:safeobjworld_r_no_stress:H10] epoch=3/10 step=700/1003 loss=0.5691
[train:safeobjworld_r_no_stress:H10] epoch=3/10 step=725/1003 loss=0.6106
[train:safeobjworld_r_no_stress:H10] epoch=3/10 step=750/1003 loss=0.5221
[train:safeobjworld_r_no_stress:H10] epoch=3/10 step=775/1003 loss=0.5741
[train:safeobjworld_r_no_stress:H10] epoch=3/10 step=800/1003 loss=0.5946
[train:safeobjworld_r_no_stress:H10] epoch=3/10 step=825/1003 loss=0.5796
[train:safeobjworld_r_no_stress:H10] epoch=3/10 step=850/1003 loss=0.5912
[train:safeobjworld_r_no_stress:H10] epoch=3/10 step=875/1003 loss=0.5820
[train:safeobjworld_r_no_stress:H10] epoch=3/10 step=900/1003 loss=0.5511
[train:safeobjworld_r_no_stress:H10] epoch=3/10 step=925/1003 loss=0.5651
[train:safeobjworld_r_no_stress:H10] epoch=3/10 step=950/1003 loss=0.5368
[train:safeobjworld_r_no_stress:H10] epoch=3/10 step=975/1003 loss=0.5520
[train:safeobjworld_r_no_stress:H10] epoch=3/10 step=1000/1003 loss=0.5848
[epoch] method=safeobjworld_r_no_stress epoch=3 train=0.5770 val=0.4879 best=0.4879
[train:safeobjworld_r_no_stress:H10] epoch=4/10 step=0/1003 loss=0.5019
[train:safeobjworld_r_no_stress:H10] epoch=4/10 step=25/1003 loss=0.5819
[train:safeobjworld_r_no_stress:H10] epoch=4/10 step=50/1003 loss=0.5861
[train:safeobjworld_r_no_stress:H10] epoch=4/10 step=75/1003 loss=0.5978
[train:safeobjworld_r_no_stress:H10] epoch=4/10 step=100/1003 loss=0.5609
[train:safeobjworld_r_no_stress:H10] epoch=4/10 step=125/1003 loss=0.5731
[train:safeobjworld_r_no_stress:H10] epoch=4/10 step=150/1003 loss=0.5416
[train:safeobjworld_r_no_stress:H10] epoch=4/10 step=175/1003 loss=0.5834
[train:safeobjworld_r_no_stress:H10] epoch=4/10 step=200/1003 loss=0.5896
[train:safeobjworld_r_no_stress:H10] epoch=4/10 step=225/1003 loss=0.5614
[train:safeobjworld_r_no_stress:H10] epoch=4/10 step=250/1003 loss=0.5191
[train:safeobjworld_r_no_stress:H10] epoch=4/10 step=275/1003 loss=0.5701
[train:safeobjworld_r_no_stress:H10] epoch=4/10 step=300/1003 loss=0.5539
[train:safeobjworld_r_no_stress:H10] epoch=4/10 step=325/1003 loss=0.5711
[train:safeobjworld_r_no_stress:H10] epoch=4/10 step=350/1003 loss=0.5401
[train:safeobjworld_r_no_stress:H10] epoch=4/10 step=375/1003 loss=0.5610
[train:safeobjworld_r_no_stress:H10] epoch=4/10 step=400/1003 loss=0.5546
[train:safeobjworld_r_no_stress:H10] epoch=4/10 step=425/1003 loss=0.5559
[train:safeobjworld_r_no_stress:H10] epoch=4/10 step=450/1003 loss=0.5673
[train:safeobjworld_r_no_stress:H10] epoch=4/10 step=475/1003 loss=0.5522
[train:safeobjworld_r_no_stress:H10] epoch=4/10 step=500/1003 loss=0.5036
[train:safeobjworld_r_no_stress:H10] epoch=4/10 step=525/1003 loss=0.5741
[train:safeobjworld_r_no_stress:H10] epoch=4/10 step=550/1003 loss=0.5570
[train:safeobjworld_r_no_stress:H10] epoch=4/10 step=575/1003 loss=0.6257
[train:safeobjworld_r_no_stress:H10] epoch=4/10 step=600/1003 loss=0.5288
[train:safeobjworld_r_no_stress:H10] epoch=4/10 step=625/1003 loss=0.5073
[train:safeobjworld_r_no_stress:H10] epoch=4/10 step=650/1003 loss=0.6281
[train:safeobjworld_r_no_stress:H10] epoch=4/10 step=675/1003 loss=0.5790
[train:safeobjworld_r_no_stress:H10] epoch=4/10 step=700/1003 loss=0.5781
[train:safeobjworld_r_no_stress:H10] epoch=4/10 step=725/1003 loss=0.5934
[train:safeobjworld_r_no_stress:H10] epoch=4/10 step=750/1003 loss=0.5609
[train:safeobjworld_r_no_stress:H10] epoch=4/10 step=775/1003 loss=0.5526
[train:safeobjworld_r_no_stress:H10] epoch=4/10 step=800/1003 loss=0.5511
[train:safeobjworld_r_no_stress:H10] epoch=4/10 step=825/1003 loss=0.5179
[train:safeobjworld_r_no_stress:H10] epoch=4/10 step=850/1003 loss=0.5306
[train:safeobjworld_r_no_stress:H10] epoch=4/10 step=875/1003 loss=0.5927
[train:safeobjworld_r_no_stress:H10] epoch=4/10 step=900/1003 loss=0.5701
[train:safeobjworld_r_no_stress:H10] epoch=4/10 step=925/1003 loss=0.5481
[train:safeobjworld_r_no_stress:H10] epoch=4/10 step=950/1003 loss=0.5394
[train:safeobjworld_r_no_stress:H10] epoch=4/10 step=975/1003 loss=0.5656
[train:safeobjworld_r_no_stress:H10] epoch=4/10 step=1000/1003 loss=0.5755
[epoch] method=safeobjworld_r_no_stress epoch=4 train=0.5639 val=0.4735 best=0.4735
[train:safeobjworld_r_no_stress:H10] epoch=5/10 step=0/1003 loss=0.4202
[train:safeobjworld_r_no_stress:H10] epoch=5/10 step=25/1003 loss=0.5579
[train:safeobjworld_r_no_stress:H10] epoch=5/10 step=50/1003 loss=0.5807
[train:safeobjworld_r_no_stress:H10] epoch=5/10 step=75/1003 loss=0.6155
[train:safeobjworld_r_no_stress:H10] epoch=5/10 step=100/1003 loss=0.5570
[train:safeobjworld_r_no_stress:H10] epoch=5/10 step=125/1003 loss=0.5305
[train:safeobjworld_r_no_stress:H10] epoch=5/10 step=150/1003 loss=0.5530
[train:safeobjworld_r_no_stress:H10] epoch=5/10 step=175/1003 loss=0.5151
[train:safeobjworld_r_no_stress:H10] epoch=5/10 step=200/1003 loss=0.5907
[train:safeobjworld_r_no_stress:H10] epoch=5/10 step=225/1003 loss=0.5295
[train:safeobjworld_r_no_stress:H10] epoch=5/10 step=250/1003 loss=0.5553
[train:safeobjworld_r_no_stress:H10] epoch=5/10 step=275/1003 loss=0.5431
[train:safeobjworld_r_no_stress:H10] epoch=5/10 step=300/1003 loss=0.5546
[train:safeobjworld_r_no_stress:H10] epoch=5/10 step=325/1003 loss=0.5418
[train:safeobjworld_r_no_stress:H10] epoch=5/10 step=350/1003 loss=0.5738
[train:safeobjworld_r_no_stress:H10] epoch=5/10 step=375/1003 loss=0.5314
[train:safeobjworld_r_no_stress:H10] epoch=5/10 step=400/1003 loss=0.5007
[train:safeobjworld_r_no_stress:H10] epoch=5/10 step=425/1003 loss=0.5603
[train:safeobjworld_r_no_stress:H10] epoch=5/10 step=450/1003 loss=0.5924
[train:safeobjworld_r_no_stress:H10] epoch=5/10 step=475/1003 loss=0.5621
[train:safeobjworld_r_no_stress:H10] epoch=5/10 step=500/1003 loss=0.6078
[train:safeobjworld_r_no_stress:H10] epoch=5/10 step=525/1003 loss=0.5433
[train:safeobjworld_r_no_stress:H10] epoch=5/10 step=550/1003 loss=0.5510
[train:safeobjworld_r_no_stress:H10] epoch=5/10 step=575/1003 loss=0.5617
[train:safeobjworld_r_no_stress:H10] epoch=5/10 step=600/1003 loss=0.5704
[train:safeobjworld_r_no_stress:H10] epoch=5/10 step=625/1003 loss=0.5491
[train:safeobjworld_r_no_stress:H10] epoch=5/10 step=650/1003 loss=0.5406
[train:safeobjworld_r_no_stress:H10] epoch=5/10 step=675/1003 loss=0.5484
[train:safeobjworld_r_no_stress:H10] epoch=5/10 step=700/1003 loss=0.5379
[train:safeobjworld_r_no_stress:H10] epoch=5/10 step=725/1003 loss=0.5790
[train:safeobjworld_r_no_stress:H10] epoch=5/10 step=750/1003 loss=0.5415
[train:safeobjworld_r_no_stress:H10] epoch=5/10 step=775/1003 loss=0.5466
[train:safeobjworld_r_no_stress:H10] epoch=5/10 step=800/1003 loss=0.5375
[train:safeobjworld_r_no_stress:H10] epoch=5/10 step=825/1003 loss=0.5619
[train:safeobjworld_r_no_stress:H10] epoch=5/10 step=850/1003 loss=0.5729
[train:safeobjworld_r_no_stress:H10] epoch=5/10 step=875/1003 loss=0.5621
[train:safeobjworld_r_no_stress:H10] epoch=5/10 step=900/1003 loss=0.5661
[train:safeobjworld_r_no_stress:H10] epoch=5/10 step=925/1003 loss=0.5731
[train:safeobjworld_r_no_stress:H10] epoch=5/10 step=950/1003 loss=0.5670
[train:safeobjworld_r_no_stress:H10] epoch=5/10 step=975/1003 loss=0.5735
[train:safeobjworld_r_no_stress:H10] epoch=5/10 step=1000/1003 loss=0.5498
[epoch] method=safeobjworld_r_no_stress epoch=5 train=0.5552 val=0.4741 best=0.4735
[train:safeobjworld_r_no_stress:H10] epoch=6/10 step=0/1003 loss=0.5868
[train:safeobjworld_r_no_stress:H10] epoch=6/10 step=25/1003 loss=0.5630
[train:safeobjworld_r_no_stress:H10] epoch=6/10 step=50/1003 loss=0.5700
[train:safeobjworld_r_no_stress:H10] epoch=6/10 step=75/1003 loss=0.5020
[train:safeobjworld_r_no_stress:H10] epoch=6/10 step=100/1003 loss=0.5056
[train:safeobjworld_r_no_stress:H10] epoch=6/10 step=125/1003 loss=0.5367
[train:safeobjworld_r_no_stress:H10] epoch=6/10 step=150/1003 loss=0.5552
[train:safeobjworld_r_no_stress:H10] epoch=6/10 step=175/1003 loss=0.5453
[train:safeobjworld_r_no_stress:H10] epoch=6/10 step=200/1003 loss=0.5641
[train:safeobjworld_r_no_stress:H10] epoch=6/10 step=225/1003 loss=0.5803
[train:safeobjworld_r_no_stress:H10] epoch=6/10 step=250/1003 loss=0.5397
[train:safeobjworld_r_no_stress:H10] epoch=6/10 step=275/1003 loss=0.5631
[train:safeobjworld_r_no_stress:H10] epoch=6/10 step=300/1003 loss=0.5928
[train:safeobjworld_r_no_stress:H10] epoch=6/10 step=325/1003 loss=0.5432
[train:safeobjworld_r_no_stress:H10] epoch=6/10 step=350/1003 loss=0.5515
[train:safeobjworld_r_no_stress:H10] epoch=6/10 step=375/1003 loss=0.5247
[train:safeobjworld_r_no_stress:H10] epoch=6/10 step=400/1003 loss=0.5466
[train:safeobjworld_r_no_stress:H10] epoch=6/10 step=425/1003 loss=0.5826
[train:safeobjworld_r_no_stress:H10] epoch=6/10 step=450/1003 loss=0.5327
[train:safeobjworld_r_no_stress:H10] epoch=6/10 step=475/1003 loss=0.5300
[train:safeobjworld_r_no_stress:H10] epoch=6/10 step=500/1003 loss=0.5621
[train:safeobjworld_r_no_stress:H10] epoch=6/10 step=525/1003 loss=0.5307
[train:safeobjworld_r_no_stress:H10] epoch=6/10 step=550/1003 loss=0.5510
[train:safeobjworld_r_no_stress:H10] epoch=6/10 step=575/1003 loss=0.5574
[train:safeobjworld_r_no_stress:H10] epoch=6/10 step=600/1003 loss=0.5617
[train:safeobjworld_r_no_stress:H10] epoch=6/10 step=625/1003 loss=0.5476
[train:safeobjworld_r_no_stress:H10] epoch=6/10 step=650/1003 loss=0.5535
[train:safeobjworld_r_no_stress:H10] epoch=6/10 step=675/1003 loss=0.5463
[train:safeobjworld_r_no_stress:H10] epoch=6/10 step=700/1003 loss=0.5683
[train:safeobjworld_r_no_stress:H10] epoch=6/10 step=725/1003 loss=0.5256
[train:safeobjworld_r_no_stress:H10] epoch=6/10 step=750/1003 loss=0.5434
[train:safeobjworld_r_no_stress:H10] epoch=6/10 step=775/1003 loss=0.5441
[train:safeobjworld_r_no_stress:H10] epoch=6/10 step=800/1003 loss=0.5315
[train:safeobjworld_r_no_stress:H10] epoch=6/10 step=825/1003 loss=0.5160
[train:safeobjworld_r_no_stress:H10] epoch=6/10 step=850/1003 loss=0.5538
[train:safeobjworld_r_no_stress:H10] epoch=6/10 step=875/1003 loss=0.4999
[train:safeobjworld_r_no_stress:H10] epoch=6/10 step=900/1003 loss=0.5941
[train:safeobjworld_r_no_stress:H10] epoch=6/10 step=925/1003 loss=0.5136
[train:safeobjworld_r_no_stress:H10] epoch=6/10 step=950/1003 loss=0.5422
[train:safeobjworld_r_no_stress:H10] epoch=6/10 step=975/1003 loss=0.5879
[train:safeobjworld_r_no_stress:H10] epoch=6/10 step=1000/1003 loss=0.5251
[epoch] method=safeobjworld_r_no_stress epoch=6 train=0.5484 val=0.4781 best=0.4735
[train:safeobjworld_r_no_stress:H10] epoch=7/10 step=0/1003 loss=0.7813
[train:safeobjworld_r_no_stress:H10] epoch=7/10 step=25/1003 loss=0.5695
[train:safeobjworld_r_no_stress:H10] epoch=7/10 step=50/1003 loss=0.5554
[train:safeobjworld_r_no_stress:H10] epoch=7/10 step=75/1003 loss=0.5556
[train:safeobjworld_r_no_stress:H10] epoch=7/10 step=100/1003 loss=0.5291
[train:safeobjworld_r_no_stress:H10] epoch=7/10 step=125/1003 loss=0.5590
[train:safeobjworld_r_no_stress:H10] epoch=7/10 step=150/1003 loss=0.5341
[train:safeobjworld_r_no_stress:H10] epoch=7/10 step=175/1003 loss=0.5760
[train:safeobjworld_r_no_stress:H10] epoch=7/10 step=200/1003 loss=0.5281
[train:safeobjworld_r_no_stress:H10] epoch=7/10 step=225/1003 loss=0.5799
[train:safeobjworld_r_no_stress:H10] epoch=7/10 step=250/1003 loss=0.5641
[train:safeobjworld_r_no_stress:H10] epoch=7/10 step=275/1003 loss=0.5359
[train:safeobjworld_r_no_stress:H10] epoch=7/10 step=300/1003 loss=0.5056
[train:safeobjworld_r_no_stress:H10] epoch=7/10 step=325/1003 loss=0.5235
[train:safeobjworld_r_no_stress:H10] epoch=7/10 step=350/1003 loss=0.5280
[train:safeobjworld_r_no_stress:H10] epoch=7/10 step=375/1003 loss=0.5876
[train:safeobjworld_r_no_stress:H10] epoch=7/10 step=400/1003 loss=0.5555
[train:safeobjworld_r_no_stress:H10] epoch=7/10 step=425/1003 loss=0.5317
[train:safeobjworld_r_no_stress:H10] epoch=7/10 step=450/1003 loss=0.5677
[train:safeobjworld_r_no_stress:H10] epoch=7/10 step=475/1003 loss=0.5546
[train:safeobjworld_r_no_stress:H10] epoch=7/10 step=500/1003 loss=0.5795
[train:safeobjworld_r_no_stress:H10] epoch=7/10 step=525/1003 loss=0.5072
[train:safeobjworld_r_no_stress:H10] epoch=7/10 step=550/1003 loss=0.5224
[train:safeobjworld_r_no_stress:H10] epoch=7/10 step=575/1003 loss=0.5264
[train:safeobjworld_r_no_stress:H10] epoch=7/10 step=600/1003 loss=0.5441
[train:safeobjworld_r_no_stress:H10] epoch=7/10 step=625/1003 loss=0.5422
[train:safeobjworld_r_no_stress:H10] epoch=7/10 step=650/1003 loss=0.5315
[train:safeobjworld_r_no_stress:H10] epoch=7/10 step=675/1003 loss=0.5384
[train:safeobjworld_r_no_stress:H10] epoch=7/10 step=700/1003 loss=0.5647
[train:safeobjworld_r_no_stress:H10] epoch=7/10 step=725/1003 loss=0.5370
[train:safeobjworld_r_no_stress:H10] epoch=7/10 step=750/1003 loss=0.5524
[train:safeobjworld_r_no_stress:H10] epoch=7/10 step=775/1003 loss=0.5562
[train:safeobjworld_r_no_stress:H10] epoch=7/10 step=800/1003 loss=0.5118
[train:safeobjworld_r_no_stress:H10] epoch=7/10 step=825/1003 loss=0.5113
[train:safeobjworld_r_no_stress:H10] epoch=7/10 step=850/1003 loss=0.5430
[train:safeobjworld_r_no_stress:H10] epoch=7/10 step=875/1003 loss=0.5270
[train:safeobjworld_r_no_stress:H10] epoch=7/10 step=900/1003 loss=0.5503
[train:safeobjworld_r_no_stress:H10] epoch=7/10 step=925/1003 loss=0.5415
[train:safeobjworld_r_no_stress:H10] epoch=7/10 step=950/1003 loss=0.5347
[train:safeobjworld_r_no_stress:H10] epoch=7/10 step=975/1003 loss=0.5511
[train:safeobjworld_r_no_stress:H10] epoch=7/10 step=1000/1003 loss=0.5352
[epoch] method=safeobjworld_r_no_stress epoch=7 train=0.5417 val=0.4727 best=0.4727
[train:safeobjworld_r_no_stress:H10] epoch=8/10 step=0/1003 loss=0.6784
[train:safeobjworld_r_no_stress:H10] epoch=8/10 step=25/1003 loss=0.5352
[train:safeobjworld_r_no_stress:H10] epoch=8/10 step=50/1003 loss=0.5186
[train:safeobjworld_r_no_stress:H10] epoch=8/10 step=75/1003 loss=0.5117
[train:safeobjworld_r_no_stress:H10] epoch=8/10 step=100/1003 loss=0.5364
[train:safeobjworld_r_no_stress:H10] epoch=8/10 step=125/1003 loss=0.5238
[train:safeobjworld_r_no_stress:H10] epoch=8/10 step=150/1003 loss=0.5288
[train:safeobjworld_r_no_stress:H10] epoch=8/10 step=175/1003 loss=0.5827
[train:safeobjworld_r_no_stress:H10] epoch=8/10 step=200/1003 loss=0.5271
[train:safeobjworld_r_no_stress:H10] epoch=8/10 step=225/1003 loss=0.5800
[train:safeobjworld_r_no_stress:H10] epoch=8/10 step=250/1003 loss=0.5802
[train:safeobjworld_r_no_stress:H10] epoch=8/10 step=275/1003 loss=0.5089
[train:safeobjworld_r_no_stress:H10] epoch=8/10 step=300/1003 loss=0.5361
[train:safeobjworld_r_no_stress:H10] epoch=8/10 step=325/1003 loss=0.5279
[train:safeobjworld_r_no_stress:H10] epoch=8/10 step=350/1003 loss=0.5697
[train:safeobjworld_r_no_stress:H10] epoch=8/10 step=375/1003 loss=0.5645
[train:safeobjworld_r_no_stress:H10] epoch=8/10 step=400/1003 loss=0.5357
[train:safeobjworld_r_no_stress:H10] epoch=8/10 step=425/1003 loss=0.5197
[train:safeobjworld_r_no_stress:H10] epoch=8/10 step=450/1003 loss=0.5373
[train:safeobjworld_r_no_stress:H10] epoch=8/10 step=475/1003 loss=0.5245
[train:safeobjworld_r_no_stress:H10] epoch=8/10 step=500/1003 loss=0.5156
[train:safeobjworld_r_no_stress:H10] epoch=8/10 step=525/1003 loss=0.5484
[train:safeobjworld_r_no_stress:H10] epoch=8/10 step=550/1003 loss=0.5253
[train:safeobjworld_r_no_stress:H10] epoch=8/10 step=575/1003 loss=0.5036
[train:safeobjworld_r_no_stress:H10] epoch=8/10 step=600/1003 loss=0.5014
[train:safeobjworld_r_no_stress:H10] epoch=8/10 step=625/1003 loss=0.5213
[train:safeobjworld_r_no_stress:H10] epoch=8/10 step=650/1003 loss=0.5269
[train:safeobjworld_r_no_stress:H10] epoch=8/10 step=675/1003 loss=0.5295
[train:safeobjworld_r_no_stress:H10] epoch=8/10 step=700/1003 loss=0.5534
[train:safeobjworld_r_no_stress:H10] epoch=8/10 step=725/1003 loss=0.5345
[train:safeobjworld_r_no_stress:H10] epoch=8/10 step=750/1003 loss=0.5295
[train:safeobjworld_r_no_stress:H10] epoch=8/10 step=775/1003 loss=0.5818
[train:safeobjworld_r_no_stress:H10] epoch=8/10 step=800/1003 loss=0.5597
[train:safeobjworld_r_no_stress:H10] epoch=8/10 step=825/1003 loss=0.5355
[train:safeobjworld_r_no_stress:H10] epoch=8/10 step=850/1003 loss=0.5710
[train:safeobjworld_r_no_stress:H10] epoch=8/10 step=875/1003 loss=0.5357
[train:safeobjworld_r_no_stress:H10] epoch=8/10 step=900/1003 loss=0.5168
[train:safeobjworld_r_no_stress:H10] epoch=8/10 step=925/1003 loss=0.5551
[train:safeobjworld_r_no_stress:H10] epoch=8/10 step=950/1003 loss=0.5360
[train:safeobjworld_r_no_stress:H10] epoch=8/10 step=975/1003 loss=0.5748
[train:safeobjworld_r_no_stress:H10] epoch=8/10 step=1000/1003 loss=0.5494
[epoch] method=safeobjworld_r_no_stress epoch=8 train=0.5363 val=0.4741 best=0.4727
[train:safeobjworld_r_no_stress:H10] epoch=9/10 step=0/1003 loss=0.5432
[train:safeobjworld_r_no_stress:H10] epoch=9/10 step=25/1003 loss=0.5005
[train:safeobjworld_r_no_stress:H10] epoch=9/10 step=50/1003 loss=0.5609
[train:safeobjworld_r_no_stress:H10] epoch=9/10 step=75/1003 loss=0.5360
[train:safeobjworld_r_no_stress:H10] epoch=9/10 step=100/1003 loss=0.5654
[train:safeobjworld_r_no_stress:H10] epoch=9/10 step=125/1003 loss=0.5496
[train:safeobjworld_r_no_stress:H10] epoch=9/10 step=150/1003 loss=0.4904
[train:safeobjworld_r_no_stress:H10] epoch=9/10 step=175/1003 loss=0.5549
[train:safeobjworld_r_no_stress:H10] epoch=9/10 step=200/1003 loss=0.5445
[train:safeobjworld_r_no_stress:H10] epoch=9/10 step=225/1003 loss=0.4948
[train:safeobjworld_r_no_stress:H10] epoch=9/10 step=250/1003 loss=0.5264
[train:safeobjworld_r_no_stress:H10] epoch=9/10 step=275/1003 loss=0.5049
[train:safeobjworld_r_no_stress:H10] epoch=9/10 step=300/1003 loss=0.5123
[train:safeobjworld_r_no_stress:H10] epoch=9/10 step=325/1003 loss=0.5119
[train:safeobjworld_r_no_stress:H10] epoch=9/10 step=350/1003 loss=0.5201
[train:safeobjworld_r_no_stress:H10] epoch=9/10 step=375/1003 loss=0.5474
[train:safeobjworld_r_no_stress:H10] epoch=9/10 step=400/1003 loss=0.5078
[train:safeobjworld_r_no_stress:H10] epoch=9/10 step=425/1003 loss=0.5251
[train:safeobjworld_r_no_stress:H10] epoch=9/10 step=450/1003 loss=0.5679
[train:safeobjworld_r_no_stress:H10] epoch=9/10 step=475/1003 loss=0.5033
[train:safeobjworld_r_no_stress:H10] epoch=9/10 step=500/1003 loss=0.5556
[train:safeobjworld_r_no_stress:H10] epoch=9/10 step=525/1003 loss=0.5427
[train:safeobjworld_r_no_stress:H10] epoch=9/10 step=550/1003 loss=0.5410
[train:safeobjworld_r_no_stress:H10] epoch=9/10 step=575/1003 loss=0.5948
[train:safeobjworld_r_no_stress:H10] epoch=9/10 step=600/1003 loss=0.5090
[train:safeobjworld_r_no_stress:H10] epoch=9/10 step=625/1003 loss=0.5057
[train:safeobjworld_r_no_stress:H10] epoch=9/10 step=650/1003 loss=0.5238
[train:safeobjworld_r_no_stress:H10] epoch=9/10 step=675/1003 loss=0.5211
[train:safeobjworld_r_no_stress:H10] epoch=9/10 step=700/1003 loss=0.5532
[train:safeobjworld_r_no_stress:H10] epoch=9/10 step=725/1003 loss=0.5352
[train:safeobjworld_r_no_stress:H10] epoch=9/10 step=750/1003 loss=0.5355
[train:safeobjworld_r_no_stress:H10] epoch=9/10 step=775/1003 loss=0.5346
[train:safeobjworld_r_no_stress:H10] epoch=9/10 step=800/1003 loss=0.5791
[train:safeobjworld_r_no_stress:H10] epoch=9/10 step=825/1003 loss=0.5324
[train:safeobjworld_r_no_stress:H10] epoch=9/10 step=850/1003 loss=0.5421
[train:safeobjworld_r_no_stress:H10] epoch=9/10 step=875/1003 loss=0.5393
[train:safeobjworld_r_no_stress:H10] epoch=9/10 step=900/1003 loss=0.5566
[train:safeobjworld_r_no_stress:H10] epoch=9/10 step=925/1003 loss=0.5380
[train:safeobjworld_r_no_stress:H10] epoch=9/10 step=950/1003 loss=0.5400
[train:safeobjworld_r_no_stress:H10] epoch=9/10 step=975/1003 loss=0.5288
[train:safeobjworld_r_no_stress:H10] epoch=9/10 step=1000/1003 loss=0.5172
[epoch] method=safeobjworld_r_no_stress epoch=9 train=0.5306 val=0.4723 best=0.4723
[train:safeobjworld_r_no_stress:H10] epoch=10/10 step=0/1003 loss=0.4492
[train:safeobjworld_r_no_stress:H10] epoch=10/10 step=25/1003 loss=0.5171
[train:safeobjworld_r_no_stress:H10] epoch=10/10 step=50/1003 loss=0.5281
[train:safeobjworld_r_no_stress:H10] epoch=10/10 step=75/1003 loss=0.5109
[train:safeobjworld_r_no_stress:H10] epoch=10/10 step=100/1003 loss=0.5348
[train:safeobjworld_r_no_stress:H10] epoch=10/10 step=125/1003 loss=0.5107
[train:safeobjworld_r_no_stress:H10] epoch=10/10 step=150/1003 loss=0.4976
[train:safeobjworld_r_no_stress:H10] epoch=10/10 step=175/1003 loss=0.5225
[train:safeobjworld_r_no_stress:H10] epoch=10/10 step=200/1003 loss=0.5329
[train:safeobjworld_r_no_stress:H10] epoch=10/10 step=225/1003 loss=0.5130
[train:safeobjworld_r_no_stress:H10] epoch=10/10 step=250/1003 loss=0.4961
[train:safeobjworld_r_no_stress:H10] epoch=10/10 step=275/1003 loss=0.5843
[train:safeobjworld_r_no_stress:H10] epoch=10/10 step=300/1003 loss=0.5299
[train:safeobjworld_r_no_stress:H10] epoch=10/10 step=325/1003 loss=0.5435
[train:safeobjworld_r_no_stress:H10] epoch=10/10 step=350/1003 loss=0.5293
[train:safeobjworld_r_no_stress:H10] epoch=10/10 step=375/1003 loss=0.5448
[train:safeobjworld_r_no_stress:H10] epoch=10/10 step=400/1003 loss=0.5567
[train:safeobjworld_r_no_stress:H10] epoch=10/10 step=425/1003 loss=0.5289
[train:safeobjworld_r_no_stress:H10] epoch=10/10 step=450/1003 loss=0.5248
[train:safeobjworld_r_no_stress:H10] epoch=10/10 step=475/1003 loss=0.5365
[train:safeobjworld_r_no_stress:H10] epoch=10/10 step=500/1003 loss=0.5381
[train:safeobjworld_r_no_stress:H10] epoch=10/10 step=525/1003 loss=0.5483
[train:safeobjworld_r_no_stress:H10] epoch=10/10 step=550/1003 loss=0.5361
[train:safeobjworld_r_no_stress:H10] epoch=10/10 step=575/1003 loss=0.5424
[train:safeobjworld_r_no_stress:H10] epoch=10/10 step=600/1003 loss=0.5070
[train:safeobjworld_r_no_stress:H10] epoch=10/10 step=625/1003 loss=0.5073
[train:safeobjworld_r_no_stress:H10] epoch=10/10 step=650/1003 loss=0.5100
[train:safeobjworld_r_no_stress:H10] epoch=10/10 step=675/1003 loss=0.5551
[train:safeobjworld_r_no_stress:H10] epoch=10/10 step=700/1003 loss=0.5318
[train:safeobjworld_r_no_stress:H10] epoch=10/10 step=725/1003 loss=0.5401
[train:safeobjworld_r_no_stress:H10] epoch=10/10 step=750/1003 loss=0.5072
[train:safeobjworld_r_no_stress:H10] epoch=10/10 step=775/1003 loss=0.5191
[train:safeobjworld_r_no_stress:H10] epoch=10/10 step=800/1003 loss=0.5073
[train:safeobjworld_r_no_stress:H10] epoch=10/10 step=825/1003 loss=0.5282
[train:safeobjworld_r_no_stress:H10] epoch=10/10 step=850/1003 loss=0.5086
[train:safeobjworld_r_no_stress:H10] epoch=10/10 step=875/1003 loss=0.4900
[train:safeobjworld_r_no_stress:H10] epoch=10/10 step=900/1003 loss=0.5232
[train:safeobjworld_r_no_stress:H10] epoch=10/10 step=925/1003 loss=0.5273
[train:safeobjworld_r_no_stress:H10] epoch=10/10 step=950/1003 loss=0.5650
[train:safeobjworld_r_no_stress:H10] epoch=10/10 step=975/1003 loss=0.4890
[train:safeobjworld_r_no_stress:H10] epoch=10/10 step=1000/1003 loss=0.4896
[epoch] method=safeobjworld_r_no_stress epoch=10 train=0.5271 val=0.4687 best=0.4687
[done train] /home/tahiti/SafeObjWorld/runs_v2_full/models/safeobjworld_r_no_stress/H10/best.pt
