====================================================================================================
SafeObjWorld V2 runner
{
  "mode": "train",
  "dataset_root": "/home/tahiti/SafeObjWorld/data/DAVIS2017",
  "run_root": "/home/tahiti/SafeObjWorld/runs_v2_full",
  "year": "2017",
  "method": "safeobjworld_r_full",
  "stress": "clean",
  "prefix_len": 3,
  "max_h": 5,
  "image_size": 192,
  "batch_size": 8,
  "epochs": 10,
  "lr": 0.0002,
  "weight_decay": 0.0001,
  "max_train_samples": 0,
  "max_val_samples": 0,
  "num_workers": 4,
  "seed": 42,
  "eval_k_override": 0,
  "amp": true,
  "cpu": false,
  "skip_existing": true,
  "log_every": 25
}
====================================================================================================
[train] method=safeobjworld_r_full device=cuda cfg={'stress_train': True, 'temporal_weight': 0.05, 'split_weight': 0.005, 'area_weight': 0.1, 'mc_eval': True, 'eval_k': 5}
[train:safeobjworld_r_full:H5] epoch=1/10 step=0/1086 loss=1.6628
[train:safeobjworld_r_full:H5] epoch=1/10 step=25/1086 loss=1.4977
[train:safeobjworld_r_full:H5] epoch=1/10 step=50/1086 loss=0.9339
[train:safeobjworld_r_full:H5] epoch=1/10 step=75/1086 loss=0.7406
[train:safeobjworld_r_full:H5] epoch=1/10 step=100/1086 loss=0.6501
[train:safeobjworld_r_full:H5] epoch=1/10 step=125/1086 loss=0.6400
[train:safeobjworld_r_full:H5] epoch=1/10 step=150/1086 loss=0.6450
[train:safeobjworld_r_full:H5] epoch=1/10 step=175/1086 loss=0.5945
[train:safeobjworld_r_full:H5] epoch=1/10 step=200/1086 loss=0.5787
[train:safeobjworld_r_full:H5] epoch=1/10 step=225/1086 loss=0.5633
[train:safeobjworld_r_full:H5] epoch=1/10 step=250/1086 loss=0.5929
[train:safeobjworld_r_full:H5] epoch=1/10 step=275/1086 loss=0.6197
[train:safeobjworld_r_full:H5] epoch=1/10 step=300/1086 loss=0.5142
[train:safeobjworld_r_full:H5] epoch=1/10 step=325/1086 loss=0.5650
[train:safeobjworld_r_full:H5] epoch=1/10 step=350/1086 loss=0.5734
[train:safeobjworld_r_full:H5] epoch=1/10 step=375/1086 loss=0.5802
[train:safeobjworld_r_full:H5] epoch=1/10 step=400/1086 loss=0.5957
[train:safeobjworld_r_full:H5] epoch=1/10 step=425/1086 loss=0.4894
[train:safeobjworld_r_full:H5] epoch=1/10 step=450/1086 loss=0.5540
[train:safeobjworld_r_full:H5] epoch=1/10 step=475/1086 loss=0.5651
[train:safeobjworld_r_full:H5] epoch=1/10 step=500/1086 loss=0.5361
[train:safeobjworld_r_full:H5] epoch=1/10 step=525/1086 loss=0.5216
[train:safeobjworld_r_full:H5] epoch=1/10 step=550/1086 loss=0.5549
[train:safeobjworld_r_full:H5] epoch=1/10 step=575/1086 loss=0.5480
[train:safeobjworld_r_full:H5] epoch=1/10 step=600/1086 loss=0.5327
[train:safeobjworld_r_full:H5] epoch=1/10 step=625/1086 loss=0.5215
[train:safeobjworld_r_full:H5] epoch=1/10 step=650/1086 loss=0.5337
[train:safeobjworld_r_full:H5] epoch=1/10 step=675/1086 loss=0.5217
[train:safeobjworld_r_full:H5] epoch=1/10 step=700/1086 loss=0.5128
[train:safeobjworld_r_full:H5] epoch=1/10 step=725/1086 loss=0.5138
[train:safeobjworld_r_full:H5] epoch=1/10 step=750/1086 loss=0.5308
[train:safeobjworld_r_full:H5] epoch=1/10 step=775/1086 loss=0.5472
[train:safeobjworld_r_full:H5] epoch=1/10 step=800/1086 loss=0.4912
[train:safeobjworld_r_full:H5] epoch=1/10 step=825/1086 loss=0.4762
[train:safeobjworld_r_full:H5] epoch=1/10 step=850/1086 loss=0.5308
[train:safeobjworld_r_full:H5] epoch=1/10 step=875/1086 loss=0.5404
[train:safeobjworld_r_full:H5] epoch=1/10 step=900/1086 loss=0.4535
[train:safeobjworld_r_full:H5] epoch=1/10 step=925/1086 loss=0.4946
[train:safeobjworld_r_full:H5] epoch=1/10 step=950/1086 loss=0.5312
[train:safeobjworld_r_full:H5] epoch=1/10 step=975/1086 loss=0.4772
[train:safeobjworld_r_full:H5] epoch=1/10 step=1000/1086 loss=0.4598
[train:safeobjworld_r_full:H5] epoch=1/10 step=1025/1086 loss=0.5148
[train:safeobjworld_r_full:H5] epoch=1/10 step=1050/1086 loss=0.4976
[train:safeobjworld_r_full:H5] epoch=1/10 step=1075/1086 loss=0.4847
[epoch] method=safeobjworld_r_full epoch=1 train=0.5778 val=0.3838 best=0.3838
[train:safeobjworld_r_full:H5] epoch=2/10 step=0/1086 loss=0.2662
[train:safeobjworld_r_full:H5] epoch=2/10 step=25/1086 loss=0.4978
[train:safeobjworld_r_full:H5] epoch=2/10 step=50/1086 loss=0.4504
[train:safeobjworld_r_full:H5] epoch=2/10 step=75/1086 loss=0.4688
[train:safeobjworld_r_full:H5] epoch=2/10 step=100/1086 loss=0.5146
[train:safeobjworld_r_full:H5] epoch=2/10 step=125/1086 loss=0.4967
[train:safeobjworld_r_full:H5] epoch=2/10 step=150/1086 loss=0.4768
[train:safeobjworld_r_full:H5] epoch=2/10 step=175/1086 loss=0.4844
[train:safeobjworld_r_full:H5] epoch=2/10 step=200/1086 loss=0.4958
[train:safeobjworld_r_full:H5] epoch=2/10 step=225/1086 loss=0.4643
[train:safeobjworld_r_full:H5] epoch=2/10 step=250/1086 loss=0.5010
[train:safeobjworld_r_full:H5] epoch=2/10 step=275/1086 loss=0.4969
[train:safeobjworld_r_full:H5] epoch=2/10 step=300/1086 loss=0.4527
[train:safeobjworld_r_full:H5] epoch=2/10 step=325/1086 loss=0.5050
[train:safeobjworld_r_full:H5] epoch=2/10 step=350/1086 loss=0.4929
[train:safeobjworld_r_full:H5] epoch=2/10 step=375/1086 loss=0.4820
[train:safeobjworld_r_full:H5] epoch=2/10 step=400/1086 loss=0.4571
[train:safeobjworld_r_full:H5] epoch=2/10 step=425/1086 loss=0.5553
[train:safeobjworld_r_full:H5] epoch=2/10 step=450/1086 loss=0.4809
[train:safeobjworld_r_full:H5] epoch=2/10 step=475/1086 loss=0.5279
[train:safeobjworld_r_full:H5] epoch=2/10 step=500/1086 loss=0.4671
[train:safeobjworld_r_full:H5] epoch=2/10 step=525/1086 loss=0.4542
[train:safeobjworld_r_full:H5] epoch=2/10 step=550/1086 loss=0.4552
[train:safeobjworld_r_full:H5] epoch=2/10 step=575/1086 loss=0.4715
[train:safeobjworld_r_full:H5] epoch=2/10 step=600/1086 loss=0.4478
[train:safeobjworld_r_full:H5] epoch=2/10 step=625/1086 loss=0.5047
[train:safeobjworld_r_full:H5] epoch=2/10 step=650/1086 loss=0.4686
[train:safeobjworld_r_full:H5] epoch=2/10 step=675/1086 loss=0.5083
[train:safeobjworld_r_full:H5] epoch=2/10 step=700/1086 loss=0.4585
[train:safeobjworld_r_full:H5] epoch=2/10 step=725/1086 loss=0.4959
[train:safeobjworld_r_full:H5] epoch=2/10 step=750/1086 loss=0.4650
[train:safeobjworld_r_full:H5] epoch=2/10 step=775/1086 loss=0.4843
[train:safeobjworld_r_full:H5] epoch=2/10 step=800/1086 loss=0.4112
[train:safeobjworld_r_full:H5] epoch=2/10 step=825/1086 loss=0.4211
[train:safeobjworld_r_full:H5] epoch=2/10 step=850/1086 loss=0.4643
[train:safeobjworld_r_full:H5] epoch=2/10 step=875/1086 loss=0.4866
[train:safeobjworld_r_full:H5] epoch=2/10 step=900/1086 loss=0.4371
[train:safeobjworld_r_full:H5] epoch=2/10 step=925/1086 loss=0.4512
[train:safeobjworld_r_full:H5] epoch=2/10 step=950/1086 loss=0.5236
[train:safeobjworld_r_full:H5] epoch=2/10 step=975/1086 loss=0.4440
[train:safeobjworld_r_full:H5] epoch=2/10 step=1000/1086 loss=0.4423
[train:safeobjworld_r_full:H5] epoch=2/10 step=1025/1086 loss=0.4815
[train:safeobjworld_r_full:H5] epoch=2/10 step=1050/1086 loss=0.4647
[train:safeobjworld_r_full:H5] epoch=2/10 step=1075/1086 loss=0.5042
[epoch] method=safeobjworld_r_full epoch=2 train=0.4786 val=0.3704 best=0.3704
[train:safeobjworld_r_full:H5] epoch=3/10 step=0/1086 loss=0.4982
[train:safeobjworld_r_full:H5] epoch=3/10 step=25/1086 loss=0.4610
[train:safeobjworld_r_full:H5] epoch=3/10 step=50/1086 loss=0.4661
[train:safeobjworld_r_full:H5] epoch=3/10 step=75/1086 loss=0.4543
[train:safeobjworld_r_full:H5] epoch=3/10 step=100/1086 loss=0.4524
[train:safeobjworld_r_full:H5] epoch=3/10 step=125/1086 loss=0.5176
[train:safeobjworld_r_full:H5] epoch=3/10 step=150/1086 loss=0.4313
[train:safeobjworld_r_full:H5] epoch=3/10 step=175/1086 loss=0.4828
[train:safeobjworld_r_full:H5] epoch=3/10 step=200/1086 loss=0.4789
[train:safeobjworld_r_full:H5] epoch=3/10 step=225/1086 loss=0.4491
[train:safeobjworld_r_full:H5] epoch=3/10 step=250/1086 loss=0.5014
[train:safeobjworld_r_full:H5] epoch=3/10 step=275/1086 loss=0.4832
[train:safeobjworld_r_full:H5] epoch=3/10 step=300/1086 loss=0.4807
[train:safeobjworld_r_full:H5] epoch=3/10 step=325/1086 loss=0.4505
[train:safeobjworld_r_full:H5] epoch=3/10 step=350/1086 loss=0.4471
[train:safeobjworld_r_full:H5] epoch=3/10 step=375/1086 loss=0.4790
[train:safeobjworld_r_full:H5] epoch=3/10 step=400/1086 loss=0.4736
[train:safeobjworld_r_full:H5] epoch=3/10 step=425/1086 loss=0.4565
[train:safeobjworld_r_full:H5] epoch=3/10 step=450/1086 loss=0.4631
[train:safeobjworld_r_full:H5] epoch=3/10 step=475/1086 loss=0.4695
[train:safeobjworld_r_full:H5] epoch=3/10 step=500/1086 loss=0.4390
[train:safeobjworld_r_full:H5] epoch=3/10 step=525/1086 loss=0.4266
[train:safeobjworld_r_full:H5] epoch=3/10 step=550/1086 loss=0.4488
[train:safeobjworld_r_full:H5] epoch=3/10 step=575/1086 loss=0.4773
[train:safeobjworld_r_full:H5] epoch=3/10 step=600/1086 loss=0.4435
[train:safeobjworld_r_full:H5] epoch=3/10 step=625/1086 loss=0.4380
[train:safeobjworld_r_full:H5] epoch=3/10 step=650/1086 loss=0.4248
[train:safeobjworld_r_full:H5] epoch=3/10 step=675/1086 loss=0.4456
[train:safeobjworld_r_full:H5] epoch=3/10 step=700/1086 loss=0.4860
[train:safeobjworld_r_full:H5] epoch=3/10 step=725/1086 loss=0.4832
[train:safeobjworld_r_full:H5] epoch=3/10 step=750/1086 loss=0.4241
[train:safeobjworld_r_full:H5] epoch=3/10 step=775/1086 loss=0.4212
[train:safeobjworld_r_full:H5] epoch=3/10 step=800/1086 loss=0.4540
[train:safeobjworld_r_full:H5] epoch=3/10 step=825/1086 loss=0.4364
[train:safeobjworld_r_full:H5] epoch=3/10 step=850/1086 loss=0.4805
[train:safeobjworld_r_full:H5] epoch=3/10 step=875/1086 loss=0.4687
[train:safeobjworld_r_full:H5] epoch=3/10 step=900/1086 loss=0.4730
[train:safeobjworld_r_full:H5] epoch=3/10 step=925/1086 loss=0.4598
[train:safeobjworld_r_full:H5] epoch=3/10 step=950/1086 loss=0.4541
[train:safeobjworld_r_full:H5] epoch=3/10 step=975/1086 loss=0.4644
[train:safeobjworld_r_full:H5] epoch=3/10 step=1000/1086 loss=0.4186
[train:safeobjworld_r_full:H5] epoch=3/10 step=1025/1086 loss=0.4246
[train:safeobjworld_r_full:H5] epoch=3/10 step=1050/1086 loss=0.4240
[train:safeobjworld_r_full:H5] epoch=3/10 step=1075/1086 loss=0.4778
[epoch] method=safeobjworld_r_full epoch=3 train=0.4570 val=0.3641 best=0.3641
[train:safeobjworld_r_full:H5] epoch=4/10 step=0/1086 loss=0.5234
[train:safeobjworld_r_full:H5] epoch=4/10 step=25/1086 loss=0.4107
[train:safeobjworld_r_full:H5] epoch=4/10 step=50/1086 loss=0.4627
[train:safeobjworld_r_full:H5] epoch=4/10 step=75/1086 loss=0.4297
[train:safeobjworld_r_full:H5] epoch=4/10 step=100/1086 loss=0.4377
[train:safeobjworld_r_full:H5] epoch=4/10 step=125/1086 loss=0.4576
[train:safeobjworld_r_full:H5] epoch=4/10 step=150/1086 loss=0.4711
[train:safeobjworld_r_full:H5] epoch=4/10 step=175/1086 loss=0.4578
[train:safeobjworld_r_full:H5] epoch=4/10 step=200/1086 loss=0.4293
[train:safeobjworld_r_full:H5] epoch=4/10 step=225/1086 loss=0.4554
[train:safeobjworld_r_full:H5] epoch=4/10 step=250/1086 loss=0.4596
[train:safeobjworld_r_full:H5] epoch=4/10 step=275/1086 loss=0.4620
[train:safeobjworld_r_full:H5] epoch=4/10 step=300/1086 loss=0.4732
[train:safeobjworld_r_full:H5] epoch=4/10 step=325/1086 loss=0.4598
[train:safeobjworld_r_full:H5] epoch=4/10 step=350/1086 loss=0.4808
[train:safeobjworld_r_full:H5] epoch=4/10 step=375/1086 loss=0.4478
[train:safeobjworld_r_full:H5] epoch=4/10 step=400/1086 loss=0.4181
[train:safeobjworld_r_full:H5] epoch=4/10 step=425/1086 loss=0.4721
[train:safeobjworld_r_full:H5] epoch=4/10 step=450/1086 loss=0.4179
[train:safeobjworld_r_full:H5] epoch=4/10 step=475/1086 loss=0.4476
[train:safeobjworld_r_full:H5] epoch=4/10 step=500/1086 loss=0.4149
[train:safeobjworld_r_full:H5] epoch=4/10 step=525/1086 loss=0.4270
[train:safeobjworld_r_full:H5] epoch=4/10 step=550/1086 loss=0.4361
[train:safeobjworld_r_full:H5] epoch=4/10 step=575/1086 loss=0.4328
[train:safeobjworld_r_full:H5] epoch=4/10 step=600/1086 loss=0.4470
[train:safeobjworld_r_full:H5] epoch=4/10 step=625/1086 loss=0.4311
[train:safeobjworld_r_full:H5] epoch=4/10 step=650/1086 loss=0.5010
[train:safeobjworld_r_full:H5] epoch=4/10 step=675/1086 loss=0.4569
[train:safeobjworld_r_full:H5] epoch=4/10 step=700/1086 loss=0.4147
[train:safeobjworld_r_full:H5] epoch=4/10 step=725/1086 loss=0.4459
[train:safeobjworld_r_full:H5] epoch=4/10 step=750/1086 loss=0.4240
[train:safeobjworld_r_full:H5] epoch=4/10 step=775/1086 loss=0.4318
[train:safeobjworld_r_full:H5] epoch=4/10 step=800/1086 loss=0.4399
[train:safeobjworld_r_full:H5] epoch=4/10 step=825/1086 loss=0.4605
[train:safeobjworld_r_full:H5] epoch=4/10 step=850/1086 loss=0.4385
[train:safeobjworld_r_full:H5] epoch=4/10 step=875/1086 loss=0.4542
[train:safeobjworld_r_full:H5] epoch=4/10 step=900/1086 loss=0.4064
[train:safeobjworld_r_full:H5] epoch=4/10 step=925/1086 loss=0.4589
[train:safeobjworld_r_full:H5] epoch=4/10 step=950/1086 loss=0.4614
[train:safeobjworld_r_full:H5] epoch=4/10 step=975/1086 loss=0.4475
[train:safeobjworld_r_full:H5] epoch=4/10 step=1000/1086 loss=0.3989
[train:safeobjworld_r_full:H5] epoch=4/10 step=1025/1086 loss=0.4428
[train:safeobjworld_r_full:H5] epoch=4/10 step=1050/1086 loss=0.4054
[train:safeobjworld_r_full:H5] epoch=4/10 step=1075/1086 loss=0.4381
[epoch] method=safeobjworld_r_full epoch=4 train=0.4450 val=0.3583 best=0.3583
[train:safeobjworld_r_full:H5] epoch=5/10 step=0/1086 loss=0.3124
[train:safeobjworld_r_full:H5] epoch=5/10 step=25/1086 loss=0.4173
[train:safeobjworld_r_full:H5] epoch=5/10 step=50/1086 loss=0.4628
[train:safeobjworld_r_full:H5] epoch=5/10 step=75/1086 loss=0.3995
[train:safeobjworld_r_full:H5] epoch=5/10 step=100/1086 loss=0.4625
[train:safeobjworld_r_full:H5] epoch=5/10 step=125/1086 loss=0.4571
[train:safeobjworld_r_full:H5] epoch=5/10 step=150/1086 loss=0.4478
[train:safeobjworld_r_full:H5] epoch=5/10 step=175/1086 loss=0.4371
[train:safeobjworld_r_full:H5] epoch=5/10 step=200/1086 loss=0.4693
[train:safeobjworld_r_full:H5] epoch=5/10 step=225/1086 loss=0.4233
[train:safeobjworld_r_full:H5] epoch=5/10 step=250/1086 loss=0.4319
[train:safeobjworld_r_full:H5] epoch=5/10 step=275/1086 loss=0.4469
[train:safeobjworld_r_full:H5] epoch=5/10 step=300/1086 loss=0.4580
[train:safeobjworld_r_full:H5] epoch=5/10 step=325/1086 loss=0.4343
[train:safeobjworld_r_full:H5] epoch=5/10 step=350/1086 loss=0.4692
[train:safeobjworld_r_full:H5] epoch=5/10 step=375/1086 loss=0.4400
[train:safeobjworld_r_full:H5] epoch=5/10 step=400/1086 loss=0.4534
[train:safeobjworld_r_full:H5] epoch=5/10 step=425/1086 loss=0.4243
[train:safeobjworld_r_full:H5] epoch=5/10 step=450/1086 loss=0.4319
[train:safeobjworld_r_full:H5] epoch=5/10 step=475/1086 loss=0.4593
[train:safeobjworld_r_full:H5] epoch=5/10 step=500/1086 loss=0.4108
[train:safeobjworld_r_full:H5] epoch=5/10 step=525/1086 loss=0.4183
[train:safeobjworld_r_full:H5] epoch=5/10 step=550/1086 loss=0.4491
[train:safeobjworld_r_full:H5] epoch=5/10 step=575/1086 loss=0.4413
[train:safeobjworld_r_full:H5] epoch=5/10 step=600/1086 loss=0.4533
[train:safeobjworld_r_full:H5] epoch=5/10 step=625/1086 loss=0.4299
[train:safeobjworld_r_full:H5] epoch=5/10 step=650/1086 loss=0.4379
[train:safeobjworld_r_full:H5] epoch=5/10 step=675/1086 loss=0.4837
[train:safeobjworld_r_full:H5] epoch=5/10 step=700/1086 loss=0.4169
[train:safeobjworld_r_full:H5] epoch=5/10 step=725/1086 loss=0.4022
[train:safeobjworld_r_full:H5] epoch=5/10 step=750/1086 loss=0.4626
[train:safeobjworld_r_full:H5] epoch=5/10 step=775/1086 loss=0.4455
[train:safeobjworld_r_full:H5] epoch=5/10 step=800/1086 loss=0.4430
[train:safeobjworld_r_full:H5] epoch=5/10 step=825/1086 loss=0.4153
[train:safeobjworld_r_full:H5] epoch=5/10 step=850/1086 loss=0.3907
[train:safeobjworld_r_full:H5] epoch=5/10 step=875/1086 loss=0.4134
[train:safeobjworld_r_full:H5] epoch=5/10 step=900/1086 loss=0.4360
[train:safeobjworld_r_full:H5] epoch=5/10 step=925/1086 loss=0.4492
[train:safeobjworld_r_full:H5] epoch=5/10 step=950/1086 loss=0.4060
[train:safeobjworld_r_full:H5] epoch=5/10 step=975/1086 loss=0.4132
[train:safeobjworld_r_full:H5] epoch=5/10 step=1000/1086 loss=0.4376
[train:safeobjworld_r_full:H5] epoch=5/10 step=1025/1086 loss=0.4549
[train:safeobjworld_r_full:H5] epoch=5/10 step=1050/1086 loss=0.4249
[train:safeobjworld_r_full:H5] epoch=5/10 step=1075/1086 loss=0.4244
[epoch] method=safeobjworld_r_full epoch=5 train=0.4367 val=0.3613 best=0.3583
[train:safeobjworld_r_full:H5] epoch=6/10 step=0/1086 loss=0.4169
[train:safeobjworld_r_full:H5] epoch=6/10 step=25/1086 loss=0.4656
[train:safeobjworld_r_full:H5] epoch=6/10 step=50/1086 loss=0.4347
[train:safeobjworld_r_full:H5] epoch=6/10 step=75/1086 loss=0.4137
[train:safeobjworld_r_full:H5] epoch=6/10 step=100/1086 loss=0.4290
[train:safeobjworld_r_full:H5] epoch=6/10 step=125/1086 loss=0.4455
[train:safeobjworld_r_full:H5] epoch=6/10 step=150/1086 loss=0.4520
[train:safeobjworld_r_full:H5] epoch=6/10 step=175/1086 loss=0.4387
[train:safeobjworld_r_full:H5] epoch=6/10 step=200/1086 loss=0.4346
[train:safeobjworld_r_full:H5] epoch=6/10 step=225/1086 loss=0.4328
[train:safeobjworld_r_full:H5] epoch=6/10 step=250/1086 loss=0.4647
[train:safeobjworld_r_full:H5] epoch=6/10 step=275/1086 loss=0.4391
[train:safeobjworld_r_full:H5] epoch=6/10 step=300/1086 loss=0.4150
[train:safeobjworld_r_full:H5] epoch=6/10 step=325/1086 loss=0.4015
[train:safeobjworld_r_full:H5] epoch=6/10 step=350/1086 loss=0.3937
[train:safeobjworld_r_full:H5] epoch=6/10 step=375/1086 loss=0.4399
[train:safeobjworld_r_full:H5] epoch=6/10 step=400/1086 loss=0.4109
[train:safeobjworld_r_full:H5] epoch=6/10 step=425/1086 loss=0.4160
[train:safeobjworld_r_full:H5] epoch=6/10 step=450/1086 loss=0.4075
[train:safeobjworld_r_full:H5] epoch=6/10 step=475/1086 loss=0.4652
[train:safeobjworld_r_full:H5] epoch=6/10 step=500/1086 loss=0.4276
[train:safeobjworld_r_full:H5] epoch=6/10 step=525/1086 loss=0.4629
[train:safeobjworld_r_full:H5] epoch=6/10 step=550/1086 loss=0.4110
[train:safeobjworld_r_full:H5] epoch=6/10 step=575/1086 loss=0.4046
[train:safeobjworld_r_full:H5] epoch=6/10 step=600/1086 loss=0.4205
[train:safeobjworld_r_full:H5] epoch=6/10 step=625/1086 loss=0.4329
[train:safeobjworld_r_full:H5] epoch=6/10 step=650/1086 loss=0.4260
[train:safeobjworld_r_full:H5] epoch=6/10 step=675/1086 loss=0.4467
[train:safeobjworld_r_full:H5] epoch=6/10 step=700/1086 loss=0.4223
[train:safeobjworld_r_full:H5] epoch=6/10 step=725/1086 loss=0.4198
[train:safeobjworld_r_full:H5] epoch=6/10 step=750/1086 loss=0.4322
[train:safeobjworld_r_full:H5] epoch=6/10 step=775/1086 loss=0.4820
[train:safeobjworld_r_full:H5] epoch=6/10 step=800/1086 loss=0.4848
[train:safeobjworld_r_full:H5] epoch=6/10 step=825/1086 loss=0.4283
[train:safeobjworld_r_full:H5] epoch=6/10 step=850/1086 loss=0.4500
[train:safeobjworld_r_full:H5] epoch=6/10 step=875/1086 loss=0.4255
[train:safeobjworld_r_full:H5] epoch=6/10 step=900/1086 loss=0.4082
[train:safeobjworld_r_full:H5] epoch=6/10 step=925/1086 loss=0.4550
[train:safeobjworld_r_full:H5] epoch=6/10 step=950/1086 loss=0.4422
[train:safeobjworld_r_full:H5] epoch=6/10 step=975/1086 loss=0.4376
[train:safeobjworld_r_full:H5] epoch=6/10 step=1000/1086 loss=0.4491
[train:safeobjworld_r_full:H5] epoch=6/10 step=1025/1086 loss=0.4272
[train:safeobjworld_r_full:H5] epoch=6/10 step=1050/1086 loss=0.4330
[train:safeobjworld_r_full:H5] epoch=6/10 step=1075/1086 loss=0.3984
[epoch] method=safeobjworld_r_full epoch=6 train=0.4311 val=0.3569 best=0.3569
[train:safeobjworld_r_full:H5] epoch=7/10 step=0/1086 loss=0.4199
[train:safeobjworld_r_full:H5] epoch=7/10 step=25/1086 loss=0.4578
[train:safeobjworld_r_full:H5] epoch=7/10 step=50/1086 loss=0.4562
[train:safeobjworld_r_full:H5] epoch=7/10 step=75/1086 loss=0.4371
[train:safeobjworld_r_full:H5] epoch=7/10 step=100/1086 loss=0.4277
[train:safeobjworld_r_full:H5] epoch=7/10 step=125/1086 loss=0.4431
[train:safeobjworld_r_full:H5] epoch=7/10 step=150/1086 loss=0.4187
[train:safeobjworld_r_full:H5] epoch=7/10 step=175/1086 loss=0.4528
[train:safeobjworld_r_full:H5] epoch=7/10 step=200/1086 loss=0.4197
[train:safeobjworld_r_full:H5] epoch=7/10 step=225/1086 loss=0.4343
[train:safeobjworld_r_full:H5] epoch=7/10 step=250/1086 loss=0.4367
[train:safeobjworld_r_full:H5] epoch=7/10 step=275/1086 loss=0.3936
[train:safeobjworld_r_full:H5] epoch=7/10 step=300/1086 loss=0.3830
[train:safeobjworld_r_full:H5] epoch=7/10 step=325/1086 loss=0.4062
[train:safeobjworld_r_full:H5] epoch=7/10 step=350/1086 loss=0.3969
[train:safeobjworld_r_full:H5] epoch=7/10 step=375/1086 loss=0.4289
[train:safeobjworld_r_full:H5] epoch=7/10 step=400/1086 loss=0.4196
[train:safeobjworld_r_full:H5] epoch=7/10 step=425/1086 loss=0.4104
[train:safeobjworld_r_full:H5] epoch=7/10 step=450/1086 loss=0.4054
[train:safeobjworld_r_full:H5] epoch=7/10 step=475/1086 loss=0.4137
[train:safeobjworld_r_full:H5] epoch=7/10 step=500/1086 loss=0.3875
[train:safeobjworld_r_full:H5] epoch=7/10 step=525/1086 loss=0.4473
[train:safeobjworld_r_full:H5] epoch=7/10 step=550/1086 loss=0.4057
[train:safeobjworld_r_full:H5] epoch=7/10 step=575/1086 loss=0.3780
[train:safeobjworld_r_full:H5] epoch=7/10 step=600/1086 loss=0.4339
[train:safeobjworld_r_full:H5] epoch=7/10 step=625/1086 loss=0.4573
[train:safeobjworld_r_full:H5] epoch=7/10 step=650/1086 loss=0.4372
[train:safeobjworld_r_full:H5] epoch=7/10 step=675/1086 loss=0.4405
[train:safeobjworld_r_full:H5] epoch=7/10 step=700/1086 loss=0.4248
[train:safeobjworld_r_full:H5] epoch=7/10 step=725/1086 loss=0.4429
[train:safeobjworld_r_full:H5] epoch=7/10 step=750/1086 loss=0.4149
[train:safeobjworld_r_full:H5] epoch=7/10 step=775/1086 loss=0.4232
[train:safeobjworld_r_full:H5] epoch=7/10 step=800/1086 loss=0.4262
[train:safeobjworld_r_full:H5] epoch=7/10 step=825/1086 loss=0.4363
[train:safeobjworld_r_full:H5] epoch=7/10 step=850/1086 loss=0.4154
[train:safeobjworld_r_full:H5] epoch=7/10 step=875/1086 loss=0.3953
[train:safeobjworld_r_full:H5] epoch=7/10 step=900/1086 loss=0.4517
[train:safeobjworld_r_full:H5] epoch=7/10 step=925/1086 loss=0.4512
[train:safeobjworld_r_full:H5] epoch=7/10 step=950/1086 loss=0.4237
[train:safeobjworld_r_full:H5] epoch=7/10 step=975/1086 loss=0.4043
[train:safeobjworld_r_full:H5] epoch=7/10 step=1000/1086 loss=0.4299
[train:safeobjworld_r_full:H5] epoch=7/10 step=1025/1086 loss=0.3997
[train:safeobjworld_r_full:H5] epoch=7/10 step=1050/1086 loss=0.4326
[train:safeobjworld_r_full:H5] epoch=7/10 step=1075/1086 loss=0.4390
[epoch] method=safeobjworld_r_full epoch=7 train=0.4255 val=0.3512 best=0.3512
[train:safeobjworld_r_full:H5] epoch=8/10 step=0/1086 loss=0.4417
[train:safeobjworld_r_full:H5] epoch=8/10 step=25/1086 loss=0.4087
[train:safeobjworld_r_full:H5] epoch=8/10 step=50/1086 loss=0.4149
[train:safeobjworld_r_full:H5] epoch=8/10 step=75/1086 loss=0.3890
[train:safeobjworld_r_full:H5] epoch=8/10 step=100/1086 loss=0.4205
[train:safeobjworld_r_full:H5] epoch=8/10 step=125/1086 loss=0.4371
[train:safeobjworld_r_full:H5] epoch=8/10 step=150/1086 loss=0.4000
[train:safeobjworld_r_full:H5] epoch=8/10 step=175/1086 loss=0.3925
[train:safeobjworld_r_full:H5] epoch=8/10 step=200/1086 loss=0.4127
[train:safeobjworld_r_full:H5] epoch=8/10 step=225/1086 loss=0.4495
[train:safeobjworld_r_full:H5] epoch=8/10 step=250/1086 loss=0.3946
[train:safeobjworld_r_full:H5] epoch=8/10 step=275/1086 loss=0.3882
[train:safeobjworld_r_full:H5] epoch=8/10 step=300/1086 loss=0.4331
[train:safeobjworld_r_full:H5] epoch=8/10 step=325/1086 loss=0.4446
[train:safeobjworld_r_full:H5] epoch=8/10 step=350/1086 loss=0.3850
[train:safeobjworld_r_full:H5] epoch=8/10 step=375/1086 loss=0.4065
[train:safeobjworld_r_full:H5] epoch=8/10 step=400/1086 loss=0.4046
[train:safeobjworld_r_full:H5] epoch=8/10 step=425/1086 loss=0.4473
[train:safeobjworld_r_full:H5] epoch=8/10 step=450/1086 loss=0.4233
[train:safeobjworld_r_full:H5] epoch=8/10 step=475/1086 loss=0.4842
[train:safeobjworld_r_full:H5] epoch=8/10 step=500/1086 loss=0.4173
[train:safeobjworld_r_full:H5] epoch=8/10 step=525/1086 loss=0.3837
[train:safeobjworld_r_full:H5] epoch=8/10 step=550/1086 loss=0.4171
[train:safeobjworld_r_full:H5] epoch=8/10 step=575/1086 loss=0.4478
[train:safeobjworld_r_full:H5] epoch=8/10 step=600/1086 loss=0.4341
[train:safeobjworld_r_full:H5] epoch=8/10 step=625/1086 loss=0.4158
[train:safeobjworld_r_full:H5] epoch=8/10 step=650/1086 loss=0.4257
[train:safeobjworld_r_full:H5] epoch=8/10 step=675/1086 loss=0.4320
[train:safeobjworld_r_full:H5] epoch=8/10 step=700/1086 loss=0.4258
[train:safeobjworld_r_full:H5] epoch=8/10 step=725/1086 loss=0.4163
[train:safeobjworld_r_full:H5] epoch=8/10 step=750/1086 loss=0.4214
[train:safeobjworld_r_full:H5] epoch=8/10 step=775/1086 loss=0.4370
[train:safeobjworld_r_full:H5] epoch=8/10 step=800/1086 loss=0.4375
[train:safeobjworld_r_full:H5] epoch=8/10 step=825/1086 loss=0.4545
[train:safeobjworld_r_full:H5] epoch=8/10 step=850/1086 loss=0.4300
[train:safeobjworld_r_full:H5] epoch=8/10 step=875/1086 loss=0.4248
[train:safeobjworld_r_full:H5] epoch=8/10 step=900/1086 loss=0.4232
[train:safeobjworld_r_full:H5] epoch=8/10 step=925/1086 loss=0.4137
[train:safeobjworld_r_full:H5] epoch=8/10 step=950/1086 loss=0.4371
[train:safeobjworld_r_full:H5] epoch=8/10 step=975/1086 loss=0.4208
[train:safeobjworld_r_full:H5] epoch=8/10 step=1000/1086 loss=0.4098
[train:safeobjworld_r_full:H5] epoch=8/10 step=1025/1086 loss=0.4498
[train:safeobjworld_r_full:H5] epoch=8/10 step=1050/1086 loss=0.3962
[train:safeobjworld_r_full:H5] epoch=8/10 step=1075/1086 loss=0.4330
[epoch] method=safeobjworld_r_full epoch=8 train=0.4208 val=0.3541 best=0.3512
[train:safeobjworld_r_full:H5] epoch=9/10 step=0/1086 loss=0.3946
[train:safeobjworld_r_full:H5] epoch=9/10 step=25/1086 loss=0.4291
[train:safeobjworld_r_full:H5] epoch=9/10 step=50/1086 loss=0.4078
[train:safeobjworld_r_full:H5] epoch=9/10 step=75/1086 loss=0.4281
[train:safeobjworld_r_full:H5] epoch=9/10 step=100/1086 loss=0.4206
[train:safeobjworld_r_full:H5] epoch=9/10 step=125/1086 loss=0.4173
[train:safeobjworld_r_full:H5] epoch=9/10 step=150/1086 loss=0.4363
[train:safeobjworld_r_full:H5] epoch=9/10 step=175/1086 loss=0.4063
[train:safeobjworld_r_full:H5] epoch=9/10 step=200/1086 loss=0.4113
[train:safeobjworld_r_full:H5] epoch=9/10 step=225/1086 loss=0.4204
[train:safeobjworld_r_full:H5] epoch=9/10 step=250/1086 loss=0.4093
[train:safeobjworld_r_full:H5] epoch=9/10 step=275/1086 loss=0.4333
[train:safeobjworld_r_full:H5] epoch=9/10 step=300/1086 loss=0.4038
[train:safeobjworld_r_full:H5] epoch=9/10 step=325/1086 loss=0.3896
[train:safeobjworld_r_full:H5] epoch=9/10 step=350/1086 loss=0.4247
[train:safeobjworld_r_full:H5] epoch=9/10 step=375/1086 loss=0.4513
[train:safeobjworld_r_full:H5] epoch=9/10 step=400/1086 loss=0.4104
[train:safeobjworld_r_full:H5] epoch=9/10 step=425/1086 loss=0.4260
[train:safeobjworld_r_full:H5] epoch=9/10 step=450/1086 loss=0.4393
[train:safeobjworld_r_full:H5] epoch=9/10 step=475/1086 loss=0.4144
[train:safeobjworld_r_full:H5] epoch=9/10 step=500/1086 loss=0.4299
[train:safeobjworld_r_full:H5] epoch=9/10 step=525/1086 loss=0.4555
[train:safeobjworld_r_full:H5] epoch=9/10 step=550/1086 loss=0.4307
[train:safeobjworld_r_full:H5] epoch=9/10 step=575/1086 loss=0.4473
[train:safeobjworld_r_full:H5] epoch=9/10 step=600/1086 loss=0.3849
[train:safeobjworld_r_full:H5] epoch=9/10 step=625/1086 loss=0.4132
[train:safeobjworld_r_full:H5] epoch=9/10 step=650/1086 loss=0.4059
[train:safeobjworld_r_full:H5] epoch=9/10 step=675/1086 loss=0.4351
[train:safeobjworld_r_full:H5] epoch=9/10 step=700/1086 loss=0.4022
[train:safeobjworld_r_full:H5] epoch=9/10 step=725/1086 loss=0.4142
[train:safeobjworld_r_full:H5] epoch=9/10 step=750/1086 loss=0.4456
[train:safeobjworld_r_full:H5] epoch=9/10 step=775/1086 loss=0.4079
[train:safeobjworld_r_full:H5] epoch=9/10 step=800/1086 loss=0.4146
[train:safeobjworld_r_full:H5] epoch=9/10 step=825/1086 loss=0.4277
[train:safeobjworld_r_full:H5] epoch=9/10 step=850/1086 loss=0.4297
[train:safeobjworld_r_full:H5] epoch=9/10 step=875/1086 loss=0.4221
[train:safeobjworld_r_full:H5] epoch=9/10 step=900/1086 loss=0.4766
[train:safeobjworld_r_full:H5] epoch=9/10 step=925/1086 loss=0.3687
[train:safeobjworld_r_full:H5] epoch=9/10 step=950/1086 loss=0.4376
[train:safeobjworld_r_full:H5] epoch=9/10 step=975/1086 loss=0.3873
[train:safeobjworld_r_full:H5] epoch=9/10 step=1000/1086 loss=0.4535
[train:safeobjworld_r_full:H5] epoch=9/10 step=1025/1086 loss=0.4173
[train:safeobjworld_r_full:H5] epoch=9/10 step=1050/1086 loss=0.4246
[train:safeobjworld_r_full:H5] epoch=9/10 step=1075/1086 loss=0.3991
[epoch] method=safeobjworld_r_full epoch=9 train=0.4172 val=0.3544 best=0.3512
[train:safeobjworld_r_full:H5] epoch=10/10 step=0/1086 loss=0.3924
[train:safeobjworld_r_full:H5] epoch=10/10 step=25/1086 loss=0.4132
[train:safeobjworld_r_full:H5] epoch=10/10 step=50/1086 loss=0.3963
[train:safeobjworld_r_full:H5] epoch=10/10 step=75/1086 loss=0.3889
[train:safeobjworld_r_full:H5] epoch=10/10 step=100/1086 loss=0.3844
[train:safeobjworld_r_full:H5] epoch=10/10 step=125/1086 loss=0.3843
[train:safeobjworld_r_full:H5] epoch=10/10 step=150/1086 loss=0.4308
[train:safeobjworld_r_full:H5] epoch=10/10 step=175/1086 loss=0.4225
[train:safeobjworld_r_full:H5] epoch=10/10 step=200/1086 loss=0.4194
[train:safeobjworld_r_full:H5] epoch=10/10 step=225/1086 loss=0.4174
[train:safeobjworld_r_full:H5] epoch=10/10 step=250/1086 loss=0.4424
[train:safeobjworld_r_full:H5] epoch=10/10 step=275/1086 loss=0.4062
[train:safeobjworld_r_full:H5] epoch=10/10 step=300/1086 loss=0.4428
[train:safeobjworld_r_full:H5] epoch=10/10 step=325/1086 loss=0.4082
[train:safeobjworld_r_full:H5] epoch=10/10 step=350/1086 loss=0.4120
[train:safeobjworld_r_full:H5] epoch=10/10 step=375/1086 loss=0.4102
[train:safeobjworld_r_full:H5] epoch=10/10 step=400/1086 loss=0.4263
[train:safeobjworld_r_full:H5] epoch=10/10 step=425/1086 loss=0.4479
[train:safeobjworld_r_full:H5] epoch=10/10 step=450/1086 loss=0.3953
[train:safeobjworld_r_full:H5] epoch=10/10 step=475/1086 loss=0.3977
[train:safeobjworld_r_full:H5] epoch=10/10 step=500/1086 loss=0.4164
[train:safeobjworld_r_full:H5] epoch=10/10 step=525/1086 loss=0.4163
[train:safeobjworld_r_full:H5] epoch=10/10 step=550/1086 loss=0.3811
[train:safeobjworld_r_full:H5] epoch=10/10 step=575/1086 loss=0.4389
[train:safeobjworld_r_full:H5] epoch=10/10 step=600/1086 loss=0.4141
[train:safeobjworld_r_full:H5] epoch=10/10 step=625/1086 loss=0.4026
[train:safeobjworld_r_full:H5] epoch=10/10 step=650/1086 loss=0.4187
[train:safeobjworld_r_full:H5] epoch=10/10 step=675/1086 loss=0.4267
[train:safeobjworld_r_full:H5] epoch=10/10 step=700/1086 loss=0.4588
[train:safeobjworld_r_full:H5] epoch=10/10 step=725/1086 loss=0.4353
[train:safeobjworld_r_full:H5] epoch=10/10 step=750/1086 loss=0.4033
[train:safeobjworld_r_full:H5] epoch=10/10 step=775/1086 loss=0.4075
[train:safeobjworld_r_full:H5] epoch=10/10 step=800/1086 loss=0.4256
[train:safeobjworld_r_full:H5] epoch=10/10 step=825/1086 loss=0.3933
[train:safeobjworld_r_full:H5] epoch=10/10 step=850/1086 loss=0.3730
[train:safeobjworld_r_full:H5] epoch=10/10 step=875/1086 loss=0.4067
[train:safeobjworld_r_full:H5] epoch=10/10 step=900/1086 loss=0.4347
[train:safeobjworld_r_full:H5] epoch=10/10 step=925/1086 loss=0.4311
[train:safeobjworld_r_full:H5] epoch=10/10 step=950/1086 loss=0.4232
[train:safeobjworld_r_full:H5] epoch=10/10 step=975/1086 loss=0.4093
[train:safeobjworld_r_full:H5] epoch=10/10 step=1000/1086 loss=0.4130
[train:safeobjworld_r_full:H5] epoch=10/10 step=1025/1086 loss=0.4278
[train:safeobjworld_r_full:H5] epoch=10/10 step=1050/1086 loss=0.4038
[train:safeobjworld_r_full:H5] epoch=10/10 step=1075/1086 loss=0.4444
[epoch] method=safeobjworld_r_full epoch=10 train=0.4133 val=0.3516 best=0.3512
[done train] /home/tahiti/SafeObjWorld/runs_v2_full/models/safeobjworld_r_full/H5/best.pt
