====================================================================================================
SafeObjWorld V2 runner
{
  "mode": "train",
  "dataset_root": "/home/tahiti/SafeObjWorld/data/DAVIS2017",
  "run_root": "/home/tahiti/SafeObjWorld/runs_v2_full",
  "year": "2017",
  "method": "safeobjworld_r_full",
  "stress": "clean",
  "prefix_len": 3,
  "max_h": 10,
  "image_size": 192,
  "batch_size": 8,
  "epochs": 10,
  "lr": 0.0002,
  "weight_decay": 0.0001,
  "max_train_samples": 0,
  "max_val_samples": 0,
  "num_workers": 4,
  "seed": 42,
  "eval_k_override": 0,
  "amp": true,
  "cpu": false,
  "skip_existing": true,
  "log_every": 25
}
====================================================================================================
[train] method=safeobjworld_r_full device=cuda cfg={'stress_train': True, 'temporal_weight': 0.05, 'split_weight': 0.005, 'area_weight': 0.1, 'mc_eval': True, 'eval_k': 5}
[train:safeobjworld_r_full:H10] epoch=1/10 step=0/1003 loss=1.5773
[train:safeobjworld_r_full:H10] epoch=1/10 step=25/1003 loss=1.5096
[train:safeobjworld_r_full:H10] epoch=1/10 step=50/1003 loss=1.0274
[train:safeobjworld_r_full:H10] epoch=1/10 step=75/1003 loss=0.9019
[train:safeobjworld_r_full:H10] epoch=1/10 step=100/1003 loss=0.8056
[train:safeobjworld_r_full:H10] epoch=1/10 step=125/1003 loss=0.7248
[train:safeobjworld_r_full:H10] epoch=1/10 step=150/1003 loss=0.7880
[train:safeobjworld_r_full:H10] epoch=1/10 step=175/1003 loss=0.7306
[train:safeobjworld_r_full:H10] epoch=1/10 step=200/1003 loss=0.7103
[train:safeobjworld_r_full:H10] epoch=1/10 step=225/1003 loss=0.6955
[train:safeobjworld_r_full:H10] epoch=1/10 step=250/1003 loss=0.7783
[train:safeobjworld_r_full:H10] epoch=1/10 step=275/1003 loss=0.6760
[train:safeobjworld_r_full:H10] epoch=1/10 step=300/1003 loss=0.7227
[train:safeobjworld_r_full:H10] epoch=1/10 step=325/1003 loss=0.7056
[train:safeobjworld_r_full:H10] epoch=1/10 step=350/1003 loss=0.6990
[train:safeobjworld_r_full:H10] epoch=1/10 step=375/1003 loss=0.6948
[train:safeobjworld_r_full:H10] epoch=1/10 step=400/1003 loss=0.7088
[train:safeobjworld_r_full:H10] epoch=1/10 step=425/1003 loss=0.6964
[train:safeobjworld_r_full:H10] epoch=1/10 step=450/1003 loss=0.6423
[train:safeobjworld_r_full:H10] epoch=1/10 step=475/1003 loss=0.7299
[train:safeobjworld_r_full:H10] epoch=1/10 step=500/1003 loss=0.7029
[train:safeobjworld_r_full:H10] epoch=1/10 step=525/1003 loss=0.7164
[train:safeobjworld_r_full:H10] epoch=1/10 step=550/1003 loss=0.6785
[train:safeobjworld_r_full:H10] epoch=1/10 step=575/1003 loss=0.6992
[train:safeobjworld_r_full:H10] epoch=1/10 step=600/1003 loss=0.6684
[train:safeobjworld_r_full:H10] epoch=1/10 step=625/1003 loss=0.6388
[train:safeobjworld_r_full:H10] epoch=1/10 step=650/1003 loss=0.6663
[train:safeobjworld_r_full:H10] epoch=1/10 step=675/1003 loss=0.6569
[train:safeobjworld_r_full:H10] epoch=1/10 step=700/1003 loss=0.6774
[train:safeobjworld_r_full:H10] epoch=1/10 step=725/1003 loss=0.6387
[train:safeobjworld_r_full:H10] epoch=1/10 step=750/1003 loss=0.6280
[train:safeobjworld_r_full:H10] epoch=1/10 step=775/1003 loss=0.6504
[train:safeobjworld_r_full:H10] epoch=1/10 step=800/1003 loss=0.6661
[train:safeobjworld_r_full:H10] epoch=1/10 step=825/1003 loss=0.6505
[train:safeobjworld_r_full:H10] epoch=1/10 step=850/1003 loss=0.6591
[train:safeobjworld_r_full:H10] epoch=1/10 step=875/1003 loss=0.6208
[train:safeobjworld_r_full:H10] epoch=1/10 step=900/1003 loss=0.6650
[train:safeobjworld_r_full:H10] epoch=1/10 step=925/1003 loss=0.5962
[train:safeobjworld_r_full:H10] epoch=1/10 step=950/1003 loss=0.5885
[train:safeobjworld_r_full:H10] epoch=1/10 step=975/1003 loss=0.6110
[train:safeobjworld_r_full:H10] epoch=1/10 step=1000/1003 loss=0.6531
[epoch] method=safeobjworld_r_full epoch=1 train=0.7213 val=0.5116 best=0.5116
[train:safeobjworld_r_full:H10] epoch=2/10 step=0/1003 loss=0.4304
[train:safeobjworld_r_full:H10] epoch=2/10 step=25/1003 loss=0.6049
[train:safeobjworld_r_full:H10] epoch=2/10 step=50/1003 loss=0.6168
[train:safeobjworld_r_full:H10] epoch=2/10 step=75/1003 loss=0.6311
[train:safeobjworld_r_full:H10] epoch=2/10 step=100/1003 loss=0.6262
[train:safeobjworld_r_full:H10] epoch=2/10 step=125/1003 loss=0.6017
[train:safeobjworld_r_full:H10] epoch=2/10 step=150/1003 loss=0.6634
[train:safeobjworld_r_full:H10] epoch=2/10 step=175/1003 loss=0.6060
[train:safeobjworld_r_full:H10] epoch=2/10 step=200/1003 loss=0.5854
[train:safeobjworld_r_full:H10] epoch=2/10 step=225/1003 loss=0.6463
[train:safeobjworld_r_full:H10] epoch=2/10 step=250/1003 loss=0.6301
[train:safeobjworld_r_full:H10] epoch=2/10 step=275/1003 loss=0.6426
[train:safeobjworld_r_full:H10] epoch=2/10 step=300/1003 loss=0.5963
[train:safeobjworld_r_full:H10] epoch=2/10 step=325/1003 loss=0.6640
[train:safeobjworld_r_full:H10] epoch=2/10 step=350/1003 loss=0.6284
[train:safeobjworld_r_full:H10] epoch=2/10 step=375/1003 loss=0.6167
[train:safeobjworld_r_full:H10] epoch=2/10 step=400/1003 loss=0.6034
[train:safeobjworld_r_full:H10] epoch=2/10 step=425/1003 loss=0.6166
[train:safeobjworld_r_full:H10] epoch=2/10 step=450/1003 loss=0.6091
[train:safeobjworld_r_full:H10] epoch=2/10 step=475/1003 loss=0.6136
[train:safeobjworld_r_full:H10] epoch=2/10 step=500/1003 loss=0.5765
[train:safeobjworld_r_full:H10] epoch=2/10 step=525/1003 loss=0.6452
[train:safeobjworld_r_full:H10] epoch=2/10 step=550/1003 loss=0.5904
[train:safeobjworld_r_full:H10] epoch=2/10 step=575/1003 loss=0.6007
[train:safeobjworld_r_full:H10] epoch=2/10 step=600/1003 loss=0.5814
[train:safeobjworld_r_full:H10] epoch=2/10 step=625/1003 loss=0.5623
[train:safeobjworld_r_full:H10] epoch=2/10 step=650/1003 loss=0.6365
[train:safeobjworld_r_full:H10] epoch=2/10 step=675/1003 loss=0.6483
[train:safeobjworld_r_full:H10] epoch=2/10 step=700/1003 loss=0.6344
[train:safeobjworld_r_full:H10] epoch=2/10 step=725/1003 loss=0.6070
[train:safeobjworld_r_full:H10] epoch=2/10 step=750/1003 loss=0.6160
[train:safeobjworld_r_full:H10] epoch=2/10 step=775/1003 loss=0.6128
[train:safeobjworld_r_full:H10] epoch=2/10 step=800/1003 loss=0.5990
[train:safeobjworld_r_full:H10] epoch=2/10 step=825/1003 loss=0.6268
[train:safeobjworld_r_full:H10] epoch=2/10 step=850/1003 loss=0.5954
[train:safeobjworld_r_full:H10] epoch=2/10 step=875/1003 loss=0.5852
[train:safeobjworld_r_full:H10] epoch=2/10 step=900/1003 loss=0.6153
[train:safeobjworld_r_full:H10] epoch=2/10 step=925/1003 loss=0.6378
[train:safeobjworld_r_full:H10] epoch=2/10 step=950/1003 loss=0.5716
[train:safeobjworld_r_full:H10] epoch=2/10 step=975/1003 loss=0.6195
[train:safeobjworld_r_full:H10] epoch=2/10 step=1000/1003 loss=0.6337
[epoch] method=safeobjworld_r_full epoch=2 train=0.6173 val=0.4928 best=0.4928
[train:safeobjworld_r_full:H10] epoch=3/10 step=0/1003 loss=0.6124
[train:safeobjworld_r_full:H10] epoch=3/10 step=25/1003 loss=0.6299
[train:safeobjworld_r_full:H10] epoch=3/10 step=50/1003 loss=0.6162
[train:safeobjworld_r_full:H10] epoch=3/10 step=75/1003 loss=0.5874
[train:safeobjworld_r_full:H10] epoch=3/10 step=100/1003 loss=0.6055
[train:safeobjworld_r_full:H10] epoch=3/10 step=125/1003 loss=0.6059
[train:safeobjworld_r_full:H10] epoch=3/10 step=150/1003 loss=0.6001
[train:safeobjworld_r_full:H10] epoch=3/10 step=175/1003 loss=0.5628
[train:safeobjworld_r_full:H10] epoch=3/10 step=200/1003 loss=0.6290
[train:safeobjworld_r_full:H10] epoch=3/10 step=225/1003 loss=0.6364
[train:safeobjworld_r_full:H10] epoch=3/10 step=250/1003 loss=0.6032
[train:safeobjworld_r_full:H10] epoch=3/10 step=275/1003 loss=0.5870
[train:safeobjworld_r_full:H10] epoch=3/10 step=300/1003 loss=0.5979
[train:safeobjworld_r_full:H10] epoch=3/10 step=325/1003 loss=0.5975
[train:safeobjworld_r_full:H10] epoch=3/10 step=350/1003 loss=0.6241
[train:safeobjworld_r_full:H10] epoch=3/10 step=375/1003 loss=0.5831
[train:safeobjworld_r_full:H10] epoch=3/10 step=400/1003 loss=0.5897
[train:safeobjworld_r_full:H10] epoch=3/10 step=425/1003 loss=0.6140
[train:safeobjworld_r_full:H10] epoch=3/10 step=450/1003 loss=0.5795
[train:safeobjworld_r_full:H10] epoch=3/10 step=475/1003 loss=0.6121
[train:safeobjworld_r_full:H10] epoch=3/10 step=500/1003 loss=0.5726
[train:safeobjworld_r_full:H10] epoch=3/10 step=525/1003 loss=0.6078
[train:safeobjworld_r_full:H10] epoch=3/10 step=550/1003 loss=0.5872
[train:safeobjworld_r_full:H10] epoch=3/10 step=575/1003 loss=0.6525
[train:safeobjworld_r_full:H10] epoch=3/10 step=600/1003 loss=0.6334
[train:safeobjworld_r_full:H10] epoch=3/10 step=625/1003 loss=0.6183
[train:safeobjworld_r_full:H10] epoch=3/10 step=650/1003 loss=0.5872
[train:safeobjworld_r_full:H10] epoch=3/10 step=675/1003 loss=0.5786
[train:safeobjworld_r_full:H10] epoch=3/10 step=700/1003 loss=0.5892
[train:safeobjworld_r_full:H10] epoch=3/10 step=725/1003 loss=0.6227
[train:safeobjworld_r_full:H10] epoch=3/10 step=750/1003 loss=0.5400
[train:safeobjworld_r_full:H10] epoch=3/10 step=775/1003 loss=0.5937
[train:safeobjworld_r_full:H10] epoch=3/10 step=800/1003 loss=0.6094
[train:safeobjworld_r_full:H10] epoch=3/10 step=825/1003 loss=0.6014
[train:safeobjworld_r_full:H10] epoch=3/10 step=850/1003 loss=0.6095
[train:safeobjworld_r_full:H10] epoch=3/10 step=875/1003 loss=0.5998
[train:safeobjworld_r_full:H10] epoch=3/10 step=900/1003 loss=0.5764
[train:safeobjworld_r_full:H10] epoch=3/10 step=925/1003 loss=0.5771
[train:safeobjworld_r_full:H10] epoch=3/10 step=950/1003 loss=0.5490
[train:safeobjworld_r_full:H10] epoch=3/10 step=975/1003 loss=0.5664
[train:safeobjworld_r_full:H10] epoch=3/10 step=1000/1003 loss=0.6018
[epoch] method=safeobjworld_r_full epoch=3 train=0.5965 val=0.4917 best=0.4917
[train:safeobjworld_r_full:H10] epoch=4/10 step=0/1003 loss=0.5186
[train:safeobjworld_r_full:H10] epoch=4/10 step=25/1003 loss=0.6037
[train:safeobjworld_r_full:H10] epoch=4/10 step=50/1003 loss=0.6105
[train:safeobjworld_r_full:H10] epoch=4/10 step=75/1003 loss=0.6131
[train:safeobjworld_r_full:H10] epoch=4/10 step=100/1003 loss=0.5769
[train:safeobjworld_r_full:H10] epoch=4/10 step=125/1003 loss=0.5885
[train:safeobjworld_r_full:H10] epoch=4/10 step=150/1003 loss=0.5598
[train:safeobjworld_r_full:H10] epoch=4/10 step=175/1003 loss=0.6046
[train:safeobjworld_r_full:H10] epoch=4/10 step=200/1003 loss=0.6144
[train:safeobjworld_r_full:H10] epoch=4/10 step=225/1003 loss=0.5743
[train:safeobjworld_r_full:H10] epoch=4/10 step=250/1003 loss=0.5411
[train:safeobjworld_r_full:H10] epoch=4/10 step=275/1003 loss=0.5884
[train:safeobjworld_r_full:H10] epoch=4/10 step=300/1003 loss=0.5686
[train:safeobjworld_r_full:H10] epoch=4/10 step=325/1003 loss=0.5891
[train:safeobjworld_r_full:H10] epoch=4/10 step=350/1003 loss=0.5560
[train:safeobjworld_r_full:H10] epoch=4/10 step=375/1003 loss=0.5825
[train:safeobjworld_r_full:H10] epoch=4/10 step=400/1003 loss=0.5682
[train:safeobjworld_r_full:H10] epoch=4/10 step=425/1003 loss=0.5752
[train:safeobjworld_r_full:H10] epoch=4/10 step=450/1003 loss=0.5873
[train:safeobjworld_r_full:H10] epoch=4/10 step=475/1003 loss=0.5770
[train:safeobjworld_r_full:H10] epoch=4/10 step=500/1003 loss=0.5168
[train:safeobjworld_r_full:H10] epoch=4/10 step=525/1003 loss=0.5911
[train:safeobjworld_r_full:H10] epoch=4/10 step=550/1003 loss=0.5737
[train:safeobjworld_r_full:H10] epoch=4/10 step=575/1003 loss=0.6491
[train:safeobjworld_r_full:H10] epoch=4/10 step=600/1003 loss=0.5529
[train:safeobjworld_r_full:H10] epoch=4/10 step=625/1003 loss=0.5269
[train:safeobjworld_r_full:H10] epoch=4/10 step=650/1003 loss=0.6515
[train:safeobjworld_r_full:H10] epoch=4/10 step=675/1003 loss=0.5993
[train:safeobjworld_r_full:H10] epoch=4/10 step=700/1003 loss=0.5897
[train:safeobjworld_r_full:H10] epoch=4/10 step=725/1003 loss=0.6029
[train:safeobjworld_r_full:H10] epoch=4/10 step=750/1003 loss=0.5766
[train:safeobjworld_r_full:H10] epoch=4/10 step=775/1003 loss=0.5737
[train:safeobjworld_r_full:H10] epoch=4/10 step=800/1003 loss=0.5713
[train:safeobjworld_r_full:H10] epoch=4/10 step=825/1003 loss=0.5416
[train:safeobjworld_r_full:H10] epoch=4/10 step=850/1003 loss=0.5539
[train:safeobjworld_r_full:H10] epoch=4/10 step=875/1003 loss=0.6077
[train:safeobjworld_r_full:H10] epoch=4/10 step=900/1003 loss=0.5847
[train:safeobjworld_r_full:H10] epoch=4/10 step=925/1003 loss=0.5641
[train:safeobjworld_r_full:H10] epoch=4/10 step=950/1003 loss=0.5625
[train:safeobjworld_r_full:H10] epoch=4/10 step=975/1003 loss=0.5840
[train:safeobjworld_r_full:H10] epoch=4/10 step=1000/1003 loss=0.5989
[epoch] method=safeobjworld_r_full epoch=4 train=0.5821 val=0.4780 best=0.4780
[train:safeobjworld_r_full:H10] epoch=5/10 step=0/1003 loss=0.4185
[train:safeobjworld_r_full:H10] epoch=5/10 step=25/1003 loss=0.5738
[train:safeobjworld_r_full:H10] epoch=5/10 step=50/1003 loss=0.6007
[train:safeobjworld_r_full:H10] epoch=5/10 step=75/1003 loss=0.6280
[train:safeobjworld_r_full:H10] epoch=5/10 step=100/1003 loss=0.5778
[train:safeobjworld_r_full:H10] epoch=5/10 step=125/1003 loss=0.5584
[train:safeobjworld_r_full:H10] epoch=5/10 step=150/1003 loss=0.5708
[train:safeobjworld_r_full:H10] epoch=5/10 step=175/1003 loss=0.5302
[train:safeobjworld_r_full:H10] epoch=5/10 step=200/1003 loss=0.6152
[train:safeobjworld_r_full:H10] epoch=5/10 step=225/1003 loss=0.5489
[train:safeobjworld_r_full:H10] epoch=5/10 step=250/1003 loss=0.5730
[train:safeobjworld_r_full:H10] epoch=5/10 step=275/1003 loss=0.5587
[train:safeobjworld_r_full:H10] epoch=5/10 step=300/1003 loss=0.5720
[train:safeobjworld_r_full:H10] epoch=5/10 step=325/1003 loss=0.5527
[train:safeobjworld_r_full:H10] epoch=5/10 step=350/1003 loss=0.5885
[train:safeobjworld_r_full:H10] epoch=5/10 step=375/1003 loss=0.5562
[train:safeobjworld_r_full:H10] epoch=5/10 step=400/1003 loss=0.5131
[train:safeobjworld_r_full:H10] epoch=5/10 step=425/1003 loss=0.5799
[train:safeobjworld_r_full:H10] epoch=5/10 step=450/1003 loss=0.6072
[train:safeobjworld_r_full:H10] epoch=5/10 step=475/1003 loss=0.5765
[train:safeobjworld_r_full:H10] epoch=5/10 step=500/1003 loss=0.6270
[train:safeobjworld_r_full:H10] epoch=5/10 step=525/1003 loss=0.5615
[train:safeobjworld_r_full:H10] epoch=5/10 step=550/1003 loss=0.5698
[train:safeobjworld_r_full:H10] epoch=5/10 step=575/1003 loss=0.5736
[train:safeobjworld_r_full:H10] epoch=5/10 step=600/1003 loss=0.5950
[train:safeobjworld_r_full:H10] epoch=5/10 step=625/1003 loss=0.5752
[train:safeobjworld_r_full:H10] epoch=5/10 step=650/1003 loss=0.5591
[train:safeobjworld_r_full:H10] epoch=5/10 step=675/1003 loss=0.5602
[train:safeobjworld_r_full:H10] epoch=5/10 step=700/1003 loss=0.5598
[train:safeobjworld_r_full:H10] epoch=5/10 step=725/1003 loss=0.5913
[train:safeobjworld_r_full:H10] epoch=5/10 step=750/1003 loss=0.5639
[train:safeobjworld_r_full:H10] epoch=5/10 step=775/1003 loss=0.5683
[train:safeobjworld_r_full:H10] epoch=5/10 step=800/1003 loss=0.5581
[train:safeobjworld_r_full:H10] epoch=5/10 step=825/1003 loss=0.5775
[train:safeobjworld_r_full:H10] epoch=5/10 step=850/1003 loss=0.5906
[train:safeobjworld_r_full:H10] epoch=5/10 step=875/1003 loss=0.5878
[train:safeobjworld_r_full:H10] epoch=5/10 step=900/1003 loss=0.5855
[train:safeobjworld_r_full:H10] epoch=5/10 step=925/1003 loss=0.5874
[train:safeobjworld_r_full:H10] epoch=5/10 step=950/1003 loss=0.5840
[train:safeobjworld_r_full:H10] epoch=5/10 step=975/1003 loss=0.5845
[train:safeobjworld_r_full:H10] epoch=5/10 step=1000/1003 loss=0.5634
[epoch] method=safeobjworld_r_full epoch=5 train=0.5733 val=0.4800 best=0.4780
[train:safeobjworld_r_full:H10] epoch=6/10 step=0/1003 loss=0.5993
[train:safeobjworld_r_full:H10] epoch=6/10 step=25/1003 loss=0.5743
[train:safeobjworld_r_full:H10] epoch=6/10 step=50/1003 loss=0.5830
[train:safeobjworld_r_full:H10] epoch=6/10 step=75/1003 loss=0.5174
[train:safeobjworld_r_full:H10] epoch=6/10 step=100/1003 loss=0.5231
[train:safeobjworld_r_full:H10] epoch=6/10 step=125/1003 loss=0.5532
[train:safeobjworld_r_full:H10] epoch=6/10 step=150/1003 loss=0.5777
[train:safeobjworld_r_full:H10] epoch=6/10 step=175/1003 loss=0.5578
[train:safeobjworld_r_full:H10] epoch=6/10 step=200/1003 loss=0.5834
[train:safeobjworld_r_full:H10] epoch=6/10 step=225/1003 loss=0.5960
[train:safeobjworld_r_full:H10] epoch=6/10 step=250/1003 loss=0.5555
[train:safeobjworld_r_full:H10] epoch=6/10 step=275/1003 loss=0.5773
[train:safeobjworld_r_full:H10] epoch=6/10 step=300/1003 loss=0.6045
[train:safeobjworld_r_full:H10] epoch=6/10 step=325/1003 loss=0.5612
[train:safeobjworld_r_full:H10] epoch=6/10 step=350/1003 loss=0.5691
[train:safeobjworld_r_full:H10] epoch=6/10 step=375/1003 loss=0.5364
[train:safeobjworld_r_full:H10] epoch=6/10 step=400/1003 loss=0.5674
[train:safeobjworld_r_full:H10] epoch=6/10 step=425/1003 loss=0.5985
[train:safeobjworld_r_full:H10] epoch=6/10 step=450/1003 loss=0.5480
[train:safeobjworld_r_full:H10] epoch=6/10 step=475/1003 loss=0.5465
[train:safeobjworld_r_full:H10] epoch=6/10 step=500/1003 loss=0.5836
[train:safeobjworld_r_full:H10] epoch=6/10 step=525/1003 loss=0.5560
[train:safeobjworld_r_full:H10] epoch=6/10 step=550/1003 loss=0.5657
[train:safeobjworld_r_full:H10] epoch=6/10 step=575/1003 loss=0.5800
[train:safeobjworld_r_full:H10] epoch=6/10 step=600/1003 loss=0.5824
[train:safeobjworld_r_full:H10] epoch=6/10 step=625/1003 loss=0.5672
[train:safeobjworld_r_full:H10] epoch=6/10 step=650/1003 loss=0.5683
[train:safeobjworld_r_full:H10] epoch=6/10 step=675/1003 loss=0.5635
[train:safeobjworld_r_full:H10] epoch=6/10 step=700/1003 loss=0.5840
[train:safeobjworld_r_full:H10] epoch=6/10 step=725/1003 loss=0.5420
[train:safeobjworld_r_full:H10] epoch=6/10 step=750/1003 loss=0.5629
[train:safeobjworld_r_full:H10] epoch=6/10 step=775/1003 loss=0.5586
[train:safeobjworld_r_full:H10] epoch=6/10 step=800/1003 loss=0.5502
[train:safeobjworld_r_full:H10] epoch=6/10 step=825/1003 loss=0.5293
[train:safeobjworld_r_full:H10] epoch=6/10 step=850/1003 loss=0.5716
[train:safeobjworld_r_full:H10] epoch=6/10 step=875/1003 loss=0.5147
[train:safeobjworld_r_full:H10] epoch=6/10 step=900/1003 loss=0.6152
[train:safeobjworld_r_full:H10] epoch=6/10 step=925/1003 loss=0.5295
[train:safeobjworld_r_full:H10] epoch=6/10 step=950/1003 loss=0.5604
[train:safeobjworld_r_full:H10] epoch=6/10 step=975/1003 loss=0.6025
[train:safeobjworld_r_full:H10] epoch=6/10 step=1000/1003 loss=0.5381
[epoch] method=safeobjworld_r_full epoch=6 train=0.5649 val=0.4799 best=0.4780
[train:safeobjworld_r_full:H10] epoch=7/10 step=0/1003 loss=0.7862
[train:safeobjworld_r_full:H10] epoch=7/10 step=25/1003 loss=0.5822
[train:safeobjworld_r_full:H10] epoch=7/10 step=50/1003 loss=0.5691
[train:safeobjworld_r_full:H10] epoch=7/10 step=75/1003 loss=0.5760
[train:safeobjworld_r_full:H10] epoch=7/10 step=100/1003 loss=0.5520
[train:safeobjworld_r_full:H10] epoch=7/10 step=125/1003 loss=0.5759
[train:safeobjworld_r_full:H10] epoch=7/10 step=150/1003 loss=0.5477
[train:safeobjworld_r_full:H10] epoch=7/10 step=175/1003 loss=0.5906
[train:safeobjworld_r_full:H10] epoch=7/10 step=200/1003 loss=0.5407
[train:safeobjworld_r_full:H10] epoch=7/10 step=225/1003 loss=0.5989
[train:safeobjworld_r_full:H10] epoch=7/10 step=250/1003 loss=0.5807
[train:safeobjworld_r_full:H10] epoch=7/10 step=275/1003 loss=0.5608
[train:safeobjworld_r_full:H10] epoch=7/10 step=300/1003 loss=0.5230
[train:safeobjworld_r_full:H10] epoch=7/10 step=325/1003 loss=0.5398
[train:safeobjworld_r_full:H10] epoch=7/10 step=350/1003 loss=0.5432
[train:safeobjworld_r_full:H10] epoch=7/10 step=375/1003 loss=0.6066
[train:safeobjworld_r_full:H10] epoch=7/10 step=400/1003 loss=0.5739
[train:safeobjworld_r_full:H10] epoch=7/10 step=425/1003 loss=0.5418
[train:safeobjworld_r_full:H10] epoch=7/10 step=450/1003 loss=0.5822
[train:safeobjworld_r_full:H10] epoch=7/10 step=475/1003 loss=0.5765
[train:safeobjworld_r_full:H10] epoch=7/10 step=500/1003 loss=0.5925
[train:safeobjworld_r_full:H10] epoch=7/10 step=525/1003 loss=0.5269
[train:safeobjworld_r_full:H10] epoch=7/10 step=550/1003 loss=0.5424
[train:safeobjworld_r_full:H10] epoch=7/10 step=575/1003 loss=0.5490
[train:safeobjworld_r_full:H10] epoch=7/10 step=600/1003 loss=0.5588
[train:safeobjworld_r_full:H10] epoch=7/10 step=625/1003 loss=0.5607
[train:safeobjworld_r_full:H10] epoch=7/10 step=650/1003 loss=0.5521
[train:safeobjworld_r_full:H10] epoch=7/10 step=675/1003 loss=0.5549
[train:safeobjworld_r_full:H10] epoch=7/10 step=700/1003 loss=0.5866
[train:safeobjworld_r_full:H10] epoch=7/10 step=725/1003 loss=0.5530
[train:safeobjworld_r_full:H10] epoch=7/10 step=750/1003 loss=0.5660
[train:safeobjworld_r_full:H10] epoch=7/10 step=775/1003 loss=0.5733
[train:safeobjworld_r_full:H10] epoch=7/10 step=800/1003 loss=0.5300
[train:safeobjworld_r_full:H10] epoch=7/10 step=825/1003 loss=0.5244
[train:safeobjworld_r_full:H10] epoch=7/10 step=850/1003 loss=0.5543
[train:safeobjworld_r_full:H10] epoch=7/10 step=875/1003 loss=0.5443
[train:safeobjworld_r_full:H10] epoch=7/10 step=900/1003 loss=0.5609
[train:safeobjworld_r_full:H10] epoch=7/10 step=925/1003 loss=0.5600
[train:safeobjworld_r_full:H10] epoch=7/10 step=950/1003 loss=0.5552
[train:safeobjworld_r_full:H10] epoch=7/10 step=975/1003 loss=0.5668
[train:safeobjworld_r_full:H10] epoch=7/10 step=1000/1003 loss=0.5495
[epoch] method=safeobjworld_r_full epoch=7 train=0.5583 val=0.4788 best=0.4780
[train:safeobjworld_r_full:H10] epoch=8/10 step=0/1003 loss=0.6684
[train:safeobjworld_r_full:H10] epoch=8/10 step=25/1003 loss=0.5544
[train:safeobjworld_r_full:H10] epoch=8/10 step=50/1003 loss=0.5385
[train:safeobjworld_r_full:H10] epoch=8/10 step=75/1003 loss=0.5289
[train:safeobjworld_r_full:H10] epoch=8/10 step=100/1003 loss=0.5507
[train:safeobjworld_r_full:H10] epoch=8/10 step=125/1003 loss=0.5388
[train:safeobjworld_r_full:H10] epoch=8/10 step=150/1003 loss=0.5402
[train:safeobjworld_r_full:H10] epoch=8/10 step=175/1003 loss=0.5962
[train:safeobjworld_r_full:H10] epoch=8/10 step=200/1003 loss=0.5410
[train:safeobjworld_r_full:H10] epoch=8/10 step=225/1003 loss=0.5878
[train:safeobjworld_r_full:H10] epoch=8/10 step=250/1003 loss=0.5940
[train:safeobjworld_r_full:H10] epoch=8/10 step=275/1003 loss=0.5258
[train:safeobjworld_r_full:H10] epoch=8/10 step=300/1003 loss=0.5498
[train:safeobjworld_r_full:H10] epoch=8/10 step=325/1003 loss=0.5500
[train:safeobjworld_r_full:H10] epoch=8/10 step=350/1003 loss=0.5838
[train:safeobjworld_r_full:H10] epoch=8/10 step=375/1003 loss=0.5853
[train:safeobjworld_r_full:H10] epoch=8/10 step=400/1003 loss=0.5538
[train:safeobjworld_r_full:H10] epoch=8/10 step=425/1003 loss=0.5410
[train:safeobjworld_r_full:H10] epoch=8/10 step=450/1003 loss=0.5544
[train:safeobjworld_r_full:H10] epoch=8/10 step=475/1003 loss=0.5430
[train:safeobjworld_r_full:H10] epoch=8/10 step=500/1003 loss=0.5303
[train:safeobjworld_r_full:H10] epoch=8/10 step=525/1003 loss=0.5672
[train:safeobjworld_r_full:H10] epoch=8/10 step=550/1003 loss=0.5436
[train:safeobjworld_r_full:H10] epoch=8/10 step=575/1003 loss=0.5151
[train:safeobjworld_r_full:H10] epoch=8/10 step=600/1003 loss=0.5125
[train:safeobjworld_r_full:H10] epoch=8/10 step=625/1003 loss=0.5366
[train:safeobjworld_r_full:H10] epoch=8/10 step=650/1003 loss=0.5390
[train:safeobjworld_r_full:H10] epoch=8/10 step=675/1003 loss=0.5456
[train:safeobjworld_r_full:H10] epoch=8/10 step=700/1003 loss=0.5673
[train:safeobjworld_r_full:H10] epoch=8/10 step=725/1003 loss=0.5474
[train:safeobjworld_r_full:H10] epoch=8/10 step=750/1003 loss=0.5420
[train:safeobjworld_r_full:H10] epoch=8/10 step=775/1003 loss=0.5998
[train:safeobjworld_r_full:H10] epoch=8/10 step=800/1003 loss=0.5724
[train:safeobjworld_r_full:H10] epoch=8/10 step=825/1003 loss=0.5533
[train:safeobjworld_r_full:H10] epoch=8/10 step=850/1003 loss=0.5881
[train:safeobjworld_r_full:H10] epoch=8/10 step=875/1003 loss=0.5512
[train:safeobjworld_r_full:H10] epoch=8/10 step=900/1003 loss=0.5353
[train:safeobjworld_r_full:H10] epoch=8/10 step=925/1003 loss=0.5723
[train:safeobjworld_r_full:H10] epoch=8/10 step=950/1003 loss=0.5548
[train:safeobjworld_r_full:H10] epoch=8/10 step=975/1003 loss=0.5887
[train:safeobjworld_r_full:H10] epoch=8/10 step=1000/1003 loss=0.5659
[epoch] method=safeobjworld_r_full epoch=8 train=0.5518 val=0.4826 best=0.4780
[train:safeobjworld_r_full:H10] epoch=9/10 step=0/1003 loss=0.5652
[train:safeobjworld_r_full:H10] epoch=9/10 step=25/1003 loss=0.5168
[train:safeobjworld_r_full:H10] epoch=9/10 step=50/1003 loss=0.5836
[train:safeobjworld_r_full:H10] epoch=9/10 step=75/1003 loss=0.5550
[train:safeobjworld_r_full:H10] epoch=9/10 step=100/1003 loss=0.5743
[train:safeobjworld_r_full:H10] epoch=9/10 step=125/1003 loss=0.5666
[train:safeobjworld_r_full:H10] epoch=9/10 step=150/1003 loss=0.5003
[train:safeobjworld_r_full:H10] epoch=9/10 step=175/1003 loss=0.5705
[train:safeobjworld_r_full:H10] epoch=9/10 step=200/1003 loss=0.5631
[train:safeobjworld_r_full:H10] epoch=9/10 step=225/1003 loss=0.5102
[train:safeobjworld_r_full:H10] epoch=9/10 step=250/1003 loss=0.5468
[train:safeobjworld_r_full:H10] epoch=9/10 step=275/1003 loss=0.5210
[train:safeobjworld_r_full:H10] epoch=9/10 step=300/1003 loss=0.5263
[train:safeobjworld_r_full:H10] epoch=9/10 step=325/1003 loss=0.5211
[train:safeobjworld_r_full:H10] epoch=9/10 step=350/1003 loss=0.5372
[train:safeobjworld_r_full:H10] epoch=9/10 step=375/1003 loss=0.5570
[train:safeobjworld_r_full:H10] epoch=9/10 step=400/1003 loss=0.5212
[train:safeobjworld_r_full:H10] epoch=9/10 step=425/1003 loss=0.5472
[train:safeobjworld_r_full:H10] epoch=9/10 step=450/1003 loss=0.5844
[train:safeobjworld_r_full:H10] epoch=9/10 step=475/1003 loss=0.5198
[train:safeobjworld_r_full:H10] epoch=9/10 step=500/1003 loss=0.5741
[train:safeobjworld_r_full:H10] epoch=9/10 step=525/1003 loss=0.5572
[train:safeobjworld_r_full:H10] epoch=9/10 step=550/1003 loss=0.5629
[train:safeobjworld_r_full:H10] epoch=9/10 step=575/1003 loss=0.6127
[train:safeobjworld_r_full:H10] epoch=9/10 step=600/1003 loss=0.5259
[train:safeobjworld_r_full:H10] epoch=9/10 step=625/1003 loss=0.5218
[train:safeobjworld_r_full:H10] epoch=9/10 step=650/1003 loss=0.5362
[train:safeobjworld_r_full:H10] epoch=9/10 step=675/1003 loss=0.5318
[train:safeobjworld_r_full:H10] epoch=9/10 step=700/1003 loss=0.5694
[train:safeobjworld_r_full:H10] epoch=9/10 step=725/1003 loss=0.5560
[train:safeobjworld_r_full:H10] epoch=9/10 step=750/1003 loss=0.5590
[train:safeobjworld_r_full:H10] epoch=9/10 step=775/1003 loss=0.5529
[train:safeobjworld_r_full:H10] epoch=9/10 step=800/1003 loss=0.5940
[train:safeobjworld_r_full:H10] epoch=9/10 step=825/1003 loss=0.5517
[train:safeobjworld_r_full:H10] epoch=9/10 step=850/1003 loss=0.5535
[train:safeobjworld_r_full:H10] epoch=9/10 step=875/1003 loss=0.5528
[train:safeobjworld_r_full:H10] epoch=9/10 step=900/1003 loss=0.5711
[train:safeobjworld_r_full:H10] epoch=9/10 step=925/1003 loss=0.5549
[train:safeobjworld_r_full:H10] epoch=9/10 step=950/1003 loss=0.5539
[train:safeobjworld_r_full:H10] epoch=9/10 step=975/1003 loss=0.5521
[train:safeobjworld_r_full:H10] epoch=9/10 step=1000/1003 loss=0.5328
[epoch] method=safeobjworld_r_full epoch=9 train=0.5469 val=0.4782 best=0.4780
[train:safeobjworld_r_full:H10] epoch=10/10 step=0/1003 loss=0.4801
[train:safeobjworld_r_full:H10] epoch=10/10 step=25/1003 loss=0.5354
[train:safeobjworld_r_full:H10] epoch=10/10 step=50/1003 loss=0.5470
[train:safeobjworld_r_full:H10] epoch=10/10 step=75/1003 loss=0.5235
[train:safeobjworld_r_full:H10] epoch=10/10 step=100/1003 loss=0.5534
[train:safeobjworld_r_full:H10] epoch=10/10 step=125/1003 loss=0.5274
[train:safeobjworld_r_full:H10] epoch=10/10 step=150/1003 loss=0.5096
[train:safeobjworld_r_full:H10] epoch=10/10 step=175/1003 loss=0.5310
[train:safeobjworld_r_full:H10] epoch=10/10 step=200/1003 loss=0.5470
[train:safeobjworld_r_full:H10] epoch=10/10 step=225/1003 loss=0.5241
[train:safeobjworld_r_full:H10] epoch=10/10 step=250/1003 loss=0.5104
[train:safeobjworld_r_full:H10] epoch=10/10 step=275/1003 loss=0.6015
[train:safeobjworld_r_full:H10] epoch=10/10 step=300/1003 loss=0.5411
[train:safeobjworld_r_full:H10] epoch=10/10 step=325/1003 loss=0.5657
[train:safeobjworld_r_full:H10] epoch=10/10 step=350/1003 loss=0.5439
[train:safeobjworld_r_full:H10] epoch=10/10 step=375/1003 loss=0.5617
[train:safeobjworld_r_full:H10] epoch=10/10 step=400/1003 loss=0.5775
[train:safeobjworld_r_full:H10] epoch=10/10 step=425/1003 loss=0.5468
[train:safeobjworld_r_full:H10] epoch=10/10 step=450/1003 loss=0.5347
[train:safeobjworld_r_full:H10] epoch=10/10 step=475/1003 loss=0.5546
[train:safeobjworld_r_full:H10] epoch=10/10 step=500/1003 loss=0.5526
[train:safeobjworld_r_full:H10] epoch=10/10 step=525/1003 loss=0.5550
[train:safeobjworld_r_full:H10] epoch=10/10 step=550/1003 loss=0.5478
[train:safeobjworld_r_full:H10] epoch=10/10 step=575/1003 loss=0.5543
[train:safeobjworld_r_full:H10] epoch=10/10 step=600/1003 loss=0.5273
[train:safeobjworld_r_full:H10] epoch=10/10 step=625/1003 loss=0.5275
[train:safeobjworld_r_full:H10] epoch=10/10 step=650/1003 loss=0.5225
[train:safeobjworld_r_full:H10] epoch=10/10 step=675/1003 loss=0.5702
[train:safeobjworld_r_full:H10] epoch=10/10 step=700/1003 loss=0.5497
[train:safeobjworld_r_full:H10] epoch=10/10 step=725/1003 loss=0.5498
[train:safeobjworld_r_full:H10] epoch=10/10 step=750/1003 loss=0.5290
[train:safeobjworld_r_full:H10] epoch=10/10 step=775/1003 loss=0.5425
[train:safeobjworld_r_full:H10] epoch=10/10 step=800/1003 loss=0.5184
[train:safeobjworld_r_full:H10] epoch=10/10 step=825/1003 loss=0.5437
[train:safeobjworld_r_full:H10] epoch=10/10 step=850/1003 loss=0.5369
[train:safeobjworld_r_full:H10] epoch=10/10 step=875/1003 loss=0.5013
[train:safeobjworld_r_full:H10] epoch=10/10 step=900/1003 loss=0.5343
[train:safeobjworld_r_full:H10] epoch=10/10 step=925/1003 loss=0.5416
[train:safeobjworld_r_full:H10] epoch=10/10 step=950/1003 loss=0.5878
[train:safeobjworld_r_full:H10] epoch=10/10 step=975/1003 loss=0.5011
[train:safeobjworld_r_full:H10] epoch=10/10 step=1000/1003 loss=0.5115
[epoch] method=safeobjworld_r_full epoch=10 train=0.5428 val=0.4697 best=0.4697
[done train] /home/tahiti/SafeObjWorld/runs_v2_full/models/safeobjworld_r_full/H10/best.pt
