====================================================================================================
SafeObjWorld V2 runner
{
  "mode": "train",
  "dataset_root": "/home/tahiti/SafeObjWorld/data/DAVIS2017",
  "run_root": "/home/tahiti/SafeObjWorld/runs_v2_full",
  "year": "2017",
  "method": "safeobjworld_r_no_area",
  "stress": "clean",
  "prefix_len": 3,
  "max_h": 5,
  "image_size": 192,
  "batch_size": 8,
  "epochs": 10,
  "lr": 0.0002,
  "weight_decay": 0.0001,
  "max_train_samples": 0,
  "max_val_samples": 0,
  "num_workers": 4,
  "seed": 42,
  "eval_k_override": 0,
  "amp": true,
  "cpu": false,
  "skip_existing": true,
  "log_every": 25
}
====================================================================================================
[train] method=safeobjworld_r_no_area device=cuda cfg={'stress_train': True, 'temporal_weight': 0.05, 'split_weight': 0.005, 'area_weight': 0.0, 'mc_eval': True, 'eval_k': 5}
[train:safeobjworld_r_no_area:H5] epoch=1/10 step=0/1086 loss=1.6514
[train:safeobjworld_r_no_area:H5] epoch=1/10 step=25/1086 loss=1.4900
[train:safeobjworld_r_no_area:H5] epoch=1/10 step=50/1086 loss=0.9316
[train:safeobjworld_r_no_area:H5] epoch=1/10 step=75/1086 loss=0.7381
[train:safeobjworld_r_no_area:H5] epoch=1/10 step=100/1086 loss=0.6458
[train:safeobjworld_r_no_area:H5] epoch=1/10 step=125/1086 loss=0.6402
[train:safeobjworld_r_no_area:H5] epoch=1/10 step=150/1086 loss=0.6447
[train:safeobjworld_r_no_area:H5] epoch=1/10 step=175/1086 loss=0.5947
[train:safeobjworld_r_no_area:H5] epoch=1/10 step=200/1086 loss=0.5786
[train:safeobjworld_r_no_area:H5] epoch=1/10 step=225/1086 loss=0.5634
[train:safeobjworld_r_no_area:H5] epoch=1/10 step=250/1086 loss=0.5924
[train:safeobjworld_r_no_area:H5] epoch=1/10 step=275/1086 loss=0.6196
[train:safeobjworld_r_no_area:H5] epoch=1/10 step=300/1086 loss=0.5143
[train:safeobjworld_r_no_area:H5] epoch=1/10 step=325/1086 loss=0.5648
[train:safeobjworld_r_no_area:H5] epoch=1/10 step=350/1086 loss=0.5718
[train:safeobjworld_r_no_area:H5] epoch=1/10 step=375/1086 loss=0.5799
[train:safeobjworld_r_no_area:H5] epoch=1/10 step=400/1086 loss=0.5957
[train:safeobjworld_r_no_area:H5] epoch=1/10 step=425/1086 loss=0.4927
[train:safeobjworld_r_no_area:H5] epoch=1/10 step=450/1086 loss=0.5522
[train:safeobjworld_r_no_area:H5] epoch=1/10 step=475/1086 loss=0.5639
[train:safeobjworld_r_no_area:H5] epoch=1/10 step=500/1086 loss=0.5353
[train:safeobjworld_r_no_area:H5] epoch=1/10 step=525/1086 loss=0.5222
[train:safeobjworld_r_no_area:H5] epoch=1/10 step=550/1086 loss=0.5552
[train:safeobjworld_r_no_area:H5] epoch=1/10 step=575/1086 loss=0.5482
[train:safeobjworld_r_no_area:H5] epoch=1/10 step=600/1086 loss=0.5331
[train:safeobjworld_r_no_area:H5] epoch=1/10 step=625/1086 loss=0.5215
[train:safeobjworld_r_no_area:H5] epoch=1/10 step=650/1086 loss=0.5335
[train:safeobjworld_r_no_area:H5] epoch=1/10 step=675/1086 loss=0.5223
[train:safeobjworld_r_no_area:H5] epoch=1/10 step=700/1086 loss=0.5133
[train:safeobjworld_r_no_area:H5] epoch=1/10 step=725/1086 loss=0.5123
[train:safeobjworld_r_no_area:H5] epoch=1/10 step=750/1086 loss=0.5309
[train:safeobjworld_r_no_area:H5] epoch=1/10 step=775/1086 loss=0.5477
[train:safeobjworld_r_no_area:H5] epoch=1/10 step=800/1086 loss=0.4921
[train:safeobjworld_r_no_area:H5] epoch=1/10 step=825/1086 loss=0.4753
[train:safeobjworld_r_no_area:H5] epoch=1/10 step=850/1086 loss=0.5298
[train:safeobjworld_r_no_area:H5] epoch=1/10 step=875/1086 loss=0.5390
[train:safeobjworld_r_no_area:H5] epoch=1/10 step=900/1086 loss=0.4534
[train:safeobjworld_r_no_area:H5] epoch=1/10 step=925/1086 loss=0.4942
[train:safeobjworld_r_no_area:H5] epoch=1/10 step=950/1086 loss=0.5310
[train:safeobjworld_r_no_area:H5] epoch=1/10 step=975/1086 loss=0.4763
[train:safeobjworld_r_no_area:H5] epoch=1/10 step=1000/1086 loss=0.4610
[train:safeobjworld_r_no_area:H5] epoch=1/10 step=1025/1086 loss=0.5144
[train:safeobjworld_r_no_area:H5] epoch=1/10 step=1050/1086 loss=0.4961
[train:safeobjworld_r_no_area:H5] epoch=1/10 step=1075/1086 loss=0.4854
[epoch] method=safeobjworld_r_no_area epoch=1 train=0.5772 val=0.3832 best=0.3832
[train:safeobjworld_r_no_area:H5] epoch=2/10 step=0/1086 loss=0.2606
[train:safeobjworld_r_no_area:H5] epoch=2/10 step=25/1086 loss=0.4966
[train:safeobjworld_r_no_area:H5] epoch=2/10 step=50/1086 loss=0.4478
[train:safeobjworld_r_no_area:H5] epoch=2/10 step=75/1086 loss=0.4688
[train:safeobjworld_r_no_area:H5] epoch=2/10 step=100/1086 loss=0.5139
[train:safeobjworld_r_no_area:H5] epoch=2/10 step=125/1086 loss=0.4971
[train:safeobjworld_r_no_area:H5] epoch=2/10 step=150/1086 loss=0.4767
[train:safeobjworld_r_no_area:H5] epoch=2/10 step=175/1086 loss=0.4834
[train:safeobjworld_r_no_area:H5] epoch=2/10 step=200/1086 loss=0.4957
[train:safeobjworld_r_no_area:H5] epoch=2/10 step=225/1086 loss=0.4642
[train:safeobjworld_r_no_area:H5] epoch=2/10 step=250/1086 loss=0.5003
[train:safeobjworld_r_no_area:H5] epoch=2/10 step=275/1086 loss=0.4957
[train:safeobjworld_r_no_area:H5] epoch=2/10 step=300/1086 loss=0.4528
[train:safeobjworld_r_no_area:H5] epoch=2/10 step=325/1086 loss=0.5014
[train:safeobjworld_r_no_area:H5] epoch=2/10 step=350/1086 loss=0.4932
[train:safeobjworld_r_no_area:H5] epoch=2/10 step=375/1086 loss=0.4816
[train:safeobjworld_r_no_area:H5] epoch=2/10 step=400/1086 loss=0.4568
[train:safeobjworld_r_no_area:H5] epoch=2/10 step=425/1086 loss=0.5561
[train:safeobjworld_r_no_area:H5] epoch=2/10 step=450/1086 loss=0.4808
[train:safeobjworld_r_no_area:H5] epoch=2/10 step=475/1086 loss=0.5270
[train:safeobjworld_r_no_area:H5] epoch=2/10 step=500/1086 loss=0.4667
[train:safeobjworld_r_no_area:H5] epoch=2/10 step=525/1086 loss=0.4531
[train:safeobjworld_r_no_area:H5] epoch=2/10 step=550/1086 loss=0.4548
[train:safeobjworld_r_no_area:H5] epoch=2/10 step=575/1086 loss=0.4703
[train:safeobjworld_r_no_area:H5] epoch=2/10 step=600/1086 loss=0.4479
[train:safeobjworld_r_no_area:H5] epoch=2/10 step=625/1086 loss=0.5037
[train:safeobjworld_r_no_area:H5] epoch=2/10 step=650/1086 loss=0.4679
[train:safeobjworld_r_no_area:H5] epoch=2/10 step=675/1086 loss=0.5078
[train:safeobjworld_r_no_area:H5] epoch=2/10 step=700/1086 loss=0.4580
[train:safeobjworld_r_no_area:H5] epoch=2/10 step=725/1086 loss=0.4958
[train:safeobjworld_r_no_area:H5] epoch=2/10 step=750/1086 loss=0.4648
[train:safeobjworld_r_no_area:H5] epoch=2/10 step=775/1086 loss=0.4839
[train:safeobjworld_r_no_area:H5] epoch=2/10 step=800/1086 loss=0.4106
[train:safeobjworld_r_no_area:H5] epoch=2/10 step=825/1086 loss=0.4200
[train:safeobjworld_r_no_area:H5] epoch=2/10 step=850/1086 loss=0.4651
[train:safeobjworld_r_no_area:H5] epoch=2/10 step=875/1086 loss=0.4903
[train:safeobjworld_r_no_area:H5] epoch=2/10 step=900/1086 loss=0.4383
[train:safeobjworld_r_no_area:H5] epoch=2/10 step=925/1086 loss=0.4507
[train:safeobjworld_r_no_area:H5] epoch=2/10 step=950/1086 loss=0.5210
[train:safeobjworld_r_no_area:H5] epoch=2/10 step=975/1086 loss=0.4441
[train:safeobjworld_r_no_area:H5] epoch=2/10 step=1000/1086 loss=0.4417
[train:safeobjworld_r_no_area:H5] epoch=2/10 step=1025/1086 loss=0.4806
[train:safeobjworld_r_no_area:H5] epoch=2/10 step=1050/1086 loss=0.4636
[train:safeobjworld_r_no_area:H5] epoch=2/10 step=1075/1086 loss=0.5041
[epoch] method=safeobjworld_r_no_area epoch=2 train=0.4781 val=0.3708 best=0.3708
[train:safeobjworld_r_no_area:H5] epoch=3/10 step=0/1086 loss=0.4996
[train:safeobjworld_r_no_area:H5] epoch=3/10 step=25/1086 loss=0.4608
[train:safeobjworld_r_no_area:H5] epoch=3/10 step=50/1086 loss=0.4665
[train:safeobjworld_r_no_area:H5] epoch=3/10 step=75/1086 loss=0.4541
[train:safeobjworld_r_no_area:H5] epoch=3/10 step=100/1086 loss=0.4520
[train:safeobjworld_r_no_area:H5] epoch=3/10 step=125/1086 loss=0.5178
[train:safeobjworld_r_no_area:H5] epoch=3/10 step=150/1086 loss=0.4315
[train:safeobjworld_r_no_area:H5] epoch=3/10 step=175/1086 loss=0.4828
[train:safeobjworld_r_no_area:H5] epoch=3/10 step=200/1086 loss=0.4790
[train:safeobjworld_r_no_area:H5] epoch=3/10 step=225/1086 loss=0.4488
[train:safeobjworld_r_no_area:H5] epoch=3/10 step=250/1086 loss=0.5009
[train:safeobjworld_r_no_area:H5] epoch=3/10 step=275/1086 loss=0.4837
[train:safeobjworld_r_no_area:H5] epoch=3/10 step=300/1086 loss=0.4803
[train:safeobjworld_r_no_area:H5] epoch=3/10 step=325/1086 loss=0.4505
[train:safeobjworld_r_no_area:H5] epoch=3/10 step=350/1086 loss=0.4459
[train:safeobjworld_r_no_area:H5] epoch=3/10 step=375/1086 loss=0.4785
[train:safeobjworld_r_no_area:H5] epoch=3/10 step=400/1086 loss=0.4739
[train:safeobjworld_r_no_area:H5] epoch=3/10 step=425/1086 loss=0.4553
[train:safeobjworld_r_no_area:H5] epoch=3/10 step=450/1086 loss=0.4603
[train:safeobjworld_r_no_area:H5] epoch=3/10 step=475/1086 loss=0.4692
[train:safeobjworld_r_no_area:H5] epoch=3/10 step=500/1086 loss=0.4388
[train:safeobjworld_r_no_area:H5] epoch=3/10 step=525/1086 loss=0.4269
[train:safeobjworld_r_no_area:H5] epoch=3/10 step=550/1086 loss=0.4492
[train:safeobjworld_r_no_area:H5] epoch=3/10 step=575/1086 loss=0.4769
[train:safeobjworld_r_no_area:H5] epoch=3/10 step=600/1086 loss=0.4433
[train:safeobjworld_r_no_area:H5] epoch=3/10 step=625/1086 loss=0.4383
[train:safeobjworld_r_no_area:H5] epoch=3/10 step=650/1086 loss=0.4246
[train:safeobjworld_r_no_area:H5] epoch=3/10 step=675/1086 loss=0.4461
[train:safeobjworld_r_no_area:H5] epoch=3/10 step=700/1086 loss=0.4853
[train:safeobjworld_r_no_area:H5] epoch=3/10 step=725/1086 loss=0.4826
[train:safeobjworld_r_no_area:H5] epoch=3/10 step=750/1086 loss=0.4239
[train:safeobjworld_r_no_area:H5] epoch=3/10 step=775/1086 loss=0.4208
[train:safeobjworld_r_no_area:H5] epoch=3/10 step=800/1086 loss=0.4548
[train:safeobjworld_r_no_area:H5] epoch=3/10 step=825/1086 loss=0.4360
[train:safeobjworld_r_no_area:H5] epoch=3/10 step=850/1086 loss=0.4797
[train:safeobjworld_r_no_area:H5] epoch=3/10 step=875/1086 loss=0.4696
[train:safeobjworld_r_no_area:H5] epoch=3/10 step=900/1086 loss=0.4740
[train:safeobjworld_r_no_area:H5] epoch=3/10 step=925/1086 loss=0.4582
[train:safeobjworld_r_no_area:H5] epoch=3/10 step=950/1086 loss=0.4526
[train:safeobjworld_r_no_area:H5] epoch=3/10 step=975/1086 loss=0.4627
[train:safeobjworld_r_no_area:H5] epoch=3/10 step=1000/1086 loss=0.4185
[train:safeobjworld_r_no_area:H5] epoch=3/10 step=1025/1086 loss=0.4237
[train:safeobjworld_r_no_area:H5] epoch=3/10 step=1050/1086 loss=0.4242
[train:safeobjworld_r_no_area:H5] epoch=3/10 step=1075/1086 loss=0.4774
[epoch] method=safeobjworld_r_no_area epoch=3 train=0.4568 val=0.3637 best=0.3637
[train:safeobjworld_r_no_area:H5] epoch=4/10 step=0/1086 loss=0.5239
[train:safeobjworld_r_no_area:H5] epoch=4/10 step=25/1086 loss=0.4109
[train:safeobjworld_r_no_area:H5] epoch=4/10 step=50/1086 loss=0.4651
[train:safeobjworld_r_no_area:H5] epoch=4/10 step=75/1086 loss=0.4303
[train:safeobjworld_r_no_area:H5] epoch=4/10 step=100/1086 loss=0.4378
[train:safeobjworld_r_no_area:H5] epoch=4/10 step=125/1086 loss=0.4574
[train:safeobjworld_r_no_area:H5] epoch=4/10 step=150/1086 loss=0.4701
[train:safeobjworld_r_no_area:H5] epoch=4/10 step=175/1086 loss=0.4561
[train:safeobjworld_r_no_area:H5] epoch=4/10 step=200/1086 loss=0.4290
[train:safeobjworld_r_no_area:H5] epoch=4/10 step=225/1086 loss=0.4564
[train:safeobjworld_r_no_area:H5] epoch=4/10 step=250/1086 loss=0.4592
[train:safeobjworld_r_no_area:H5] epoch=4/10 step=275/1086 loss=0.4625
[train:safeobjworld_r_no_area:H5] epoch=4/10 step=300/1086 loss=0.4731
[train:safeobjworld_r_no_area:H5] epoch=4/10 step=325/1086 loss=0.4597
[train:safeobjworld_r_no_area:H5] epoch=4/10 step=350/1086 loss=0.4803
[train:safeobjworld_r_no_area:H5] epoch=4/10 step=375/1086 loss=0.4472
[train:safeobjworld_r_no_area:H5] epoch=4/10 step=400/1086 loss=0.4184
[train:safeobjworld_r_no_area:H5] epoch=4/10 step=425/1086 loss=0.4710
[train:safeobjworld_r_no_area:H5] epoch=4/10 step=450/1086 loss=0.4163
[train:safeobjworld_r_no_area:H5] epoch=4/10 step=475/1086 loss=0.4469
[train:safeobjworld_r_no_area:H5] epoch=4/10 step=500/1086 loss=0.4160
[train:safeobjworld_r_no_area:H5] epoch=4/10 step=525/1086 loss=0.4263
[train:safeobjworld_r_no_area:H5] epoch=4/10 step=550/1086 loss=0.4352
[train:safeobjworld_r_no_area:H5] epoch=4/10 step=575/1086 loss=0.4326
[train:safeobjworld_r_no_area:H5] epoch=4/10 step=600/1086 loss=0.4451
[train:safeobjworld_r_no_area:H5] epoch=4/10 step=625/1086 loss=0.4308
[train:safeobjworld_r_no_area:H5] epoch=4/10 step=650/1086 loss=0.5011
[train:safeobjworld_r_no_area:H5] epoch=4/10 step=675/1086 loss=0.4579
[train:safeobjworld_r_no_area:H5] epoch=4/10 step=700/1086 loss=0.4155
[train:safeobjworld_r_no_area:H5] epoch=4/10 step=725/1086 loss=0.4465
[train:safeobjworld_r_no_area:H5] epoch=4/10 step=750/1086 loss=0.4244
[train:safeobjworld_r_no_area:H5] epoch=4/10 step=775/1086 loss=0.4294
[train:safeobjworld_r_no_area:H5] epoch=4/10 step=800/1086 loss=0.4410
[train:safeobjworld_r_no_area:H5] epoch=4/10 step=825/1086 loss=0.4598
[train:safeobjworld_r_no_area:H5] epoch=4/10 step=850/1086 loss=0.4393
[train:safeobjworld_r_no_area:H5] epoch=4/10 step=875/1086 loss=0.4553
[train:safeobjworld_r_no_area:H5] epoch=4/10 step=900/1086 loss=0.4062
[train:safeobjworld_r_no_area:H5] epoch=4/10 step=925/1086 loss=0.4586
[train:safeobjworld_r_no_area:H5] epoch=4/10 step=950/1086 loss=0.4643
[train:safeobjworld_r_no_area:H5] epoch=4/10 step=975/1086 loss=0.4473
[train:safeobjworld_r_no_area:H5] epoch=4/10 step=1000/1086 loss=0.3995
[train:safeobjworld_r_no_area:H5] epoch=4/10 step=1025/1086 loss=0.4425
[train:safeobjworld_r_no_area:H5] epoch=4/10 step=1050/1086 loss=0.4061
[train:safeobjworld_r_no_area:H5] epoch=4/10 step=1075/1086 loss=0.4366
[epoch] method=safeobjworld_r_no_area epoch=4 train=0.4450 val=0.3584 best=0.3584
[train:safeobjworld_r_no_area:H5] epoch=5/10 step=0/1086 loss=0.3106
[train:safeobjworld_r_no_area:H5] epoch=5/10 step=25/1086 loss=0.4177
[train:safeobjworld_r_no_area:H5] epoch=5/10 step=50/1086 loss=0.4626
[train:safeobjworld_r_no_area:H5] epoch=5/10 step=75/1086 loss=0.3986
[train:safeobjworld_r_no_area:H5] epoch=5/10 step=100/1086 loss=0.4634
[train:safeobjworld_r_no_area:H5] epoch=5/10 step=125/1086 loss=0.4559
[train:safeobjworld_r_no_area:H5] epoch=5/10 step=150/1086 loss=0.4477
[train:safeobjworld_r_no_area:H5] epoch=5/10 step=175/1086 loss=0.4366
[train:safeobjworld_r_no_area:H5] epoch=5/10 step=200/1086 loss=0.4690
[train:safeobjworld_r_no_area:H5] epoch=5/10 step=225/1086 loss=0.4247
[train:safeobjworld_r_no_area:H5] epoch=5/10 step=250/1086 loss=0.4313
[train:safeobjworld_r_no_area:H5] epoch=5/10 step=275/1086 loss=0.4471
[train:safeobjworld_r_no_area:H5] epoch=5/10 step=300/1086 loss=0.4585
[train:safeobjworld_r_no_area:H5] epoch=5/10 step=325/1086 loss=0.4342
[train:safeobjworld_r_no_area:H5] epoch=5/10 step=350/1086 loss=0.4694
[train:safeobjworld_r_no_area:H5] epoch=5/10 step=375/1086 loss=0.4385
[train:safeobjworld_r_no_area:H5] epoch=5/10 step=400/1086 loss=0.4527
[train:safeobjworld_r_no_area:H5] epoch=5/10 step=425/1086 loss=0.4224
[train:safeobjworld_r_no_area:H5] epoch=5/10 step=450/1086 loss=0.4313
[train:safeobjworld_r_no_area:H5] epoch=5/10 step=475/1086 loss=0.4588
[train:safeobjworld_r_no_area:H5] epoch=5/10 step=500/1086 loss=0.4117
[train:safeobjworld_r_no_area:H5] epoch=5/10 step=525/1086 loss=0.4187
[train:safeobjworld_r_no_area:H5] epoch=5/10 step=550/1086 loss=0.4491
[train:safeobjworld_r_no_area:H5] epoch=5/10 step=575/1086 loss=0.4405
[train:safeobjworld_r_no_area:H5] epoch=5/10 step=600/1086 loss=0.4528
[train:safeobjworld_r_no_area:H5] epoch=5/10 step=625/1086 loss=0.4285
[train:safeobjworld_r_no_area:H5] epoch=5/10 step=650/1086 loss=0.4376
[train:safeobjworld_r_no_area:H5] epoch=5/10 step=675/1086 loss=0.4842
[train:safeobjworld_r_no_area:H5] epoch=5/10 step=700/1086 loss=0.4169
[train:safeobjworld_r_no_area:H5] epoch=5/10 step=725/1086 loss=0.4019
[train:safeobjworld_r_no_area:H5] epoch=5/10 step=750/1086 loss=0.4621
[train:safeobjworld_r_no_area:H5] epoch=5/10 step=775/1086 loss=0.4466
[train:safeobjworld_r_no_area:H5] epoch=5/10 step=800/1086 loss=0.4426
[train:safeobjworld_r_no_area:H5] epoch=5/10 step=825/1086 loss=0.4150
[train:safeobjworld_r_no_area:H5] epoch=5/10 step=850/1086 loss=0.3901
[train:safeobjworld_r_no_area:H5] epoch=5/10 step=875/1086 loss=0.4120
[train:safeobjworld_r_no_area:H5] epoch=5/10 step=900/1086 loss=0.4348
[train:safeobjworld_r_no_area:H5] epoch=5/10 step=925/1086 loss=0.4481
[train:safeobjworld_r_no_area:H5] epoch=5/10 step=950/1086 loss=0.4069
[train:safeobjworld_r_no_area:H5] epoch=5/10 step=975/1086 loss=0.4146
[train:safeobjworld_r_no_area:H5] epoch=5/10 step=1000/1086 loss=0.4380
[train:safeobjworld_r_no_area:H5] epoch=5/10 step=1025/1086 loss=0.4550
[train:safeobjworld_r_no_area:H5] epoch=5/10 step=1050/1086 loss=0.4247
[train:safeobjworld_r_no_area:H5] epoch=5/10 step=1075/1086 loss=0.4249
[epoch] method=safeobjworld_r_no_area epoch=5 train=0.4364 val=0.3673 best=0.3584
[train:safeobjworld_r_no_area:H5] epoch=6/10 step=0/1086 loss=0.4129
[train:safeobjworld_r_no_area:H5] epoch=6/10 step=25/1086 loss=0.4662
[train:safeobjworld_r_no_area:H5] epoch=6/10 step=50/1086 loss=0.4344
[train:safeobjworld_r_no_area:H5] epoch=6/10 step=75/1086 loss=0.4143
[train:safeobjworld_r_no_area:H5] epoch=6/10 step=100/1086 loss=0.4293
[train:safeobjworld_r_no_area:H5] epoch=6/10 step=125/1086 loss=0.4444
[train:safeobjworld_r_no_area:H5] epoch=6/10 step=150/1086 loss=0.4514
[train:safeobjworld_r_no_area:H5] epoch=6/10 step=175/1086 loss=0.4383
[train:safeobjworld_r_no_area:H5] epoch=6/10 step=200/1086 loss=0.4351
[train:safeobjworld_r_no_area:H5] epoch=6/10 step=225/1086 loss=0.4333
[train:safeobjworld_r_no_area:H5] epoch=6/10 step=250/1086 loss=0.4652
[train:safeobjworld_r_no_area:H5] epoch=6/10 step=275/1086 loss=0.4393
[train:safeobjworld_r_no_area:H5] epoch=6/10 step=300/1086 loss=0.4149
[train:safeobjworld_r_no_area:H5] epoch=6/10 step=325/1086 loss=0.4009
[train:safeobjworld_r_no_area:H5] epoch=6/10 step=350/1086 loss=0.3939
[train:safeobjworld_r_no_area:H5] epoch=6/10 step=375/1086 loss=0.4395
[train:safeobjworld_r_no_area:H5] epoch=6/10 step=400/1086 loss=0.4109
[train:safeobjworld_r_no_area:H5] epoch=6/10 step=425/1086 loss=0.4154
[train:safeobjworld_r_no_area:H5] epoch=6/10 step=450/1086 loss=0.4064
[train:safeobjworld_r_no_area:H5] epoch=6/10 step=475/1086 loss=0.4661
[train:safeobjworld_r_no_area:H5] epoch=6/10 step=500/1086 loss=0.4271
[train:safeobjworld_r_no_area:H5] epoch=6/10 step=525/1086 loss=0.4630
[train:safeobjworld_r_no_area:H5] epoch=6/10 step=550/1086 loss=0.4093
[train:safeobjworld_r_no_area:H5] epoch=6/10 step=575/1086 loss=0.4039
[train:safeobjworld_r_no_area:H5] epoch=6/10 step=600/1086 loss=0.4200
[train:safeobjworld_r_no_area:H5] epoch=6/10 step=625/1086 loss=0.4335
[train:safeobjworld_r_no_area:H5] epoch=6/10 step=650/1086 loss=0.4273
[train:safeobjworld_r_no_area:H5] epoch=6/10 step=675/1086 loss=0.4455
[train:safeobjworld_r_no_area:H5] epoch=6/10 step=700/1086 loss=0.4216
[train:safeobjworld_r_no_area:H5] epoch=6/10 step=725/1086 loss=0.4190
[train:safeobjworld_r_no_area:H5] epoch=6/10 step=750/1086 loss=0.4327
[train:safeobjworld_r_no_area:H5] epoch=6/10 step=775/1086 loss=0.4814
[train:safeobjworld_r_no_area:H5] epoch=6/10 step=800/1086 loss=0.4839
[train:safeobjworld_r_no_area:H5] epoch=6/10 step=825/1086 loss=0.4266
[train:safeobjworld_r_no_area:H5] epoch=6/10 step=850/1086 loss=0.4499
[train:safeobjworld_r_no_area:H5] epoch=6/10 step=875/1086 loss=0.4236
[train:safeobjworld_r_no_area:H5] epoch=6/10 step=900/1086 loss=0.4079
[train:safeobjworld_r_no_area:H5] epoch=6/10 step=925/1086 loss=0.4541
[train:safeobjworld_r_no_area:H5] epoch=6/10 step=950/1086 loss=0.4416
[train:safeobjworld_r_no_area:H5] epoch=6/10 step=975/1086 loss=0.4379
[train:safeobjworld_r_no_area:H5] epoch=6/10 step=1000/1086 loss=0.4490
[train:safeobjworld_r_no_area:H5] epoch=6/10 step=1025/1086 loss=0.4259
[train:safeobjworld_r_no_area:H5] epoch=6/10 step=1050/1086 loss=0.4329
[train:safeobjworld_r_no_area:H5] epoch=6/10 step=1075/1086 loss=0.3984
[epoch] method=safeobjworld_r_no_area epoch=6 train=0.4308 val=0.3560 best=0.3560
[train:safeobjworld_r_no_area:H5] epoch=7/10 step=0/1086 loss=0.4235
[train:safeobjworld_r_no_area:H5] epoch=7/10 step=25/1086 loss=0.4563
[train:safeobjworld_r_no_area:H5] epoch=7/10 step=50/1086 loss=0.4565
[train:safeobjworld_r_no_area:H5] epoch=7/10 step=75/1086 loss=0.4368
[train:safeobjworld_r_no_area:H5] epoch=7/10 step=100/1086 loss=0.4289
[train:safeobjworld_r_no_area:H5] epoch=7/10 step=125/1086 loss=0.4419
[train:safeobjworld_r_no_area:H5] epoch=7/10 step=150/1086 loss=0.4192
[train:safeobjworld_r_no_area:H5] epoch=7/10 step=175/1086 loss=0.4537
[train:safeobjworld_r_no_area:H5] epoch=7/10 step=200/1086 loss=0.4190
[train:safeobjworld_r_no_area:H5] epoch=7/10 step=225/1086 loss=0.4321
[train:safeobjworld_r_no_area:H5] epoch=7/10 step=250/1086 loss=0.4363
[train:safeobjworld_r_no_area:H5] epoch=7/10 step=275/1086 loss=0.3931
[train:safeobjworld_r_no_area:H5] epoch=7/10 step=300/1086 loss=0.3828
[train:safeobjworld_r_no_area:H5] epoch=7/10 step=325/1086 loss=0.4057
[train:safeobjworld_r_no_area:H5] epoch=7/10 step=350/1086 loss=0.3968
[train:safeobjworld_r_no_area:H5] epoch=7/10 step=375/1086 loss=0.4293
[train:safeobjworld_r_no_area:H5] epoch=7/10 step=400/1086 loss=0.4189
[train:safeobjworld_r_no_area:H5] epoch=7/10 step=425/1086 loss=0.4087
[train:safeobjworld_r_no_area:H5] epoch=7/10 step=450/1086 loss=0.4043
[train:safeobjworld_r_no_area:H5] epoch=7/10 step=475/1086 loss=0.4129
[train:safeobjworld_r_no_area:H5] epoch=7/10 step=500/1086 loss=0.3875
[train:safeobjworld_r_no_area:H5] epoch=7/10 step=525/1086 loss=0.4476
[train:safeobjworld_r_no_area:H5] epoch=7/10 step=550/1086 loss=0.4064
[train:safeobjworld_r_no_area:H5] epoch=7/10 step=575/1086 loss=0.3772
[train:safeobjworld_r_no_area:H5] epoch=7/10 step=600/1086 loss=0.4332
[train:safeobjworld_r_no_area:H5] epoch=7/10 step=625/1086 loss=0.4566
[train:safeobjworld_r_no_area:H5] epoch=7/10 step=650/1086 loss=0.4372
[train:safeobjworld_r_no_area:H5] epoch=7/10 step=675/1086 loss=0.4404
[train:safeobjworld_r_no_area:H5] epoch=7/10 step=700/1086 loss=0.4230
[train:safeobjworld_r_no_area:H5] epoch=7/10 step=725/1086 loss=0.4420
[train:safeobjworld_r_no_area:H5] epoch=7/10 step=750/1086 loss=0.4159
[train:safeobjworld_r_no_area:H5] epoch=7/10 step=775/1086 loss=0.4238
[train:safeobjworld_r_no_area:H5] epoch=7/10 step=800/1086 loss=0.4261
[train:safeobjworld_r_no_area:H5] epoch=7/10 step=825/1086 loss=0.4351
[train:safeobjworld_r_no_area:H5] epoch=7/10 step=850/1086 loss=0.4173
[train:safeobjworld_r_no_area:H5] epoch=7/10 step=875/1086 loss=0.3943
[train:safeobjworld_r_no_area:H5] epoch=7/10 step=900/1086 loss=0.4500
[train:safeobjworld_r_no_area:H5] epoch=7/10 step=925/1086 loss=0.4514
[train:safeobjworld_r_no_area:H5] epoch=7/10 step=950/1086 loss=0.4244
[train:safeobjworld_r_no_area:H5] epoch=7/10 step=975/1086 loss=0.4028
[train:safeobjworld_r_no_area:H5] epoch=7/10 step=1000/1086 loss=0.4312
[train:safeobjworld_r_no_area:H5] epoch=7/10 step=1025/1086 loss=0.3999
[train:safeobjworld_r_no_area:H5] epoch=7/10 step=1050/1086 loss=0.4314
[train:safeobjworld_r_no_area:H5] epoch=7/10 step=1075/1086 loss=0.4391
[epoch] method=safeobjworld_r_no_area epoch=7 train=0.4252 val=0.3518 best=0.3518
[train:safeobjworld_r_no_area:H5] epoch=8/10 step=0/1086 loss=0.4416
[train:safeobjworld_r_no_area:H5] epoch=8/10 step=25/1086 loss=0.4073
[train:safeobjworld_r_no_area:H5] epoch=8/10 step=50/1086 loss=0.4147
[train:safeobjworld_r_no_area:H5] epoch=8/10 step=75/1086 loss=0.3897
[train:safeobjworld_r_no_area:H5] epoch=8/10 step=100/1086 loss=0.4196
[train:safeobjworld_r_no_area:H5] epoch=8/10 step=125/1086 loss=0.4339
[train:safeobjworld_r_no_area:H5] epoch=8/10 step=150/1086 loss=0.3999
[train:safeobjworld_r_no_area:H5] epoch=8/10 step=175/1086 loss=0.3932
[train:safeobjworld_r_no_area:H5] epoch=8/10 step=200/1086 loss=0.4127
[train:safeobjworld_r_no_area:H5] epoch=8/10 step=225/1086 loss=0.4488
[train:safeobjworld_r_no_area:H5] epoch=8/10 step=250/1086 loss=0.3940
[train:safeobjworld_r_no_area:H5] epoch=8/10 step=275/1086 loss=0.3874
[train:safeobjworld_r_no_area:H5] epoch=8/10 step=300/1086 loss=0.4308
[train:safeobjworld_r_no_area:H5] epoch=8/10 step=325/1086 loss=0.4437
[train:safeobjworld_r_no_area:H5] epoch=8/10 step=350/1086 loss=0.3846
[train:safeobjworld_r_no_area:H5] epoch=8/10 step=375/1086 loss=0.4074
[train:safeobjworld_r_no_area:H5] epoch=8/10 step=400/1086 loss=0.4049
[train:safeobjworld_r_no_area:H5] epoch=8/10 step=425/1086 loss=0.4485
[train:safeobjworld_r_no_area:H5] epoch=8/10 step=450/1086 loss=0.4221
[train:safeobjworld_r_no_area:H5] epoch=8/10 step=475/1086 loss=0.4831
[train:safeobjworld_r_no_area:H5] epoch=8/10 step=500/1086 loss=0.4165
[train:safeobjworld_r_no_area:H5] epoch=8/10 step=525/1086 loss=0.3861
[train:safeobjworld_r_no_area:H5] epoch=8/10 step=550/1086 loss=0.4173
[train:safeobjworld_r_no_area:H5] epoch=8/10 step=575/1086 loss=0.4471
[train:safeobjworld_r_no_area:H5] epoch=8/10 step=600/1086 loss=0.4328
[train:safeobjworld_r_no_area:H5] epoch=8/10 step=625/1086 loss=0.4158
[train:safeobjworld_r_no_area:H5] epoch=8/10 step=650/1086 loss=0.4260
[train:safeobjworld_r_no_area:H5] epoch=8/10 step=675/1086 loss=0.4310
[train:safeobjworld_r_no_area:H5] epoch=8/10 step=700/1086 loss=0.4241
[train:safeobjworld_r_no_area:H5] epoch=8/10 step=725/1086 loss=0.4175
[train:safeobjworld_r_no_area:H5] epoch=8/10 step=750/1086 loss=0.4213
[train:safeobjworld_r_no_area:H5] epoch=8/10 step=775/1086 loss=0.4394
[train:safeobjworld_r_no_area:H5] epoch=8/10 step=800/1086 loss=0.4374
[train:safeobjworld_r_no_area:H5] epoch=8/10 step=825/1086 loss=0.4543
[train:safeobjworld_r_no_area:H5] epoch=8/10 step=850/1086 loss=0.4289
[train:safeobjworld_r_no_area:H5] epoch=8/10 step=875/1086 loss=0.4255
[train:safeobjworld_r_no_area:H5] epoch=8/10 step=900/1086 loss=0.4230
[train:safeobjworld_r_no_area:H5] epoch=8/10 step=925/1086 loss=0.4130
[train:safeobjworld_r_no_area:H5] epoch=8/10 step=950/1086 loss=0.4364
[train:safeobjworld_r_no_area:H5] epoch=8/10 step=975/1086 loss=0.4203
[train:safeobjworld_r_no_area:H5] epoch=8/10 step=1000/1086 loss=0.4089
[train:safeobjworld_r_no_area:H5] epoch=8/10 step=1025/1086 loss=0.4475
[train:safeobjworld_r_no_area:H5] epoch=8/10 step=1050/1086 loss=0.3959
[train:safeobjworld_r_no_area:H5] epoch=8/10 step=1075/1086 loss=0.4294
[epoch] method=safeobjworld_r_no_area epoch=8 train=0.4204 val=0.3550 best=0.3518
[train:safeobjworld_r_no_area:H5] epoch=9/10 step=0/1086 loss=0.3916
[train:safeobjworld_r_no_area:H5] epoch=9/10 step=25/1086 loss=0.4282
[train:safeobjworld_r_no_area:H5] epoch=9/10 step=50/1086 loss=0.4079
[train:safeobjworld_r_no_area:H5] epoch=9/10 step=75/1086 loss=0.4278
[train:safeobjworld_r_no_area:H5] epoch=9/10 step=100/1086 loss=0.4205
[train:safeobjworld_r_no_area:H5] epoch=9/10 step=125/1086 loss=0.4173
[train:safeobjworld_r_no_area:H5] epoch=9/10 step=150/1086 loss=0.4344
[train:safeobjworld_r_no_area:H5] epoch=9/10 step=175/1086 loss=0.4046
[train:safeobjworld_r_no_area:H5] epoch=9/10 step=200/1086 loss=0.4135
[train:safeobjworld_r_no_area:H5] epoch=9/10 step=225/1086 loss=0.4201
[train:safeobjworld_r_no_area:H5] epoch=9/10 step=250/1086 loss=0.4078
[train:safeobjworld_r_no_area:H5] epoch=9/10 step=275/1086 loss=0.4324
[train:safeobjworld_r_no_area:H5] epoch=9/10 step=300/1086 loss=0.4047
[train:safeobjworld_r_no_area:H5] epoch=9/10 step=325/1086 loss=0.3890
[train:safeobjworld_r_no_area:H5] epoch=9/10 step=350/1086 loss=0.4240
[train:safeobjworld_r_no_area:H5] epoch=9/10 step=375/1086 loss=0.4512
[train:safeobjworld_r_no_area:H5] epoch=9/10 step=400/1086 loss=0.4094
[train:safeobjworld_r_no_area:H5] epoch=9/10 step=425/1086 loss=0.4251
[train:safeobjworld_r_no_area:H5] epoch=9/10 step=450/1086 loss=0.4381
[train:safeobjworld_r_no_area:H5] epoch=9/10 step=475/1086 loss=0.4123
[train:safeobjworld_r_no_area:H5] epoch=9/10 step=500/1086 loss=0.4277
[train:safeobjworld_r_no_area:H5] epoch=9/10 step=525/1086 loss=0.4552
[train:safeobjworld_r_no_area:H5] epoch=9/10 step=550/1086 loss=0.4303
[train:safeobjworld_r_no_area:H5] epoch=9/10 step=575/1086 loss=0.4465
[train:safeobjworld_r_no_area:H5] epoch=9/10 step=600/1086 loss=0.3852
[train:safeobjworld_r_no_area:H5] epoch=9/10 step=625/1086 loss=0.4138
[train:safeobjworld_r_no_area:H5] epoch=9/10 step=650/1086 loss=0.4056
[train:safeobjworld_r_no_area:H5] epoch=9/10 step=675/1086 loss=0.4342
[train:safeobjworld_r_no_area:H5] epoch=9/10 step=700/1086 loss=0.4030
[train:safeobjworld_r_no_area:H5] epoch=9/10 step=725/1086 loss=0.4139
[train:safeobjworld_r_no_area:H5] epoch=9/10 step=750/1086 loss=0.4461
[train:safeobjworld_r_no_area:H5] epoch=9/10 step=775/1086 loss=0.4084
[train:safeobjworld_r_no_area:H5] epoch=9/10 step=800/1086 loss=0.4129
[train:safeobjworld_r_no_area:H5] epoch=9/10 step=825/1086 loss=0.4278
[train:safeobjworld_r_no_area:H5] epoch=9/10 step=850/1086 loss=0.4293
[train:safeobjworld_r_no_area:H5] epoch=9/10 step=875/1086 loss=0.4221
[train:safeobjworld_r_no_area:H5] epoch=9/10 step=900/1086 loss=0.4759
[train:safeobjworld_r_no_area:H5] epoch=9/10 step=925/1086 loss=0.3692
[train:safeobjworld_r_no_area:H5] epoch=9/10 step=950/1086 loss=0.4378
[train:safeobjworld_r_no_area:H5] epoch=9/10 step=975/1086 loss=0.3869
[train:safeobjworld_r_no_area:H5] epoch=9/10 step=1000/1086 loss=0.4527
[train:safeobjworld_r_no_area:H5] epoch=9/10 step=1025/1086 loss=0.4190
[train:safeobjworld_r_no_area:H5] epoch=9/10 step=1050/1086 loss=0.4248
[train:safeobjworld_r_no_area:H5] epoch=9/10 step=1075/1086 loss=0.3992
[epoch] method=safeobjworld_r_no_area epoch=9 train=0.4168 val=0.3547 best=0.3518
[train:safeobjworld_r_no_area:H5] epoch=10/10 step=0/1086 loss=0.3887
[train:safeobjworld_r_no_area:H5] epoch=10/10 step=25/1086 loss=0.4120
[train:safeobjworld_r_no_area:H5] epoch=10/10 step=50/1086 loss=0.3953
[train:safeobjworld_r_no_area:H5] epoch=10/10 step=75/1086 loss=0.3885
[train:safeobjworld_r_no_area:H5] epoch=10/10 step=100/1086 loss=0.3857
[train:safeobjworld_r_no_area:H5] epoch=10/10 step=125/1086 loss=0.3837
[train:safeobjworld_r_no_area:H5] epoch=10/10 step=150/1086 loss=0.4300
[train:safeobjworld_r_no_area:H5] epoch=10/10 step=175/1086 loss=0.4212
[train:safeobjworld_r_no_area:H5] epoch=10/10 step=200/1086 loss=0.4194
[train:safeobjworld_r_no_area:H5] epoch=10/10 step=225/1086 loss=0.4162
[train:safeobjworld_r_no_area:H5] epoch=10/10 step=250/1086 loss=0.4414
[train:safeobjworld_r_no_area:H5] epoch=10/10 step=275/1086 loss=0.4057
[train:safeobjworld_r_no_area:H5] epoch=10/10 step=300/1086 loss=0.4434
[train:safeobjworld_r_no_area:H5] epoch=10/10 step=325/1086 loss=0.4085
[train:safeobjworld_r_no_area:H5] epoch=10/10 step=350/1086 loss=0.4123
[train:safeobjworld_r_no_area:H5] epoch=10/10 step=375/1086 loss=0.4083
[train:safeobjworld_r_no_area:H5] epoch=10/10 step=400/1086 loss=0.4270
[train:safeobjworld_r_no_area:H5] epoch=10/10 step=425/1086 loss=0.4468
[train:safeobjworld_r_no_area:H5] epoch=10/10 step=450/1086 loss=0.3962
[train:safeobjworld_r_no_area:H5] epoch=10/10 step=475/1086 loss=0.3979
[train:safeobjworld_r_no_area:H5] epoch=10/10 step=500/1086 loss=0.4143
[train:safeobjworld_r_no_area:H5] epoch=10/10 step=525/1086 loss=0.4157
[train:safeobjworld_r_no_area:H5] epoch=10/10 step=550/1086 loss=0.3808
[train:safeobjworld_r_no_area:H5] epoch=10/10 step=575/1086 loss=0.4394
[train:safeobjworld_r_no_area:H5] epoch=10/10 step=600/1086 loss=0.4159
[train:safeobjworld_r_no_area:H5] epoch=10/10 step=625/1086 loss=0.3987
[train:safeobjworld_r_no_area:H5] epoch=10/10 step=650/1086 loss=0.4179
[train:safeobjworld_r_no_area:H5] epoch=10/10 step=675/1086 loss=0.4281
[train:safeobjworld_r_no_area:H5] epoch=10/10 step=700/1086 loss=0.4587
[train:safeobjworld_r_no_area:H5] epoch=10/10 step=725/1086 loss=0.4345
[train:safeobjworld_r_no_area:H5] epoch=10/10 step=750/1086 loss=0.4041
[train:safeobjworld_r_no_area:H5] epoch=10/10 step=775/1086 loss=0.4065
[train:safeobjworld_r_no_area:H5] epoch=10/10 step=800/1086 loss=0.4261
[train:safeobjworld_r_no_area:H5] epoch=10/10 step=825/1086 loss=0.3934
[train:safeobjworld_r_no_area:H5] epoch=10/10 step=850/1086 loss=0.3743
[train:safeobjworld_r_no_area:H5] epoch=10/10 step=875/1086 loss=0.4068
[train:safeobjworld_r_no_area:H5] epoch=10/10 step=900/1086 loss=0.4337
[train:safeobjworld_r_no_area:H5] epoch=10/10 step=925/1086 loss=0.4316
[train:safeobjworld_r_no_area:H5] epoch=10/10 step=950/1086 loss=0.4230
[train:safeobjworld_r_no_area:H5] epoch=10/10 step=975/1086 loss=0.4084
[train:safeobjworld_r_no_area:H5] epoch=10/10 step=1000/1086 loss=0.4124
[train:safeobjworld_r_no_area:H5] epoch=10/10 step=1025/1086 loss=0.4278
[train:safeobjworld_r_no_area:H5] epoch=10/10 step=1050/1086 loss=0.4040
[train:safeobjworld_r_no_area:H5] epoch=10/10 step=1075/1086 loss=0.4444
[epoch] method=safeobjworld_r_no_area epoch=10 train=0.4131 val=0.3526 best=0.3518
[done train] /home/tahiti/SafeObjWorld/runs_v2_full/models/safeobjworld_r_no_area/H5/best.pt
