====================================================================================================
SafeObjWorld V2 runner
{
  "mode": "train",
  "dataset_root": "/home/tahiti/SafeObjWorld/data/DAVIS2017",
  "run_root": "/home/tahiti/SafeObjWorld/runs_v2_full",
  "year": "2017",
  "method": "object_token_det",
  "stress": "clean",
  "prefix_len": 3,
  "max_h": 5,
  "image_size": 192,
  "batch_size": 8,
  "epochs": 10,
  "lr": 0.0002,
  "weight_decay": 0.0001,
  "max_train_samples": 0,
  "max_val_samples": 0,
  "num_workers": 4,
  "seed": 42,
  "eval_k_override": 0,
  "amp": true,
  "cpu": false,
  "skip_existing": true,
  "log_every": 25
}
====================================================================================================
[train] method=object_token_det device=cuda cfg={'stress_train': True, 'temporal_weight': 0.05, 'split_weight': 0.0, 'area_weight': 0.1, 'mc_eval': False, 'eval_k': 1}
[train:object_token_det:H5] epoch=1/10 step=0/1086 loss=1.5209
[train:object_token_det:H5] epoch=1/10 step=25/1086 loss=1.5949
[train:object_token_det:H5] epoch=1/10 step=50/1086 loss=1.2700
[train:object_token_det:H5] epoch=1/10 step=75/1086 loss=1.1182
[train:object_token_det:H5] epoch=1/10 step=100/1086 loss=1.1157
[train:object_token_det:H5] epoch=1/10 step=125/1086 loss=1.0905
[train:object_token_det:H5] epoch=1/10 step=150/1086 loss=1.0946
[train:object_token_det:H5] epoch=1/10 step=175/1086 loss=1.0649
[train:object_token_det:H5] epoch=1/10 step=200/1086 loss=1.0669
[train:object_token_det:H5] epoch=1/10 step=225/1086 loss=1.0631
[train:object_token_det:H5] epoch=1/10 step=250/1086 loss=1.0541
[train:object_token_det:H5] epoch=1/10 step=275/1086 loss=1.0666
[train:object_token_det:H5] epoch=1/10 step=300/1086 loss=1.0628
[train:object_token_det:H5] epoch=1/10 step=325/1086 loss=1.0636
[train:object_token_det:H5] epoch=1/10 step=350/1086 loss=1.0601
[train:object_token_det:H5] epoch=1/10 step=375/1086 loss=1.0525
[train:object_token_det:H5] epoch=1/10 step=400/1086 loss=1.0709
[train:object_token_det:H5] epoch=1/10 step=425/1086 loss=1.0452
[train:object_token_det:H5] epoch=1/10 step=450/1086 loss=1.0460
[train:object_token_det:H5] epoch=1/10 step=475/1086 loss=1.0327
[train:object_token_det:H5] epoch=1/10 step=500/1086 loss=1.0626
[train:object_token_det:H5] epoch=1/10 step=525/1086 loss=1.0747
[train:object_token_det:H5] epoch=1/10 step=550/1086 loss=1.0665
[train:object_token_det:H5] epoch=1/10 step=575/1086 loss=1.0550
[train:object_token_det:H5] epoch=1/10 step=600/1086 loss=1.0352
[train:object_token_det:H5] epoch=1/10 step=625/1086 loss=1.0487
[train:object_token_det:H5] epoch=1/10 step=650/1086 loss=1.0375
[train:object_token_det:H5] epoch=1/10 step=675/1086 loss=1.0393
[train:object_token_det:H5] epoch=1/10 step=700/1086 loss=1.0414
[train:object_token_det:H5] epoch=1/10 step=725/1086 loss=1.0197
[train:object_token_det:H5] epoch=1/10 step=750/1086 loss=1.0429
[train:object_token_det:H5] epoch=1/10 step=775/1086 loss=1.0372
[train:object_token_det:H5] epoch=1/10 step=800/1086 loss=1.0333
[train:object_token_det:H5] epoch=1/10 step=825/1086 loss=1.0404
[train:object_token_det:H5] epoch=1/10 step=850/1086 loss=1.0526
[train:object_token_det:H5] epoch=1/10 step=875/1086 loss=1.0196
[train:object_token_det:H5] epoch=1/10 step=900/1086 loss=1.0575
[train:object_token_det:H5] epoch=1/10 step=925/1086 loss=1.0386
[train:object_token_det:H5] epoch=1/10 step=950/1086 loss=1.0109
[train:object_token_det:H5] epoch=1/10 step=975/1086 loss=1.0073
[train:object_token_det:H5] epoch=1/10 step=1000/1086 loss=1.0085
[train:object_token_det:H5] epoch=1/10 step=1025/1086 loss=1.0348
[train:object_token_det:H5] epoch=1/10 step=1050/1086 loss=1.0089
[train:object_token_det:H5] epoch=1/10 step=1075/1086 loss=0.9960
[epoch] method=object_token_det epoch=1 train=1.0698 val=1.0183 best=1.0183
[train:object_token_det:H5] epoch=2/10 step=0/1086 loss=1.0051
[train:object_token_det:H5] epoch=2/10 step=25/1086 loss=1.0081
[train:object_token_det:H5] epoch=2/10 step=50/1086 loss=1.0086
[train:object_token_det:H5] epoch=2/10 step=75/1086 loss=0.9873
[train:object_token_det:H5] epoch=2/10 step=100/1086 loss=0.9676
[train:object_token_det:H5] epoch=2/10 step=125/1086 loss=0.9576
[train:object_token_det:H5] epoch=2/10 step=150/1086 loss=0.9528
[train:object_token_det:H5] epoch=2/10 step=175/1086 loss=0.9183
[train:object_token_det:H5] epoch=2/10 step=200/1086 loss=0.9179
[train:object_token_det:H5] epoch=2/10 step=225/1086 loss=0.9355
[train:object_token_det:H5] epoch=2/10 step=250/1086 loss=0.9308
[train:object_token_det:H5] epoch=2/10 step=275/1086 loss=0.9108
[train:object_token_det:H5] epoch=2/10 step=300/1086 loss=0.8933
[train:object_token_det:H5] epoch=2/10 step=325/1086 loss=0.8734
[train:object_token_det:H5] epoch=2/10 step=350/1086 loss=0.8894
[train:object_token_det:H5] epoch=2/10 step=375/1086 loss=0.8897
[train:object_token_det:H5] epoch=2/10 step=400/1086 loss=0.8585
[train:object_token_det:H5] epoch=2/10 step=425/1086 loss=0.8637
[train:object_token_det:H5] epoch=2/10 step=450/1086 loss=0.9059
[train:object_token_det:H5] epoch=2/10 step=475/1086 loss=0.8882
[train:object_token_det:H5] epoch=2/10 step=500/1086 loss=0.8338
[train:object_token_det:H5] epoch=2/10 step=525/1086 loss=0.8907
[train:object_token_det:H5] epoch=2/10 step=550/1086 loss=0.8703
[train:object_token_det:H5] epoch=2/10 step=575/1086 loss=0.8455
[train:object_token_det:H5] epoch=2/10 step=600/1086 loss=0.8505
[train:object_token_det:H5] epoch=2/10 step=625/1086 loss=0.8253
[train:object_token_det:H5] epoch=2/10 step=650/1086 loss=0.8451
[train:object_token_det:H5] epoch=2/10 step=675/1086 loss=0.8354
[train:object_token_det:H5] epoch=2/10 step=700/1086 loss=0.8566
[train:object_token_det:H5] epoch=2/10 step=725/1086 loss=0.8321
[train:object_token_det:H5] epoch=2/10 step=750/1086 loss=0.8178
[train:object_token_det:H5] epoch=2/10 step=775/1086 loss=0.8113
[train:object_token_det:H5] epoch=2/10 step=800/1086 loss=0.7909
[train:object_token_det:H5] epoch=2/10 step=825/1086 loss=0.7620
[train:object_token_det:H5] epoch=2/10 step=850/1086 loss=0.7851
[train:object_token_det:H5] epoch=2/10 step=875/1086 loss=0.7868
[train:object_token_det:H5] epoch=2/10 step=900/1086 loss=0.8043
[train:object_token_det:H5] epoch=2/10 step=925/1086 loss=0.7638
[train:object_token_det:H5] epoch=2/10 step=950/1086 loss=0.7955
[train:object_token_det:H5] epoch=2/10 step=975/1086 loss=0.7939
[train:object_token_det:H5] epoch=2/10 step=1000/1086 loss=0.7690
[train:object_token_det:H5] epoch=2/10 step=1025/1086 loss=0.7327
[train:object_token_det:H5] epoch=2/10 step=1050/1086 loss=0.7541
[train:object_token_det:H5] epoch=2/10 step=1075/1086 loss=0.7408
[epoch] method=object_token_det epoch=2 train=0.8593 val=0.7462 best=0.7462
[train:object_token_det:H5] epoch=3/10 step=0/1086 loss=0.6254
[train:object_token_det:H5] epoch=3/10 step=25/1086 loss=0.7301
[train:object_token_det:H5] epoch=3/10 step=50/1086 loss=0.7494
[train:object_token_det:H5] epoch=3/10 step=75/1086 loss=0.7559
[train:object_token_det:H5] epoch=3/10 step=100/1086 loss=0.7849
[train:object_token_det:H5] epoch=3/10 step=125/1086 loss=0.7659
[train:object_token_det:H5] epoch=3/10 step=150/1086 loss=0.7779
[train:object_token_det:H5] epoch=3/10 step=175/1086 loss=0.7497
[train:object_token_det:H5] epoch=3/10 step=200/1086 loss=0.6788
[train:object_token_det:H5] epoch=3/10 step=225/1086 loss=0.7133
[train:object_token_det:H5] epoch=3/10 step=250/1086 loss=0.7154
[train:object_token_det:H5] epoch=3/10 step=275/1086 loss=0.7396
[train:object_token_det:H5] epoch=3/10 step=300/1086 loss=0.7346
[train:object_token_det:H5] epoch=3/10 step=325/1086 loss=0.7488
[train:object_token_det:H5] epoch=3/10 step=350/1086 loss=0.7245
[train:object_token_det:H5] epoch=3/10 step=375/1086 loss=0.7524
[train:object_token_det:H5] epoch=3/10 step=400/1086 loss=0.7348
[train:object_token_det:H5] epoch=3/10 step=425/1086 loss=0.7336
[train:object_token_det:H5] epoch=3/10 step=450/1086 loss=0.7604
[train:object_token_det:H5] epoch=3/10 step=475/1086 loss=0.7493
[train:object_token_det:H5] epoch=3/10 step=500/1086 loss=0.7340
[train:object_token_det:H5] epoch=3/10 step=525/1086 loss=0.7247
[train:object_token_det:H5] epoch=3/10 step=550/1086 loss=0.7563
[train:object_token_det:H5] epoch=3/10 step=575/1086 loss=0.7555
[train:object_token_det:H5] epoch=3/10 step=600/1086 loss=0.7154
[train:object_token_det:H5] epoch=3/10 step=625/1086 loss=0.7190
[train:object_token_det:H5] epoch=3/10 step=650/1086 loss=0.6923
[train:object_token_det:H5] epoch=3/10 step=675/1086 loss=0.7355
[train:object_token_det:H5] epoch=3/10 step=700/1086 loss=0.7164
[train:object_token_det:H5] epoch=3/10 step=725/1086 loss=0.7430
[train:object_token_det:H5] epoch=3/10 step=750/1086 loss=0.7032
[train:object_token_det:H5] epoch=3/10 step=775/1086 loss=0.6901
[train:object_token_det:H5] epoch=3/10 step=800/1086 loss=0.7092
[train:object_token_det:H5] epoch=3/10 step=825/1086 loss=0.7034
[train:object_token_det:H5] epoch=3/10 step=850/1086 loss=0.7222
[train:object_token_det:H5] epoch=3/10 step=875/1086 loss=0.6994
[train:object_token_det:H5] epoch=3/10 step=900/1086 loss=0.7223
[train:object_token_det:H5] epoch=3/10 step=925/1086 loss=0.6575
[train:object_token_det:H5] epoch=3/10 step=950/1086 loss=0.7230
[train:object_token_det:H5] epoch=3/10 step=975/1086 loss=0.7096
[train:object_token_det:H5] epoch=3/10 step=1000/1086 loss=0.6936
[train:object_token_det:H5] epoch=3/10 step=1025/1086 loss=0.7108
[train:object_token_det:H5] epoch=3/10 step=1050/1086 loss=0.7321
[train:object_token_det:H5] epoch=3/10 step=1075/1086 loss=0.7051
[epoch] method=object_token_det epoch=3 train=0.7286 val=0.7087 best=0.7087
[train:object_token_det:H5] epoch=4/10 step=0/1086 loss=0.7044
[train:object_token_det:H5] epoch=4/10 step=25/1086 loss=0.6773
[train:object_token_det:H5] epoch=4/10 step=50/1086 loss=0.6830
[train:object_token_det:H5] epoch=4/10 step=75/1086 loss=0.7189
[train:object_token_det:H5] epoch=4/10 step=100/1086 loss=0.6879
[train:object_token_det:H5] epoch=4/10 step=125/1086 loss=0.7042
[train:object_token_det:H5] epoch=4/10 step=150/1086 loss=0.6704
[train:object_token_det:H5] epoch=4/10 step=175/1086 loss=0.6709
[train:object_token_det:H5] epoch=4/10 step=200/1086 loss=0.6991
[train:object_token_det:H5] epoch=4/10 step=225/1086 loss=0.6568
[train:object_token_det:H5] epoch=4/10 step=250/1086 loss=0.6920
[train:object_token_det:H5] epoch=4/10 step=275/1086 loss=0.6973
[train:object_token_det:H5] epoch=4/10 step=300/1086 loss=0.6942
[train:object_token_det:H5] epoch=4/10 step=325/1086 loss=0.7197
[train:object_token_det:H5] epoch=4/10 step=350/1086 loss=0.6328
[train:object_token_det:H5] epoch=4/10 step=375/1086 loss=0.6925
[train:object_token_det:H5] epoch=4/10 step=400/1086 loss=0.6598
[train:object_token_det:H5] epoch=4/10 step=425/1086 loss=0.6383
[train:object_token_det:H5] epoch=4/10 step=450/1086 loss=0.6833
[train:object_token_det:H5] epoch=4/10 step=475/1086 loss=0.6651
[train:object_token_det:H5] epoch=4/10 step=500/1086 loss=0.6920
[train:object_token_det:H5] epoch=4/10 step=525/1086 loss=0.6356
[train:object_token_det:H5] epoch=4/10 step=550/1086 loss=0.6644
[train:object_token_det:H5] epoch=4/10 step=575/1086 loss=0.6577
[train:object_token_det:H5] epoch=4/10 step=600/1086 loss=0.7246
[train:object_token_det:H5] epoch=4/10 step=625/1086 loss=0.6982
[train:object_token_det:H5] epoch=4/10 step=650/1086 loss=0.6759
[train:object_token_det:H5] epoch=4/10 step=675/1086 loss=0.6918
[train:object_token_det:H5] epoch=4/10 step=700/1086 loss=0.6778
[train:object_token_det:H5] epoch=4/10 step=725/1086 loss=0.6867
[train:object_token_det:H5] epoch=4/10 step=750/1086 loss=0.6613
[train:object_token_det:H5] epoch=4/10 step=775/1086 loss=0.6736
[train:object_token_det:H5] epoch=4/10 step=800/1086 loss=0.6421
[train:object_token_det:H5] epoch=4/10 step=825/1086 loss=0.6796
[train:object_token_det:H5] epoch=4/10 step=850/1086 loss=0.6700
[train:object_token_det:H5] epoch=4/10 step=875/1086 loss=0.6630
[train:object_token_det:H5] epoch=4/10 step=900/1086 loss=0.6593
[train:object_token_det:H5] epoch=4/10 step=925/1086 loss=0.6797
[train:object_token_det:H5] epoch=4/10 step=950/1086 loss=0.6628
[train:object_token_det:H5] epoch=4/10 step=975/1086 loss=0.6362
[train:object_token_det:H5] epoch=4/10 step=1000/1086 loss=0.6280
[train:object_token_det:H5] epoch=4/10 step=1025/1086 loss=0.6627
[train:object_token_det:H5] epoch=4/10 step=1050/1086 loss=0.6564
[train:object_token_det:H5] epoch=4/10 step=1075/1086 loss=0.6401
[epoch] method=object_token_det epoch=4 train=0.6743 val=0.6787 best=0.6787
[train:object_token_det:H5] epoch=5/10 step=0/1086 loss=0.7007
[train:object_token_det:H5] epoch=5/10 step=25/1086 loss=0.6491
[train:object_token_det:H5] epoch=5/10 step=50/1086 loss=0.6501
[train:object_token_det:H5] epoch=5/10 step=75/1086 loss=0.6565
[train:object_token_det:H5] epoch=5/10 step=100/1086 loss=0.6383
[train:object_token_det:H5] epoch=5/10 step=125/1086 loss=0.6414
[train:object_token_det:H5] epoch=5/10 step=150/1086 loss=0.6507
[train:object_token_det:H5] epoch=5/10 step=175/1086 loss=0.6738
[train:object_token_det:H5] epoch=5/10 step=200/1086 loss=0.6534
[train:object_token_det:H5] epoch=5/10 step=225/1086 loss=0.6218
[train:object_token_det:H5] epoch=5/10 step=250/1086 loss=0.6530
[train:object_token_det:H5] epoch=5/10 step=275/1086 loss=0.6755
[train:object_token_det:H5] epoch=5/10 step=300/1086 loss=0.6353
[train:object_token_det:H5] epoch=5/10 step=325/1086 loss=0.6482
[train:object_token_det:H5] epoch=5/10 step=350/1086 loss=0.6130
[train:object_token_det:H5] epoch=5/10 step=375/1086 loss=0.6432
[train:object_token_det:H5] epoch=5/10 step=400/1086 loss=0.6290
[train:object_token_det:H5] epoch=5/10 step=425/1086 loss=0.6450
[train:object_token_det:H5] epoch=5/10 step=450/1086 loss=0.6589
[train:object_token_det:H5] epoch=5/10 step=475/1086 loss=0.6484
[train:object_token_det:H5] epoch=5/10 step=500/1086 loss=0.6330
[train:object_token_det:H5] epoch=5/10 step=525/1086 loss=0.6566
[train:object_token_det:H5] epoch=5/10 step=550/1086 loss=0.6335
[train:object_token_det:H5] epoch=5/10 step=575/1086 loss=0.6461
[train:object_token_det:H5] epoch=5/10 step=600/1086 loss=0.6497
[train:object_token_det:H5] epoch=5/10 step=625/1086 loss=0.6683
[train:object_token_det:H5] epoch=5/10 step=650/1086 loss=0.6231
[train:object_token_det:H5] epoch=5/10 step=675/1086 loss=0.6262
[train:object_token_det:H5] epoch=5/10 step=700/1086 loss=0.7100
[train:object_token_det:H5] epoch=5/10 step=725/1086 loss=0.6120
[train:object_token_det:H5] epoch=5/10 step=750/1086 loss=0.6823
[train:object_token_det:H5] epoch=5/10 step=775/1086 loss=0.5805
[train:object_token_det:H5] epoch=5/10 step=800/1086 loss=0.6296
[train:object_token_det:H5] epoch=5/10 step=825/1086 loss=0.6055
[train:object_token_det:H5] epoch=5/10 step=850/1086 loss=0.6262
[train:object_token_det:H5] epoch=5/10 step=875/1086 loss=0.6066
[train:object_token_det:H5] epoch=5/10 step=900/1086 loss=0.6116
[train:object_token_det:H5] epoch=5/10 step=925/1086 loss=0.6045
[train:object_token_det:H5] epoch=5/10 step=950/1086 loss=0.6026
[train:object_token_det:H5] epoch=5/10 step=975/1086 loss=0.6228
[train:object_token_det:H5] epoch=5/10 step=1000/1086 loss=0.6369
[train:object_token_det:H5] epoch=5/10 step=1025/1086 loss=0.6361
[train:object_token_det:H5] epoch=5/10 step=1050/1086 loss=0.5889
[train:object_token_det:H5] epoch=5/10 step=1075/1086 loss=0.5875
[epoch] method=object_token_det epoch=5 train=0.6377 val=0.6922 best=0.6787
[train:object_token_det:H5] epoch=6/10 step=0/1086 loss=0.4884
[train:object_token_det:H5] epoch=6/10 step=25/1086 loss=0.6746
[train:object_token_det:H5] epoch=6/10 step=50/1086 loss=0.6211
[train:object_token_det:H5] epoch=6/10 step=75/1086 loss=0.6531
[train:object_token_det:H5] epoch=6/10 step=100/1086 loss=0.6409
[train:object_token_det:H5] epoch=6/10 step=125/1086 loss=0.6341
[train:object_token_det:H5] epoch=6/10 step=150/1086 loss=0.5806
[train:object_token_det:H5] epoch=6/10 step=175/1086 loss=0.5877
[train:object_token_det:H5] epoch=6/10 step=200/1086 loss=0.5981
[train:object_token_det:H5] epoch=6/10 step=225/1086 loss=0.6434
[train:object_token_det:H5] epoch=6/10 step=250/1086 loss=0.5888
[train:object_token_det:H5] epoch=6/10 step=275/1086 loss=0.6002
[train:object_token_det:H5] epoch=6/10 step=300/1086 loss=0.6390
[train:object_token_det:H5] epoch=6/10 step=325/1086 loss=0.6217
[train:object_token_det:H5] epoch=6/10 step=350/1086 loss=0.5951
[train:object_token_det:H5] epoch=6/10 step=375/1086 loss=0.5823
[train:object_token_det:H5] epoch=6/10 step=400/1086 loss=0.6426
[train:object_token_det:H5] epoch=6/10 step=425/1086 loss=0.6098
[train:object_token_det:H5] epoch=6/10 step=450/1086 loss=0.5973
[train:object_token_det:H5] epoch=6/10 step=475/1086 loss=0.6193
[train:object_token_det:H5] epoch=6/10 step=500/1086 loss=0.6001
[train:object_token_det:H5] epoch=6/10 step=525/1086 loss=0.6170
[train:object_token_det:H5] epoch=6/10 step=550/1086 loss=0.5805
[train:object_token_det:H5] epoch=6/10 step=575/1086 loss=0.5755
[train:object_token_det:H5] epoch=6/10 step=600/1086 loss=0.5662
[train:object_token_det:H5] epoch=6/10 step=625/1086 loss=0.6031
[train:object_token_det:H5] epoch=6/10 step=650/1086 loss=0.6073
[train:object_token_det:H5] epoch=6/10 step=675/1086 loss=0.5985
[train:object_token_det:H5] epoch=6/10 step=700/1086 loss=0.5888
[train:object_token_det:H5] epoch=6/10 step=725/1086 loss=0.6207
[train:object_token_det:H5] epoch=6/10 step=750/1086 loss=0.6145
[train:object_token_det:H5] epoch=6/10 step=775/1086 loss=0.6062
[train:object_token_det:H5] epoch=6/10 step=800/1086 loss=0.5958
[train:object_token_det:H5] epoch=6/10 step=825/1086 loss=0.6466
[train:object_token_det:H5] epoch=6/10 step=850/1086 loss=0.5916
[train:object_token_det:H5] epoch=6/10 step=875/1086 loss=0.5982
[train:object_token_det:H5] epoch=6/10 step=900/1086 loss=0.6086
[train:object_token_det:H5] epoch=6/10 step=925/1086 loss=0.5884
[train:object_token_det:H5] epoch=6/10 step=950/1086 loss=0.5685
[train:object_token_det:H5] epoch=6/10 step=975/1086 loss=0.5909
[train:object_token_det:H5] epoch=6/10 step=1000/1086 loss=0.6279
[train:object_token_det:H5] epoch=6/10 step=1025/1086 loss=0.6032
[train:object_token_det:H5] epoch=6/10 step=1050/1086 loss=0.6264
[train:object_token_det:H5] epoch=6/10 step=1075/1086 loss=0.6052
[epoch] method=object_token_det epoch=6 train=0.6097 val=0.6295 best=0.6295
[train:object_token_det:H5] epoch=7/10 step=0/1086 loss=0.5249
[train:object_token_det:H5] epoch=7/10 step=25/1086 loss=0.5802
[train:object_token_det:H5] epoch=7/10 step=50/1086 loss=0.5442
[train:object_token_det:H5] epoch=7/10 step=75/1086 loss=0.6139
[train:object_token_det:H5] epoch=7/10 step=100/1086 loss=0.5853
[train:object_token_det:H5] epoch=7/10 step=125/1086 loss=0.5876
[train:object_token_det:H5] epoch=7/10 step=150/1086 loss=0.6053
[train:object_token_det:H5] epoch=7/10 step=175/1086 loss=0.5759
[train:object_token_det:H5] epoch=7/10 step=200/1086 loss=0.6206
[train:object_token_det:H5] epoch=7/10 step=225/1086 loss=0.6194
[train:object_token_det:H5] epoch=7/10 step=250/1086 loss=0.6000
[train:object_token_det:H5] epoch=7/10 step=275/1086 loss=0.6292
[train:object_token_det:H5] epoch=7/10 step=300/1086 loss=0.5938
[train:object_token_det:H5] epoch=7/10 step=325/1086 loss=0.6265
[train:object_token_det:H5] epoch=7/10 step=350/1086 loss=0.6556
[train:object_token_det:H5] epoch=7/10 step=375/1086 loss=0.5987
[train:object_token_det:H5] epoch=7/10 step=400/1086 loss=0.5624
[train:object_token_det:H5] epoch=7/10 step=425/1086 loss=0.5791
[train:object_token_det:H5] epoch=7/10 step=450/1086 loss=0.6041
[train:object_token_det:H5] epoch=7/10 step=475/1086 loss=0.5844
[train:object_token_det:H5] epoch=7/10 step=500/1086 loss=0.5670
[train:object_token_det:H5] epoch=7/10 step=525/1086 loss=0.6749
[train:object_token_det:H5] epoch=7/10 step=550/1086 loss=0.6089
[train:object_token_det:H5] epoch=7/10 step=575/1086 loss=0.5509
[train:object_token_det:H5] epoch=7/10 step=600/1086 loss=0.5953
[train:object_token_det:H5] epoch=7/10 step=625/1086 loss=0.5644
[train:object_token_det:H5] epoch=7/10 step=650/1086 loss=0.5864
[train:object_token_det:H5] epoch=7/10 step=675/1086 loss=0.5847
[train:object_token_det:H5] epoch=7/10 step=700/1086 loss=0.5557
[train:object_token_det:H5] epoch=7/10 step=725/1086 loss=0.6279
[train:object_token_det:H5] epoch=7/10 step=750/1086 loss=0.6241
[train:object_token_det:H5] epoch=7/10 step=775/1086 loss=0.6073
[train:object_token_det:H5] epoch=7/10 step=800/1086 loss=0.5620
[train:object_token_det:H5] epoch=7/10 step=825/1086 loss=0.5843
[train:object_token_det:H5] epoch=7/10 step=850/1086 loss=0.5944
[train:object_token_det:H5] epoch=7/10 step=875/1086 loss=0.5744
[train:object_token_det:H5] epoch=7/10 step=900/1086 loss=0.5816
[train:object_token_det:H5] epoch=7/10 step=925/1086 loss=0.5818
[train:object_token_det:H5] epoch=7/10 step=950/1086 loss=0.5757
[train:object_token_det:H5] epoch=7/10 step=975/1086 loss=0.5820
[train:object_token_det:H5] epoch=7/10 step=1000/1086 loss=0.5814
[train:object_token_det:H5] epoch=7/10 step=1025/1086 loss=0.6108
[train:object_token_det:H5] epoch=7/10 step=1050/1086 loss=0.5971
[train:object_token_det:H5] epoch=7/10 step=1075/1086 loss=0.6234
[epoch] method=object_token_det epoch=7 train=0.5943 val=0.6252 best=0.6252
[train:object_token_det:H5] epoch=8/10 step=0/1086 loss=0.6382
[train:object_token_det:H5] epoch=8/10 step=25/1086 loss=0.5806
[train:object_token_det:H5] epoch=8/10 step=50/1086 loss=0.5682
[train:object_token_det:H5] epoch=8/10 step=75/1086 loss=0.5901
[train:object_token_det:H5] epoch=8/10 step=100/1086 loss=0.5559
[train:object_token_det:H5] epoch=8/10 step=125/1086 loss=0.5978
[train:object_token_det:H5] epoch=8/10 step=150/1086 loss=0.6102
[train:object_token_det:H5] epoch=8/10 step=175/1086 loss=0.5828
[train:object_token_det:H5] epoch=8/10 step=200/1086 loss=0.5884
[train:object_token_det:H5] epoch=8/10 step=225/1086 loss=0.5614
[train:object_token_det:H5] epoch=8/10 step=250/1086 loss=0.5498
[train:object_token_det:H5] epoch=8/10 step=275/1086 loss=0.6215
[train:object_token_det:H5] epoch=8/10 step=300/1086 loss=0.5829
[train:object_token_det:H5] epoch=8/10 step=325/1086 loss=0.5949
[train:object_token_det:H5] epoch=8/10 step=350/1086 loss=0.5690
[train:object_token_det:H5] epoch=8/10 step=375/1086 loss=0.5694
[train:object_token_det:H5] epoch=8/10 step=400/1086 loss=0.5779
[train:object_token_det:H5] epoch=8/10 step=425/1086 loss=0.5689
[train:object_token_det:H5] epoch=8/10 step=450/1086 loss=0.5877
[train:object_token_det:H5] epoch=8/10 step=475/1086 loss=0.5819
[train:object_token_det:H5] epoch=8/10 step=500/1086 loss=0.6068
[train:object_token_det:H5] epoch=8/10 step=525/1086 loss=0.5432
[train:object_token_det:H5] epoch=8/10 step=550/1086 loss=0.5734
[train:object_token_det:H5] epoch=8/10 step=575/1086 loss=0.5388
[train:object_token_det:H5] epoch=8/10 step=600/1086 loss=0.5529
[train:object_token_det:H5] epoch=8/10 step=625/1086 loss=0.5764
[train:object_token_det:H5] epoch=8/10 step=650/1086 loss=0.5935
[train:object_token_det:H5] epoch=8/10 step=675/1086 loss=0.5962
[train:object_token_det:H5] epoch=8/10 step=700/1086 loss=0.5918
[train:object_token_det:H5] epoch=8/10 step=725/1086 loss=0.5661
[train:object_token_det:H5] epoch=8/10 step=750/1086 loss=0.5935
[train:object_token_det:H5] epoch=8/10 step=775/1086 loss=0.5806
[train:object_token_det:H5] epoch=8/10 step=800/1086 loss=0.5724
[train:object_token_det:H5] epoch=8/10 step=825/1086 loss=0.5788
[train:object_token_det:H5] epoch=8/10 step=850/1086 loss=0.5481
[train:object_token_det:H5] epoch=8/10 step=875/1086 loss=0.5848
[train:object_token_det:H5] epoch=8/10 step=900/1086 loss=0.5669
[train:object_token_det:H5] epoch=8/10 step=925/1086 loss=0.5779
[train:object_token_det:H5] epoch=8/10 step=950/1086 loss=0.5729
[train:object_token_det:H5] epoch=8/10 step=975/1086 loss=0.5589
[train:object_token_det:H5] epoch=8/10 step=1000/1086 loss=0.5545
[train:object_token_det:H5] epoch=8/10 step=1025/1086 loss=0.5806
[train:object_token_det:H5] epoch=8/10 step=1050/1086 loss=0.6213
[train:object_token_det:H5] epoch=8/10 step=1075/1086 loss=0.5557
[epoch] method=object_token_det epoch=8 train=0.5783 val=0.6363 best=0.6252
[train:object_token_det:H5] epoch=9/10 step=0/1086 loss=0.4659
[train:object_token_det:H5] epoch=9/10 step=25/1086 loss=0.5409
[train:object_token_det:H5] epoch=9/10 step=50/1086 loss=0.5522
[train:object_token_det:H5] epoch=9/10 step=75/1086 loss=0.5763
[train:object_token_det:H5] epoch=9/10 step=100/1086 loss=0.6229
[train:object_token_det:H5] epoch=9/10 step=125/1086 loss=0.5498
[train:object_token_det:H5] epoch=9/10 step=150/1086 loss=0.5800
[train:object_token_det:H5] epoch=9/10 step=175/1086 loss=0.5856
[train:object_token_det:H5] epoch=9/10 step=200/1086 loss=0.5462
[train:object_token_det:H5] epoch=9/10 step=225/1086 loss=0.5624
[train:object_token_det:H5] epoch=9/10 step=250/1086 loss=0.5707
[train:object_token_det:H5] epoch=9/10 step=275/1086 loss=0.5717
[train:object_token_det:H5] epoch=9/10 step=300/1086 loss=0.5489
[train:object_token_det:H5] epoch=9/10 step=325/1086 loss=0.5758
[train:object_token_det:H5] epoch=9/10 step=350/1086 loss=0.5522
[train:object_token_det:H5] epoch=9/10 step=375/1086 loss=0.5743
[train:object_token_det:H5] epoch=9/10 step=400/1086 loss=0.5450
[train:object_token_det:H5] epoch=9/10 step=425/1086 loss=0.5427
[train:object_token_det:H5] epoch=9/10 step=450/1086 loss=0.5598
[train:object_token_det:H5] epoch=9/10 step=475/1086 loss=0.5657
[train:object_token_det:H5] epoch=9/10 step=500/1086 loss=0.5620
[train:object_token_det:H5] epoch=9/10 step=525/1086 loss=0.5782
[train:object_token_det:H5] epoch=9/10 step=550/1086 loss=0.5864
[train:object_token_det:H5] epoch=9/10 step=575/1086 loss=0.5571
[train:object_token_det:H5] epoch=9/10 step=600/1086 loss=0.5452
[train:object_token_det:H5] epoch=9/10 step=625/1086 loss=0.5552
[train:object_token_det:H5] epoch=9/10 step=650/1086 loss=0.5223
[train:object_token_det:H5] epoch=9/10 step=675/1086 loss=0.5644
[train:object_token_det:H5] epoch=9/10 step=700/1086 loss=0.5869
[train:object_token_det:H5] epoch=9/10 step=725/1086 loss=0.5772
[train:object_token_det:H5] epoch=9/10 step=750/1086 loss=0.5599
[train:object_token_det:H5] epoch=9/10 step=775/1086 loss=0.5684
[train:object_token_det:H5] epoch=9/10 step=800/1086 loss=0.5514
[train:object_token_det:H5] epoch=9/10 step=825/1086 loss=0.5685
[train:object_token_det:H5] epoch=9/10 step=850/1086 loss=0.5650
[train:object_token_det:H5] epoch=9/10 step=875/1086 loss=0.5416
[train:object_token_det:H5] epoch=9/10 step=900/1086 loss=0.5628
[train:object_token_det:H5] epoch=9/10 step=925/1086 loss=0.5429
[train:object_token_det:H5] epoch=9/10 step=950/1086 loss=0.5653
[train:object_token_det:H5] epoch=9/10 step=975/1086 loss=0.5754
[train:object_token_det:H5] epoch=9/10 step=1000/1086 loss=0.5556
[train:object_token_det:H5] epoch=9/10 step=1025/1086 loss=0.5774
[train:object_token_det:H5] epoch=9/10 step=1050/1086 loss=0.5686
[train:object_token_det:H5] epoch=9/10 step=1075/1086 loss=0.5441
[epoch] method=object_token_det epoch=9 train=0.5645 val=0.6222 best=0.6222
[train:object_token_det:H5] epoch=10/10 step=0/1086 loss=0.6463
[train:object_token_det:H5] epoch=10/10 step=25/1086 loss=0.5301
[train:object_token_det:H5] epoch=10/10 step=50/1086 loss=0.5229
[train:object_token_det:H5] epoch=10/10 step=75/1086 loss=0.5372
[train:object_token_det:H5] epoch=10/10 step=100/1086 loss=0.5291
[train:object_token_det:H5] epoch=10/10 step=125/1086 loss=0.5483
[train:object_token_det:H5] epoch=10/10 step=150/1086 loss=0.5582
[train:object_token_det:H5] epoch=10/10 step=175/1086 loss=0.5629
[train:object_token_det:H5] epoch=10/10 step=200/1086 loss=0.5399
[train:object_token_det:H5] epoch=10/10 step=225/1086 loss=0.5567
[train:object_token_det:H5] epoch=10/10 step=250/1086 loss=0.5740
[train:object_token_det:H5] epoch=10/10 step=275/1086 loss=0.5449
[train:object_token_det:H5] epoch=10/10 step=300/1086 loss=0.5829
[train:object_token_det:H5] epoch=10/10 step=325/1086 loss=0.5142
[train:object_token_det:H5] epoch=10/10 step=350/1086 loss=0.5716
[train:object_token_det:H5] epoch=10/10 step=375/1086 loss=0.5349
[train:object_token_det:H5] epoch=10/10 step=400/1086 loss=0.5446
[train:object_token_det:H5] epoch=10/10 step=425/1086 loss=0.5556
[train:object_token_det:H5] epoch=10/10 step=450/1086 loss=0.5748
[train:object_token_det:H5] epoch=10/10 step=475/1086 loss=0.5673
[train:object_token_det:H5] epoch=10/10 step=500/1086 loss=0.5754
[train:object_token_det:H5] epoch=10/10 step=525/1086 loss=0.5209
[train:object_token_det:H5] epoch=10/10 step=550/1086 loss=0.5510
[train:object_token_det:H5] epoch=10/10 step=575/1086 loss=0.5214
[train:object_token_det:H5] epoch=10/10 step=600/1086 loss=0.5259
[train:object_token_det:H5] epoch=10/10 step=625/1086 loss=0.5539
[train:object_token_det:H5] epoch=10/10 step=650/1086 loss=0.5659
[train:object_token_det:H5] epoch=10/10 step=675/1086 loss=0.5469
[train:object_token_det:H5] epoch=10/10 step=700/1086 loss=0.5290
[train:object_token_det:H5] epoch=10/10 step=725/1086 loss=0.5623
[train:object_token_det:H5] epoch=10/10 step=750/1086 loss=0.5897
[train:object_token_det:H5] epoch=10/10 step=775/1086 loss=0.5485
[train:object_token_det:H5] epoch=10/10 step=800/1086 loss=0.5322
[train:object_token_det:H5] epoch=10/10 step=825/1086 loss=0.5561
[train:object_token_det:H5] epoch=10/10 step=850/1086 loss=0.5568
[train:object_token_det:H5] epoch=10/10 step=875/1086 loss=0.5307
[train:object_token_det:H5] epoch=10/10 step=900/1086 loss=0.5492
[train:object_token_det:H5] epoch=10/10 step=925/1086 loss=0.5495
[train:object_token_det:H5] epoch=10/10 step=950/1086 loss=0.5332
[train:object_token_det:H5] epoch=10/10 step=975/1086 loss=0.5568
[train:object_token_det:H5] epoch=10/10 step=1000/1086 loss=0.5423
[train:object_token_det:H5] epoch=10/10 step=1025/1086 loss=0.5610
[train:object_token_det:H5] epoch=10/10 step=1050/1086 loss=0.5406
[train:object_token_det:H5] epoch=10/10 step=1075/1086 loss=0.5272
[epoch] method=object_token_det epoch=10 train=0.5468 val=0.6441 best=0.6222
[done train] /home/tahiti/SafeObjWorld/runs_v2_full/models/object_token_det/H5/best.pt
