====================================================================================================
SafeObjWorld V2 runner
{
  "mode": "train",
  "dataset_root": "/home/tahiti/SafeObjWorld/data/DAVIS2017",
  "run_root": "/home/tahiti/SafeObjWorld/runs_v2_full",
  "year": "2017",
  "method": "object_token_no_geom",
  "stress": "clean",
  "prefix_len": 3,
  "max_h": 10,
  "image_size": 192,
  "batch_size": 8,
  "epochs": 10,
  "lr": 0.0002,
  "weight_decay": 0.0001,
  "max_train_samples": 0,
  "max_val_samples": 0,
  "num_workers": 4,
  "seed": 42,
  "eval_k_override": 0,
  "amp": true,
  "cpu": false,
  "skip_existing": true,
  "log_every": 25
}
====================================================================================================
[train] method=object_token_no_geom device=cuda cfg={'stress_train': True, 'temporal_weight': 0.05, 'split_weight': 0.0, 'area_weight': 0.1, 'mc_eval': True, 'eval_k': 5}
[train:object_token_no_geom:H10] epoch=1/10 step=0/1003 loss=1.6600
[train:object_token_no_geom:H10] epoch=1/10 step=25/1003 loss=1.6294
[train:object_token_no_geom:H10] epoch=1/10 step=50/1003 loss=1.2961
[train:object_token_no_geom:H10] epoch=1/10 step=75/1003 loss=1.1606
[train:object_token_no_geom:H10] epoch=1/10 step=100/1003 loss=1.1206
[train:object_token_no_geom:H10] epoch=1/10 step=125/1003 loss=1.1032
[train:object_token_no_geom:H10] epoch=1/10 step=150/1003 loss=1.0857
[train:object_token_no_geom:H10] epoch=1/10 step=175/1003 loss=1.0687
[train:object_token_no_geom:H10] epoch=1/10 step=200/1003 loss=1.0742
[train:object_token_no_geom:H10] epoch=1/10 step=225/1003 loss=1.0910
[train:object_token_no_geom:H10] epoch=1/10 step=250/1003 loss=1.0721
[train:object_token_no_geom:H10] epoch=1/10 step=275/1003 loss=1.0770
[train:object_token_no_geom:H10] epoch=1/10 step=300/1003 loss=1.0683
[train:object_token_no_geom:H10] epoch=1/10 step=325/1003 loss=1.0670
[train:object_token_no_geom:H10] epoch=1/10 step=350/1003 loss=1.0710
[train:object_token_no_geom:H10] epoch=1/10 step=375/1003 loss=1.0586
[train:object_token_no_geom:H10] epoch=1/10 step=400/1003 loss=1.0640
[train:object_token_no_geom:H10] epoch=1/10 step=425/1003 loss=1.0743
[train:object_token_no_geom:H10] epoch=1/10 step=450/1003 loss=1.0605
[train:object_token_no_geom:H10] epoch=1/10 step=475/1003 loss=1.0580
[train:object_token_no_geom:H10] epoch=1/10 step=500/1003 loss=1.0646
[train:object_token_no_geom:H10] epoch=1/10 step=525/1003 loss=1.0310
[train:object_token_no_geom:H10] epoch=1/10 step=550/1003 loss=1.0600
[train:object_token_no_geom:H10] epoch=1/10 step=575/1003 loss=1.0575
[train:object_token_no_geom:H10] epoch=1/10 step=600/1003 loss=1.0618
[train:object_token_no_geom:H10] epoch=1/10 step=625/1003 loss=1.0414
[train:object_token_no_geom:H10] epoch=1/10 step=650/1003 loss=1.0430
[train:object_token_no_geom:H10] epoch=1/10 step=675/1003 loss=1.0483
[train:object_token_no_geom:H10] epoch=1/10 step=700/1003 loss=1.0752
[train:object_token_no_geom:H10] epoch=1/10 step=725/1003 loss=1.0687
[train:object_token_no_geom:H10] epoch=1/10 step=750/1003 loss=1.0499
[train:object_token_no_geom:H10] epoch=1/10 step=775/1003 loss=1.0462
[train:object_token_no_geom:H10] epoch=1/10 step=800/1003 loss=1.0113
[train:object_token_no_geom:H10] epoch=1/10 step=825/1003 loss=1.0375
[train:object_token_no_geom:H10] epoch=1/10 step=850/1003 loss=1.0434
[train:object_token_no_geom:H10] epoch=1/10 step=875/1003 loss=1.0452
[train:object_token_no_geom:H10] epoch=1/10 step=900/1003 loss=1.0329
[train:object_token_no_geom:H10] epoch=1/10 step=925/1003 loss=1.0415
[train:object_token_no_geom:H10] epoch=1/10 step=950/1003 loss=1.0313
[train:object_token_no_geom:H10] epoch=1/10 step=975/1003 loss=1.0549
[train:object_token_no_geom:H10] epoch=1/10 step=1000/1003 loss=1.0363
[epoch] method=object_token_no_geom epoch=1 train=1.0837 val=0.9945 best=0.9945
[train:object_token_no_geom:H10] epoch=2/10 step=0/1003 loss=1.1486
[train:object_token_no_geom:H10] epoch=2/10 step=25/1003 loss=1.0384
[train:object_token_no_geom:H10] epoch=2/10 step=50/1003 loss=1.0328
[train:object_token_no_geom:H10] epoch=2/10 step=75/1003 loss=1.0489
[train:object_token_no_geom:H10] epoch=2/10 step=100/1003 loss=1.0016
[train:object_token_no_geom:H10] epoch=2/10 step=125/1003 loss=1.0211
[train:object_token_no_geom:H10] epoch=2/10 step=150/1003 loss=1.0247
[train:object_token_no_geom:H10] epoch=2/10 step=175/1003 loss=1.0128
[train:object_token_no_geom:H10] epoch=2/10 step=200/1003 loss=1.0301
[train:object_token_no_geom:H10] epoch=2/10 step=225/1003 loss=1.0272
[train:object_token_no_geom:H10] epoch=2/10 step=250/1003 loss=1.0231
[train:object_token_no_geom:H10] epoch=2/10 step=275/1003 loss=1.0276
[train:object_token_no_geom:H10] epoch=2/10 step=300/1003 loss=1.0308
[train:object_token_no_geom:H10] epoch=2/10 step=325/1003 loss=1.0401
[train:object_token_no_geom:H10] epoch=2/10 step=350/1003 loss=1.0347
[train:object_token_no_geom:H10] epoch=2/10 step=375/1003 loss=1.0387
[train:object_token_no_geom:H10] epoch=2/10 step=400/1003 loss=1.0211
[train:object_token_no_geom:H10] epoch=2/10 step=425/1003 loss=1.0120
[train:object_token_no_geom:H10] epoch=2/10 step=450/1003 loss=1.0284
[train:object_token_no_geom:H10] epoch=2/10 step=475/1003 loss=1.0035
[train:object_token_no_geom:H10] epoch=2/10 step=500/1003 loss=1.0279
[train:object_token_no_geom:H10] epoch=2/10 step=525/1003 loss=1.0283
[train:object_token_no_geom:H10] epoch=2/10 step=550/1003 loss=1.0315
[train:object_token_no_geom:H10] epoch=2/10 step=575/1003 loss=1.0146
[train:object_token_no_geom:H10] epoch=2/10 step=600/1003 loss=1.0227
[train:object_token_no_geom:H10] epoch=2/10 step=625/1003 loss=1.0315
[train:object_token_no_geom:H10] epoch=2/10 step=650/1003 loss=1.0398
[train:object_token_no_geom:H10] epoch=2/10 step=675/1003 loss=1.0202
[train:object_token_no_geom:H10] epoch=2/10 step=700/1003 loss=1.0477
[train:object_token_no_geom:H10] epoch=2/10 step=725/1003 loss=1.0441
[train:object_token_no_geom:H10] epoch=2/10 step=750/1003 loss=1.0095
[train:object_token_no_geom:H10] epoch=2/10 step=775/1003 loss=1.0177
[train:object_token_no_geom:H10] epoch=2/10 step=800/1003 loss=1.0126
[train:object_token_no_geom:H10] epoch=2/10 step=825/1003 loss=1.0385
[train:object_token_no_geom:H10] epoch=2/10 step=850/1003 loss=1.0307
[train:object_token_no_geom:H10] epoch=2/10 step=875/1003 loss=1.0391
[train:object_token_no_geom:H10] epoch=2/10 step=900/1003 loss=1.0556
[train:object_token_no_geom:H10] epoch=2/10 step=925/1003 loss=1.0086
[train:object_token_no_geom:H10] epoch=2/10 step=950/1003 loss=1.0068
[train:object_token_no_geom:H10] epoch=2/10 step=975/1003 loss=1.0298
[train:object_token_no_geom:H10] epoch=2/10 step=1000/1003 loss=1.0047
[epoch] method=object_token_no_geom epoch=2 train=1.0268 val=0.9949 best=0.9945
[train:object_token_no_geom:H10] epoch=3/10 step=0/1003 loss=1.0515
[train:object_token_no_geom:H10] epoch=3/10 step=25/1003 loss=1.0371
[train:object_token_no_geom:H10] epoch=3/10 step=50/1003 loss=1.0361
[train:object_token_no_geom:H10] epoch=3/10 step=75/1003 loss=1.0093
[train:object_token_no_geom:H10] epoch=3/10 step=100/1003 loss=1.0450
[train:object_token_no_geom:H10] epoch=3/10 step=125/1003 loss=1.0048
[train:object_token_no_geom:H10] epoch=3/10 step=150/1003 loss=1.0352
[train:object_token_no_geom:H10] epoch=3/10 step=175/1003 loss=1.0167
[train:object_token_no_geom:H10] epoch=3/10 step=200/1003 loss=0.9995
[train:object_token_no_geom:H10] epoch=3/10 step=225/1003 loss=1.0000
[train:object_token_no_geom:H10] epoch=3/10 step=250/1003 loss=1.0196
[train:object_token_no_geom:H10] epoch=3/10 step=275/1003 loss=1.0053
[train:object_token_no_geom:H10] epoch=3/10 step=300/1003 loss=1.0098
[train:object_token_no_geom:H10] epoch=3/10 step=325/1003 loss=1.0285
[train:object_token_no_geom:H10] epoch=3/10 step=350/1003 loss=1.0419
[train:object_token_no_geom:H10] epoch=3/10 step=375/1003 loss=0.9984
[train:object_token_no_geom:H10] epoch=3/10 step=400/1003 loss=1.0229
[train:object_token_no_geom:H10] epoch=3/10 step=425/1003 loss=0.9951
[train:object_token_no_geom:H10] epoch=3/10 step=450/1003 loss=0.9904
[train:object_token_no_geom:H10] epoch=3/10 step=475/1003 loss=0.9880
[train:object_token_no_geom:H10] epoch=3/10 step=500/1003 loss=0.9748
[train:object_token_no_geom:H10] epoch=3/10 step=525/1003 loss=0.9911
[train:object_token_no_geom:H10] epoch=3/10 step=550/1003 loss=1.0025
[train:object_token_no_geom:H10] epoch=3/10 step=575/1003 loss=1.0216
[train:object_token_no_geom:H10] epoch=3/10 step=600/1003 loss=1.0059
[train:object_token_no_geom:H10] epoch=3/10 step=625/1003 loss=0.9965
[train:object_token_no_geom:H10] epoch=3/10 step=650/1003 loss=1.0170
[train:object_token_no_geom:H10] epoch=3/10 step=675/1003 loss=1.0187
[train:object_token_no_geom:H10] epoch=3/10 step=700/1003 loss=0.9934
[train:object_token_no_geom:H10] epoch=3/10 step=725/1003 loss=0.9959
[train:object_token_no_geom:H10] epoch=3/10 step=750/1003 loss=1.0055
[train:object_token_no_geom:H10] epoch=3/10 step=775/1003 loss=1.0171
[train:object_token_no_geom:H10] epoch=3/10 step=800/1003 loss=1.0000
[train:object_token_no_geom:H10] epoch=3/10 step=825/1003 loss=1.0167
[train:object_token_no_geom:H10] epoch=3/10 step=850/1003 loss=1.0251
[train:object_token_no_geom:H10] epoch=3/10 step=875/1003 loss=1.0000
[train:object_token_no_geom:H10] epoch=3/10 step=900/1003 loss=0.9887
[train:object_token_no_geom:H10] epoch=3/10 step=925/1003 loss=0.9905
[train:object_token_no_geom:H10] epoch=3/10 step=950/1003 loss=1.0111
[train:object_token_no_geom:H10] epoch=3/10 step=975/1003 loss=1.0101
[train:object_token_no_geom:H10] epoch=3/10 step=1000/1003 loss=0.9944
[epoch] method=object_token_no_geom epoch=3 train=1.0096 val=0.9889 best=0.9889
[train:object_token_no_geom:H10] epoch=4/10 step=0/1003 loss=0.8995
[train:object_token_no_geom:H10] epoch=4/10 step=25/1003 loss=0.9985
[train:object_token_no_geom:H10] epoch=4/10 step=50/1003 loss=1.0097
[train:object_token_no_geom:H10] epoch=4/10 step=75/1003 loss=1.0093
[train:object_token_no_geom:H10] epoch=4/10 step=100/1003 loss=1.0226
[train:object_token_no_geom:H10] epoch=4/10 step=125/1003 loss=1.0013
[train:object_token_no_geom:H10] epoch=4/10 step=150/1003 loss=0.9895
[train:object_token_no_geom:H10] epoch=4/10 step=175/1003 loss=1.0004
[train:object_token_no_geom:H10] epoch=4/10 step=200/1003 loss=1.0230
[train:object_token_no_geom:H10] epoch=4/10 step=225/1003 loss=1.0140
[train:object_token_no_geom:H10] epoch=4/10 step=250/1003 loss=1.0065
[train:object_token_no_geom:H10] epoch=4/10 step=275/1003 loss=0.9759
[train:object_token_no_geom:H10] epoch=4/10 step=300/1003 loss=0.9971
[train:object_token_no_geom:H10] epoch=4/10 step=325/1003 loss=0.9944
[train:object_token_no_geom:H10] epoch=4/10 step=350/1003 loss=1.0008
[train:object_token_no_geom:H10] epoch=4/10 step=375/1003 loss=1.0155
[train:object_token_no_geom:H10] epoch=4/10 step=400/1003 loss=1.0007
[train:object_token_no_geom:H10] epoch=4/10 step=425/1003 loss=0.9841
[train:object_token_no_geom:H10] epoch=4/10 step=450/1003 loss=0.9968
[train:object_token_no_geom:H10] epoch=4/10 step=475/1003 loss=0.9940
[train:object_token_no_geom:H10] epoch=4/10 step=500/1003 loss=0.9686
[train:object_token_no_geom:H10] epoch=4/10 step=525/1003 loss=0.9834
[train:object_token_no_geom:H10] epoch=4/10 step=550/1003 loss=0.9718
[train:object_token_no_geom:H10] epoch=4/10 step=575/1003 loss=0.9786
[train:object_token_no_geom:H10] epoch=4/10 step=600/1003 loss=1.0040
[train:object_token_no_geom:H10] epoch=4/10 step=625/1003 loss=0.9794
[train:object_token_no_geom:H10] epoch=4/10 step=650/1003 loss=0.9727
[train:object_token_no_geom:H10] epoch=4/10 step=675/1003 loss=0.9825
[train:object_token_no_geom:H10] epoch=4/10 step=700/1003 loss=0.9599
[train:object_token_no_geom:H10] epoch=4/10 step=725/1003 loss=0.9921
[train:object_token_no_geom:H10] epoch=4/10 step=750/1003 loss=1.0196
[train:object_token_no_geom:H10] epoch=4/10 step=775/1003 loss=0.9893
[train:object_token_no_geom:H10] epoch=4/10 step=800/1003 loss=0.9787
[train:object_token_no_geom:H10] epoch=4/10 step=825/1003 loss=0.9966
[train:object_token_no_geom:H10] epoch=4/10 step=850/1003 loss=0.9816
[train:object_token_no_geom:H10] epoch=4/10 step=875/1003 loss=0.9820
[train:object_token_no_geom:H10] epoch=4/10 step=900/1003 loss=0.9847
[train:object_token_no_geom:H10] epoch=4/10 step=925/1003 loss=0.9580
[train:object_token_no_geom:H10] epoch=4/10 step=950/1003 loss=0.9913
[train:object_token_no_geom:H10] epoch=4/10 step=975/1003 loss=0.9948
[train:object_token_no_geom:H10] epoch=4/10 step=1000/1003 loss=0.9573
[epoch] method=object_token_no_geom epoch=4 train=0.9900 val=0.9940 best=0.9889
[train:object_token_no_geom:H10] epoch=5/10 step=0/1003 loss=0.9602
[train:object_token_no_geom:H10] epoch=5/10 step=25/1003 loss=0.9601
[train:object_token_no_geom:H10] epoch=5/10 step=50/1003 loss=0.9798
[train:object_token_no_geom:H10] epoch=5/10 step=75/1003 loss=0.9586
[train:object_token_no_geom:H10] epoch=5/10 step=100/1003 loss=0.9547
[train:object_token_no_geom:H10] epoch=5/10 step=125/1003 loss=0.9652
[train:object_token_no_geom:H10] epoch=5/10 step=150/1003 loss=0.9489
[train:object_token_no_geom:H10] epoch=5/10 step=175/1003 loss=0.9748
[train:object_token_no_geom:H10] epoch=5/10 step=200/1003 loss=0.9839
[train:object_token_no_geom:H10] epoch=5/10 step=225/1003 loss=1.0015
[train:object_token_no_geom:H10] epoch=5/10 step=250/1003 loss=0.9869
[train:object_token_no_geom:H10] epoch=5/10 step=275/1003 loss=0.9835
[train:object_token_no_geom:H10] epoch=5/10 step=300/1003 loss=0.9653
[train:object_token_no_geom:H10] epoch=5/10 step=325/1003 loss=0.9781
[train:object_token_no_geom:H10] epoch=5/10 step=350/1003 loss=0.9457
[train:object_token_no_geom:H10] epoch=5/10 step=375/1003 loss=0.9903
[train:object_token_no_geom:H10] epoch=5/10 step=400/1003 loss=0.9649
[train:object_token_no_geom:H10] epoch=5/10 step=425/1003 loss=0.9546
[train:object_token_no_geom:H10] epoch=5/10 step=450/1003 loss=0.9753
[train:object_token_no_geom:H10] epoch=5/10 step=475/1003 loss=0.9655
[train:object_token_no_geom:H10] epoch=5/10 step=500/1003 loss=0.9430
[train:object_token_no_geom:H10] epoch=5/10 step=525/1003 loss=0.9457
[train:object_token_no_geom:H10] epoch=5/10 step=550/1003 loss=0.9463
[train:object_token_no_geom:H10] epoch=5/10 step=575/1003 loss=0.9767
[train:object_token_no_geom:H10] epoch=5/10 step=600/1003 loss=0.9993
[train:object_token_no_geom:H10] epoch=5/10 step=625/1003 loss=0.9517
[train:object_token_no_geom:H10] epoch=5/10 step=650/1003 loss=0.9681
[train:object_token_no_geom:H10] epoch=5/10 step=675/1003 loss=0.9389
[train:object_token_no_geom:H10] epoch=5/10 step=700/1003 loss=0.9682
[train:object_token_no_geom:H10] epoch=5/10 step=725/1003 loss=0.9695
[train:object_token_no_geom:H10] epoch=5/10 step=750/1003 loss=0.9806
[train:object_token_no_geom:H10] epoch=5/10 step=775/1003 loss=0.9495
[train:object_token_no_geom:H10] epoch=5/10 step=800/1003 loss=0.9285
[train:object_token_no_geom:H10] epoch=5/10 step=825/1003 loss=0.9889
[train:object_token_no_geom:H10] epoch=5/10 step=850/1003 loss=0.9421
[train:object_token_no_geom:H10] epoch=5/10 step=875/1003 loss=0.9625
[train:object_token_no_geom:H10] epoch=5/10 step=900/1003 loss=0.9398
[train:object_token_no_geom:H10] epoch=5/10 step=925/1003 loss=0.9734
[train:object_token_no_geom:H10] epoch=5/10 step=950/1003 loss=0.9644
[train:object_token_no_geom:H10] epoch=5/10 step=975/1003 loss=0.9917
[train:object_token_no_geom:H10] epoch=5/10 step=1000/1003 loss=0.9708
[epoch] method=object_token_no_geom epoch=5 train=0.9654 val=1.0163 best=0.9889
[train:object_token_no_geom:H10] epoch=6/10 step=0/1003 loss=1.0025
[train:object_token_no_geom:H10] epoch=6/10 step=25/1003 loss=0.9447
[train:object_token_no_geom:H10] epoch=6/10 step=50/1003 loss=0.9614
[train:object_token_no_geom:H10] epoch=6/10 step=75/1003 loss=0.9571
[train:object_token_no_geom:H10] epoch=6/10 step=100/1003 loss=0.9563
[train:object_token_no_geom:H10] epoch=6/10 step=125/1003 loss=0.9078
[train:object_token_no_geom:H10] epoch=6/10 step=150/1003 loss=0.9473
[train:object_token_no_geom:H10] epoch=6/10 step=175/1003 loss=0.9651
[train:object_token_no_geom:H10] epoch=6/10 step=200/1003 loss=0.9508
[train:object_token_no_geom:H10] epoch=6/10 step=225/1003 loss=0.9648
[train:object_token_no_geom:H10] epoch=6/10 step=250/1003 loss=0.9310
[train:object_token_no_geom:H10] epoch=6/10 step=275/1003 loss=0.9461
[train:object_token_no_geom:H10] epoch=6/10 step=300/1003 loss=0.9499
[train:object_token_no_geom:H10] epoch=6/10 step=325/1003 loss=0.8998
[train:object_token_no_geom:H10] epoch=6/10 step=350/1003 loss=0.9710
[train:object_token_no_geom:H10] epoch=6/10 step=375/1003 loss=0.9207
[train:object_token_no_geom:H10] epoch=6/10 step=400/1003 loss=0.9313
[train:object_token_no_geom:H10] epoch=6/10 step=425/1003 loss=0.9759
[train:object_token_no_geom:H10] epoch=6/10 step=450/1003 loss=0.9641
[train:object_token_no_geom:H10] epoch=6/10 step=475/1003 loss=0.9696
[train:object_token_no_geom:H10] epoch=6/10 step=500/1003 loss=0.9103
[train:object_token_no_geom:H10] epoch=6/10 step=525/1003 loss=0.9607
[train:object_token_no_geom:H10] epoch=6/10 step=550/1003 loss=0.9534
[train:object_token_no_geom:H10] epoch=6/10 step=575/1003 loss=0.9612
[train:object_token_no_geom:H10] epoch=6/10 step=600/1003 loss=0.9482
[train:object_token_no_geom:H10] epoch=6/10 step=625/1003 loss=0.9555
[train:object_token_no_geom:H10] epoch=6/10 step=650/1003 loss=0.9456
[train:object_token_no_geom:H10] epoch=6/10 step=675/1003 loss=0.9409
[train:object_token_no_geom:H10] epoch=6/10 step=700/1003 loss=0.9183
[train:object_token_no_geom:H10] epoch=6/10 step=725/1003 loss=0.9423
[train:object_token_no_geom:H10] epoch=6/10 step=750/1003 loss=0.9498
[train:object_token_no_geom:H10] epoch=6/10 step=775/1003 loss=0.9161
[train:object_token_no_geom:H10] epoch=6/10 step=800/1003 loss=0.9271
[train:object_token_no_geom:H10] epoch=6/10 step=825/1003 loss=0.9103
[train:object_token_no_geom:H10] epoch=6/10 step=850/1003 loss=0.9483
[train:object_token_no_geom:H10] epoch=6/10 step=875/1003 loss=0.9065
[train:object_token_no_geom:H10] epoch=6/10 step=900/1003 loss=0.9310
[train:object_token_no_geom:H10] epoch=6/10 step=925/1003 loss=0.9179
[train:object_token_no_geom:H10] epoch=6/10 step=950/1003 loss=0.8789
[train:object_token_no_geom:H10] epoch=6/10 step=975/1003 loss=0.9448
[train:object_token_no_geom:H10] epoch=6/10 step=1000/1003 loss=0.9532
[epoch] method=object_token_no_geom epoch=6 train=0.9416 val=1.0219 best=0.9889
[train:object_token_no_geom:H10] epoch=7/10 step=0/1003 loss=0.7192
[train:object_token_no_geom:H10] epoch=7/10 step=25/1003 loss=0.9149
[train:object_token_no_geom:H10] epoch=7/10 step=50/1003 loss=0.9577
[train:object_token_no_geom:H10] epoch=7/10 step=75/1003 loss=0.8972
[train:object_token_no_geom:H10] epoch=7/10 step=100/1003 loss=0.9390
[train:object_token_no_geom:H10] epoch=7/10 step=125/1003 loss=0.9223
[train:object_token_no_geom:H10] epoch=7/10 step=150/1003 loss=0.9210
[train:object_token_no_geom:H10] epoch=7/10 step=175/1003 loss=0.9281
[train:object_token_no_geom:H10] epoch=7/10 step=200/1003 loss=0.9200
[train:object_token_no_geom:H10] epoch=7/10 step=225/1003 loss=0.9082
[train:object_token_no_geom:H10] epoch=7/10 step=250/1003 loss=0.9433
[train:object_token_no_geom:H10] epoch=7/10 step=275/1003 loss=0.9355
[train:object_token_no_geom:H10] epoch=7/10 step=300/1003 loss=0.9247
[train:object_token_no_geom:H10] epoch=7/10 step=325/1003 loss=0.9038
[train:object_token_no_geom:H10] epoch=7/10 step=350/1003 loss=0.9365
[train:object_token_no_geom:H10] epoch=7/10 step=375/1003 loss=0.9006
[train:object_token_no_geom:H10] epoch=7/10 step=400/1003 loss=0.9201
[train:object_token_no_geom:H10] epoch=7/10 step=425/1003 loss=0.9270
[train:object_token_no_geom:H10] epoch=7/10 step=450/1003 loss=0.9267
[train:object_token_no_geom:H10] epoch=7/10 step=475/1003 loss=0.8877
[train:object_token_no_geom:H10] epoch=7/10 step=500/1003 loss=0.9346
[train:object_token_no_geom:H10] epoch=7/10 step=525/1003 loss=0.9335
[train:object_token_no_geom:H10] epoch=7/10 step=550/1003 loss=0.9281
[train:object_token_no_geom:H10] epoch=7/10 step=575/1003 loss=0.9162
[train:object_token_no_geom:H10] epoch=7/10 step=600/1003 loss=0.9272
[train:object_token_no_geom:H10] epoch=7/10 step=625/1003 loss=0.9293
[train:object_token_no_geom:H10] epoch=7/10 step=650/1003 loss=0.9205
[train:object_token_no_geom:H10] epoch=7/10 step=675/1003 loss=0.9158
[train:object_token_no_geom:H10] epoch=7/10 step=700/1003 loss=0.9276
[train:object_token_no_geom:H10] epoch=7/10 step=725/1003 loss=0.9210
[train:object_token_no_geom:H10] epoch=7/10 step=750/1003 loss=0.8788
[train:object_token_no_geom:H10] epoch=7/10 step=775/1003 loss=0.8997
[train:object_token_no_geom:H10] epoch=7/10 step=800/1003 loss=0.8764
[train:object_token_no_geom:H10] epoch=7/10 step=825/1003 loss=0.9081
[train:object_token_no_geom:H10] epoch=7/10 step=850/1003 loss=0.8836
[train:object_token_no_geom:H10] epoch=7/10 step=875/1003 loss=0.9330
[train:object_token_no_geom:H10] epoch=7/10 step=900/1003 loss=0.9313
[train:object_token_no_geom:H10] epoch=7/10 step=925/1003 loss=0.9145
[train:object_token_no_geom:H10] epoch=7/10 step=950/1003 loss=0.9118
[train:object_token_no_geom:H10] epoch=7/10 step=975/1003 loss=0.8883
[train:object_token_no_geom:H10] epoch=7/10 step=1000/1003 loss=0.8945
[epoch] method=object_token_no_geom epoch=7 train=0.9162 val=1.0377 best=0.9889
[train:object_token_no_geom:H10] epoch=8/10 step=0/1003 loss=0.9150
[train:object_token_no_geom:H10] epoch=8/10 step=25/1003 loss=0.9157
[train:object_token_no_geom:H10] epoch=8/10 step=50/1003 loss=0.9040
[train:object_token_no_geom:H10] epoch=8/10 step=75/1003 loss=0.9207
[train:object_token_no_geom:H10] epoch=8/10 step=100/1003 loss=0.8980
[train:object_token_no_geom:H10] epoch=8/10 step=125/1003 loss=0.8976
[train:object_token_no_geom:H10] epoch=8/10 step=150/1003 loss=0.9388
[train:object_token_no_geom:H10] epoch=8/10 step=175/1003 loss=0.9324
[train:object_token_no_geom:H10] epoch=8/10 step=200/1003 loss=0.9226
[train:object_token_no_geom:H10] epoch=8/10 step=225/1003 loss=0.9151
[train:object_token_no_geom:H10] epoch=8/10 step=250/1003 loss=0.9233
[train:object_token_no_geom:H10] epoch=8/10 step=275/1003 loss=0.9157
[train:object_token_no_geom:H10] epoch=8/10 step=300/1003 loss=0.8920
[train:object_token_no_geom:H10] epoch=8/10 step=325/1003 loss=0.8789
[train:object_token_no_geom:H10] epoch=8/10 step=350/1003 loss=0.8977
[train:object_token_no_geom:H10] epoch=8/10 step=375/1003 loss=0.8735
[train:object_token_no_geom:H10] epoch=8/10 step=400/1003 loss=0.8724
[train:object_token_no_geom:H10] epoch=8/10 step=425/1003 loss=0.8775
[train:object_token_no_geom:H10] epoch=8/10 step=450/1003 loss=0.8836
[train:object_token_no_geom:H10] epoch=8/10 step=475/1003 loss=0.9025
[train:object_token_no_geom:H10] epoch=8/10 step=500/1003 loss=0.9031
[train:object_token_no_geom:H10] epoch=8/10 step=525/1003 loss=0.9260
[train:object_token_no_geom:H10] epoch=8/10 step=550/1003 loss=0.8917
[train:object_token_no_geom:H10] epoch=8/10 step=575/1003 loss=0.8418
[train:object_token_no_geom:H10] epoch=8/10 step=600/1003 loss=0.8883
[train:object_token_no_geom:H10] epoch=8/10 step=625/1003 loss=0.8836
[train:object_token_no_geom:H10] epoch=8/10 step=650/1003 loss=0.8682
[train:object_token_no_geom:H10] epoch=8/10 step=675/1003 loss=0.8836
[train:object_token_no_geom:H10] epoch=8/10 step=700/1003 loss=0.9054
[train:object_token_no_geom:H10] epoch=8/10 step=725/1003 loss=0.9086
[train:object_token_no_geom:H10] epoch=8/10 step=750/1003 loss=0.8823
[train:object_token_no_geom:H10] epoch=8/10 step=775/1003 loss=0.9138
[train:object_token_no_geom:H10] epoch=8/10 step=800/1003 loss=0.8615
[train:object_token_no_geom:H10] epoch=8/10 step=825/1003 loss=0.8924
[train:object_token_no_geom:H10] epoch=8/10 step=850/1003 loss=0.8753
[train:object_token_no_geom:H10] epoch=8/10 step=875/1003 loss=0.8773
[train:object_token_no_geom:H10] epoch=8/10 step=900/1003 loss=0.8841
[train:object_token_no_geom:H10] epoch=8/10 step=925/1003 loss=0.8762
[train:object_token_no_geom:H10] epoch=8/10 step=950/1003 loss=0.8700
[train:object_token_no_geom:H10] epoch=8/10 step=975/1003 loss=0.8437
[train:object_token_no_geom:H10] epoch=8/10 step=1000/1003 loss=0.8852
[epoch] method=object_token_no_geom epoch=8 train=0.8919 val=1.0465 best=0.9889
[train:object_token_no_geom:H10] epoch=9/10 step=0/1003 loss=0.9605
[train:object_token_no_geom:H10] epoch=9/10 step=25/1003 loss=0.8694
[train:object_token_no_geom:H10] epoch=9/10 step=50/1003 loss=0.8763
[train:object_token_no_geom:H10] epoch=9/10 step=75/1003 loss=0.8788
[train:object_token_no_geom:H10] epoch=9/10 step=100/1003 loss=0.8636
[train:object_token_no_geom:H10] epoch=9/10 step=125/1003 loss=0.8608
[train:object_token_no_geom:H10] epoch=9/10 step=150/1003 loss=0.8952
[train:object_token_no_geom:H10] epoch=9/10 step=175/1003 loss=0.8805
[train:object_token_no_geom:H10] epoch=9/10 step=200/1003 loss=0.8766
[train:object_token_no_geom:H10] epoch=9/10 step=225/1003 loss=0.8809
[train:object_token_no_geom:H10] epoch=9/10 step=250/1003 loss=0.8805
[train:object_token_no_geom:H10] epoch=9/10 step=275/1003 loss=0.8910
[train:object_token_no_geom:H10] epoch=9/10 step=300/1003 loss=0.8672
[train:object_token_no_geom:H10] epoch=9/10 step=325/1003 loss=0.8433
[train:object_token_no_geom:H10] epoch=9/10 step=350/1003 loss=0.8186
[train:object_token_no_geom:H10] epoch=9/10 step=375/1003 loss=0.8866
[train:object_token_no_geom:H10] epoch=9/10 step=400/1003 loss=0.8336
[train:object_token_no_geom:H10] epoch=9/10 step=425/1003 loss=0.8679
[train:object_token_no_geom:H10] epoch=9/10 step=450/1003 loss=0.8991
[train:object_token_no_geom:H10] epoch=9/10 step=475/1003 loss=0.8722
[train:object_token_no_geom:H10] epoch=9/10 step=500/1003 loss=0.8334
[train:object_token_no_geom:H10] epoch=9/10 step=525/1003 loss=0.8701
[train:object_token_no_geom:H10] epoch=9/10 step=550/1003 loss=0.8711
[train:object_token_no_geom:H10] epoch=9/10 step=575/1003 loss=0.8607
[train:object_token_no_geom:H10] epoch=9/10 step=600/1003 loss=0.8309
[train:object_token_no_geom:H10] epoch=9/10 step=625/1003 loss=0.8460
[train:object_token_no_geom:H10] epoch=9/10 step=650/1003 loss=0.8423
[train:object_token_no_geom:H10] epoch=9/10 step=675/1003 loss=0.8653
[train:object_token_no_geom:H10] epoch=9/10 step=700/1003 loss=0.9094
[train:object_token_no_geom:H10] epoch=9/10 step=725/1003 loss=0.9006
[train:object_token_no_geom:H10] epoch=9/10 step=750/1003 loss=0.8609
[train:object_token_no_geom:H10] epoch=9/10 step=775/1003 loss=0.9176
[train:object_token_no_geom:H10] epoch=9/10 step=800/1003 loss=0.8648
[train:object_token_no_geom:H10] epoch=9/10 step=825/1003 loss=0.8447
[train:object_token_no_geom:H10] epoch=9/10 step=850/1003 loss=0.8872
[train:object_token_no_geom:H10] epoch=9/10 step=875/1003 loss=0.9046
[train:object_token_no_geom:H10] epoch=9/10 step=900/1003 loss=0.8186
[train:object_token_no_geom:H10] epoch=9/10 step=925/1003 loss=0.8438
[train:object_token_no_geom:H10] epoch=9/10 step=950/1003 loss=0.8946
[train:object_token_no_geom:H10] epoch=9/10 step=975/1003 loss=0.8622
[train:object_token_no_geom:H10] epoch=9/10 step=1000/1003 loss=0.8702
[epoch] method=object_token_no_geom epoch=9 train=0.8665 val=1.0390 best=0.9889
[train:object_token_no_geom:H10] epoch=10/10 step=0/1003 loss=0.9482
[train:object_token_no_geom:H10] epoch=10/10 step=25/1003 loss=0.8923
[train:object_token_no_geom:H10] epoch=10/10 step=50/1003 loss=0.8735
[train:object_token_no_geom:H10] epoch=10/10 step=75/1003 loss=0.8947
[train:object_token_no_geom:H10] epoch=10/10 step=100/1003 loss=0.8633
[train:object_token_no_geom:H10] epoch=10/10 step=125/1003 loss=0.8444
[train:object_token_no_geom:H10] epoch=10/10 step=150/1003 loss=0.8609
[train:object_token_no_geom:H10] epoch=10/10 step=175/1003 loss=0.8382
[train:object_token_no_geom:H10] epoch=10/10 step=200/1003 loss=0.8104
[train:object_token_no_geom:H10] epoch=10/10 step=225/1003 loss=0.8614
[train:object_token_no_geom:H10] epoch=10/10 step=250/1003 loss=0.8557
[train:object_token_no_geom:H10] epoch=10/10 step=275/1003 loss=0.8887
[train:object_token_no_geom:H10] epoch=10/10 step=300/1003 loss=0.8231
[train:object_token_no_geom:H10] epoch=10/10 step=325/1003 loss=0.8317
[train:object_token_no_geom:H10] epoch=10/10 step=350/1003 loss=0.8802
[train:object_token_no_geom:H10] epoch=10/10 step=375/1003 loss=0.8360
[train:object_token_no_geom:H10] epoch=10/10 step=400/1003 loss=0.8535
[train:object_token_no_geom:H10] epoch=10/10 step=425/1003 loss=0.8626
[train:object_token_no_geom:H10] epoch=10/10 step=450/1003 loss=0.8667
[train:object_token_no_geom:H10] epoch=10/10 step=475/1003 loss=0.8626
[train:object_token_no_geom:H10] epoch=10/10 step=500/1003 loss=0.8311
[train:object_token_no_geom:H10] epoch=10/10 step=525/1003 loss=0.8211
[train:object_token_no_geom:H10] epoch=10/10 step=550/1003 loss=0.8667
[train:object_token_no_geom:H10] epoch=10/10 step=575/1003 loss=0.8325
[train:object_token_no_geom:H10] epoch=10/10 step=600/1003 loss=0.8366
[train:object_token_no_geom:H10] epoch=10/10 step=625/1003 loss=0.8622
[train:object_token_no_geom:H10] epoch=10/10 step=650/1003 loss=0.8662
[train:object_token_no_geom:H10] epoch=10/10 step=675/1003 loss=0.8199
[train:object_token_no_geom:H10] epoch=10/10 step=700/1003 loss=0.8363
[train:object_token_no_geom:H10] epoch=10/10 step=725/1003 loss=0.8492
[train:object_token_no_geom:H10] epoch=10/10 step=750/1003 loss=0.8743
[train:object_token_no_geom:H10] epoch=10/10 step=775/1003 loss=0.8450
[train:object_token_no_geom:H10] epoch=10/10 step=800/1003 loss=0.8689
[train:object_token_no_geom:H10] epoch=10/10 step=825/1003 loss=0.8240
[train:object_token_no_geom:H10] epoch=10/10 step=850/1003 loss=0.8436
[train:object_token_no_geom:H10] epoch=10/10 step=875/1003 loss=0.8563
[train:object_token_no_geom:H10] epoch=10/10 step=900/1003 loss=0.8585
[train:object_token_no_geom:H10] epoch=10/10 step=925/1003 loss=0.8112
[train:object_token_no_geom:H10] epoch=10/10 step=950/1003 loss=0.8409
[train:object_token_no_geom:H10] epoch=10/10 step=975/1003 loss=0.7794
[train:object_token_no_geom:H10] epoch=10/10 step=1000/1003 loss=0.7937
[epoch] method=object_token_no_geom epoch=10 train=0.8475 val=1.0593 best=0.9889
[done train] /home/tahiti/SafeObjWorld/runs_v2_full/models/object_token_no_geom/H10/best.pt
