====================================================================================================
SafeObjWorld V2 runner
{
  "mode": "train",
  "dataset_root": "/home/tahiti/SafeObjWorld/data/DAVIS2017",
  "run_root": "/home/tahiti/SafeObjWorld/runs_v2_full",
  "year": "2017",
  "method": "object_token_det",
  "stress": "clean",
  "prefix_len": 3,
  "max_h": 10,
  "image_size": 192,
  "batch_size": 8,
  "epochs": 10,
  "lr": 0.0002,
  "weight_decay": 0.0001,
  "max_train_samples": 0,
  "max_val_samples": 0,
  "num_workers": 4,
  "seed": 42,
  "eval_k_override": 0,
  "amp": true,
  "cpu": false,
  "skip_existing": true,
  "log_every": 25
}
====================================================================================================
[train] method=object_token_det device=cuda cfg={'stress_train': True, 'temporal_weight': 0.05, 'split_weight': 0.0, 'area_weight': 0.1, 'mc_eval': False, 'eval_k': 1}
[train:object_token_det:H10] epoch=1/10 step=0/1003 loss=1.5517
[train:object_token_det:H10] epoch=1/10 step=25/1003 loss=1.5807
[train:object_token_det:H10] epoch=1/10 step=50/1003 loss=1.2750
[train:object_token_det:H10] epoch=1/10 step=75/1003 loss=1.1674
[train:object_token_det:H10] epoch=1/10 step=100/1003 loss=1.0996
[train:object_token_det:H10] epoch=1/10 step=125/1003 loss=1.0978
[train:object_token_det:H10] epoch=1/10 step=150/1003 loss=1.0907
[train:object_token_det:H10] epoch=1/10 step=175/1003 loss=1.0887
[train:object_token_det:H10] epoch=1/10 step=200/1003 loss=1.1042
[train:object_token_det:H10] epoch=1/10 step=225/1003 loss=1.0647
[train:object_token_det:H10] epoch=1/10 step=250/1003 loss=1.0608
[train:object_token_det:H10] epoch=1/10 step=275/1003 loss=1.0784
[train:object_token_det:H10] epoch=1/10 step=300/1003 loss=1.0830
[train:object_token_det:H10] epoch=1/10 step=325/1003 loss=1.0801
[train:object_token_det:H10] epoch=1/10 step=350/1003 loss=1.0667
[train:object_token_det:H10] epoch=1/10 step=375/1003 loss=1.0661
[train:object_token_det:H10] epoch=1/10 step=400/1003 loss=1.0613
[train:object_token_det:H10] epoch=1/10 step=425/1003 loss=1.0621
[train:object_token_det:H10] epoch=1/10 step=450/1003 loss=1.0576
[train:object_token_det:H10] epoch=1/10 step=475/1003 loss=1.0963
[train:object_token_det:H10] epoch=1/10 step=500/1003 loss=1.0501
[train:object_token_det:H10] epoch=1/10 step=525/1003 loss=1.0416
[train:object_token_det:H10] epoch=1/10 step=550/1003 loss=1.0464
[train:object_token_det:H10] epoch=1/10 step=575/1003 loss=1.0648
[train:object_token_det:H10] epoch=1/10 step=600/1003 loss=1.0543
[train:object_token_det:H10] epoch=1/10 step=625/1003 loss=1.0451
[train:object_token_det:H10] epoch=1/10 step=650/1003 loss=1.0515
[train:object_token_det:H10] epoch=1/10 step=675/1003 loss=1.0453
[train:object_token_det:H10] epoch=1/10 step=700/1003 loss=1.0410
[train:object_token_det:H10] epoch=1/10 step=725/1003 loss=1.0387
[train:object_token_det:H10] epoch=1/10 step=750/1003 loss=1.0395
[train:object_token_det:H10] epoch=1/10 step=775/1003 loss=1.0289
[train:object_token_det:H10] epoch=1/10 step=800/1003 loss=1.0453
[train:object_token_det:H10] epoch=1/10 step=825/1003 loss=1.0360
[train:object_token_det:H10] epoch=1/10 step=850/1003 loss=1.0526
[train:object_token_det:H10] epoch=1/10 step=875/1003 loss=1.0305
[train:object_token_det:H10] epoch=1/10 step=900/1003 loss=1.0436
[train:object_token_det:H10] epoch=1/10 step=925/1003 loss=1.0422
[train:object_token_det:H10] epoch=1/10 step=950/1003 loss=1.0438
[train:object_token_det:H10] epoch=1/10 step=975/1003 loss=1.0373
[train:object_token_det:H10] epoch=1/10 step=1000/1003 loss=1.0483
[epoch] method=object_token_det epoch=1 train=1.0803 val=1.0000 best=1.0000
[train:object_token_det:H10] epoch=2/10 step=0/1003 loss=1.0384
[train:object_token_det:H10] epoch=2/10 step=25/1003 loss=1.0287
[train:object_token_det:H10] epoch=2/10 step=50/1003 loss=1.0288
[train:object_token_det:H10] epoch=2/10 step=75/1003 loss=1.0359
[train:object_token_det:H10] epoch=2/10 step=100/1003 loss=1.0535
[train:object_token_det:H10] epoch=2/10 step=125/1003 loss=1.0277
[train:object_token_det:H10] epoch=2/10 step=150/1003 loss=1.0218
[train:object_token_det:H10] epoch=2/10 step=175/1003 loss=1.0260
[train:object_token_det:H10] epoch=2/10 step=200/1003 loss=1.0479
[train:object_token_det:H10] epoch=2/10 step=225/1003 loss=1.0419
[train:object_token_det:H10] epoch=2/10 step=250/1003 loss=1.0187
[train:object_token_det:H10] epoch=2/10 step=275/1003 loss=1.0128
[train:object_token_det:H10] epoch=2/10 step=300/1003 loss=1.0319
[train:object_token_det:H10] epoch=2/10 step=325/1003 loss=1.0160
[train:object_token_det:H10] epoch=2/10 step=350/1003 loss=1.0337
[train:object_token_det:H10] epoch=2/10 step=375/1003 loss=1.0255
[train:object_token_det:H10] epoch=2/10 step=400/1003 loss=1.0128
[train:object_token_det:H10] epoch=2/10 step=425/1003 loss=0.9946
[train:object_token_det:H10] epoch=2/10 step=450/1003 loss=1.0530
[train:object_token_det:H10] epoch=2/10 step=475/1003 loss=1.0140
[train:object_token_det:H10] epoch=2/10 step=500/1003 loss=0.9959
[train:object_token_det:H10] epoch=2/10 step=525/1003 loss=1.0139
[train:object_token_det:H10] epoch=2/10 step=550/1003 loss=1.0224
[train:object_token_det:H10] epoch=2/10 step=575/1003 loss=0.9937
[train:object_token_det:H10] epoch=2/10 step=600/1003 loss=0.9789
[train:object_token_det:H10] epoch=2/10 step=625/1003 loss=0.9561
[train:object_token_det:H10] epoch=2/10 step=650/1003 loss=0.9660
[train:object_token_det:H10] epoch=2/10 step=675/1003 loss=0.9449
[train:object_token_det:H10] epoch=2/10 step=700/1003 loss=0.9202
[train:object_token_det:H10] epoch=2/10 step=725/1003 loss=0.9371
[train:object_token_det:H10] epoch=2/10 step=750/1003 loss=0.9148
[train:object_token_det:H10] epoch=2/10 step=775/1003 loss=0.8652
[train:object_token_det:H10] epoch=2/10 step=800/1003 loss=0.8776
[train:object_token_det:H10] epoch=2/10 step=825/1003 loss=0.8966
[train:object_token_det:H10] epoch=2/10 step=850/1003 loss=0.9018
[train:object_token_det:H10] epoch=2/10 step=875/1003 loss=0.8976
[train:object_token_det:H10] epoch=2/10 step=900/1003 loss=0.8711
[train:object_token_det:H10] epoch=2/10 step=925/1003 loss=0.9003
[train:object_token_det:H10] epoch=2/10 step=950/1003 loss=0.8833
[train:object_token_det:H10] epoch=2/10 step=975/1003 loss=0.8889
[train:object_token_det:H10] epoch=2/10 step=1000/1003 loss=0.8648
[epoch] method=object_token_det epoch=2 train=0.9758 val=0.8516 best=0.8516
[train:object_token_det:H10] epoch=3/10 step=0/1003 loss=0.8508
[train:object_token_det:H10] epoch=3/10 step=25/1003 loss=0.8774
[train:object_token_det:H10] epoch=3/10 step=50/1003 loss=0.8572
[train:object_token_det:H10] epoch=3/10 step=75/1003 loss=0.8356
[train:object_token_det:H10] epoch=3/10 step=100/1003 loss=0.8552
[train:object_token_det:H10] epoch=3/10 step=125/1003 loss=0.8504
[train:object_token_det:H10] epoch=3/10 step=150/1003 loss=0.8494
[train:object_token_det:H10] epoch=3/10 step=175/1003 loss=0.8342
[train:object_token_det:H10] epoch=3/10 step=200/1003 loss=0.8268
[train:object_token_det:H10] epoch=3/10 step=225/1003 loss=0.8878
[train:object_token_det:H10] epoch=3/10 step=250/1003 loss=0.8425
[train:object_token_det:H10] epoch=3/10 step=275/1003 loss=0.8358
[train:object_token_det:H10] epoch=3/10 step=300/1003 loss=0.8584
[train:object_token_det:H10] epoch=3/10 step=325/1003 loss=0.8140
[train:object_token_det:H10] epoch=3/10 step=350/1003 loss=0.8157
[train:object_token_det:H10] epoch=3/10 step=375/1003 loss=0.8287
[train:object_token_det:H10] epoch=3/10 step=400/1003 loss=0.8188
[train:object_token_det:H10] epoch=3/10 step=425/1003 loss=0.7915
[train:object_token_det:H10] epoch=3/10 step=450/1003 loss=0.7723
[train:object_token_det:H10] epoch=3/10 step=475/1003 loss=0.8212
[train:object_token_det:H10] epoch=3/10 step=500/1003 loss=0.8005
[train:object_token_det:H10] epoch=3/10 step=525/1003 loss=0.8296
[train:object_token_det:H10] epoch=3/10 step=550/1003 loss=0.8170
[train:object_token_det:H10] epoch=3/10 step=575/1003 loss=0.7872
[train:object_token_det:H10] epoch=3/10 step=600/1003 loss=0.8055
[train:object_token_det:H10] epoch=3/10 step=625/1003 loss=0.8014
[train:object_token_det:H10] epoch=3/10 step=650/1003 loss=0.7791
[train:object_token_det:H10] epoch=3/10 step=675/1003 loss=0.7995
[train:object_token_det:H10] epoch=3/10 step=700/1003 loss=0.8287
[train:object_token_det:H10] epoch=3/10 step=725/1003 loss=0.8400
[train:object_token_det:H10] epoch=3/10 step=750/1003 loss=0.7964
[train:object_token_det:H10] epoch=3/10 step=775/1003 loss=0.8288
[train:object_token_det:H10] epoch=3/10 step=800/1003 loss=0.7709
[train:object_token_det:H10] epoch=3/10 step=825/1003 loss=0.8059
[train:object_token_det:H10] epoch=3/10 step=850/1003 loss=0.8342
[train:object_token_det:H10] epoch=3/10 step=875/1003 loss=0.7677
[train:object_token_det:H10] epoch=3/10 step=900/1003 loss=0.7844
[train:object_token_det:H10] epoch=3/10 step=925/1003 loss=0.8149
[train:object_token_det:H10] epoch=3/10 step=950/1003 loss=0.7514
[train:object_token_det:H10] epoch=3/10 step=975/1003 loss=0.7901
[train:object_token_det:H10] epoch=3/10 step=1000/1003 loss=0.7997
[epoch] method=object_token_det epoch=3 train=0.8155 val=0.7665 best=0.7665
[train:object_token_det:H10] epoch=4/10 step=0/1003 loss=0.7865
[train:object_token_det:H10] epoch=4/10 step=25/1003 loss=0.7816
[train:object_token_det:H10] epoch=4/10 step=50/1003 loss=0.7860
[train:object_token_det:H10] epoch=4/10 step=75/1003 loss=0.7834
[train:object_token_det:H10] epoch=4/10 step=100/1003 loss=0.8054
[train:object_token_det:H10] epoch=4/10 step=125/1003 loss=0.7742
[train:object_token_det:H10] epoch=4/10 step=150/1003 loss=0.7753
[train:object_token_det:H10] epoch=4/10 step=175/1003 loss=0.7575
[train:object_token_det:H10] epoch=4/10 step=200/1003 loss=0.7457
[train:object_token_det:H10] epoch=4/10 step=225/1003 loss=0.7652
[train:object_token_det:H10] epoch=4/10 step=250/1003 loss=0.7370
[train:object_token_det:H10] epoch=4/10 step=275/1003 loss=0.7769
[train:object_token_det:H10] epoch=4/10 step=300/1003 loss=0.7425
[train:object_token_det:H10] epoch=4/10 step=325/1003 loss=0.7677
[train:object_token_det:H10] epoch=4/10 step=350/1003 loss=0.7203
[train:object_token_det:H10] epoch=4/10 step=375/1003 loss=0.7680
[train:object_token_det:H10] epoch=4/10 step=400/1003 loss=0.7565
[train:object_token_det:H10] epoch=4/10 step=425/1003 loss=0.7527
[train:object_token_det:H10] epoch=4/10 step=450/1003 loss=0.7388
[train:object_token_det:H10] epoch=4/10 step=475/1003 loss=0.7801
[train:object_token_det:H10] epoch=4/10 step=500/1003 loss=0.7474
[train:object_token_det:H10] epoch=4/10 step=525/1003 loss=0.7782
[train:object_token_det:H10] epoch=4/10 step=550/1003 loss=0.8069
[train:object_token_det:H10] epoch=4/10 step=575/1003 loss=0.8020
[train:object_token_det:H10] epoch=4/10 step=600/1003 loss=0.7488
[train:object_token_det:H10] epoch=4/10 step=625/1003 loss=0.7360
[train:object_token_det:H10] epoch=4/10 step=650/1003 loss=0.7777
[train:object_token_det:H10] epoch=4/10 step=675/1003 loss=0.7821
[train:object_token_det:H10] epoch=4/10 step=700/1003 loss=0.7579
[train:object_token_det:H10] epoch=4/10 step=725/1003 loss=0.7364
[train:object_token_det:H10] epoch=4/10 step=750/1003 loss=0.7554
[train:object_token_det:H10] epoch=4/10 step=775/1003 loss=0.7294
[train:object_token_det:H10] epoch=4/10 step=800/1003 loss=0.7795
[train:object_token_det:H10] epoch=4/10 step=825/1003 loss=0.7459
[train:object_token_det:H10] epoch=4/10 step=850/1003 loss=0.7294
[train:object_token_det:H10] epoch=4/10 step=875/1003 loss=0.7402
[train:object_token_det:H10] epoch=4/10 step=900/1003 loss=0.7493
[train:object_token_det:H10] epoch=4/10 step=925/1003 loss=0.7518
[train:object_token_det:H10] epoch=4/10 step=950/1003 loss=0.7393
[train:object_token_det:H10] epoch=4/10 step=975/1003 loss=0.7553
[train:object_token_det:H10] epoch=4/10 step=1000/1003 loss=0.7653
[epoch] method=object_token_det epoch=4 train=0.7613 val=0.7604 best=0.7604
[train:object_token_det:H10] epoch=5/10 step=0/1003 loss=0.7073
[train:object_token_det:H10] epoch=5/10 step=25/1003 loss=0.7112
[train:object_token_det:H10] epoch=5/10 step=50/1003 loss=0.7465
[train:object_token_det:H10] epoch=5/10 step=75/1003 loss=0.6981
[train:object_token_det:H10] epoch=5/10 step=100/1003 loss=0.7468
[train:object_token_det:H10] epoch=5/10 step=125/1003 loss=0.7598
[train:object_token_det:H10] epoch=5/10 step=150/1003 loss=0.7687
[train:object_token_det:H10] epoch=5/10 step=175/1003 loss=0.7101
[train:object_token_det:H10] epoch=5/10 step=200/1003 loss=0.7533
[train:object_token_det:H10] epoch=5/10 step=225/1003 loss=0.7610
[train:object_token_det:H10] epoch=5/10 step=250/1003 loss=0.6956
[train:object_token_det:H10] epoch=5/10 step=275/1003 loss=0.7027
[train:object_token_det:H10] epoch=5/10 step=300/1003 loss=0.7042
[train:object_token_det:H10] epoch=5/10 step=325/1003 loss=0.7369
[train:object_token_det:H10] epoch=5/10 step=350/1003 loss=0.7634
[train:object_token_det:H10] epoch=5/10 step=375/1003 loss=0.7274
[train:object_token_det:H10] epoch=5/10 step=400/1003 loss=0.7116
[train:object_token_det:H10] epoch=5/10 step=425/1003 loss=0.7442
[train:object_token_det:H10] epoch=5/10 step=450/1003 loss=0.7238
[train:object_token_det:H10] epoch=5/10 step=475/1003 loss=0.6794
[train:object_token_det:H10] epoch=5/10 step=500/1003 loss=0.7265
[train:object_token_det:H10] epoch=5/10 step=525/1003 loss=0.7322
[train:object_token_det:H10] epoch=5/10 step=550/1003 loss=0.7312
[train:object_token_det:H10] epoch=5/10 step=575/1003 loss=0.6955
[train:object_token_det:H10] epoch=5/10 step=600/1003 loss=0.7456
[train:object_token_det:H10] epoch=5/10 step=625/1003 loss=0.7400
[train:object_token_det:H10] epoch=5/10 step=650/1003 loss=0.6774
[train:object_token_det:H10] epoch=5/10 step=675/1003 loss=0.7270
[train:object_token_det:H10] epoch=5/10 step=700/1003 loss=0.7197
[train:object_token_det:H10] epoch=5/10 step=725/1003 loss=0.7224
[train:object_token_det:H10] epoch=5/10 step=750/1003 loss=0.6842
[train:object_token_det:H10] epoch=5/10 step=775/1003 loss=0.7232
[train:object_token_det:H10] epoch=5/10 step=800/1003 loss=0.6712
[train:object_token_det:H10] epoch=5/10 step=825/1003 loss=0.7303
[train:object_token_det:H10] epoch=5/10 step=850/1003 loss=0.7148
[train:object_token_det:H10] epoch=5/10 step=875/1003 loss=0.7084
[train:object_token_det:H10] epoch=5/10 step=900/1003 loss=0.7146
[train:object_token_det:H10] epoch=5/10 step=925/1003 loss=0.6855
[train:object_token_det:H10] epoch=5/10 step=950/1003 loss=0.7245
[train:object_token_det:H10] epoch=5/10 step=975/1003 loss=0.7546
[train:object_token_det:H10] epoch=5/10 step=1000/1003 loss=0.6588
[epoch] method=object_token_det epoch=5 train=0.7217 val=0.7382 best=0.7382
[train:object_token_det:H10] epoch=6/10 step=0/1003 loss=0.6483
[train:object_token_det:H10] epoch=6/10 step=25/1003 loss=0.6927
[train:object_token_det:H10] epoch=6/10 step=50/1003 loss=0.6827
[train:object_token_det:H10] epoch=6/10 step=75/1003 loss=0.7155
[train:object_token_det:H10] epoch=6/10 step=100/1003 loss=0.6996
[train:object_token_det:H10] epoch=6/10 step=125/1003 loss=0.7212
[train:object_token_det:H10] epoch=6/10 step=150/1003 loss=0.6780
[train:object_token_det:H10] epoch=6/10 step=175/1003 loss=0.6830
[train:object_token_det:H10] epoch=6/10 step=200/1003 loss=0.7023
[train:object_token_det:H10] epoch=6/10 step=225/1003 loss=0.6733
[train:object_token_det:H10] epoch=6/10 step=250/1003 loss=0.6979
[train:object_token_det:H10] epoch=6/10 step=275/1003 loss=0.6872
[train:object_token_det:H10] epoch=6/10 step=300/1003 loss=0.7004
[train:object_token_det:H10] epoch=6/10 step=325/1003 loss=0.7166
[train:object_token_det:H10] epoch=6/10 step=350/1003 loss=0.6830
[train:object_token_det:H10] epoch=6/10 step=375/1003 loss=0.7050
[train:object_token_det:H10] epoch=6/10 step=400/1003 loss=0.7113
[train:object_token_det:H10] epoch=6/10 step=425/1003 loss=0.7466
[train:object_token_det:H10] epoch=6/10 step=450/1003 loss=0.6960
[train:object_token_det:H10] epoch=6/10 step=475/1003 loss=0.6952
[train:object_token_det:H10] epoch=6/10 step=500/1003 loss=0.6835
[train:object_token_det:H10] epoch=6/10 step=525/1003 loss=0.7549
[train:object_token_det:H10] epoch=6/10 step=550/1003 loss=0.7417
[train:object_token_det:H10] epoch=6/10 step=575/1003 loss=0.6994
[train:object_token_det:H10] epoch=6/10 step=600/1003 loss=0.6825
[train:object_token_det:H10] epoch=6/10 step=625/1003 loss=0.6736
[train:object_token_det:H10] epoch=6/10 step=650/1003 loss=0.6796
[train:object_token_det:H10] epoch=6/10 step=675/1003 loss=0.6820
[train:object_token_det:H10] epoch=6/10 step=700/1003 loss=0.6564
[train:object_token_det:H10] epoch=6/10 step=725/1003 loss=0.6865
[train:object_token_det:H10] epoch=6/10 step=750/1003 loss=0.6700
[train:object_token_det:H10] epoch=6/10 step=775/1003 loss=0.6982
[train:object_token_det:H10] epoch=6/10 step=800/1003 loss=0.6560
[train:object_token_det:H10] epoch=6/10 step=825/1003 loss=0.6962
[train:object_token_det:H10] epoch=6/10 step=850/1003 loss=0.6643
[train:object_token_det:H10] epoch=6/10 step=875/1003 loss=0.6972
[train:object_token_det:H10] epoch=6/10 step=900/1003 loss=0.6680
[train:object_token_det:H10] epoch=6/10 step=925/1003 loss=0.7186
[train:object_token_det:H10] epoch=6/10 step=950/1003 loss=0.6394
[train:object_token_det:H10] epoch=6/10 step=975/1003 loss=0.6795
[train:object_token_det:H10] epoch=6/10 step=1000/1003 loss=0.7017
[epoch] method=object_token_det epoch=6 train=0.6933 val=0.7992 best=0.7382
[train:object_token_det:H10] epoch=7/10 step=0/1003 loss=0.7893
[train:object_token_det:H10] epoch=7/10 step=25/1003 loss=0.6980
[train:object_token_det:H10] epoch=7/10 step=50/1003 loss=0.6821
[train:object_token_det:H10] epoch=7/10 step=75/1003 loss=0.6649
[train:object_token_det:H10] epoch=7/10 step=100/1003 loss=0.6849
[train:object_token_det:H10] epoch=7/10 step=125/1003 loss=0.6607
[train:object_token_det:H10] epoch=7/10 step=150/1003 loss=0.6511
[train:object_token_det:H10] epoch=7/10 step=175/1003 loss=0.6608
[train:object_token_det:H10] epoch=7/10 step=200/1003 loss=0.6722
[train:object_token_det:H10] epoch=7/10 step=225/1003 loss=0.6582
[train:object_token_det:H10] epoch=7/10 step=250/1003 loss=0.6586
[train:object_token_det:H10] epoch=7/10 step=275/1003 loss=0.6600
[train:object_token_det:H10] epoch=7/10 step=300/1003 loss=0.6660
[train:object_token_det:H10] epoch=7/10 step=325/1003 loss=0.6602
[train:object_token_det:H10] epoch=7/10 step=350/1003 loss=0.6789
[train:object_token_det:H10] epoch=7/10 step=375/1003 loss=0.6678
[train:object_token_det:H10] epoch=7/10 step=400/1003 loss=0.6503
[train:object_token_det:H10] epoch=7/10 step=425/1003 loss=0.6507
[train:object_token_det:H10] epoch=7/10 step=450/1003 loss=0.6419
[train:object_token_det:H10] epoch=7/10 step=475/1003 loss=0.7269
[train:object_token_det:H10] epoch=7/10 step=500/1003 loss=0.6488
[train:object_token_det:H10] epoch=7/10 step=525/1003 loss=0.6555
[train:object_token_det:H10] epoch=7/10 step=550/1003 loss=0.6789
[train:object_token_det:H10] epoch=7/10 step=575/1003 loss=0.6546
[train:object_token_det:H10] epoch=7/10 step=600/1003 loss=0.6483
[train:object_token_det:H10] epoch=7/10 step=625/1003 loss=0.6613
[train:object_token_det:H10] epoch=7/10 step=650/1003 loss=0.6625
[train:object_token_det:H10] epoch=7/10 step=675/1003 loss=0.6963
[train:object_token_det:H10] epoch=7/10 step=700/1003 loss=0.7041
[train:object_token_det:H10] epoch=7/10 step=725/1003 loss=0.6717
[train:object_token_det:H10] epoch=7/10 step=750/1003 loss=0.7048
[train:object_token_det:H10] epoch=7/10 step=775/1003 loss=0.6920
[train:object_token_det:H10] epoch=7/10 step=800/1003 loss=0.6466
[train:object_token_det:H10] epoch=7/10 step=825/1003 loss=0.6644
[train:object_token_det:H10] epoch=7/10 step=850/1003 loss=0.6437
[train:object_token_det:H10] epoch=7/10 step=875/1003 loss=0.6972
[train:object_token_det:H10] epoch=7/10 step=900/1003 loss=0.6244
[train:object_token_det:H10] epoch=7/10 step=925/1003 loss=0.6521
[train:object_token_det:H10] epoch=7/10 step=950/1003 loss=0.6782
[train:object_token_det:H10] epoch=7/10 step=975/1003 loss=0.6383
[train:object_token_det:H10] epoch=7/10 step=1000/1003 loss=0.6806
[epoch] method=object_token_det epoch=7 train=0.6657 val=0.7443 best=0.7382
[train:object_token_det:H10] epoch=8/10 step=0/1003 loss=0.6945
[train:object_token_det:H10] epoch=8/10 step=25/1003 loss=0.6628
[train:object_token_det:H10] epoch=8/10 step=50/1003 loss=0.6586
[train:object_token_det:H10] epoch=8/10 step=75/1003 loss=0.6764
[train:object_token_det:H10] epoch=8/10 step=100/1003 loss=0.6474
[train:object_token_det:H10] epoch=8/10 step=125/1003 loss=0.6567
[train:object_token_det:H10] epoch=8/10 step=150/1003 loss=0.6310
[train:object_token_det:H10] epoch=8/10 step=175/1003 loss=0.6668
[train:object_token_det:H10] epoch=8/10 step=200/1003 loss=0.6441
[train:object_token_det:H10] epoch=8/10 step=225/1003 loss=0.6323
[train:object_token_det:H10] epoch=8/10 step=250/1003 loss=0.6194
[train:object_token_det:H10] epoch=8/10 step=275/1003 loss=0.6445
[train:object_token_det:H10] epoch=8/10 step=300/1003 loss=0.6339
[train:object_token_det:H10] epoch=8/10 step=325/1003 loss=0.6693
[train:object_token_det:H10] epoch=8/10 step=350/1003 loss=0.6487
[train:object_token_det:H10] epoch=8/10 step=375/1003 loss=0.5945
[train:object_token_det:H10] epoch=8/10 step=400/1003 loss=0.6696
[train:object_token_det:H10] epoch=8/10 step=425/1003 loss=0.6247
[train:object_token_det:H10] epoch=8/10 step=450/1003 loss=0.6710
[train:object_token_det:H10] epoch=8/10 step=475/1003 loss=0.6261
[train:object_token_det:H10] epoch=8/10 step=500/1003 loss=0.6386
[train:object_token_det:H10] epoch=8/10 step=525/1003 loss=0.6687
[train:object_token_det:H10] epoch=8/10 step=550/1003 loss=0.6044
[train:object_token_det:H10] epoch=8/10 step=575/1003 loss=0.6527
[train:object_token_det:H10] epoch=8/10 step=600/1003 loss=0.6398
[train:object_token_det:H10] epoch=8/10 step=625/1003 loss=0.6317
[train:object_token_det:H10] epoch=8/10 step=650/1003 loss=0.6356
[train:object_token_det:H10] epoch=8/10 step=675/1003 loss=0.6765
[train:object_token_det:H10] epoch=8/10 step=700/1003 loss=0.6472
[train:object_token_det:H10] epoch=8/10 step=725/1003 loss=0.6337
[train:object_token_det:H10] epoch=8/10 step=750/1003 loss=0.6336
[train:object_token_det:H10] epoch=8/10 step=775/1003 loss=0.6880
[train:object_token_det:H10] epoch=8/10 step=800/1003 loss=0.6625
[train:object_token_det:H10] epoch=8/10 step=825/1003 loss=0.6483
[train:object_token_det:H10] epoch=8/10 step=850/1003 loss=0.6410
[train:object_token_det:H10] epoch=8/10 step=875/1003 loss=0.5943
[train:object_token_det:H10] epoch=8/10 step=900/1003 loss=0.6681
[train:object_token_det:H10] epoch=8/10 step=925/1003 loss=0.6719
[train:object_token_det:H10] epoch=8/10 step=950/1003 loss=0.6477
[train:object_token_det:H10] epoch=8/10 step=975/1003 loss=0.6049
[train:object_token_det:H10] epoch=8/10 step=1000/1003 loss=0.6752
[epoch] method=object_token_det epoch=8 train=0.6471 val=0.7587 best=0.7382
[train:object_token_det:H10] epoch=9/10 step=0/1003 loss=0.7894
[train:object_token_det:H10] epoch=9/10 step=25/1003 loss=0.6207
[train:object_token_det:H10] epoch=9/10 step=50/1003 loss=0.6244
[train:object_token_det:H10] epoch=9/10 step=75/1003 loss=0.6568
[train:object_token_det:H10] epoch=9/10 step=100/1003 loss=0.6071
[train:object_token_det:H10] epoch=9/10 step=125/1003 loss=0.6178
[train:object_token_det:H10] epoch=9/10 step=150/1003 loss=0.5981
[train:object_token_det:H10] epoch=9/10 step=175/1003 loss=0.6054
[train:object_token_det:H10] epoch=9/10 step=200/1003 loss=0.6685
[train:object_token_det:H10] epoch=9/10 step=225/1003 loss=0.6143
[train:object_token_det:H10] epoch=9/10 step=250/1003 loss=0.6235
[train:object_token_det:H10] epoch=9/10 step=275/1003 loss=0.6347
[train:object_token_det:H10] epoch=9/10 step=300/1003 loss=0.6292
[train:object_token_det:H10] epoch=9/10 step=325/1003 loss=0.6324
[train:object_token_det:H10] epoch=9/10 step=350/1003 loss=0.6129
[train:object_token_det:H10] epoch=9/10 step=375/1003 loss=0.6525
[train:object_token_det:H10] epoch=9/10 step=400/1003 loss=0.6817
[train:object_token_det:H10] epoch=9/10 step=425/1003 loss=0.6150
[train:object_token_det:H10] epoch=9/10 step=450/1003 loss=0.6356
[train:object_token_det:H10] epoch=9/10 step=475/1003 loss=0.6246
[train:object_token_det:H10] epoch=9/10 step=500/1003 loss=0.6592
[train:object_token_det:H10] epoch=9/10 step=525/1003 loss=0.6216
[train:object_token_det:H10] epoch=9/10 step=550/1003 loss=0.6553
[train:object_token_det:H10] epoch=9/10 step=575/1003 loss=0.5931
[train:object_token_det:H10] epoch=9/10 step=600/1003 loss=0.6202
[train:object_token_det:H10] epoch=9/10 step=625/1003 loss=0.6273
[train:object_token_det:H10] epoch=9/10 step=650/1003 loss=0.6362
[train:object_token_det:H10] epoch=9/10 step=675/1003 loss=0.6183
[train:object_token_det:H10] epoch=9/10 step=700/1003 loss=0.5781
[train:object_token_det:H10] epoch=9/10 step=725/1003 loss=0.6301
[train:object_token_det:H10] epoch=9/10 step=750/1003 loss=0.6227
[train:object_token_det:H10] epoch=9/10 step=775/1003 loss=0.6530
[train:object_token_det:H10] epoch=9/10 step=800/1003 loss=0.6539
[train:object_token_det:H10] epoch=9/10 step=825/1003 loss=0.6326
[train:object_token_det:H10] epoch=9/10 step=850/1003 loss=0.6817
[train:object_token_det:H10] epoch=9/10 step=875/1003 loss=0.5995
[train:object_token_det:H10] epoch=9/10 step=900/1003 loss=0.6098
[train:object_token_det:H10] epoch=9/10 step=925/1003 loss=0.6224
[train:object_token_det:H10] epoch=9/10 step=950/1003 loss=0.6155
[train:object_token_det:H10] epoch=9/10 step=975/1003 loss=0.6076
[train:object_token_det:H10] epoch=9/10 step=1000/1003 loss=0.6277
[epoch] method=object_token_det epoch=9 train=0.6261 val=0.7815 best=0.7382
[train:object_token_det:H10] epoch=10/10 step=0/1003 loss=0.6799
[train:object_token_det:H10] epoch=10/10 step=25/1003 loss=0.5993
[train:object_token_det:H10] epoch=10/10 step=50/1003 loss=0.5965
[train:object_token_det:H10] epoch=10/10 step=75/1003 loss=0.6252
[train:object_token_det:H10] epoch=10/10 step=100/1003 loss=0.6284
[train:object_token_det:H10] epoch=10/10 step=125/1003 loss=0.6255
[train:object_token_det:H10] epoch=10/10 step=150/1003 loss=0.6171
[train:object_token_det:H10] epoch=10/10 step=175/1003 loss=0.6375
[train:object_token_det:H10] epoch=10/10 step=200/1003 loss=0.6112
[train:object_token_det:H10] epoch=10/10 step=225/1003 loss=0.5912
[train:object_token_det:H10] epoch=10/10 step=250/1003 loss=0.6235
[train:object_token_det:H10] epoch=10/10 step=275/1003 loss=0.6130
[train:object_token_det:H10] epoch=10/10 step=300/1003 loss=0.6327
[train:object_token_det:H10] epoch=10/10 step=325/1003 loss=0.6548
[train:object_token_det:H10] epoch=10/10 step=350/1003 loss=0.6142
[train:object_token_det:H10] epoch=10/10 step=375/1003 loss=0.5811
[train:object_token_det:H10] epoch=10/10 step=400/1003 loss=0.6164
[train:object_token_det:H10] epoch=10/10 step=425/1003 loss=0.6242
[train:object_token_det:H10] epoch=10/10 step=450/1003 loss=0.6055
[train:object_token_det:H10] epoch=10/10 step=475/1003 loss=0.5784
[train:object_token_det:H10] epoch=10/10 step=500/1003 loss=0.5785
[train:object_token_det:H10] epoch=10/10 step=525/1003 loss=0.6148
[train:object_token_det:H10] epoch=10/10 step=550/1003 loss=0.5805
[train:object_token_det:H10] epoch=10/10 step=575/1003 loss=0.6774
[train:object_token_det:H10] epoch=10/10 step=600/1003 loss=0.6148
[train:object_token_det:H10] epoch=10/10 step=625/1003 loss=0.6264
[train:object_token_det:H10] epoch=10/10 step=650/1003 loss=0.6036
[train:object_token_det:H10] epoch=10/10 step=675/1003 loss=0.6154
[train:object_token_det:H10] epoch=10/10 step=700/1003 loss=0.6161
[train:object_token_det:H10] epoch=10/10 step=725/1003 loss=0.5791
[train:object_token_det:H10] epoch=10/10 step=750/1003 loss=0.5654
[train:object_token_det:H10] epoch=10/10 step=775/1003 loss=0.6030
[train:object_token_det:H10] epoch=10/10 step=800/1003 loss=0.6251
[train:object_token_det:H10] epoch=10/10 step=825/1003 loss=0.6522
[train:object_token_det:H10] epoch=10/10 step=850/1003 loss=0.6002
[train:object_token_det:H10] epoch=10/10 step=875/1003 loss=0.6232
[train:object_token_det:H10] epoch=10/10 step=900/1003 loss=0.5797
[train:object_token_det:H10] epoch=10/10 step=925/1003 loss=0.6013
[train:object_token_det:H10] epoch=10/10 step=950/1003 loss=0.5837
[train:object_token_det:H10] epoch=10/10 step=975/1003 loss=0.5824
[train:object_token_det:H10] epoch=10/10 step=1000/1003 loss=0.5913
[epoch] method=object_token_det epoch=10 train=0.6100 val=0.7907 best=0.7382
[done train] /home/tahiti/SafeObjWorld/runs_v2_full/models/object_token_det/H10/best.pt
