====================================================================================================
SafeObjWorld V2 runner
{
  "mode": "train",
  "dataset_root": "/home/tahiti/SafeObjWorld/data/DAVIS2017",
  "run_root": "/home/tahiti/SafeObjWorld/runs_v2_full",
  "year": "2017",
  "method": "safeobjworld_r_image_only",
  "stress": "clean",
  "prefix_len": 3,
  "max_h": 5,
  "image_size": 192,
  "batch_size": 8,
  "epochs": 10,
  "lr": 0.0002,
  "weight_decay": 0.0001,
  "max_train_samples": 0,
  "max_val_samples": 0,
  "num_workers": 4,
  "seed": 42,
  "eval_k_override": 0,
  "amp": true,
  "cpu": false,
  "skip_existing": true,
  "log_every": 25
}
====================================================================================================
[train] method=safeobjworld_r_image_only device=cuda cfg={'stress_train': True, 'temporal_weight': 0.05, 'split_weight': 0.005, 'area_weight': 0.1, 'mc_eval': True, 'eval_k': 5}
[train:safeobjworld_r_image_only:H5] epoch=1/10 step=0/1086 loss=1.6755
[train:safeobjworld_r_image_only:H5] epoch=1/10 step=25/1086 loss=1.5658
[train:safeobjworld_r_image_only:H5] epoch=1/10 step=50/1086 loss=1.2309
[train:safeobjworld_r_image_only:H5] epoch=1/10 step=75/1086 loss=1.2198
[train:safeobjworld_r_image_only:H5] epoch=1/10 step=100/1086 loss=1.1854
[train:safeobjworld_r_image_only:H5] epoch=1/10 step=125/1086 loss=1.1798
[train:safeobjworld_r_image_only:H5] epoch=1/10 step=150/1086 loss=1.2458
[train:safeobjworld_r_image_only:H5] epoch=1/10 step=175/1086 loss=1.2050
[train:safeobjworld_r_image_only:H5] epoch=1/10 step=200/1086 loss=1.1897
[train:safeobjworld_r_image_only:H5] epoch=1/10 step=225/1086 loss=1.1817
[train:safeobjworld_r_image_only:H5] epoch=1/10 step=250/1086 loss=1.1988
[train:safeobjworld_r_image_only:H5] epoch=1/10 step=275/1086 loss=1.1845
[train:safeobjworld_r_image_only:H5] epoch=1/10 step=300/1086 loss=1.1462
[train:safeobjworld_r_image_only:H5] epoch=1/10 step=325/1086 loss=1.1513
[train:safeobjworld_r_image_only:H5] epoch=1/10 step=350/1086 loss=1.1478
[train:safeobjworld_r_image_only:H5] epoch=1/10 step=375/1086 loss=1.1697
[train:safeobjworld_r_image_only:H5] epoch=1/10 step=400/1086 loss=1.1100
[train:safeobjworld_r_image_only:H5] epoch=1/10 step=425/1086 loss=1.1388
[train:safeobjworld_r_image_only:H5] epoch=1/10 step=450/1086 loss=1.1063
[train:safeobjworld_r_image_only:H5] epoch=1/10 step=475/1086 loss=1.1253
[train:safeobjworld_r_image_only:H5] epoch=1/10 step=500/1086 loss=1.1384
[train:safeobjworld_r_image_only:H5] epoch=1/10 step=525/1086 loss=1.1241
[train:safeobjworld_r_image_only:H5] epoch=1/10 step=550/1086 loss=1.1155
[train:safeobjworld_r_image_only:H5] epoch=1/10 step=575/1086 loss=1.1400
[train:safeobjworld_r_image_only:H5] epoch=1/10 step=600/1086 loss=1.1280
[train:safeobjworld_r_image_only:H5] epoch=1/10 step=625/1086 loss=1.1211
[train:safeobjworld_r_image_only:H5] epoch=1/10 step=650/1086 loss=1.1332
[train:safeobjworld_r_image_only:H5] epoch=1/10 step=675/1086 loss=1.1291
[train:safeobjworld_r_image_only:H5] epoch=1/10 step=700/1086 loss=1.1165
[train:safeobjworld_r_image_only:H5] epoch=1/10 step=725/1086 loss=1.1339
[train:safeobjworld_r_image_only:H5] epoch=1/10 step=750/1086 loss=1.1416
[train:safeobjworld_r_image_only:H5] epoch=1/10 step=775/1086 loss=1.0853
[train:safeobjworld_r_image_only:H5] epoch=1/10 step=800/1086 loss=1.1353
[train:safeobjworld_r_image_only:H5] epoch=1/10 step=825/1086 loss=1.1112
[train:safeobjworld_r_image_only:H5] epoch=1/10 step=850/1086 loss=1.1276
[train:safeobjworld_r_image_only:H5] epoch=1/10 step=875/1086 loss=1.1087
[train:safeobjworld_r_image_only:H5] epoch=1/10 step=900/1086 loss=1.0944
[train:safeobjworld_r_image_only:H5] epoch=1/10 step=925/1086 loss=1.1045
[train:safeobjworld_r_image_only:H5] epoch=1/10 step=950/1086 loss=1.1185
[train:safeobjworld_r_image_only:H5] epoch=1/10 step=975/1086 loss=1.0946
[train:safeobjworld_r_image_only:H5] epoch=1/10 step=1000/1086 loss=1.1229
[train:safeobjworld_r_image_only:H5] epoch=1/10 step=1025/1086 loss=1.1044
[train:safeobjworld_r_image_only:H5] epoch=1/10 step=1050/1086 loss=1.1311
[train:safeobjworld_r_image_only:H5] epoch=1/10 step=1075/1086 loss=1.1179
[epoch] method=safeobjworld_r_image_only epoch=1 train=1.1531 val=1.1087 best=1.1087
[train:safeobjworld_r_image_only:H5] epoch=2/10 step=0/1086 loss=1.3887
[train:safeobjworld_r_image_only:H5] epoch=2/10 step=25/1086 loss=1.1254
[train:safeobjworld_r_image_only:H5] epoch=2/10 step=50/1086 loss=1.1122
[train:safeobjworld_r_image_only:H5] epoch=2/10 step=75/1086 loss=1.1088
[train:safeobjworld_r_image_only:H5] epoch=2/10 step=100/1086 loss=1.0976
[train:safeobjworld_r_image_only:H5] epoch=2/10 step=125/1086 loss=1.0832
[train:safeobjworld_r_image_only:H5] epoch=2/10 step=150/1086 loss=1.1139
[train:safeobjworld_r_image_only:H5] epoch=2/10 step=175/1086 loss=1.1035
[train:safeobjworld_r_image_only:H5] epoch=2/10 step=200/1086 loss=1.0806
[train:safeobjworld_r_image_only:H5] epoch=2/10 step=225/1086 loss=1.0845
[train:safeobjworld_r_image_only:H5] epoch=2/10 step=250/1086 loss=1.1110
[train:safeobjworld_r_image_only:H5] epoch=2/10 step=275/1086 loss=1.0909
[train:safeobjworld_r_image_only:H5] epoch=2/10 step=300/1086 loss=1.0942
[train:safeobjworld_r_image_only:H5] epoch=2/10 step=325/1086 loss=1.1109
[train:safeobjworld_r_image_only:H5] epoch=2/10 step=350/1086 loss=1.0778
[train:safeobjworld_r_image_only:H5] epoch=2/10 step=375/1086 loss=1.0890
[train:safeobjworld_r_image_only:H5] epoch=2/10 step=400/1086 loss=1.0720
[train:safeobjworld_r_image_only:H5] epoch=2/10 step=425/1086 loss=1.0702
[train:safeobjworld_r_image_only:H5] epoch=2/10 step=450/1086 loss=1.0956
[train:safeobjworld_r_image_only:H5] epoch=2/10 step=475/1086 loss=1.0880
[train:safeobjworld_r_image_only:H5] epoch=2/10 step=500/1086 loss=1.0881
[train:safeobjworld_r_image_only:H5] epoch=2/10 step=525/1086 loss=1.0805
[train:safeobjworld_r_image_only:H5] epoch=2/10 step=550/1086 loss=1.0975
[train:safeobjworld_r_image_only:H5] epoch=2/10 step=575/1086 loss=1.0808
[train:safeobjworld_r_image_only:H5] epoch=2/10 step=600/1086 loss=1.1037
[train:safeobjworld_r_image_only:H5] epoch=2/10 step=625/1086 loss=1.0956
[train:safeobjworld_r_image_only:H5] epoch=2/10 step=650/1086 loss=1.1068
[train:safeobjworld_r_image_only:H5] epoch=2/10 step=675/1086 loss=1.0643
[train:safeobjworld_r_image_only:H5] epoch=2/10 step=700/1086 loss=1.0616
[train:safeobjworld_r_image_only:H5] epoch=2/10 step=725/1086 loss=1.0768
[train:safeobjworld_r_image_only:H5] epoch=2/10 step=750/1086 loss=1.0884
[train:safeobjworld_r_image_only:H5] epoch=2/10 step=775/1086 loss=1.0742
[train:safeobjworld_r_image_only:H5] epoch=2/10 step=800/1086 loss=1.1175
[train:safeobjworld_r_image_only:H5] epoch=2/10 step=825/1086 loss=1.0973
[train:safeobjworld_r_image_only:H5] epoch=2/10 step=850/1086 loss=1.1263
[train:safeobjworld_r_image_only:H5] epoch=2/10 step=875/1086 loss=1.1019
[train:safeobjworld_r_image_only:H5] epoch=2/10 step=900/1086 loss=1.0836
[train:safeobjworld_r_image_only:H5] epoch=2/10 step=925/1086 loss=1.0769
[train:safeobjworld_r_image_only:H5] epoch=2/10 step=950/1086 loss=1.1016
[train:safeobjworld_r_image_only:H5] epoch=2/10 step=975/1086 loss=1.0575
[train:safeobjworld_r_image_only:H5] epoch=2/10 step=1000/1086 loss=1.0709
[train:safeobjworld_r_image_only:H5] epoch=2/10 step=1025/1086 loss=1.0787
[train:safeobjworld_r_image_only:H5] epoch=2/10 step=1050/1086 loss=1.1009
[train:safeobjworld_r_image_only:H5] epoch=2/10 step=1075/1086 loss=1.0667
[epoch] method=safeobjworld_r_image_only epoch=2 train=1.0908 val=1.1018 best=1.1018
[train:safeobjworld_r_image_only:H5] epoch=3/10 step=0/1086 loss=1.0698
[train:safeobjworld_r_image_only:H5] epoch=3/10 step=25/1086 loss=1.0565
[train:safeobjworld_r_image_only:H5] epoch=3/10 step=50/1086 loss=1.0979
[train:safeobjworld_r_image_only:H5] epoch=3/10 step=75/1086 loss=1.0724
[train:safeobjworld_r_image_only:H5] epoch=3/10 step=100/1086 loss=1.0899
[train:safeobjworld_r_image_only:H5] epoch=3/10 step=125/1086 loss=1.0363
[train:safeobjworld_r_image_only:H5] epoch=3/10 step=150/1086 loss=1.0600
[train:safeobjworld_r_image_only:H5] epoch=3/10 step=175/1086 loss=1.0638
[train:safeobjworld_r_image_only:H5] epoch=3/10 step=200/1086 loss=1.1136
[train:safeobjworld_r_image_only:H5] epoch=3/10 step=225/1086 loss=1.1114
[train:safeobjworld_r_image_only:H5] epoch=3/10 step=250/1086 loss=1.1091
[train:safeobjworld_r_image_only:H5] epoch=3/10 step=275/1086 loss=1.0950
[train:safeobjworld_r_image_only:H5] epoch=3/10 step=300/1086 loss=1.0766
[train:safeobjworld_r_image_only:H5] epoch=3/10 step=325/1086 loss=1.1078
[train:safeobjworld_r_image_only:H5] epoch=3/10 step=350/1086 loss=1.0746
[train:safeobjworld_r_image_only:H5] epoch=3/10 step=375/1086 loss=1.0610
[train:safeobjworld_r_image_only:H5] epoch=3/10 step=400/1086 loss=1.0662
[train:safeobjworld_r_image_only:H5] epoch=3/10 step=425/1086 loss=1.0824
[train:safeobjworld_r_image_only:H5] epoch=3/10 step=450/1086 loss=1.0796
[train:safeobjworld_r_image_only:H5] epoch=3/10 step=475/1086 loss=1.0546
[train:safeobjworld_r_image_only:H5] epoch=3/10 step=500/1086 loss=1.0761
[train:safeobjworld_r_image_only:H5] epoch=3/10 step=525/1086 loss=1.0805
[train:safeobjworld_r_image_only:H5] epoch=3/10 step=550/1086 loss=1.0560
[train:safeobjworld_r_image_only:H5] epoch=3/10 step=575/1086 loss=1.0378
[train:safeobjworld_r_image_only:H5] epoch=3/10 step=600/1086 loss=1.0363
[train:safeobjworld_r_image_only:H5] epoch=3/10 step=625/1086 loss=1.0249
[train:safeobjworld_r_image_only:H5] epoch=3/10 step=650/1086 loss=1.0871
[train:safeobjworld_r_image_only:H5] epoch=3/10 step=675/1086 loss=1.0733
[train:safeobjworld_r_image_only:H5] epoch=3/10 step=700/1086 loss=1.0623
[train:safeobjworld_r_image_only:H5] epoch=3/10 step=725/1086 loss=1.0426
[train:safeobjworld_r_image_only:H5] epoch=3/10 step=750/1086 loss=1.0515
[train:safeobjworld_r_image_only:H5] epoch=3/10 step=775/1086 loss=1.0462
[train:safeobjworld_r_image_only:H5] epoch=3/10 step=800/1086 loss=1.0411
[train:safeobjworld_r_image_only:H5] epoch=3/10 step=825/1086 loss=1.0655
[train:safeobjworld_r_image_only:H5] epoch=3/10 step=850/1086 loss=1.0797
[train:safeobjworld_r_image_only:H5] epoch=3/10 step=875/1086 loss=1.0323
[train:safeobjworld_r_image_only:H5] epoch=3/10 step=900/1086 loss=1.0557
[train:safeobjworld_r_image_only:H5] epoch=3/10 step=925/1086 loss=1.0566
[train:safeobjworld_r_image_only:H5] epoch=3/10 step=950/1086 loss=1.0496
[train:safeobjworld_r_image_only:H5] epoch=3/10 step=975/1086 loss=1.0578
[train:safeobjworld_r_image_only:H5] epoch=3/10 step=1000/1086 loss=1.0472
[train:safeobjworld_r_image_only:H5] epoch=3/10 step=1025/1086 loss=1.0630
[train:safeobjworld_r_image_only:H5] epoch=3/10 step=1050/1086 loss=1.0910
[train:safeobjworld_r_image_only:H5] epoch=3/10 step=1075/1086 loss=1.0973
[epoch] method=safeobjworld_r_image_only epoch=3 train=1.0674 val=1.0455 best=1.0455
[train:safeobjworld_r_image_only:H5] epoch=4/10 step=0/1086 loss=1.0455
[train:safeobjworld_r_image_only:H5] epoch=4/10 step=25/1086 loss=1.0666
[train:safeobjworld_r_image_only:H5] epoch=4/10 step=50/1086 loss=1.0428
[train:safeobjworld_r_image_only:H5] epoch=4/10 step=75/1086 loss=1.0585
[train:safeobjworld_r_image_only:H5] epoch=4/10 step=100/1086 loss=1.0626
[train:safeobjworld_r_image_only:H5] epoch=4/10 step=125/1086 loss=1.0355
[train:safeobjworld_r_image_only:H5] epoch=4/10 step=150/1086 loss=1.0462
[train:safeobjworld_r_image_only:H5] epoch=4/10 step=175/1086 loss=1.0416
[train:safeobjworld_r_image_only:H5] epoch=4/10 step=200/1086 loss=1.0817
[train:safeobjworld_r_image_only:H5] epoch=4/10 step=225/1086 loss=1.0373
[train:safeobjworld_r_image_only:H5] epoch=4/10 step=250/1086 loss=1.0115
[train:safeobjworld_r_image_only:H5] epoch=4/10 step=275/1086 loss=1.0337
[train:safeobjworld_r_image_only:H5] epoch=4/10 step=300/1086 loss=1.0043
[train:safeobjworld_r_image_only:H5] epoch=4/10 step=325/1086 loss=1.0097
[train:safeobjworld_r_image_only:H5] epoch=4/10 step=350/1086 loss=1.1049
[train:safeobjworld_r_image_only:H5] epoch=4/10 step=375/1086 loss=1.0408
[train:safeobjworld_r_image_only:H5] epoch=4/10 step=400/1086 loss=1.0520
[train:safeobjworld_r_image_only:H5] epoch=4/10 step=425/1086 loss=1.0530
[train:safeobjworld_r_image_only:H5] epoch=4/10 step=450/1086 loss=1.0231
[train:safeobjworld_r_image_only:H5] epoch=4/10 step=475/1086 loss=1.0030
[train:safeobjworld_r_image_only:H5] epoch=4/10 step=500/1086 loss=1.0123
[train:safeobjworld_r_image_only:H5] epoch=4/10 step=525/1086 loss=1.0433
[train:safeobjworld_r_image_only:H5] epoch=4/10 step=550/1086 loss=1.0719
[train:safeobjworld_r_image_only:H5] epoch=4/10 step=575/1086 loss=1.0454
[train:safeobjworld_r_image_only:H5] epoch=4/10 step=600/1086 loss=1.0696
[train:safeobjworld_r_image_only:H5] epoch=4/10 step=625/1086 loss=1.0626
[train:safeobjworld_r_image_only:H5] epoch=4/10 step=650/1086 loss=1.0282
[train:safeobjworld_r_image_only:H5] epoch=4/10 step=675/1086 loss=1.0574
[train:safeobjworld_r_image_only:H5] epoch=4/10 step=700/1086 loss=1.0216
[train:safeobjworld_r_image_only:H5] epoch=4/10 step=725/1086 loss=1.0246
[train:safeobjworld_r_image_only:H5] epoch=4/10 step=750/1086 loss=1.0202
[train:safeobjworld_r_image_only:H5] epoch=4/10 step=775/1086 loss=1.0588
[train:safeobjworld_r_image_only:H5] epoch=4/10 step=800/1086 loss=1.0599
[train:safeobjworld_r_image_only:H5] epoch=4/10 step=825/1086 loss=1.1324
[train:safeobjworld_r_image_only:H5] epoch=4/10 step=850/1086 loss=1.0367
[train:safeobjworld_r_image_only:H5] epoch=4/10 step=875/1086 loss=1.0211
[train:safeobjworld_r_image_only:H5] epoch=4/10 step=900/1086 loss=1.0313
[train:safeobjworld_r_image_only:H5] epoch=4/10 step=925/1086 loss=1.0576
[train:safeobjworld_r_image_only:H5] epoch=4/10 step=950/1086 loss=1.0409
[train:safeobjworld_r_image_only:H5] epoch=4/10 step=975/1086 loss=1.0376
[train:safeobjworld_r_image_only:H5] epoch=4/10 step=1000/1086 loss=1.0303
[train:safeobjworld_r_image_only:H5] epoch=4/10 step=1025/1086 loss=1.0432
[train:safeobjworld_r_image_only:H5] epoch=4/10 step=1050/1086 loss=1.0331
[train:safeobjworld_r_image_only:H5] epoch=4/10 step=1075/1086 loss=1.0199
[epoch] method=safeobjworld_r_image_only epoch=4 train=1.0435 val=1.0291 best=1.0291
[train:safeobjworld_r_image_only:H5] epoch=5/10 step=0/1086 loss=0.9655
[train:safeobjworld_r_image_only:H5] epoch=5/10 step=25/1086 loss=1.0145
[train:safeobjworld_r_image_only:H5] epoch=5/10 step=50/1086 loss=1.0146
[train:safeobjworld_r_image_only:H5] epoch=5/10 step=75/1086 loss=0.9808
[train:safeobjworld_r_image_only:H5] epoch=5/10 step=100/1086 loss=1.0216
[train:safeobjworld_r_image_only:H5] epoch=5/10 step=125/1086 loss=1.0172
[train:safeobjworld_r_image_only:H5] epoch=5/10 step=150/1086 loss=1.0185
[train:safeobjworld_r_image_only:H5] epoch=5/10 step=175/1086 loss=1.0150
[train:safeobjworld_r_image_only:H5] epoch=5/10 step=200/1086 loss=1.0596
[train:safeobjworld_r_image_only:H5] epoch=5/10 step=225/1086 loss=1.0050
[train:safeobjworld_r_image_only:H5] epoch=5/10 step=250/1086 loss=1.0627
[train:safeobjworld_r_image_only:H5] epoch=5/10 step=275/1086 loss=1.0411
[train:safeobjworld_r_image_only:H5] epoch=5/10 step=300/1086 loss=1.0090
[train:safeobjworld_r_image_only:H5] epoch=5/10 step=325/1086 loss=1.0368
[train:safeobjworld_r_image_only:H5] epoch=5/10 step=350/1086 loss=0.9886
[train:safeobjworld_r_image_only:H5] epoch=5/10 step=375/1086 loss=0.9878
[train:safeobjworld_r_image_only:H5] epoch=5/10 step=400/1086 loss=1.0135
[train:safeobjworld_r_image_only:H5] epoch=5/10 step=425/1086 loss=1.0383
[train:safeobjworld_r_image_only:H5] epoch=5/10 step=450/1086 loss=0.9866
[train:safeobjworld_r_image_only:H5] epoch=5/10 step=475/1086 loss=1.0163
[train:safeobjworld_r_image_only:H5] epoch=5/10 step=500/1086 loss=1.0275
[train:safeobjworld_r_image_only:H5] epoch=5/10 step=525/1086 loss=1.0434
[train:safeobjworld_r_image_only:H5] epoch=5/10 step=550/1086 loss=1.0421
[train:safeobjworld_r_image_only:H5] epoch=5/10 step=575/1086 loss=1.0255
[train:safeobjworld_r_image_only:H5] epoch=5/10 step=600/1086 loss=1.0659
[train:safeobjworld_r_image_only:H5] epoch=5/10 step=625/1086 loss=1.0690
[train:safeobjworld_r_image_only:H5] epoch=5/10 step=650/1086 loss=1.0388
[train:safeobjworld_r_image_only:H5] epoch=5/10 step=675/1086 loss=1.0200
[train:safeobjworld_r_image_only:H5] epoch=5/10 step=700/1086 loss=1.0091
[train:safeobjworld_r_image_only:H5] epoch=5/10 step=725/1086 loss=1.0159
[train:safeobjworld_r_image_only:H5] epoch=5/10 step=750/1086 loss=1.0498
[train:safeobjworld_r_image_only:H5] epoch=5/10 step=775/1086 loss=1.0235
[train:safeobjworld_r_image_only:H5] epoch=5/10 step=800/1086 loss=1.0392
[train:safeobjworld_r_image_only:H5] epoch=5/10 step=825/1086 loss=0.9961
[train:safeobjworld_r_image_only:H5] epoch=5/10 step=850/1086 loss=1.0441
[train:safeobjworld_r_image_only:H5] epoch=5/10 step=875/1086 loss=1.0106
[train:safeobjworld_r_image_only:H5] epoch=5/10 step=900/1086 loss=0.9860
[train:safeobjworld_r_image_only:H5] epoch=5/10 step=925/1086 loss=1.0122
[train:safeobjworld_r_image_only:H5] epoch=5/10 step=950/1086 loss=1.0467
[train:safeobjworld_r_image_only:H5] epoch=5/10 step=975/1086 loss=1.0549
[train:safeobjworld_r_image_only:H5] epoch=5/10 step=1000/1086 loss=1.0349
[train:safeobjworld_r_image_only:H5] epoch=5/10 step=1025/1086 loss=0.9874
[train:safeobjworld_r_image_only:H5] epoch=5/10 step=1050/1086 loss=0.9883
[train:safeobjworld_r_image_only:H5] epoch=5/10 step=1075/1086 loss=0.9860
[epoch] method=safeobjworld_r_image_only epoch=5 train=1.0208 val=1.0475 best=1.0291
[train:safeobjworld_r_image_only:H5] epoch=6/10 step=0/1086 loss=0.9913
[train:safeobjworld_r_image_only:H5] epoch=6/10 step=25/1086 loss=1.0403
[train:safeobjworld_r_image_only:H5] epoch=6/10 step=50/1086 loss=0.9776
[train:safeobjworld_r_image_only:H5] epoch=6/10 step=75/1086 loss=0.9981
[train:safeobjworld_r_image_only:H5] epoch=6/10 step=100/1086 loss=1.0175
[train:safeobjworld_r_image_only:H5] epoch=6/10 step=125/1086 loss=0.9895
[train:safeobjworld_r_image_only:H5] epoch=6/10 step=150/1086 loss=1.0224
[train:safeobjworld_r_image_only:H5] epoch=6/10 step=175/1086 loss=1.0187
[train:safeobjworld_r_image_only:H5] epoch=6/10 step=200/1086 loss=0.9588
[train:safeobjworld_r_image_only:H5] epoch=6/10 step=225/1086 loss=1.0179
[train:safeobjworld_r_image_only:H5] epoch=6/10 step=250/1086 loss=1.0054
[train:safeobjworld_r_image_only:H5] epoch=6/10 step=275/1086 loss=0.9907
[train:safeobjworld_r_image_only:H5] epoch=6/10 step=300/1086 loss=1.0055
[train:safeobjworld_r_image_only:H5] epoch=6/10 step=325/1086 loss=1.0192
[train:safeobjworld_r_image_only:H5] epoch=6/10 step=350/1086 loss=1.0188
[train:safeobjworld_r_image_only:H5] epoch=6/10 step=375/1086 loss=1.0418
[train:safeobjworld_r_image_only:H5] epoch=6/10 step=400/1086 loss=0.9939
[train:safeobjworld_r_image_only:H5] epoch=6/10 step=425/1086 loss=1.0305
[train:safeobjworld_r_image_only:H5] epoch=6/10 step=450/1086 loss=0.9956
[train:safeobjworld_r_image_only:H5] epoch=6/10 step=475/1086 loss=1.0731
[train:safeobjworld_r_image_only:H5] epoch=6/10 step=500/1086 loss=0.9563
[train:safeobjworld_r_image_only:H5] epoch=6/10 step=525/1086 loss=1.0317
[train:safeobjworld_r_image_only:H5] epoch=6/10 step=550/1086 loss=0.9706
[train:safeobjworld_r_image_only:H5] epoch=6/10 step=575/1086 loss=0.9978
[train:safeobjworld_r_image_only:H5] epoch=6/10 step=600/1086 loss=1.0018
[train:safeobjworld_r_image_only:H5] epoch=6/10 step=625/1086 loss=1.0099
[train:safeobjworld_r_image_only:H5] epoch=6/10 step=650/1086 loss=1.0015
[train:safeobjworld_r_image_only:H5] epoch=6/10 step=675/1086 loss=1.0233
[train:safeobjworld_r_image_only:H5] epoch=6/10 step=700/1086 loss=1.0058
[train:safeobjworld_r_image_only:H5] epoch=6/10 step=725/1086 loss=0.9870
[train:safeobjworld_r_image_only:H5] epoch=6/10 step=750/1086 loss=0.9988
[train:safeobjworld_r_image_only:H5] epoch=6/10 step=775/1086 loss=1.0102
[train:safeobjworld_r_image_only:H5] epoch=6/10 step=800/1086 loss=1.0322
[train:safeobjworld_r_image_only:H5] epoch=6/10 step=825/1086 loss=0.9982
[train:safeobjworld_r_image_only:H5] epoch=6/10 step=850/1086 loss=0.9840
[train:safeobjworld_r_image_only:H5] epoch=6/10 step=875/1086 loss=1.0235
[train:safeobjworld_r_image_only:H5] epoch=6/10 step=900/1086 loss=0.9847
[train:safeobjworld_r_image_only:H5] epoch=6/10 step=925/1086 loss=1.0387
[train:safeobjworld_r_image_only:H5] epoch=6/10 step=950/1086 loss=0.9909
[train:safeobjworld_r_image_only:H5] epoch=6/10 step=975/1086 loss=0.9601
[train:safeobjworld_r_image_only:H5] epoch=6/10 step=1000/1086 loss=1.0067
[train:safeobjworld_r_image_only:H5] epoch=6/10 step=1025/1086 loss=0.9823
[train:safeobjworld_r_image_only:H5] epoch=6/10 step=1050/1086 loss=1.0267
[train:safeobjworld_r_image_only:H5] epoch=6/10 step=1075/1086 loss=1.0143
[epoch] method=safeobjworld_r_image_only epoch=6 train=1.0041 val=1.0352 best=1.0291
[train:safeobjworld_r_image_only:H5] epoch=7/10 step=0/1086 loss=1.1180
[train:safeobjworld_r_image_only:H5] epoch=7/10 step=25/1086 loss=0.9929
[train:safeobjworld_r_image_only:H5] epoch=7/10 step=50/1086 loss=1.0174
[train:safeobjworld_r_image_only:H5] epoch=7/10 step=75/1086 loss=0.9869
[train:safeobjworld_r_image_only:H5] epoch=7/10 step=100/1086 loss=0.9846
[train:safeobjworld_r_image_only:H5] epoch=7/10 step=125/1086 loss=0.9669
[train:safeobjworld_r_image_only:H5] epoch=7/10 step=150/1086 loss=1.0085
[train:safeobjworld_r_image_only:H5] epoch=7/10 step=175/1086 loss=0.9875
[train:safeobjworld_r_image_only:H5] epoch=7/10 step=200/1086 loss=0.9597
[train:safeobjworld_r_image_only:H5] epoch=7/10 step=225/1086 loss=1.0246
[train:safeobjworld_r_image_only:H5] epoch=7/10 step=250/1086 loss=0.9715
[train:safeobjworld_r_image_only:H5] epoch=7/10 step=275/1086 loss=1.0194
[train:safeobjworld_r_image_only:H5] epoch=7/10 step=300/1086 loss=1.0008
[train:safeobjworld_r_image_only:H5] epoch=7/10 step=325/1086 loss=0.9820
[train:safeobjworld_r_image_only:H5] epoch=7/10 step=350/1086 loss=0.9976
[train:safeobjworld_r_image_only:H5] epoch=7/10 step=375/1086 loss=1.0072
[train:safeobjworld_r_image_only:H5] epoch=7/10 step=400/1086 loss=0.9856
[train:safeobjworld_r_image_only:H5] epoch=7/10 step=425/1086 loss=0.9446
[train:safeobjworld_r_image_only:H5] epoch=7/10 step=450/1086 loss=1.0068
[train:safeobjworld_r_image_only:H5] epoch=7/10 step=475/1086 loss=0.9791
[train:safeobjworld_r_image_only:H5] epoch=7/10 step=500/1086 loss=1.0257
[train:safeobjworld_r_image_only:H5] epoch=7/10 step=525/1086 loss=1.0480
[train:safeobjworld_r_image_only:H5] epoch=7/10 step=550/1086 loss=1.0172
[train:safeobjworld_r_image_only:H5] epoch=7/10 step=575/1086 loss=1.0101
[train:safeobjworld_r_image_only:H5] epoch=7/10 step=600/1086 loss=0.9607
[train:safeobjworld_r_image_only:H5] epoch=7/10 step=625/1086 loss=1.0016
[train:safeobjworld_r_image_only:H5] epoch=7/10 step=650/1086 loss=0.9813
[train:safeobjworld_r_image_only:H5] epoch=7/10 step=675/1086 loss=0.9670
[train:safeobjworld_r_image_only:H5] epoch=7/10 step=700/1086 loss=0.9888
[train:safeobjworld_r_image_only:H5] epoch=7/10 step=725/1086 loss=0.9931
[train:safeobjworld_r_image_only:H5] epoch=7/10 step=750/1086 loss=0.9546
[train:safeobjworld_r_image_only:H5] epoch=7/10 step=775/1086 loss=0.9880
[train:safeobjworld_r_image_only:H5] epoch=7/10 step=800/1086 loss=1.0380
[train:safeobjworld_r_image_only:H5] epoch=7/10 step=825/1086 loss=1.0034
[train:safeobjworld_r_image_only:H5] epoch=7/10 step=850/1086 loss=0.9779
[train:safeobjworld_r_image_only:H5] epoch=7/10 step=875/1086 loss=0.9767
[train:safeobjworld_r_image_only:H5] epoch=7/10 step=900/1086 loss=0.9997
[train:safeobjworld_r_image_only:H5] epoch=7/10 step=925/1086 loss=0.9687
[train:safeobjworld_r_image_only:H5] epoch=7/10 step=950/1086 loss=0.9800
[train:safeobjworld_r_image_only:H5] epoch=7/10 step=975/1086 loss=0.9427
[train:safeobjworld_r_image_only:H5] epoch=7/10 step=1000/1086 loss=0.9159
[train:safeobjworld_r_image_only:H5] epoch=7/10 step=1025/1086 loss=0.9514
[train:safeobjworld_r_image_only:H5] epoch=7/10 step=1050/1086 loss=0.9631
[train:safeobjworld_r_image_only:H5] epoch=7/10 step=1075/1086 loss=0.9430
[epoch] method=safeobjworld_r_image_only epoch=7 train=0.9877 val=1.0106 best=1.0106
[train:safeobjworld_r_image_only:H5] epoch=8/10 step=0/1086 loss=0.9050
[train:safeobjworld_r_image_only:H5] epoch=8/10 step=25/1086 loss=0.9508
[train:safeobjworld_r_image_only:H5] epoch=8/10 step=50/1086 loss=0.9743
[train:safeobjworld_r_image_only:H5] epoch=8/10 step=75/1086 loss=1.0192
[train:safeobjworld_r_image_only:H5] epoch=8/10 step=100/1086 loss=1.0019
[train:safeobjworld_r_image_only:H5] epoch=8/10 step=125/1086 loss=0.9543
[train:safeobjworld_r_image_only:H5] epoch=8/10 step=150/1086 loss=0.9344
[train:safeobjworld_r_image_only:H5] epoch=8/10 step=175/1086 loss=1.0576
[train:safeobjworld_r_image_only:H5] epoch=8/10 step=200/1086 loss=1.0170
[train:safeobjworld_r_image_only:H5] epoch=8/10 step=225/1086 loss=0.9978
[train:safeobjworld_r_image_only:H5] epoch=8/10 step=250/1086 loss=0.9714
[train:safeobjworld_r_image_only:H5] epoch=8/10 step=275/1086 loss=0.9871
[train:safeobjworld_r_image_only:H5] epoch=8/10 step=300/1086 loss=0.9897
[train:safeobjworld_r_image_only:H5] epoch=8/10 step=325/1086 loss=0.9751
[train:safeobjworld_r_image_only:H5] epoch=8/10 step=350/1086 loss=0.9849
[train:safeobjworld_r_image_only:H5] epoch=8/10 step=375/1086 loss=0.9937
[train:safeobjworld_r_image_only:H5] epoch=8/10 step=400/1086 loss=0.9944
[train:safeobjworld_r_image_only:H5] epoch=8/10 step=425/1086 loss=0.9831
[train:safeobjworld_r_image_only:H5] epoch=8/10 step=450/1086 loss=0.9630
[train:safeobjworld_r_image_only:H5] epoch=8/10 step=475/1086 loss=0.9982
[train:safeobjworld_r_image_only:H5] epoch=8/10 step=500/1086 loss=0.9868
[train:safeobjworld_r_image_only:H5] epoch=8/10 step=525/1086 loss=0.9425
[train:safeobjworld_r_image_only:H5] epoch=8/10 step=550/1086 loss=0.9810
[train:safeobjworld_r_image_only:H5] epoch=8/10 step=575/1086 loss=0.9879
[train:safeobjworld_r_image_only:H5] epoch=8/10 step=600/1086 loss=0.9504
[train:safeobjworld_r_image_only:H5] epoch=8/10 step=625/1086 loss=0.9796
[train:safeobjworld_r_image_only:H5] epoch=8/10 step=650/1086 loss=0.9843
[train:safeobjworld_r_image_only:H5] epoch=8/10 step=675/1086 loss=0.9958
[train:safeobjworld_r_image_only:H5] epoch=8/10 step=700/1086 loss=0.9373
[train:safeobjworld_r_image_only:H5] epoch=8/10 step=725/1086 loss=0.9953
[train:safeobjworld_r_image_only:H5] epoch=8/10 step=750/1086 loss=0.9387
[train:safeobjworld_r_image_only:H5] epoch=8/10 step=775/1086 loss=0.9897
[train:safeobjworld_r_image_only:H5] epoch=8/10 step=800/1086 loss=0.9719
[train:safeobjworld_r_image_only:H5] epoch=8/10 step=825/1086 loss=0.9492
[train:safeobjworld_r_image_only:H5] epoch=8/10 step=850/1086 loss=0.9911
[train:safeobjworld_r_image_only:H5] epoch=8/10 step=875/1086 loss=0.9605
[train:safeobjworld_r_image_only:H5] epoch=8/10 step=900/1086 loss=0.9600
[train:safeobjworld_r_image_only:H5] epoch=8/10 step=925/1086 loss=0.9490
[train:safeobjworld_r_image_only:H5] epoch=8/10 step=950/1086 loss=0.9912
[train:safeobjworld_r_image_only:H5] epoch=8/10 step=975/1086 loss=1.0209
[train:safeobjworld_r_image_only:H5] epoch=8/10 step=1000/1086 loss=0.9572
[train:safeobjworld_r_image_only:H5] epoch=8/10 step=1025/1086 loss=0.9650
[train:safeobjworld_r_image_only:H5] epoch=8/10 step=1050/1086 loss=0.9151
[train:safeobjworld_r_image_only:H5] epoch=8/10 step=1075/1086 loss=0.9715
[epoch] method=safeobjworld_r_image_only epoch=8 train=0.9755 val=1.0185 best=1.0106
[train:safeobjworld_r_image_only:H5] epoch=9/10 step=0/1086 loss=1.0131
[train:safeobjworld_r_image_only:H5] epoch=9/10 step=25/1086 loss=0.9784
[train:safeobjworld_r_image_only:H5] epoch=9/10 step=50/1086 loss=0.9625
[train:safeobjworld_r_image_only:H5] epoch=9/10 step=75/1086 loss=0.9605
[train:safeobjworld_r_image_only:H5] epoch=9/10 step=100/1086 loss=0.9596
[train:safeobjworld_r_image_only:H5] epoch=9/10 step=125/1086 loss=0.9770
[train:safeobjworld_r_image_only:H5] epoch=9/10 step=150/1086 loss=0.9505
[train:safeobjworld_r_image_only:H5] epoch=9/10 step=175/1086 loss=0.9964
[train:safeobjworld_r_image_only:H5] epoch=9/10 step=200/1086 loss=0.9892
[train:safeobjworld_r_image_only:H5] epoch=9/10 step=225/1086 loss=0.9665
[train:safeobjworld_r_image_only:H5] epoch=9/10 step=250/1086 loss=0.9611
[train:safeobjworld_r_image_only:H5] epoch=9/10 step=275/1086 loss=0.9555
[train:safeobjworld_r_image_only:H5] epoch=9/10 step=300/1086 loss=0.9548
[train:safeobjworld_r_image_only:H5] epoch=9/10 step=325/1086 loss=0.9596
[train:safeobjworld_r_image_only:H5] epoch=9/10 step=350/1086 loss=0.9765
[train:safeobjworld_r_image_only:H5] epoch=9/10 step=375/1086 loss=0.9668
[train:safeobjworld_r_image_only:H5] epoch=9/10 step=400/1086 loss=0.9766
[train:safeobjworld_r_image_only:H5] epoch=9/10 step=425/1086 loss=1.0053
[train:safeobjworld_r_image_only:H5] epoch=9/10 step=450/1086 loss=0.9285
[train:safeobjworld_r_image_only:H5] epoch=9/10 step=475/1086 loss=0.9797
[train:safeobjworld_r_image_only:H5] epoch=9/10 step=500/1086 loss=0.9593
[train:safeobjworld_r_image_only:H5] epoch=9/10 step=525/1086 loss=0.9809
[train:safeobjworld_r_image_only:H5] epoch=9/10 step=550/1086 loss=0.9623
[train:safeobjworld_r_image_only:H5] epoch=9/10 step=575/1086 loss=0.9181
[train:safeobjworld_r_image_only:H5] epoch=9/10 step=600/1086 loss=0.9516
[train:safeobjworld_r_image_only:H5] epoch=9/10 step=625/1086 loss=0.9586
[train:safeobjworld_r_image_only:H5] epoch=9/10 step=650/1086 loss=0.9579
[train:safeobjworld_r_image_only:H5] epoch=9/10 step=675/1086 loss=0.9346
[train:safeobjworld_r_image_only:H5] epoch=9/10 step=700/1086 loss=0.9287
[train:safeobjworld_r_image_only:H5] epoch=9/10 step=725/1086 loss=0.9774
[train:safeobjworld_r_image_only:H5] epoch=9/10 step=750/1086 loss=0.9839
[train:safeobjworld_r_image_only:H5] epoch=9/10 step=775/1086 loss=0.9475
[train:safeobjworld_r_image_only:H5] epoch=9/10 step=800/1086 loss=0.9994
[train:safeobjworld_r_image_only:H5] epoch=9/10 step=825/1086 loss=0.9958
[train:safeobjworld_r_image_only:H5] epoch=9/10 step=850/1086 loss=0.9551
[train:safeobjworld_r_image_only:H5] epoch=9/10 step=875/1086 loss=1.0083
[train:safeobjworld_r_image_only:H5] epoch=9/10 step=900/1086 loss=0.9846
[train:safeobjworld_r_image_only:H5] epoch=9/10 step=925/1086 loss=0.9600
[train:safeobjworld_r_image_only:H5] epoch=9/10 step=950/1086 loss=0.8977
[train:safeobjworld_r_image_only:H5] epoch=9/10 step=975/1086 loss=0.9948
[train:safeobjworld_r_image_only:H5] epoch=9/10 step=1000/1086 loss=0.9482
[train:safeobjworld_r_image_only:H5] epoch=9/10 step=1025/1086 loss=1.0056
[train:safeobjworld_r_image_only:H5] epoch=9/10 step=1050/1086 loss=0.9457
[train:safeobjworld_r_image_only:H5] epoch=9/10 step=1075/1086 loss=0.9451
[epoch] method=safeobjworld_r_image_only epoch=9 train=0.9631 val=1.0635 best=1.0106
[train:safeobjworld_r_image_only:H5] epoch=10/10 step=0/1086 loss=0.9233
[train:safeobjworld_r_image_only:H5] epoch=10/10 step=25/1086 loss=0.9424
[train:safeobjworld_r_image_only:H5] epoch=10/10 step=50/1086 loss=0.9797
[train:safeobjworld_r_image_only:H5] epoch=10/10 step=75/1086 loss=0.9561
[train:safeobjworld_r_image_only:H5] epoch=10/10 step=100/1086 loss=0.9882
[train:safeobjworld_r_image_only:H5] epoch=10/10 step=125/1086 loss=0.9573
[train:safeobjworld_r_image_only:H5] epoch=10/10 step=150/1086 loss=0.9630
[train:safeobjworld_r_image_only:H5] epoch=10/10 step=175/1086 loss=0.9107
[train:safeobjworld_r_image_only:H5] epoch=10/10 step=200/1086 loss=0.9258
[train:safeobjworld_r_image_only:H5] epoch=10/10 step=225/1086 loss=0.9351
[train:safeobjworld_r_image_only:H5] epoch=10/10 step=250/1086 loss=0.9465
[train:safeobjworld_r_image_only:H5] epoch=10/10 step=275/1086 loss=0.9281
[train:safeobjworld_r_image_only:H5] epoch=10/10 step=300/1086 loss=0.9837
[train:safeobjworld_r_image_only:H5] epoch=10/10 step=325/1086 loss=0.9435
[train:safeobjworld_r_image_only:H5] epoch=10/10 step=350/1086 loss=0.9793
[train:safeobjworld_r_image_only:H5] epoch=10/10 step=375/1086 loss=0.9639
[train:safeobjworld_r_image_only:H5] epoch=10/10 step=400/1086 loss=0.9468
[train:safeobjworld_r_image_only:H5] epoch=10/10 step=425/1086 loss=0.9974
[train:safeobjworld_r_image_only:H5] epoch=10/10 step=450/1086 loss=0.9638
[train:safeobjworld_r_image_only:H5] epoch=10/10 step=475/1086 loss=0.9365
[train:safeobjworld_r_image_only:H5] epoch=10/10 step=500/1086 loss=0.9520
[train:safeobjworld_r_image_only:H5] epoch=10/10 step=525/1086 loss=0.9608
[train:safeobjworld_r_image_only:H5] epoch=10/10 step=550/1086 loss=0.9379
[train:safeobjworld_r_image_only:H5] epoch=10/10 step=575/1086 loss=0.9751
[train:safeobjworld_r_image_only:H5] epoch=10/10 step=600/1086 loss=0.9542
[train:safeobjworld_r_image_only:H5] epoch=10/10 step=625/1086 loss=0.9805
[train:safeobjworld_r_image_only:H5] epoch=10/10 step=650/1086 loss=0.9357
[train:safeobjworld_r_image_only:H5] epoch=10/10 step=675/1086 loss=0.9308
[train:safeobjworld_r_image_only:H5] epoch=10/10 step=700/1086 loss=0.9578
[train:safeobjworld_r_image_only:H5] epoch=10/10 step=725/1086 loss=0.9153
[train:safeobjworld_r_image_only:H5] epoch=10/10 step=750/1086 loss=0.9237
[train:safeobjworld_r_image_only:H5] epoch=10/10 step=775/1086 loss=0.9232
[train:safeobjworld_r_image_only:H5] epoch=10/10 step=800/1086 loss=0.9152
[train:safeobjworld_r_image_only:H5] epoch=10/10 step=825/1086 loss=0.9705
[train:safeobjworld_r_image_only:H5] epoch=10/10 step=850/1086 loss=0.9285
[train:safeobjworld_r_image_only:H5] epoch=10/10 step=875/1086 loss=0.9423
[train:safeobjworld_r_image_only:H5] epoch=10/10 step=900/1086 loss=0.9306
[train:safeobjworld_r_image_only:H5] epoch=10/10 step=925/1086 loss=0.9668
[train:safeobjworld_r_image_only:H5] epoch=10/10 step=950/1086 loss=0.9886
[train:safeobjworld_r_image_only:H5] epoch=10/10 step=975/1086 loss=0.9395
[train:safeobjworld_r_image_only:H5] epoch=10/10 step=1000/1086 loss=0.9092
[train:safeobjworld_r_image_only:H5] epoch=10/10 step=1025/1086 loss=0.9516
[train:safeobjworld_r_image_only:H5] epoch=10/10 step=1050/1086 loss=0.9970
[train:safeobjworld_r_image_only:H5] epoch=10/10 step=1075/1086 loss=0.9412
[epoch] method=safeobjworld_r_image_only epoch=10 train=0.9523 val=1.0454 best=1.0106
[done train] /home/tahiti/SafeObjWorld/runs_v2_full/models/safeobjworld_r_image_only/H5/best.pt
