====================================================================================================
SafeObjWorld V2 runner
{
  "mode": "train",
  "dataset_root": "/home/tahiti/SafeObjWorld/data/DAVIS2017",
  "run_root": "/home/tahiti/SafeObjWorld/runs_v2_full",
  "year": "2017",
  "method": "safeobjworld_r_no_split",
  "stress": "clean",
  "prefix_len": 3,
  "max_h": 10,
  "image_size": 192,
  "batch_size": 8,
  "epochs": 10,
  "lr": 0.0002,
  "weight_decay": 0.0001,
  "max_train_samples": 0,
  "max_val_samples": 0,
  "num_workers": 4,
  "seed": 42,
  "eval_k_override": 0,
  "amp": true,
  "cpu": false,
  "skip_existing": true,
  "log_every": 25
}
====================================================================================================
[train] method=safeobjworld_r_no_split device=cuda cfg={'stress_train': True, 'temporal_weight': 0.05, 'split_weight': 0.0, 'area_weight': 0.1, 'mc_eval': True, 'eval_k': 5}
[train:safeobjworld_r_no_split:H10] epoch=1/10 step=0/1003 loss=1.5773
[train:safeobjworld_r_no_split:H10] epoch=1/10 step=25/1003 loss=1.4907
[train:safeobjworld_r_no_split:H10] epoch=1/10 step=50/1003 loss=1.0126
[train:safeobjworld_r_no_split:H10] epoch=1/10 step=75/1003 loss=0.8933
[train:safeobjworld_r_no_split:H10] epoch=1/10 step=100/1003 loss=0.7958
[train:safeobjworld_r_no_split:H10] epoch=1/10 step=125/1003 loss=0.7150
[train:safeobjworld_r_no_split:H10] epoch=1/10 step=150/1003 loss=0.7821
[train:safeobjworld_r_no_split:H10] epoch=1/10 step=175/1003 loss=0.7263
[train:safeobjworld_r_no_split:H10] epoch=1/10 step=200/1003 loss=0.7072
[train:safeobjworld_r_no_split:H10] epoch=1/10 step=225/1003 loss=0.6930
[train:safeobjworld_r_no_split:H10] epoch=1/10 step=250/1003 loss=0.7774
[train:safeobjworld_r_no_split:H10] epoch=1/10 step=275/1003 loss=0.6743
[train:safeobjworld_r_no_split:H10] epoch=1/10 step=300/1003 loss=0.7201
[train:safeobjworld_r_no_split:H10] epoch=1/10 step=325/1003 loss=0.7031
[train:safeobjworld_r_no_split:H10] epoch=1/10 step=350/1003 loss=0.6950
[train:safeobjworld_r_no_split:H10] epoch=1/10 step=375/1003 loss=0.6925
[train:safeobjworld_r_no_split:H10] epoch=1/10 step=400/1003 loss=0.7062
[train:safeobjworld_r_no_split:H10] epoch=1/10 step=425/1003 loss=0.6957
[train:safeobjworld_r_no_split:H10] epoch=1/10 step=450/1003 loss=0.6401
[train:safeobjworld_r_no_split:H10] epoch=1/10 step=475/1003 loss=0.7272
[train:safeobjworld_r_no_split:H10] epoch=1/10 step=500/1003 loss=0.7025
[train:safeobjworld_r_no_split:H10] epoch=1/10 step=525/1003 loss=0.7158
[train:safeobjworld_r_no_split:H10] epoch=1/10 step=550/1003 loss=0.6769
[train:safeobjworld_r_no_split:H10] epoch=1/10 step=575/1003 loss=0.6983
[train:safeobjworld_r_no_split:H10] epoch=1/10 step=600/1003 loss=0.6690
[train:safeobjworld_r_no_split:H10] epoch=1/10 step=625/1003 loss=0.6380
[train:safeobjworld_r_no_split:H10] epoch=1/10 step=650/1003 loss=0.6685
[train:safeobjworld_r_no_split:H10] epoch=1/10 step=675/1003 loss=0.6563
[train:safeobjworld_r_no_split:H10] epoch=1/10 step=700/1003 loss=0.6780
[train:safeobjworld_r_no_split:H10] epoch=1/10 step=725/1003 loss=0.6386
[train:safeobjworld_r_no_split:H10] epoch=1/10 step=750/1003 loss=0.6316
[train:safeobjworld_r_no_split:H10] epoch=1/10 step=775/1003 loss=0.6570
[train:safeobjworld_r_no_split:H10] epoch=1/10 step=800/1003 loss=0.6685
[train:safeobjworld_r_no_split:H10] epoch=1/10 step=825/1003 loss=0.6542
[train:safeobjworld_r_no_split:H10] epoch=1/10 step=850/1003 loss=0.6600
[train:safeobjworld_r_no_split:H10] epoch=1/10 step=875/1003 loss=0.6229
[train:safeobjworld_r_no_split:H10] epoch=1/10 step=900/1003 loss=0.6645
[train:safeobjworld_r_no_split:H10] epoch=1/10 step=925/1003 loss=0.5979
[train:safeobjworld_r_no_split:H10] epoch=1/10 step=950/1003 loss=0.5895
[train:safeobjworld_r_no_split:H10] epoch=1/10 step=975/1003 loss=0.6151
[train:safeobjworld_r_no_split:H10] epoch=1/10 step=1000/1003 loss=0.6567
[epoch] method=safeobjworld_r_no_split epoch=1 train=0.7195 val=0.5175 best=0.5175
[train:safeobjworld_r_no_split:H10] epoch=2/10 step=0/1003 loss=0.4575
[train:safeobjworld_r_no_split:H10] epoch=2/10 step=25/1003 loss=0.6039
[train:safeobjworld_r_no_split:H10] epoch=2/10 step=50/1003 loss=0.6185
[train:safeobjworld_r_no_split:H10] epoch=2/10 step=75/1003 loss=0.6331
[train:safeobjworld_r_no_split:H10] epoch=2/10 step=100/1003 loss=0.6284
[train:safeobjworld_r_no_split:H10] epoch=2/10 step=125/1003 loss=0.6055
[train:safeobjworld_r_no_split:H10] epoch=2/10 step=150/1003 loss=0.6636
[train:safeobjworld_r_no_split:H10] epoch=2/10 step=175/1003 loss=0.6047
[train:safeobjworld_r_no_split:H10] epoch=2/10 step=200/1003 loss=0.5857
[train:safeobjworld_r_no_split:H10] epoch=2/10 step=225/1003 loss=0.6461
[train:safeobjworld_r_no_split:H10] epoch=2/10 step=250/1003 loss=0.6323
[train:safeobjworld_r_no_split:H10] epoch=2/10 step=275/1003 loss=0.6421
[train:safeobjworld_r_no_split:H10] epoch=2/10 step=300/1003 loss=0.5981
[train:safeobjworld_r_no_split:H10] epoch=2/10 step=325/1003 loss=0.6648
[train:safeobjworld_r_no_split:H10] epoch=2/10 step=350/1003 loss=0.6299
[train:safeobjworld_r_no_split:H10] epoch=2/10 step=375/1003 loss=0.6152
[train:safeobjworld_r_no_split:H10] epoch=2/10 step=400/1003 loss=0.6040
[train:safeobjworld_r_no_split:H10] epoch=2/10 step=425/1003 loss=0.6189
[train:safeobjworld_r_no_split:H10] epoch=2/10 step=450/1003 loss=0.6092
[train:safeobjworld_r_no_split:H10] epoch=2/10 step=475/1003 loss=0.6111
[train:safeobjworld_r_no_split:H10] epoch=2/10 step=500/1003 loss=0.5778
[train:safeobjworld_r_no_split:H10] epoch=2/10 step=525/1003 loss=0.6496
[train:safeobjworld_r_no_split:H10] epoch=2/10 step=550/1003 loss=0.5917
[train:safeobjworld_r_no_split:H10] epoch=2/10 step=575/1003 loss=0.6040
[train:safeobjworld_r_no_split:H10] epoch=2/10 step=600/1003 loss=0.5841
[train:safeobjworld_r_no_split:H10] epoch=2/10 step=625/1003 loss=0.5635
[train:safeobjworld_r_no_split:H10] epoch=2/10 step=650/1003 loss=0.6336
[train:safeobjworld_r_no_split:H10] epoch=2/10 step=675/1003 loss=0.6483
[train:safeobjworld_r_no_split:H10] epoch=2/10 step=700/1003 loss=0.6345
[train:safeobjworld_r_no_split:H10] epoch=2/10 step=725/1003 loss=0.6044
[train:safeobjworld_r_no_split:H10] epoch=2/10 step=750/1003 loss=0.6141
[train:safeobjworld_r_no_split:H10] epoch=2/10 step=775/1003 loss=0.6120
[train:safeobjworld_r_no_split:H10] epoch=2/10 step=800/1003 loss=0.5958
[train:safeobjworld_r_no_split:H10] epoch=2/10 step=825/1003 loss=0.6251
[train:safeobjworld_r_no_split:H10] epoch=2/10 step=850/1003 loss=0.6011
[train:safeobjworld_r_no_split:H10] epoch=2/10 step=875/1003 loss=0.5845
[train:safeobjworld_r_no_split:H10] epoch=2/10 step=900/1003 loss=0.6171
[train:safeobjworld_r_no_split:H10] epoch=2/10 step=925/1003 loss=0.6453
[train:safeobjworld_r_no_split:H10] epoch=2/10 step=950/1003 loss=0.5721
[train:safeobjworld_r_no_split:H10] epoch=2/10 step=975/1003 loss=0.6207
[train:safeobjworld_r_no_split:H10] epoch=2/10 step=1000/1003 loss=0.6303
[epoch] method=safeobjworld_r_no_split epoch=2 train=0.6178 val=0.4906 best=0.4906
[train:safeobjworld_r_no_split:H10] epoch=3/10 step=0/1003 loss=0.6138
[train:safeobjworld_r_no_split:H10] epoch=3/10 step=25/1003 loss=0.6271
[train:safeobjworld_r_no_split:H10] epoch=3/10 step=50/1003 loss=0.6146
[train:safeobjworld_r_no_split:H10] epoch=3/10 step=75/1003 loss=0.5859
[train:safeobjworld_r_no_split:H10] epoch=3/10 step=100/1003 loss=0.6010
[train:safeobjworld_r_no_split:H10] epoch=3/10 step=125/1003 loss=0.6066
[train:safeobjworld_r_no_split:H10] epoch=3/10 step=150/1003 loss=0.5971
[train:safeobjworld_r_no_split:H10] epoch=3/10 step=175/1003 loss=0.5618
[train:safeobjworld_r_no_split:H10] epoch=3/10 step=200/1003 loss=0.6256
[train:safeobjworld_r_no_split:H10] epoch=3/10 step=225/1003 loss=0.6357
[train:safeobjworld_r_no_split:H10] epoch=3/10 step=250/1003 loss=0.5990
[train:safeobjworld_r_no_split:H10] epoch=3/10 step=275/1003 loss=0.5863
[train:safeobjworld_r_no_split:H10] epoch=3/10 step=300/1003 loss=0.5956
[train:safeobjworld_r_no_split:H10] epoch=3/10 step=325/1003 loss=0.5967
[train:safeobjworld_r_no_split:H10] epoch=3/10 step=350/1003 loss=0.6230
[train:safeobjworld_r_no_split:H10] epoch=3/10 step=375/1003 loss=0.5813
[train:safeobjworld_r_no_split:H10] epoch=3/10 step=400/1003 loss=0.5900
[train:safeobjworld_r_no_split:H10] epoch=3/10 step=425/1003 loss=0.6115
[train:safeobjworld_r_no_split:H10] epoch=3/10 step=450/1003 loss=0.5754
[train:safeobjworld_r_no_split:H10] epoch=3/10 step=475/1003 loss=0.6130
[train:safeobjworld_r_no_split:H10] epoch=3/10 step=500/1003 loss=0.5746
[train:safeobjworld_r_no_split:H10] epoch=3/10 step=525/1003 loss=0.6044
[train:safeobjworld_r_no_split:H10] epoch=3/10 step=550/1003 loss=0.5839
[train:safeobjworld_r_no_split:H10] epoch=3/10 step=575/1003 loss=0.6535
[train:safeobjworld_r_no_split:H10] epoch=3/10 step=600/1003 loss=0.6304
[train:safeobjworld_r_no_split:H10] epoch=3/10 step=625/1003 loss=0.6153
[train:safeobjworld_r_no_split:H10] epoch=3/10 step=650/1003 loss=0.5842
[train:safeobjworld_r_no_split:H10] epoch=3/10 step=675/1003 loss=0.5779
[train:safeobjworld_r_no_split:H10] epoch=3/10 step=700/1003 loss=0.5928
[train:safeobjworld_r_no_split:H10] epoch=3/10 step=725/1003 loss=0.6237
[train:safeobjworld_r_no_split:H10] epoch=3/10 step=750/1003 loss=0.5409
[train:safeobjworld_r_no_split:H10] epoch=3/10 step=775/1003 loss=0.5903
[train:safeobjworld_r_no_split:H10] epoch=3/10 step=800/1003 loss=0.6084
[train:safeobjworld_r_no_split:H10] epoch=3/10 step=825/1003 loss=0.6047
[train:safeobjworld_r_no_split:H10] epoch=3/10 step=850/1003 loss=0.6096
[train:safeobjworld_r_no_split:H10] epoch=3/10 step=875/1003 loss=0.5957
[train:safeobjworld_r_no_split:H10] epoch=3/10 step=900/1003 loss=0.5776
[train:safeobjworld_r_no_split:H10] epoch=3/10 step=925/1003 loss=0.5775
[train:safeobjworld_r_no_split:H10] epoch=3/10 step=950/1003 loss=0.5512
[train:safeobjworld_r_no_split:H10] epoch=3/10 step=975/1003 loss=0.5641
[train:safeobjworld_r_no_split:H10] epoch=3/10 step=1000/1003 loss=0.6012
[epoch] method=safeobjworld_r_no_split epoch=3 train=0.5955 val=0.4952 best=0.4906
[train:safeobjworld_r_no_split:H10] epoch=4/10 step=0/1003 loss=0.5139
[train:safeobjworld_r_no_split:H10] epoch=4/10 step=25/1003 loss=0.6060
[train:safeobjworld_r_no_split:H10] epoch=4/10 step=50/1003 loss=0.6112
[train:safeobjworld_r_no_split:H10] epoch=4/10 step=75/1003 loss=0.6116
[train:safeobjworld_r_no_split:H10] epoch=4/10 step=100/1003 loss=0.5800
[train:safeobjworld_r_no_split:H10] epoch=4/10 step=125/1003 loss=0.5889
[train:safeobjworld_r_no_split:H10] epoch=4/10 step=150/1003 loss=0.5587
[train:safeobjworld_r_no_split:H10] epoch=4/10 step=175/1003 loss=0.6037
[train:safeobjworld_r_no_split:H10] epoch=4/10 step=200/1003 loss=0.6151
[train:safeobjworld_r_no_split:H10] epoch=4/10 step=225/1003 loss=0.5730
[train:safeobjworld_r_no_split:H10] epoch=4/10 step=250/1003 loss=0.5438
[train:safeobjworld_r_no_split:H10] epoch=4/10 step=275/1003 loss=0.5875
[train:safeobjworld_r_no_split:H10] epoch=4/10 step=300/1003 loss=0.5738
[train:safeobjworld_r_no_split:H10] epoch=4/10 step=325/1003 loss=0.5914
[train:safeobjworld_r_no_split:H10] epoch=4/10 step=350/1003 loss=0.5532
[train:safeobjworld_r_no_split:H10] epoch=4/10 step=375/1003 loss=0.5847
[train:safeobjworld_r_no_split:H10] epoch=4/10 step=400/1003 loss=0.5689
[train:safeobjworld_r_no_split:H10] epoch=4/10 step=425/1003 loss=0.5741
[train:safeobjworld_r_no_split:H10] epoch=4/10 step=450/1003 loss=0.5864
[train:safeobjworld_r_no_split:H10] epoch=4/10 step=475/1003 loss=0.5791
[train:safeobjworld_r_no_split:H10] epoch=4/10 step=500/1003 loss=0.5163
[train:safeobjworld_r_no_split:H10] epoch=4/10 step=525/1003 loss=0.5939
[train:safeobjworld_r_no_split:H10] epoch=4/10 step=550/1003 loss=0.5740
[train:safeobjworld_r_no_split:H10] epoch=4/10 step=575/1003 loss=0.6481
[train:safeobjworld_r_no_split:H10] epoch=4/10 step=600/1003 loss=0.5501
[train:safeobjworld_r_no_split:H10] epoch=4/10 step=625/1003 loss=0.5279
[train:safeobjworld_r_no_split:H10] epoch=4/10 step=650/1003 loss=0.6510
[train:safeobjworld_r_no_split:H10] epoch=4/10 step=675/1003 loss=0.5934
[train:safeobjworld_r_no_split:H10] epoch=4/10 step=700/1003 loss=0.5905
[train:safeobjworld_r_no_split:H10] epoch=4/10 step=725/1003 loss=0.6039
[train:safeobjworld_r_no_split:H10] epoch=4/10 step=750/1003 loss=0.5740
[train:safeobjworld_r_no_split:H10] epoch=4/10 step=775/1003 loss=0.5732
[train:safeobjworld_r_no_split:H10] epoch=4/10 step=800/1003 loss=0.5709
[train:safeobjworld_r_no_split:H10] epoch=4/10 step=825/1003 loss=0.5386
[train:safeobjworld_r_no_split:H10] epoch=4/10 step=850/1003 loss=0.5514
[train:safeobjworld_r_no_split:H10] epoch=4/10 step=875/1003 loss=0.6049
[train:safeobjworld_r_no_split:H10] epoch=4/10 step=900/1003 loss=0.5868
[train:safeobjworld_r_no_split:H10] epoch=4/10 step=925/1003 loss=0.5655
[train:safeobjworld_r_no_split:H10] epoch=4/10 step=950/1003 loss=0.5621
[train:safeobjworld_r_no_split:H10] epoch=4/10 step=975/1003 loss=0.5824
[train:safeobjworld_r_no_split:H10] epoch=4/10 step=1000/1003 loss=0.5977
[epoch] method=safeobjworld_r_no_split epoch=4 train=0.5819 val=0.4780 best=0.4780
[train:safeobjworld_r_no_split:H10] epoch=5/10 step=0/1003 loss=0.4315
[train:safeobjworld_r_no_split:H10] epoch=5/10 step=25/1003 loss=0.5733
[train:safeobjworld_r_no_split:H10] epoch=5/10 step=50/1003 loss=0.5997
[train:safeobjworld_r_no_split:H10] epoch=5/10 step=75/1003 loss=0.6285
[train:safeobjworld_r_no_split:H10] epoch=5/10 step=100/1003 loss=0.5809
[train:safeobjworld_r_no_split:H10] epoch=5/10 step=125/1003 loss=0.5572
[train:safeobjworld_r_no_split:H10] epoch=5/10 step=150/1003 loss=0.5725
[train:safeobjworld_r_no_split:H10] epoch=5/10 step=175/1003 loss=0.5299
[train:safeobjworld_r_no_split:H10] epoch=5/10 step=200/1003 loss=0.6154
[train:safeobjworld_r_no_split:H10] epoch=5/10 step=225/1003 loss=0.5470
[train:safeobjworld_r_no_split:H10] epoch=5/10 step=250/1003 loss=0.5731
[train:safeobjworld_r_no_split:H10] epoch=5/10 step=275/1003 loss=0.5615
[train:safeobjworld_r_no_split:H10] epoch=5/10 step=300/1003 loss=0.5713
[train:safeobjworld_r_no_split:H10] epoch=5/10 step=325/1003 loss=0.5524
[train:safeobjworld_r_no_split:H10] epoch=5/10 step=350/1003 loss=0.5894
[train:safeobjworld_r_no_split:H10] epoch=5/10 step=375/1003 loss=0.5581
[train:safeobjworld_r_no_split:H10] epoch=5/10 step=400/1003 loss=0.5155
[train:safeobjworld_r_no_split:H10] epoch=5/10 step=425/1003 loss=0.5844
[train:safeobjworld_r_no_split:H10] epoch=5/10 step=450/1003 loss=0.6058
[train:safeobjworld_r_no_split:H10] epoch=5/10 step=475/1003 loss=0.5747
[train:safeobjworld_r_no_split:H10] epoch=5/10 step=500/1003 loss=0.6243
[train:safeobjworld_r_no_split:H10] epoch=5/10 step=525/1003 loss=0.5608
[train:safeobjworld_r_no_split:H10] epoch=5/10 step=550/1003 loss=0.5709
[train:safeobjworld_r_no_split:H10] epoch=5/10 step=575/1003 loss=0.5749
[train:safeobjworld_r_no_split:H10] epoch=5/10 step=600/1003 loss=0.5995
[train:safeobjworld_r_no_split:H10] epoch=5/10 step=625/1003 loss=0.5743
[train:safeobjworld_r_no_split:H10] epoch=5/10 step=650/1003 loss=0.5581
[train:safeobjworld_r_no_split:H10] epoch=5/10 step=675/1003 loss=0.5633
[train:safeobjworld_r_no_split:H10] epoch=5/10 step=700/1003 loss=0.5603
[train:safeobjworld_r_no_split:H10] epoch=5/10 step=725/1003 loss=0.5957
[train:safeobjworld_r_no_split:H10] epoch=5/10 step=750/1003 loss=0.5660
[train:safeobjworld_r_no_split:H10] epoch=5/10 step=775/1003 loss=0.5663
[train:safeobjworld_r_no_split:H10] epoch=5/10 step=800/1003 loss=0.5523
[train:safeobjworld_r_no_split:H10] epoch=5/10 step=825/1003 loss=0.5784
[train:safeobjworld_r_no_split:H10] epoch=5/10 step=850/1003 loss=0.5867
[train:safeobjworld_r_no_split:H10] epoch=5/10 step=875/1003 loss=0.5894
[train:safeobjworld_r_no_split:H10] epoch=5/10 step=900/1003 loss=0.5862
[train:safeobjworld_r_no_split:H10] epoch=5/10 step=925/1003 loss=0.5862
[train:safeobjworld_r_no_split:H10] epoch=5/10 step=950/1003 loss=0.5813
[train:safeobjworld_r_no_split:H10] epoch=5/10 step=975/1003 loss=0.5850
[train:safeobjworld_r_no_split:H10] epoch=5/10 step=1000/1003 loss=0.5653
[epoch] method=safeobjworld_r_no_split epoch=5 train=0.5733 val=0.4813 best=0.4780
[train:safeobjworld_r_no_split:H10] epoch=6/10 step=0/1003 loss=0.6063
[train:safeobjworld_r_no_split:H10] epoch=6/10 step=25/1003 loss=0.5776
[train:safeobjworld_r_no_split:H10] epoch=6/10 step=50/1003 loss=0.5843
[train:safeobjworld_r_no_split:H10] epoch=6/10 step=75/1003 loss=0.5154
[train:safeobjworld_r_no_split:H10] epoch=6/10 step=100/1003 loss=0.5232
[train:safeobjworld_r_no_split:H10] epoch=6/10 step=125/1003 loss=0.5598
[train:safeobjworld_r_no_split:H10] epoch=6/10 step=150/1003 loss=0.5759
[train:safeobjworld_r_no_split:H10] epoch=6/10 step=175/1003 loss=0.5580
[train:safeobjworld_r_no_split:H10] epoch=6/10 step=200/1003 loss=0.5871
[train:safeobjworld_r_no_split:H10] epoch=6/10 step=225/1003 loss=0.5944
[train:safeobjworld_r_no_split:H10] epoch=6/10 step=250/1003 loss=0.5602
[train:safeobjworld_r_no_split:H10] epoch=6/10 step=275/1003 loss=0.5787
[train:safeobjworld_r_no_split:H10] epoch=6/10 step=300/1003 loss=0.6058
[train:safeobjworld_r_no_split:H10] epoch=6/10 step=325/1003 loss=0.5603
[train:safeobjworld_r_no_split:H10] epoch=6/10 step=350/1003 loss=0.5699
[train:safeobjworld_r_no_split:H10] epoch=6/10 step=375/1003 loss=0.5394
[train:safeobjworld_r_no_split:H10] epoch=6/10 step=400/1003 loss=0.5703
[train:safeobjworld_r_no_split:H10] epoch=6/10 step=425/1003 loss=0.5979
[train:safeobjworld_r_no_split:H10] epoch=6/10 step=450/1003 loss=0.5504
[train:safeobjworld_r_no_split:H10] epoch=6/10 step=475/1003 loss=0.5457
[train:safeobjworld_r_no_split:H10] epoch=6/10 step=500/1003 loss=0.5849
[train:safeobjworld_r_no_split:H10] epoch=6/10 step=525/1003 loss=0.5540
[train:safeobjworld_r_no_split:H10] epoch=6/10 step=550/1003 loss=0.5676
[train:safeobjworld_r_no_split:H10] epoch=6/10 step=575/1003 loss=0.5770
[train:safeobjworld_r_no_split:H10] epoch=6/10 step=600/1003 loss=0.5820
[train:safeobjworld_r_no_split:H10] epoch=6/10 step=625/1003 loss=0.5674
[train:safeobjworld_r_no_split:H10] epoch=6/10 step=650/1003 loss=0.5676
[train:safeobjworld_r_no_split:H10] epoch=6/10 step=675/1003 loss=0.5632
[train:safeobjworld_r_no_split:H10] epoch=6/10 step=700/1003 loss=0.5794
[train:safeobjworld_r_no_split:H10] epoch=6/10 step=725/1003 loss=0.5417
[train:safeobjworld_r_no_split:H10] epoch=6/10 step=750/1003 loss=0.5658
[train:safeobjworld_r_no_split:H10] epoch=6/10 step=775/1003 loss=0.5592
[train:safeobjworld_r_no_split:H10] epoch=6/10 step=800/1003 loss=0.5521
[train:safeobjworld_r_no_split:H10] epoch=6/10 step=825/1003 loss=0.5348
[train:safeobjworld_r_no_split:H10] epoch=6/10 step=850/1003 loss=0.5745
[train:safeobjworld_r_no_split:H10] epoch=6/10 step=875/1003 loss=0.5159
[train:safeobjworld_r_no_split:H10] epoch=6/10 step=900/1003 loss=0.6102
[train:safeobjworld_r_no_split:H10] epoch=6/10 step=925/1003 loss=0.5259
[train:safeobjworld_r_no_split:H10] epoch=6/10 step=950/1003 loss=0.5595
[train:safeobjworld_r_no_split:H10] epoch=6/10 step=975/1003 loss=0.6005
[train:safeobjworld_r_no_split:H10] epoch=6/10 step=1000/1003 loss=0.5374
[epoch] method=safeobjworld_r_no_split epoch=6 train=0.5653 val=0.4825 best=0.4780
[train:safeobjworld_r_no_split:H10] epoch=7/10 step=0/1003 loss=0.7834
[train:safeobjworld_r_no_split:H10] epoch=7/10 step=25/1003 loss=0.5851
[train:safeobjworld_r_no_split:H10] epoch=7/10 step=50/1003 loss=0.5708
[train:safeobjworld_r_no_split:H10] epoch=7/10 step=75/1003 loss=0.5782
[train:safeobjworld_r_no_split:H10] epoch=7/10 step=100/1003 loss=0.5498
[train:safeobjworld_r_no_split:H10] epoch=7/10 step=125/1003 loss=0.5779
[train:safeobjworld_r_no_split:H10] epoch=7/10 step=150/1003 loss=0.5501
[train:safeobjworld_r_no_split:H10] epoch=7/10 step=175/1003 loss=0.5870
[train:safeobjworld_r_no_split:H10] epoch=7/10 step=200/1003 loss=0.5395
[train:safeobjworld_r_no_split:H10] epoch=7/10 step=225/1003 loss=0.5959
[train:safeobjworld_r_no_split:H10] epoch=7/10 step=250/1003 loss=0.5841
[train:safeobjworld_r_no_split:H10] epoch=7/10 step=275/1003 loss=0.5600
[train:safeobjworld_r_no_split:H10] epoch=7/10 step=300/1003 loss=0.5236
[train:safeobjworld_r_no_split:H10] epoch=7/10 step=325/1003 loss=0.5390
[train:safeobjworld_r_no_split:H10] epoch=7/10 step=350/1003 loss=0.5438
[train:safeobjworld_r_no_split:H10] epoch=7/10 step=375/1003 loss=0.6067
[train:safeobjworld_r_no_split:H10] epoch=7/10 step=400/1003 loss=0.5706
[train:safeobjworld_r_no_split:H10] epoch=7/10 step=425/1003 loss=0.5399
[train:safeobjworld_r_no_split:H10] epoch=7/10 step=450/1003 loss=0.5796
[train:safeobjworld_r_no_split:H10] epoch=7/10 step=475/1003 loss=0.5779
[train:safeobjworld_r_no_split:H10] epoch=7/10 step=500/1003 loss=0.5914
[train:safeobjworld_r_no_split:H10] epoch=7/10 step=525/1003 loss=0.5236
[train:safeobjworld_r_no_split:H10] epoch=7/10 step=550/1003 loss=0.5407
[train:safeobjworld_r_no_split:H10] epoch=7/10 step=575/1003 loss=0.5532
[train:safeobjworld_r_no_split:H10] epoch=7/10 step=600/1003 loss=0.5625
[train:safeobjworld_r_no_split:H10] epoch=7/10 step=625/1003 loss=0.5606
[train:safeobjworld_r_no_split:H10] epoch=7/10 step=650/1003 loss=0.5503
[train:safeobjworld_r_no_split:H10] epoch=7/10 step=675/1003 loss=0.5557
[train:safeobjworld_r_no_split:H10] epoch=7/10 step=700/1003 loss=0.5860
[train:safeobjworld_r_no_split:H10] epoch=7/10 step=725/1003 loss=0.5557
[train:safeobjworld_r_no_split:H10] epoch=7/10 step=750/1003 loss=0.5647
[train:safeobjworld_r_no_split:H10] epoch=7/10 step=775/1003 loss=0.5725
[train:safeobjworld_r_no_split:H10] epoch=7/10 step=800/1003 loss=0.5313
[train:safeobjworld_r_no_split:H10] epoch=7/10 step=825/1003 loss=0.5253
[train:safeobjworld_r_no_split:H10] epoch=7/10 step=850/1003 loss=0.5565
[train:safeobjworld_r_no_split:H10] epoch=7/10 step=875/1003 loss=0.5468
[train:safeobjworld_r_no_split:H10] epoch=7/10 step=900/1003 loss=0.5643
[train:safeobjworld_r_no_split:H10] epoch=7/10 step=925/1003 loss=0.5629
[train:safeobjworld_r_no_split:H10] epoch=7/10 step=950/1003 loss=0.5506
[train:safeobjworld_r_no_split:H10] epoch=7/10 step=975/1003 loss=0.5663
[train:safeobjworld_r_no_split:H10] epoch=7/10 step=1000/1003 loss=0.5526
[epoch] method=safeobjworld_r_no_split epoch=7 train=0.5585 val=0.4781 best=0.4780
[train:safeobjworld_r_no_split:H10] epoch=8/10 step=0/1003 loss=0.6731
[train:safeobjworld_r_no_split:H10] epoch=8/10 step=25/1003 loss=0.5564
[train:safeobjworld_r_no_split:H10] epoch=8/10 step=50/1003 loss=0.5357
[train:safeobjworld_r_no_split:H10] epoch=8/10 step=75/1003 loss=0.5317
[train:safeobjworld_r_no_split:H10] epoch=8/10 step=100/1003 loss=0.5517
[train:safeobjworld_r_no_split:H10] epoch=8/10 step=125/1003 loss=0.5402
[train:safeobjworld_r_no_split:H10] epoch=8/10 step=150/1003 loss=0.5405
[train:safeobjworld_r_no_split:H10] epoch=8/10 step=175/1003 loss=0.5993
[train:safeobjworld_r_no_split:H10] epoch=8/10 step=200/1003 loss=0.5395
[train:safeobjworld_r_no_split:H10] epoch=8/10 step=225/1003 loss=0.5915
[train:safeobjworld_r_no_split:H10] epoch=8/10 step=250/1003 loss=0.5935
[train:safeobjworld_r_no_split:H10] epoch=8/10 step=275/1003 loss=0.5288
[train:safeobjworld_r_no_split:H10] epoch=8/10 step=300/1003 loss=0.5471
[train:safeobjworld_r_no_split:H10] epoch=8/10 step=325/1003 loss=0.5502
[train:safeobjworld_r_no_split:H10] epoch=8/10 step=350/1003 loss=0.5819
[train:safeobjworld_r_no_split:H10] epoch=8/10 step=375/1003 loss=0.5877
[train:safeobjworld_r_no_split:H10] epoch=8/10 step=400/1003 loss=0.5535
[train:safeobjworld_r_no_split:H10] epoch=8/10 step=425/1003 loss=0.5428
[train:safeobjworld_r_no_split:H10] epoch=8/10 step=450/1003 loss=0.5542
[train:safeobjworld_r_no_split:H10] epoch=8/10 step=475/1003 loss=0.5412
[train:safeobjworld_r_no_split:H10] epoch=8/10 step=500/1003 loss=0.5327
[train:safeobjworld_r_no_split:H10] epoch=8/10 step=525/1003 loss=0.5663
[train:safeobjworld_r_no_split:H10] epoch=8/10 step=550/1003 loss=0.5468
[train:safeobjworld_r_no_split:H10] epoch=8/10 step=575/1003 loss=0.5139
[train:safeobjworld_r_no_split:H10] epoch=8/10 step=600/1003 loss=0.5134
[train:safeobjworld_r_no_split:H10] epoch=8/10 step=625/1003 loss=0.5382
[train:safeobjworld_r_no_split:H10] epoch=8/10 step=650/1003 loss=0.5370
[train:safeobjworld_r_no_split:H10] epoch=8/10 step=675/1003 loss=0.5453
[train:safeobjworld_r_no_split:H10] epoch=8/10 step=700/1003 loss=0.5682
[train:safeobjworld_r_no_split:H10] epoch=8/10 step=725/1003 loss=0.5444
[train:safeobjworld_r_no_split:H10] epoch=8/10 step=750/1003 loss=0.5437
[train:safeobjworld_r_no_split:H10] epoch=8/10 step=775/1003 loss=0.6017
[train:safeobjworld_r_no_split:H10] epoch=8/10 step=800/1003 loss=0.5767
[train:safeobjworld_r_no_split:H10] epoch=8/10 step=825/1003 loss=0.5557
[train:safeobjworld_r_no_split:H10] epoch=8/10 step=850/1003 loss=0.5893
[train:safeobjworld_r_no_split:H10] epoch=8/10 step=875/1003 loss=0.5541
[train:safeobjworld_r_no_split:H10] epoch=8/10 step=900/1003 loss=0.5371
[train:safeobjworld_r_no_split:H10] epoch=8/10 step=925/1003 loss=0.5758
[train:safeobjworld_r_no_split:H10] epoch=8/10 step=950/1003 loss=0.5516
[train:safeobjworld_r_no_split:H10] epoch=8/10 step=975/1003 loss=0.5904
[train:safeobjworld_r_no_split:H10] epoch=8/10 step=1000/1003 loss=0.5665
[epoch] method=safeobjworld_r_no_split epoch=8 train=0.5524 val=0.4815 best=0.4780
[train:safeobjworld_r_no_split:H10] epoch=9/10 step=0/1003 loss=0.5582
[train:safeobjworld_r_no_split:H10] epoch=9/10 step=25/1003 loss=0.5178
[train:safeobjworld_r_no_split:H10] epoch=9/10 step=50/1003 loss=0.5876
[train:safeobjworld_r_no_split:H10] epoch=9/10 step=75/1003 loss=0.5511
[train:safeobjworld_r_no_split:H10] epoch=9/10 step=100/1003 loss=0.5718
[train:safeobjworld_r_no_split:H10] epoch=9/10 step=125/1003 loss=0.5677
[train:safeobjworld_r_no_split:H10] epoch=9/10 step=150/1003 loss=0.5046
[train:safeobjworld_r_no_split:H10] epoch=9/10 step=175/1003 loss=0.5694
[train:safeobjworld_r_no_split:H10] epoch=9/10 step=200/1003 loss=0.5626
[train:safeobjworld_r_no_split:H10] epoch=9/10 step=225/1003 loss=0.5121
[train:safeobjworld_r_no_split:H10] epoch=9/10 step=250/1003 loss=0.5459
[train:safeobjworld_r_no_split:H10] epoch=9/10 step=275/1003 loss=0.5179
[train:safeobjworld_r_no_split:H10] epoch=9/10 step=300/1003 loss=0.5299
[train:safeobjworld_r_no_split:H10] epoch=9/10 step=325/1003 loss=0.5246
[train:safeobjworld_r_no_split:H10] epoch=9/10 step=350/1003 loss=0.5382
[train:safeobjworld_r_no_split:H10] epoch=9/10 step=375/1003 loss=0.5562
[train:safeobjworld_r_no_split:H10] epoch=9/10 step=400/1003 loss=0.5265
[train:safeobjworld_r_no_split:H10] epoch=9/10 step=425/1003 loss=0.5476
[train:safeobjworld_r_no_split:H10] epoch=9/10 step=450/1003 loss=0.5808
[train:safeobjworld_r_no_split:H10] epoch=9/10 step=475/1003 loss=0.5216
[train:safeobjworld_r_no_split:H10] epoch=9/10 step=500/1003 loss=0.5735
[train:safeobjworld_r_no_split:H10] epoch=9/10 step=525/1003 loss=0.5579
[train:safeobjworld_r_no_split:H10] epoch=9/10 step=550/1003 loss=0.5683
[train:safeobjworld_r_no_split:H10] epoch=9/10 step=575/1003 loss=0.6113
[train:safeobjworld_r_no_split:H10] epoch=9/10 step=600/1003 loss=0.5269
[train:safeobjworld_r_no_split:H10] epoch=9/10 step=625/1003 loss=0.5220
[train:safeobjworld_r_no_split:H10] epoch=9/10 step=650/1003 loss=0.5384
[train:safeobjworld_r_no_split:H10] epoch=9/10 step=675/1003 loss=0.5304
[train:safeobjworld_r_no_split:H10] epoch=9/10 step=700/1003 loss=0.5702
[train:safeobjworld_r_no_split:H10] epoch=9/10 step=725/1003 loss=0.5573
[train:safeobjworld_r_no_split:H10] epoch=9/10 step=750/1003 loss=0.5562
[train:safeobjworld_r_no_split:H10] epoch=9/10 step=775/1003 loss=0.5524
[train:safeobjworld_r_no_split:H10] epoch=9/10 step=800/1003 loss=0.5963
[train:safeobjworld_r_no_split:H10] epoch=9/10 step=825/1003 loss=0.5527
[train:safeobjworld_r_no_split:H10] epoch=9/10 step=850/1003 loss=0.5565
[train:safeobjworld_r_no_split:H10] epoch=9/10 step=875/1003 loss=0.5532
[train:safeobjworld_r_no_split:H10] epoch=9/10 step=900/1003 loss=0.5708
[train:safeobjworld_r_no_split:H10] epoch=9/10 step=925/1003 loss=0.5558
[train:safeobjworld_r_no_split:H10] epoch=9/10 step=950/1003 loss=0.5566
[train:safeobjworld_r_no_split:H10] epoch=9/10 step=975/1003 loss=0.5472
[train:safeobjworld_r_no_split:H10] epoch=9/10 step=1000/1003 loss=0.5356
[epoch] method=safeobjworld_r_no_split epoch=9 train=0.5475 val=0.4787 best=0.4780
[train:safeobjworld_r_no_split:H10] epoch=10/10 step=0/1003 loss=0.4722
[train:safeobjworld_r_no_split:H10] epoch=10/10 step=25/1003 loss=0.5370
[train:safeobjworld_r_no_split:H10] epoch=10/10 step=50/1003 loss=0.5464
[train:safeobjworld_r_no_split:H10] epoch=10/10 step=75/1003 loss=0.5221
[train:safeobjworld_r_no_split:H10] epoch=10/10 step=100/1003 loss=0.5521
[train:safeobjworld_r_no_split:H10] epoch=10/10 step=125/1003 loss=0.5233
[train:safeobjworld_r_no_split:H10] epoch=10/10 step=150/1003 loss=0.5092
[train:safeobjworld_r_no_split:H10] epoch=10/10 step=175/1003 loss=0.5330
[train:safeobjworld_r_no_split:H10] epoch=10/10 step=200/1003 loss=0.5433
[train:safeobjworld_r_no_split:H10] epoch=10/10 step=225/1003 loss=0.5277
[train:safeobjworld_r_no_split:H10] epoch=10/10 step=250/1003 loss=0.5138
[train:safeobjworld_r_no_split:H10] epoch=10/10 step=275/1003 loss=0.6051
[train:safeobjworld_r_no_split:H10] epoch=10/10 step=300/1003 loss=0.5381
[train:safeobjworld_r_no_split:H10] epoch=10/10 step=325/1003 loss=0.5644
[train:safeobjworld_r_no_split:H10] epoch=10/10 step=350/1003 loss=0.5425
[train:safeobjworld_r_no_split:H10] epoch=10/10 step=375/1003 loss=0.5621
[train:safeobjworld_r_no_split:H10] epoch=10/10 step=400/1003 loss=0.5798
[train:safeobjworld_r_no_split:H10] epoch=10/10 step=425/1003 loss=0.5483
[train:safeobjworld_r_no_split:H10] epoch=10/10 step=450/1003 loss=0.5354
[train:safeobjworld_r_no_split:H10] epoch=10/10 step=475/1003 loss=0.5565
[train:safeobjworld_r_no_split:H10] epoch=10/10 step=500/1003 loss=0.5588
[train:safeobjworld_r_no_split:H10] epoch=10/10 step=525/1003 loss=0.5556
[train:safeobjworld_r_no_split:H10] epoch=10/10 step=550/1003 loss=0.5487
[train:safeobjworld_r_no_split:H10] epoch=10/10 step=575/1003 loss=0.5584
[train:safeobjworld_r_no_split:H10] epoch=10/10 step=600/1003 loss=0.5250
[train:safeobjworld_r_no_split:H10] epoch=10/10 step=625/1003 loss=0.5252
[train:safeobjworld_r_no_split:H10] epoch=10/10 step=650/1003 loss=0.5232
[train:safeobjworld_r_no_split:H10] epoch=10/10 step=675/1003 loss=0.5678
[train:safeobjworld_r_no_split:H10] epoch=10/10 step=700/1003 loss=0.5522
[train:safeobjworld_r_no_split:H10] epoch=10/10 step=725/1003 loss=0.5569
[train:safeobjworld_r_no_split:H10] epoch=10/10 step=750/1003 loss=0.5292
[train:safeobjworld_r_no_split:H10] epoch=10/10 step=775/1003 loss=0.5431
[train:safeobjworld_r_no_split:H10] epoch=10/10 step=800/1003 loss=0.5227
[train:safeobjworld_r_no_split:H10] epoch=10/10 step=825/1003 loss=0.5427
[train:safeobjworld_r_no_split:H10] epoch=10/10 step=850/1003 loss=0.5342
[train:safeobjworld_r_no_split:H10] epoch=10/10 step=875/1003 loss=0.5033
[train:safeobjworld_r_no_split:H10] epoch=10/10 step=900/1003 loss=0.5395
[train:safeobjworld_r_no_split:H10] epoch=10/10 step=925/1003 loss=0.5410
[train:safeobjworld_r_no_split:H10] epoch=10/10 step=950/1003 loss=0.5869
[train:safeobjworld_r_no_split:H10] epoch=10/10 step=975/1003 loss=0.5015
[train:safeobjworld_r_no_split:H10] epoch=10/10 step=1000/1003 loss=0.5072
[epoch] method=safeobjworld_r_no_split epoch=10 train=0.5433 val=0.4680 best=0.4680
[done train] /home/tahiti/SafeObjWorld/runs_v2_full/models/safeobjworld_r_no_split/H10/best.pt
