====================================================================================================
SafeObjWorld V2 runner
{
  "mode": "train",
  "dataset_root": "/home/tahiti/SafeObjWorld/data/DAVIS2017",
  "run_root": "/home/tahiti/SafeObjWorld/runs_v2_full",
  "year": "2017",
  "method": "safeobjworld_r_no_temporal",
  "stress": "clean",
  "prefix_len": 3,
  "max_h": 5,
  "image_size": 192,
  "batch_size": 8,
  "epochs": 10,
  "lr": 0.0002,
  "weight_decay": 0.0001,
  "max_train_samples": 0,
  "max_val_samples": 0,
  "num_workers": 4,
  "seed": 42,
  "eval_k_override": 0,
  "amp": true,
  "cpu": false,
  "skip_existing": true,
  "log_every": 25
}
====================================================================================================
[train] method=safeobjworld_r_no_temporal device=cuda cfg={'stress_train': True, 'temporal_weight': 0.0, 'split_weight': 0.005, 'area_weight': 0.1, 'mc_eval': True, 'eval_k': 5}
[train:safeobjworld_r_no_temporal:H5] epoch=1/10 step=0/1086 loss=1.6627
[train:safeobjworld_r_no_temporal:H5] epoch=1/10 step=25/1086 loss=1.4976
[train:safeobjworld_r_no_temporal:H5] epoch=1/10 step=50/1086 loss=0.9332
[train:safeobjworld_r_no_temporal:H5] epoch=1/10 step=75/1086 loss=0.7402
[train:safeobjworld_r_no_temporal:H5] epoch=1/10 step=100/1086 loss=0.6497
[train:safeobjworld_r_no_temporal:H5] epoch=1/10 step=125/1086 loss=0.6392
[train:safeobjworld_r_no_temporal:H5] epoch=1/10 step=150/1086 loss=0.6446
[train:safeobjworld_r_no_temporal:H5] epoch=1/10 step=175/1086 loss=0.5941
[train:safeobjworld_r_no_temporal:H5] epoch=1/10 step=200/1086 loss=0.5783
[train:safeobjworld_r_no_temporal:H5] epoch=1/10 step=225/1086 loss=0.5632
[train:safeobjworld_r_no_temporal:H5] epoch=1/10 step=250/1086 loss=0.5925
[train:safeobjworld_r_no_temporal:H5] epoch=1/10 step=275/1086 loss=0.6190
[train:safeobjworld_r_no_temporal:H5] epoch=1/10 step=300/1086 loss=0.5140
[train:safeobjworld_r_no_temporal:H5] epoch=1/10 step=325/1086 loss=0.5648
[train:safeobjworld_r_no_temporal:H5] epoch=1/10 step=350/1086 loss=0.5724
[train:safeobjworld_r_no_temporal:H5] epoch=1/10 step=375/1086 loss=0.5797
[train:safeobjworld_r_no_temporal:H5] epoch=1/10 step=400/1086 loss=0.5953
[train:safeobjworld_r_no_temporal:H5] epoch=1/10 step=425/1086 loss=0.4917
[train:safeobjworld_r_no_temporal:H5] epoch=1/10 step=450/1086 loss=0.5532
[train:safeobjworld_r_no_temporal:H5] epoch=1/10 step=475/1086 loss=0.5641
[train:safeobjworld_r_no_temporal:H5] epoch=1/10 step=500/1086 loss=0.5353
[train:safeobjworld_r_no_temporal:H5] epoch=1/10 step=525/1086 loss=0.5215
[train:safeobjworld_r_no_temporal:H5] epoch=1/10 step=550/1086 loss=0.5545
[train:safeobjworld_r_no_temporal:H5] epoch=1/10 step=575/1086 loss=0.5476
[train:safeobjworld_r_no_temporal:H5] epoch=1/10 step=600/1086 loss=0.5322
[train:safeobjworld_r_no_temporal:H5] epoch=1/10 step=625/1086 loss=0.5207
[train:safeobjworld_r_no_temporal:H5] epoch=1/10 step=650/1086 loss=0.5333
[train:safeobjworld_r_no_temporal:H5] epoch=1/10 step=675/1086 loss=0.5211
[train:safeobjworld_r_no_temporal:H5] epoch=1/10 step=700/1086 loss=0.5130
[train:safeobjworld_r_no_temporal:H5] epoch=1/10 step=725/1086 loss=0.5123
[train:safeobjworld_r_no_temporal:H5] epoch=1/10 step=750/1086 loss=0.5302
[train:safeobjworld_r_no_temporal:H5] epoch=1/10 step=775/1086 loss=0.5470
[train:safeobjworld_r_no_temporal:H5] epoch=1/10 step=800/1086 loss=0.4907
[train:safeobjworld_r_no_temporal:H5] epoch=1/10 step=825/1086 loss=0.4744
[train:safeobjworld_r_no_temporal:H5] epoch=1/10 step=850/1086 loss=0.5302
[train:safeobjworld_r_no_temporal:H5] epoch=1/10 step=875/1086 loss=0.5396
[train:safeobjworld_r_no_temporal:H5] epoch=1/10 step=900/1086 loss=0.4539
[train:safeobjworld_r_no_temporal:H5] epoch=1/10 step=925/1086 loss=0.4937
[train:safeobjworld_r_no_temporal:H5] epoch=1/10 step=950/1086 loss=0.5309
[train:safeobjworld_r_no_temporal:H5] epoch=1/10 step=975/1086 loss=0.4771
[train:safeobjworld_r_no_temporal:H5] epoch=1/10 step=1000/1086 loss=0.4620
[train:safeobjworld_r_no_temporal:H5] epoch=1/10 step=1025/1086 loss=0.5146
[train:safeobjworld_r_no_temporal:H5] epoch=1/10 step=1050/1086 loss=0.4968
[train:safeobjworld_r_no_temporal:H5] epoch=1/10 step=1075/1086 loss=0.4853
[epoch] method=safeobjworld_r_no_temporal epoch=1 train=0.5774 val=0.3823 best=0.3823
[train:safeobjworld_r_no_temporal:H5] epoch=2/10 step=0/1086 loss=0.2637
[train:safeobjworld_r_no_temporal:H5] epoch=2/10 step=25/1086 loss=0.4956
[train:safeobjworld_r_no_temporal:H5] epoch=2/10 step=50/1086 loss=0.4485
[train:safeobjworld_r_no_temporal:H5] epoch=2/10 step=75/1086 loss=0.4687
[train:safeobjworld_r_no_temporal:H5] epoch=2/10 step=100/1086 loss=0.5148
[train:safeobjworld_r_no_temporal:H5] epoch=2/10 step=125/1086 loss=0.4973
[train:safeobjworld_r_no_temporal:H5] epoch=2/10 step=150/1086 loss=0.4770
[train:safeobjworld_r_no_temporal:H5] epoch=2/10 step=175/1086 loss=0.4840
[train:safeobjworld_r_no_temporal:H5] epoch=2/10 step=200/1086 loss=0.4949
[train:safeobjworld_r_no_temporal:H5] epoch=2/10 step=225/1086 loss=0.4640
[train:safeobjworld_r_no_temporal:H5] epoch=2/10 step=250/1086 loss=0.5003
[train:safeobjworld_r_no_temporal:H5] epoch=2/10 step=275/1086 loss=0.4956
[train:safeobjworld_r_no_temporal:H5] epoch=2/10 step=300/1086 loss=0.4529
[train:safeobjworld_r_no_temporal:H5] epoch=2/10 step=325/1086 loss=0.5015
[train:safeobjworld_r_no_temporal:H5] epoch=2/10 step=350/1086 loss=0.4938
[train:safeobjworld_r_no_temporal:H5] epoch=2/10 step=375/1086 loss=0.4822
[train:safeobjworld_r_no_temporal:H5] epoch=2/10 step=400/1086 loss=0.4573
[train:safeobjworld_r_no_temporal:H5] epoch=2/10 step=425/1086 loss=0.5552
[train:safeobjworld_r_no_temporal:H5] epoch=2/10 step=450/1086 loss=0.4810
[train:safeobjworld_r_no_temporal:H5] epoch=2/10 step=475/1086 loss=0.5272
[train:safeobjworld_r_no_temporal:H5] epoch=2/10 step=500/1086 loss=0.4667
[train:safeobjworld_r_no_temporal:H5] epoch=2/10 step=525/1086 loss=0.4538
[train:safeobjworld_r_no_temporal:H5] epoch=2/10 step=550/1086 loss=0.4546
[train:safeobjworld_r_no_temporal:H5] epoch=2/10 step=575/1086 loss=0.4707
[train:safeobjworld_r_no_temporal:H5] epoch=2/10 step=600/1086 loss=0.4478
[train:safeobjworld_r_no_temporal:H5] epoch=2/10 step=625/1086 loss=0.5040
[train:safeobjworld_r_no_temporal:H5] epoch=2/10 step=650/1086 loss=0.4676
[train:safeobjworld_r_no_temporal:H5] epoch=2/10 step=675/1086 loss=0.5081
[train:safeobjworld_r_no_temporal:H5] epoch=2/10 step=700/1086 loss=0.4581
[train:safeobjworld_r_no_temporal:H5] epoch=2/10 step=725/1086 loss=0.4953
[train:safeobjworld_r_no_temporal:H5] epoch=2/10 step=750/1086 loss=0.4647
[train:safeobjworld_r_no_temporal:H5] epoch=2/10 step=775/1086 loss=0.4841
[train:safeobjworld_r_no_temporal:H5] epoch=2/10 step=800/1086 loss=0.4114
[train:safeobjworld_r_no_temporal:H5] epoch=2/10 step=825/1086 loss=0.4207
[train:safeobjworld_r_no_temporal:H5] epoch=2/10 step=850/1086 loss=0.4654
[train:safeobjworld_r_no_temporal:H5] epoch=2/10 step=875/1086 loss=0.4911
[train:safeobjworld_r_no_temporal:H5] epoch=2/10 step=900/1086 loss=0.4378
[train:safeobjworld_r_no_temporal:H5] epoch=2/10 step=925/1086 loss=0.4505
[train:safeobjworld_r_no_temporal:H5] epoch=2/10 step=950/1086 loss=0.5220
[train:safeobjworld_r_no_temporal:H5] epoch=2/10 step=975/1086 loss=0.4438
[train:safeobjworld_r_no_temporal:H5] epoch=2/10 step=1000/1086 loss=0.4421
[train:safeobjworld_r_no_temporal:H5] epoch=2/10 step=1025/1086 loss=0.4806
[train:safeobjworld_r_no_temporal:H5] epoch=2/10 step=1050/1086 loss=0.4638
[train:safeobjworld_r_no_temporal:H5] epoch=2/10 step=1075/1086 loss=0.5041
[epoch] method=safeobjworld_r_no_temporal epoch=2 train=0.4783 val=0.3711 best=0.3711
[train:safeobjworld_r_no_temporal:H5] epoch=3/10 step=0/1086 loss=0.4994
[train:safeobjworld_r_no_temporal:H5] epoch=3/10 step=25/1086 loss=0.4608
[train:safeobjworld_r_no_temporal:H5] epoch=3/10 step=50/1086 loss=0.4673
[train:safeobjworld_r_no_temporal:H5] epoch=3/10 step=75/1086 loss=0.4539
[train:safeobjworld_r_no_temporal:H5] epoch=3/10 step=100/1086 loss=0.4518
[train:safeobjworld_r_no_temporal:H5] epoch=3/10 step=125/1086 loss=0.5174
[train:safeobjworld_r_no_temporal:H5] epoch=3/10 step=150/1086 loss=0.4309
[train:safeobjworld_r_no_temporal:H5] epoch=3/10 step=175/1086 loss=0.4824
[train:safeobjworld_r_no_temporal:H5] epoch=3/10 step=200/1086 loss=0.4792
[train:safeobjworld_r_no_temporal:H5] epoch=3/10 step=225/1086 loss=0.4508
[train:safeobjworld_r_no_temporal:H5] epoch=3/10 step=250/1086 loss=0.5014
[train:safeobjworld_r_no_temporal:H5] epoch=3/10 step=275/1086 loss=0.4834
[train:safeobjworld_r_no_temporal:H5] epoch=3/10 step=300/1086 loss=0.4811
[train:safeobjworld_r_no_temporal:H5] epoch=3/10 step=325/1086 loss=0.4514
[train:safeobjworld_r_no_temporal:H5] epoch=3/10 step=350/1086 loss=0.4471
[train:safeobjworld_r_no_temporal:H5] epoch=3/10 step=375/1086 loss=0.4790
[train:safeobjworld_r_no_temporal:H5] epoch=3/10 step=400/1086 loss=0.4738
[train:safeobjworld_r_no_temporal:H5] epoch=3/10 step=425/1086 loss=0.4546
[train:safeobjworld_r_no_temporal:H5] epoch=3/10 step=450/1086 loss=0.4617
[train:safeobjworld_r_no_temporal:H5] epoch=3/10 step=475/1086 loss=0.4696
[train:safeobjworld_r_no_temporal:H5] epoch=3/10 step=500/1086 loss=0.4384
[train:safeobjworld_r_no_temporal:H5] epoch=3/10 step=525/1086 loss=0.4269
[train:safeobjworld_r_no_temporal:H5] epoch=3/10 step=550/1086 loss=0.4488
[train:safeobjworld_r_no_temporal:H5] epoch=3/10 step=575/1086 loss=0.4768
[train:safeobjworld_r_no_temporal:H5] epoch=3/10 step=600/1086 loss=0.4431
[train:safeobjworld_r_no_temporal:H5] epoch=3/10 step=625/1086 loss=0.4375
[train:safeobjworld_r_no_temporal:H5] epoch=3/10 step=650/1086 loss=0.4242
[train:safeobjworld_r_no_temporal:H5] epoch=3/10 step=675/1086 loss=0.4457
[train:safeobjworld_r_no_temporal:H5] epoch=3/10 step=700/1086 loss=0.4855
[train:safeobjworld_r_no_temporal:H5] epoch=3/10 step=725/1086 loss=0.4830
[train:safeobjworld_r_no_temporal:H5] epoch=3/10 step=750/1086 loss=0.4228
[train:safeobjworld_r_no_temporal:H5] epoch=3/10 step=775/1086 loss=0.4206
[train:safeobjworld_r_no_temporal:H5] epoch=3/10 step=800/1086 loss=0.4541
[train:safeobjworld_r_no_temporal:H5] epoch=3/10 step=825/1086 loss=0.4356
[train:safeobjworld_r_no_temporal:H5] epoch=3/10 step=850/1086 loss=0.4802
[train:safeobjworld_r_no_temporal:H5] epoch=3/10 step=875/1086 loss=0.4695
[train:safeobjworld_r_no_temporal:H5] epoch=3/10 step=900/1086 loss=0.4731
[train:safeobjworld_r_no_temporal:H5] epoch=3/10 step=925/1086 loss=0.4599
[train:safeobjworld_r_no_temporal:H5] epoch=3/10 step=950/1086 loss=0.4524
[train:safeobjworld_r_no_temporal:H5] epoch=3/10 step=975/1086 loss=0.4629
[train:safeobjworld_r_no_temporal:H5] epoch=3/10 step=1000/1086 loss=0.4185
[train:safeobjworld_r_no_temporal:H5] epoch=3/10 step=1025/1086 loss=0.4245
[train:safeobjworld_r_no_temporal:H5] epoch=3/10 step=1050/1086 loss=0.4239
[train:safeobjworld_r_no_temporal:H5] epoch=3/10 step=1075/1086 loss=0.4765
[epoch] method=safeobjworld_r_no_temporal epoch=3 train=0.4568 val=0.3644 best=0.3644
[train:safeobjworld_r_no_temporal:H5] epoch=4/10 step=0/1086 loss=0.5229
[train:safeobjworld_r_no_temporal:H5] epoch=4/10 step=25/1086 loss=0.4103
[train:safeobjworld_r_no_temporal:H5] epoch=4/10 step=50/1086 loss=0.4628
[train:safeobjworld_r_no_temporal:H5] epoch=4/10 step=75/1086 loss=0.4287
[train:safeobjworld_r_no_temporal:H5] epoch=4/10 step=100/1086 loss=0.4385
[train:safeobjworld_r_no_temporal:H5] epoch=4/10 step=125/1086 loss=0.4572
[train:safeobjworld_r_no_temporal:H5] epoch=4/10 step=150/1086 loss=0.4713
[train:safeobjworld_r_no_temporal:H5] epoch=4/10 step=175/1086 loss=0.4572
[train:safeobjworld_r_no_temporal:H5] epoch=4/10 step=200/1086 loss=0.4295
[train:safeobjworld_r_no_temporal:H5] epoch=4/10 step=225/1086 loss=0.4558
[train:safeobjworld_r_no_temporal:H5] epoch=4/10 step=250/1086 loss=0.4596
[train:safeobjworld_r_no_temporal:H5] epoch=4/10 step=275/1086 loss=0.4615
[train:safeobjworld_r_no_temporal:H5] epoch=4/10 step=300/1086 loss=0.4728
[train:safeobjworld_r_no_temporal:H5] epoch=4/10 step=325/1086 loss=0.4594
[train:safeobjworld_r_no_temporal:H5] epoch=4/10 step=350/1086 loss=0.4808
[train:safeobjworld_r_no_temporal:H5] epoch=4/10 step=375/1086 loss=0.4465
[train:safeobjworld_r_no_temporal:H5] epoch=4/10 step=400/1086 loss=0.4181
[train:safeobjworld_r_no_temporal:H5] epoch=4/10 step=425/1086 loss=0.4710
[train:safeobjworld_r_no_temporal:H5] epoch=4/10 step=450/1086 loss=0.4171
[train:safeobjworld_r_no_temporal:H5] epoch=4/10 step=475/1086 loss=0.4469
[train:safeobjworld_r_no_temporal:H5] epoch=4/10 step=500/1086 loss=0.4149
[train:safeobjworld_r_no_temporal:H5] epoch=4/10 step=525/1086 loss=0.4263
[train:safeobjworld_r_no_temporal:H5] epoch=4/10 step=550/1086 loss=0.4359
[train:safeobjworld_r_no_temporal:H5] epoch=4/10 step=575/1086 loss=0.4321
[train:safeobjworld_r_no_temporal:H5] epoch=4/10 step=600/1086 loss=0.4468
[train:safeobjworld_r_no_temporal:H5] epoch=4/10 step=625/1086 loss=0.4306
[train:safeobjworld_r_no_temporal:H5] epoch=4/10 step=650/1086 loss=0.5003
[train:safeobjworld_r_no_temporal:H5] epoch=4/10 step=675/1086 loss=0.4567
[train:safeobjworld_r_no_temporal:H5] epoch=4/10 step=700/1086 loss=0.4146
[train:safeobjworld_r_no_temporal:H5] epoch=4/10 step=725/1086 loss=0.4449
[train:safeobjworld_r_no_temporal:H5] epoch=4/10 step=750/1086 loss=0.4243
[train:safeobjworld_r_no_temporal:H5] epoch=4/10 step=775/1086 loss=0.4295
[train:safeobjworld_r_no_temporal:H5] epoch=4/10 step=800/1086 loss=0.4399
[train:safeobjworld_r_no_temporal:H5] epoch=4/10 step=825/1086 loss=0.4600
[train:safeobjworld_r_no_temporal:H5] epoch=4/10 step=850/1086 loss=0.4384
[train:safeobjworld_r_no_temporal:H5] epoch=4/10 step=875/1086 loss=0.4541
[train:safeobjworld_r_no_temporal:H5] epoch=4/10 step=900/1086 loss=0.4068
[train:safeobjworld_r_no_temporal:H5] epoch=4/10 step=925/1086 loss=0.4587
[train:safeobjworld_r_no_temporal:H5] epoch=4/10 step=950/1086 loss=0.4629
[train:safeobjworld_r_no_temporal:H5] epoch=4/10 step=975/1086 loss=0.4467
[train:safeobjworld_r_no_temporal:H5] epoch=4/10 step=1000/1086 loss=0.3988
[train:safeobjworld_r_no_temporal:H5] epoch=4/10 step=1025/1086 loss=0.4425
[train:safeobjworld_r_no_temporal:H5] epoch=4/10 step=1050/1086 loss=0.4050
[train:safeobjworld_r_no_temporal:H5] epoch=4/10 step=1075/1086 loss=0.4377
[epoch] method=safeobjworld_r_no_temporal epoch=4 train=0.4447 val=0.3585 best=0.3585
[train:safeobjworld_r_no_temporal:H5] epoch=5/10 step=0/1086 loss=0.3121
[train:safeobjworld_r_no_temporal:H5] epoch=5/10 step=25/1086 loss=0.4171
[train:safeobjworld_r_no_temporal:H5] epoch=5/10 step=50/1086 loss=0.4641
[train:safeobjworld_r_no_temporal:H5] epoch=5/10 step=75/1086 loss=0.3982
[train:safeobjworld_r_no_temporal:H5] epoch=5/10 step=100/1086 loss=0.4622
[train:safeobjworld_r_no_temporal:H5] epoch=5/10 step=125/1086 loss=0.4558
[train:safeobjworld_r_no_temporal:H5] epoch=5/10 step=150/1086 loss=0.4471
[train:safeobjworld_r_no_temporal:H5] epoch=5/10 step=175/1086 loss=0.4366
[train:safeobjworld_r_no_temporal:H5] epoch=5/10 step=200/1086 loss=0.4703
[train:safeobjworld_r_no_temporal:H5] epoch=5/10 step=225/1086 loss=0.4233
[train:safeobjworld_r_no_temporal:H5] epoch=5/10 step=250/1086 loss=0.4319
[train:safeobjworld_r_no_temporal:H5] epoch=5/10 step=275/1086 loss=0.4466
[train:safeobjworld_r_no_temporal:H5] epoch=5/10 step=300/1086 loss=0.4575
[train:safeobjworld_r_no_temporal:H5] epoch=5/10 step=325/1086 loss=0.4340
[train:safeobjworld_r_no_temporal:H5] epoch=5/10 step=350/1086 loss=0.4695
[train:safeobjworld_r_no_temporal:H5] epoch=5/10 step=375/1086 loss=0.4386
[train:safeobjworld_r_no_temporal:H5] epoch=5/10 step=400/1086 loss=0.4528
[train:safeobjworld_r_no_temporal:H5] epoch=5/10 step=425/1086 loss=0.4234
[train:safeobjworld_r_no_temporal:H5] epoch=5/10 step=450/1086 loss=0.4320
[train:safeobjworld_r_no_temporal:H5] epoch=5/10 step=475/1086 loss=0.4582
[train:safeobjworld_r_no_temporal:H5] epoch=5/10 step=500/1086 loss=0.4113
[train:safeobjworld_r_no_temporal:H5] epoch=5/10 step=525/1086 loss=0.4176
[train:safeobjworld_r_no_temporal:H5] epoch=5/10 step=550/1086 loss=0.4488
[train:safeobjworld_r_no_temporal:H5] epoch=5/10 step=575/1086 loss=0.4411
[train:safeobjworld_r_no_temporal:H5] epoch=5/10 step=600/1086 loss=0.4529
[train:safeobjworld_r_no_temporal:H5] epoch=5/10 step=625/1086 loss=0.4288
[train:safeobjworld_r_no_temporal:H5] epoch=5/10 step=650/1086 loss=0.4374
[train:safeobjworld_r_no_temporal:H5] epoch=5/10 step=675/1086 loss=0.4839
[train:safeobjworld_r_no_temporal:H5] epoch=5/10 step=700/1086 loss=0.4161
[train:safeobjworld_r_no_temporal:H5] epoch=5/10 step=725/1086 loss=0.4018
[train:safeobjworld_r_no_temporal:H5] epoch=5/10 step=750/1086 loss=0.4620
[train:safeobjworld_r_no_temporal:H5] epoch=5/10 step=775/1086 loss=0.4456
[train:safeobjworld_r_no_temporal:H5] epoch=5/10 step=800/1086 loss=0.4428
[train:safeobjworld_r_no_temporal:H5] epoch=5/10 step=825/1086 loss=0.4149
[train:safeobjworld_r_no_temporal:H5] epoch=5/10 step=850/1086 loss=0.3903
[train:safeobjworld_r_no_temporal:H5] epoch=5/10 step=875/1086 loss=0.4121
[train:safeobjworld_r_no_temporal:H5] epoch=5/10 step=900/1086 loss=0.4359
[train:safeobjworld_r_no_temporal:H5] epoch=5/10 step=925/1086 loss=0.4486
[train:safeobjworld_r_no_temporal:H5] epoch=5/10 step=950/1086 loss=0.4057
[train:safeobjworld_r_no_temporal:H5] epoch=5/10 step=975/1086 loss=0.4137
[train:safeobjworld_r_no_temporal:H5] epoch=5/10 step=1000/1086 loss=0.4375
[train:safeobjworld_r_no_temporal:H5] epoch=5/10 step=1025/1086 loss=0.4545
[train:safeobjworld_r_no_temporal:H5] epoch=5/10 step=1050/1086 loss=0.4242
[train:safeobjworld_r_no_temporal:H5] epoch=5/10 step=1075/1086 loss=0.4242
[epoch] method=safeobjworld_r_no_temporal epoch=5 train=0.4363 val=0.3626 best=0.3585
[train:safeobjworld_r_no_temporal:H5] epoch=6/10 step=0/1086 loss=0.4152
[train:safeobjworld_r_no_temporal:H5] epoch=6/10 step=25/1086 loss=0.4653
[train:safeobjworld_r_no_temporal:H5] epoch=6/10 step=50/1086 loss=0.4342
[train:safeobjworld_r_no_temporal:H5] epoch=6/10 step=75/1086 loss=0.4138
[train:safeobjworld_r_no_temporal:H5] epoch=6/10 step=100/1086 loss=0.4284
[train:safeobjworld_r_no_temporal:H5] epoch=6/10 step=125/1086 loss=0.4448
[train:safeobjworld_r_no_temporal:H5] epoch=6/10 step=150/1086 loss=0.4508
[train:safeobjworld_r_no_temporal:H5] epoch=6/10 step=175/1086 loss=0.4385
[train:safeobjworld_r_no_temporal:H5] epoch=6/10 step=200/1086 loss=0.4350
[train:safeobjworld_r_no_temporal:H5] epoch=6/10 step=225/1086 loss=0.4329
[train:safeobjworld_r_no_temporal:H5] epoch=6/10 step=250/1086 loss=0.4653
[train:safeobjworld_r_no_temporal:H5] epoch=6/10 step=275/1086 loss=0.4381
[train:safeobjworld_r_no_temporal:H5] epoch=6/10 step=300/1086 loss=0.4142
[train:safeobjworld_r_no_temporal:H5] epoch=6/10 step=325/1086 loss=0.4008
[train:safeobjworld_r_no_temporal:H5] epoch=6/10 step=350/1086 loss=0.3938
[train:safeobjworld_r_no_temporal:H5] epoch=6/10 step=375/1086 loss=0.4400
[train:safeobjworld_r_no_temporal:H5] epoch=6/10 step=400/1086 loss=0.4108
[train:safeobjworld_r_no_temporal:H5] epoch=6/10 step=425/1086 loss=0.4162
[train:safeobjworld_r_no_temporal:H5] epoch=6/10 step=450/1086 loss=0.4073
[train:safeobjworld_r_no_temporal:H5] epoch=6/10 step=475/1086 loss=0.4656
[train:safeobjworld_r_no_temporal:H5] epoch=6/10 step=500/1086 loss=0.4271
[train:safeobjworld_r_no_temporal:H5] epoch=6/10 step=525/1086 loss=0.4624
[train:safeobjworld_r_no_temporal:H5] epoch=6/10 step=550/1086 loss=0.4106
[train:safeobjworld_r_no_temporal:H5] epoch=6/10 step=575/1086 loss=0.4038
[train:safeobjworld_r_no_temporal:H5] epoch=6/10 step=600/1086 loss=0.4204
[train:safeobjworld_r_no_temporal:H5] epoch=6/10 step=625/1086 loss=0.4325
[train:safeobjworld_r_no_temporal:H5] epoch=6/10 step=650/1086 loss=0.4261
[train:safeobjworld_r_no_temporal:H5] epoch=6/10 step=675/1086 loss=0.4463
[train:safeobjworld_r_no_temporal:H5] epoch=6/10 step=700/1086 loss=0.4215
[train:safeobjworld_r_no_temporal:H5] epoch=6/10 step=725/1086 loss=0.4195
[train:safeobjworld_r_no_temporal:H5] epoch=6/10 step=750/1086 loss=0.4318
[train:safeobjworld_r_no_temporal:H5] epoch=6/10 step=775/1086 loss=0.4819
[train:safeobjworld_r_no_temporal:H5] epoch=6/10 step=800/1086 loss=0.4845
[train:safeobjworld_r_no_temporal:H5] epoch=6/10 step=825/1086 loss=0.4278
[train:safeobjworld_r_no_temporal:H5] epoch=6/10 step=850/1086 loss=0.4495
[train:safeobjworld_r_no_temporal:H5] epoch=6/10 step=875/1086 loss=0.4237
[train:safeobjworld_r_no_temporal:H5] epoch=6/10 step=900/1086 loss=0.4077
[train:safeobjworld_r_no_temporal:H5] epoch=6/10 step=925/1086 loss=0.4547
[train:safeobjworld_r_no_temporal:H5] epoch=6/10 step=950/1086 loss=0.4420
[train:safeobjworld_r_no_temporal:H5] epoch=6/10 step=975/1086 loss=0.4373
[train:safeobjworld_r_no_temporal:H5] epoch=6/10 step=1000/1086 loss=0.4489
[train:safeobjworld_r_no_temporal:H5] epoch=6/10 step=1025/1086 loss=0.4269
[train:safeobjworld_r_no_temporal:H5] epoch=6/10 step=1050/1086 loss=0.4327
[train:safeobjworld_r_no_temporal:H5] epoch=6/10 step=1075/1086 loss=0.4001
[epoch] method=safeobjworld_r_no_temporal epoch=6 train=0.4308 val=0.3566 best=0.3566
[train:safeobjworld_r_no_temporal:H5] epoch=7/10 step=0/1086 loss=0.4206
[train:safeobjworld_r_no_temporal:H5] epoch=7/10 step=25/1086 loss=0.4565
[train:safeobjworld_r_no_temporal:H5] epoch=7/10 step=50/1086 loss=0.4557
[train:safeobjworld_r_no_temporal:H5] epoch=7/10 step=75/1086 loss=0.4361
[train:safeobjworld_r_no_temporal:H5] epoch=7/10 step=100/1086 loss=0.4274
[train:safeobjworld_r_no_temporal:H5] epoch=7/10 step=125/1086 loss=0.4421
[train:safeobjworld_r_no_temporal:H5] epoch=7/10 step=150/1086 loss=0.4187
[train:safeobjworld_r_no_temporal:H5] epoch=7/10 step=175/1086 loss=0.4529
[train:safeobjworld_r_no_temporal:H5] epoch=7/10 step=200/1086 loss=0.4200
[train:safeobjworld_r_no_temporal:H5] epoch=7/10 step=225/1086 loss=0.4335
[train:safeobjworld_r_no_temporal:H5] epoch=7/10 step=250/1086 loss=0.4359
[train:safeobjworld_r_no_temporal:H5] epoch=7/10 step=275/1086 loss=0.3934
[train:safeobjworld_r_no_temporal:H5] epoch=7/10 step=300/1086 loss=0.3829
[train:safeobjworld_r_no_temporal:H5] epoch=7/10 step=325/1086 loss=0.4063
[train:safeobjworld_r_no_temporal:H5] epoch=7/10 step=350/1086 loss=0.3964
[train:safeobjworld_r_no_temporal:H5] epoch=7/10 step=375/1086 loss=0.4292
[train:safeobjworld_r_no_temporal:H5] epoch=7/10 step=400/1086 loss=0.4191
[train:safeobjworld_r_no_temporal:H5] epoch=7/10 step=425/1086 loss=0.4100
[train:safeobjworld_r_no_temporal:H5] epoch=7/10 step=450/1086 loss=0.4052
[train:safeobjworld_r_no_temporal:H5] epoch=7/10 step=475/1086 loss=0.4137
[train:safeobjworld_r_no_temporal:H5] epoch=7/10 step=500/1086 loss=0.3867
[train:safeobjworld_r_no_temporal:H5] epoch=7/10 step=525/1086 loss=0.4473
[train:safeobjworld_r_no_temporal:H5] epoch=7/10 step=550/1086 loss=0.4057
[train:safeobjworld_r_no_temporal:H5] epoch=7/10 step=575/1086 loss=0.3787
[train:safeobjworld_r_no_temporal:H5] epoch=7/10 step=600/1086 loss=0.4344
[train:safeobjworld_r_no_temporal:H5] epoch=7/10 step=625/1086 loss=0.4566
[train:safeobjworld_r_no_temporal:H5] epoch=7/10 step=650/1086 loss=0.4369
[train:safeobjworld_r_no_temporal:H5] epoch=7/10 step=675/1086 loss=0.4402
[train:safeobjworld_r_no_temporal:H5] epoch=7/10 step=700/1086 loss=0.4248
[train:safeobjworld_r_no_temporal:H5] epoch=7/10 step=725/1086 loss=0.4423
[train:safeobjworld_r_no_temporal:H5] epoch=7/10 step=750/1086 loss=0.4146
[train:safeobjworld_r_no_temporal:H5] epoch=7/10 step=775/1086 loss=0.4231
[train:safeobjworld_r_no_temporal:H5] epoch=7/10 step=800/1086 loss=0.4263
[train:safeobjworld_r_no_temporal:H5] epoch=7/10 step=825/1086 loss=0.4360
[train:safeobjworld_r_no_temporal:H5] epoch=7/10 step=850/1086 loss=0.4156
[train:safeobjworld_r_no_temporal:H5] epoch=7/10 step=875/1086 loss=0.3950
[train:safeobjworld_r_no_temporal:H5] epoch=7/10 step=900/1086 loss=0.4513
[train:safeobjworld_r_no_temporal:H5] epoch=7/10 step=925/1086 loss=0.4509
[train:safeobjworld_r_no_temporal:H5] epoch=7/10 step=950/1086 loss=0.4234
[train:safeobjworld_r_no_temporal:H5] epoch=7/10 step=975/1086 loss=0.4045
[train:safeobjworld_r_no_temporal:H5] epoch=7/10 step=1000/1086 loss=0.4302
[train:safeobjworld_r_no_temporal:H5] epoch=7/10 step=1025/1086 loss=0.3990
[train:safeobjworld_r_no_temporal:H5] epoch=7/10 step=1050/1086 loss=0.4315
[train:safeobjworld_r_no_temporal:H5] epoch=7/10 step=1075/1086 loss=0.4378
[epoch] method=safeobjworld_r_no_temporal epoch=7 train=0.4251 val=0.3514 best=0.3514
[train:safeobjworld_r_no_temporal:H5] epoch=8/10 step=0/1086 loss=0.4427
[train:safeobjworld_r_no_temporal:H5] epoch=8/10 step=25/1086 loss=0.4080
[train:safeobjworld_r_no_temporal:H5] epoch=8/10 step=50/1086 loss=0.4150
[train:safeobjworld_r_no_temporal:H5] epoch=8/10 step=75/1086 loss=0.3891
[train:safeobjworld_r_no_temporal:H5] epoch=8/10 step=100/1086 loss=0.4198
[train:safeobjworld_r_no_temporal:H5] epoch=8/10 step=125/1086 loss=0.4328
[train:safeobjworld_r_no_temporal:H5] epoch=8/10 step=150/1086 loss=0.3994
[train:safeobjworld_r_no_temporal:H5] epoch=8/10 step=175/1086 loss=0.3930
[train:safeobjworld_r_no_temporal:H5] epoch=8/10 step=200/1086 loss=0.4128
[train:safeobjworld_r_no_temporal:H5] epoch=8/10 step=225/1086 loss=0.4495
[train:safeobjworld_r_no_temporal:H5] epoch=8/10 step=250/1086 loss=0.3938
[train:safeobjworld_r_no_temporal:H5] epoch=8/10 step=275/1086 loss=0.3872
[train:safeobjworld_r_no_temporal:H5] epoch=8/10 step=300/1086 loss=0.4311
[train:safeobjworld_r_no_temporal:H5] epoch=8/10 step=325/1086 loss=0.4441
[train:safeobjworld_r_no_temporal:H5] epoch=8/10 step=350/1086 loss=0.3848
[train:safeobjworld_r_no_temporal:H5] epoch=8/10 step=375/1086 loss=0.4071
[train:safeobjworld_r_no_temporal:H5] epoch=8/10 step=400/1086 loss=0.4051
[train:safeobjworld_r_no_temporal:H5] epoch=8/10 step=425/1086 loss=0.4474
[train:safeobjworld_r_no_temporal:H5] epoch=8/10 step=450/1086 loss=0.4222
[train:safeobjworld_r_no_temporal:H5] epoch=8/10 step=475/1086 loss=0.4838
[train:safeobjworld_r_no_temporal:H5] epoch=8/10 step=500/1086 loss=0.4171
[train:safeobjworld_r_no_temporal:H5] epoch=8/10 step=525/1086 loss=0.3839
[train:safeobjworld_r_no_temporal:H5] epoch=8/10 step=550/1086 loss=0.4165
[train:safeobjworld_r_no_temporal:H5] epoch=8/10 step=575/1086 loss=0.4476
[train:safeobjworld_r_no_temporal:H5] epoch=8/10 step=600/1086 loss=0.4337
[train:safeobjworld_r_no_temporal:H5] epoch=8/10 step=625/1086 loss=0.4151
[train:safeobjworld_r_no_temporal:H5] epoch=8/10 step=650/1086 loss=0.4262
[train:safeobjworld_r_no_temporal:H5] epoch=8/10 step=675/1086 loss=0.4321
[train:safeobjworld_r_no_temporal:H5] epoch=8/10 step=700/1086 loss=0.4254
[train:safeobjworld_r_no_temporal:H5] epoch=8/10 step=725/1086 loss=0.4167
[train:safeobjworld_r_no_temporal:H5] epoch=8/10 step=750/1086 loss=0.4191
[train:safeobjworld_r_no_temporal:H5] epoch=8/10 step=775/1086 loss=0.4360
[train:safeobjworld_r_no_temporal:H5] epoch=8/10 step=800/1086 loss=0.4377
[train:safeobjworld_r_no_temporal:H5] epoch=8/10 step=825/1086 loss=0.4538
[train:safeobjworld_r_no_temporal:H5] epoch=8/10 step=850/1086 loss=0.4292
[train:safeobjworld_r_no_temporal:H5] epoch=8/10 step=875/1086 loss=0.4231
[train:safeobjworld_r_no_temporal:H5] epoch=8/10 step=900/1086 loss=0.4236
[train:safeobjworld_r_no_temporal:H5] epoch=8/10 step=925/1086 loss=0.4139
[train:safeobjworld_r_no_temporal:H5] epoch=8/10 step=950/1086 loss=0.4358
[train:safeobjworld_r_no_temporal:H5] epoch=8/10 step=975/1086 loss=0.4207
[train:safeobjworld_r_no_temporal:H5] epoch=8/10 step=1000/1086 loss=0.4092
[train:safeobjworld_r_no_temporal:H5] epoch=8/10 step=1025/1086 loss=0.4487
[train:safeobjworld_r_no_temporal:H5] epoch=8/10 step=1050/1086 loss=0.3989
[train:safeobjworld_r_no_temporal:H5] epoch=8/10 step=1075/1086 loss=0.4324
[epoch] method=safeobjworld_r_no_temporal epoch=8 train=0.4205 val=0.3542 best=0.3514
[train:safeobjworld_r_no_temporal:H5] epoch=9/10 step=0/1086 loss=0.3921
[train:safeobjworld_r_no_temporal:H5] epoch=9/10 step=25/1086 loss=0.4282
[train:safeobjworld_r_no_temporal:H5] epoch=9/10 step=50/1086 loss=0.4073
[train:safeobjworld_r_no_temporal:H5] epoch=9/10 step=75/1086 loss=0.4283
[train:safeobjworld_r_no_temporal:H5] epoch=9/10 step=100/1086 loss=0.4202
[train:safeobjworld_r_no_temporal:H5] epoch=9/10 step=125/1086 loss=0.4169
[train:safeobjworld_r_no_temporal:H5] epoch=9/10 step=150/1086 loss=0.4362
[train:safeobjworld_r_no_temporal:H5] epoch=9/10 step=175/1086 loss=0.4072
[train:safeobjworld_r_no_temporal:H5] epoch=9/10 step=200/1086 loss=0.4113
[train:safeobjworld_r_no_temporal:H5] epoch=9/10 step=225/1086 loss=0.4200
[train:safeobjworld_r_no_temporal:H5] epoch=9/10 step=250/1086 loss=0.4082
[train:safeobjworld_r_no_temporal:H5] epoch=9/10 step=275/1086 loss=0.4332
[train:safeobjworld_r_no_temporal:H5] epoch=9/10 step=300/1086 loss=0.4043
[train:safeobjworld_r_no_temporal:H5] epoch=9/10 step=325/1086 loss=0.3888
[train:safeobjworld_r_no_temporal:H5] epoch=9/10 step=350/1086 loss=0.4245
[train:safeobjworld_r_no_temporal:H5] epoch=9/10 step=375/1086 loss=0.4511
[train:safeobjworld_r_no_temporal:H5] epoch=9/10 step=400/1086 loss=0.4112
[train:safeobjworld_r_no_temporal:H5] epoch=9/10 step=425/1086 loss=0.4263
[train:safeobjworld_r_no_temporal:H5] epoch=9/10 step=450/1086 loss=0.4393
[train:safeobjworld_r_no_temporal:H5] epoch=9/10 step=475/1086 loss=0.4121
[train:safeobjworld_r_no_temporal:H5] epoch=9/10 step=500/1086 loss=0.4298
[train:safeobjworld_r_no_temporal:H5] epoch=9/10 step=525/1086 loss=0.4541
[train:safeobjworld_r_no_temporal:H5] epoch=9/10 step=550/1086 loss=0.4314
[train:safeobjworld_r_no_temporal:H5] epoch=9/10 step=575/1086 loss=0.4468
[train:safeobjworld_r_no_temporal:H5] epoch=9/10 step=600/1086 loss=0.3853
[train:safeobjworld_r_no_temporal:H5] epoch=9/10 step=625/1086 loss=0.4139
[train:safeobjworld_r_no_temporal:H5] epoch=9/10 step=650/1086 loss=0.4053
[train:safeobjworld_r_no_temporal:H5] epoch=9/10 step=675/1086 loss=0.4352
[train:safeobjworld_r_no_temporal:H5] epoch=9/10 step=700/1086 loss=0.4012
[train:safeobjworld_r_no_temporal:H5] epoch=9/10 step=725/1086 loss=0.4142
[train:safeobjworld_r_no_temporal:H5] epoch=9/10 step=750/1086 loss=0.4445
[train:safeobjworld_r_no_temporal:H5] epoch=9/10 step=775/1086 loss=0.4066
[train:safeobjworld_r_no_temporal:H5] epoch=9/10 step=800/1086 loss=0.4135
[train:safeobjworld_r_no_temporal:H5] epoch=9/10 step=825/1086 loss=0.4272
[train:safeobjworld_r_no_temporal:H5] epoch=9/10 step=850/1086 loss=0.4309
[train:safeobjworld_r_no_temporal:H5] epoch=9/10 step=875/1086 loss=0.4226
[train:safeobjworld_r_no_temporal:H5] epoch=9/10 step=900/1086 loss=0.4766
[train:safeobjworld_r_no_temporal:H5] epoch=9/10 step=925/1086 loss=0.3687
[train:safeobjworld_r_no_temporal:H5] epoch=9/10 step=950/1086 loss=0.4366
[train:safeobjworld_r_no_temporal:H5] epoch=9/10 step=975/1086 loss=0.3870
[train:safeobjworld_r_no_temporal:H5] epoch=9/10 step=1000/1086 loss=0.4543
[train:safeobjworld_r_no_temporal:H5] epoch=9/10 step=1025/1086 loss=0.4175
[train:safeobjworld_r_no_temporal:H5] epoch=9/10 step=1050/1086 loss=0.4236
[train:safeobjworld_r_no_temporal:H5] epoch=9/10 step=1075/1086 loss=0.3981
[epoch] method=safeobjworld_r_no_temporal epoch=9 train=0.4169 val=0.3542 best=0.3514
[train:safeobjworld_r_no_temporal:H5] epoch=10/10 step=0/1086 loss=0.3911
[train:safeobjworld_r_no_temporal:H5] epoch=10/10 step=25/1086 loss=0.4121
[train:safeobjworld_r_no_temporal:H5] epoch=10/10 step=50/1086 loss=0.3969
[train:safeobjworld_r_no_temporal:H5] epoch=10/10 step=75/1086 loss=0.3884
[train:safeobjworld_r_no_temporal:H5] epoch=10/10 step=100/1086 loss=0.3855
[train:safeobjworld_r_no_temporal:H5] epoch=10/10 step=125/1086 loss=0.3838
[train:safeobjworld_r_no_temporal:H5] epoch=10/10 step=150/1086 loss=0.4305
[train:safeobjworld_r_no_temporal:H5] epoch=10/10 step=175/1086 loss=0.4217
[train:safeobjworld_r_no_temporal:H5] epoch=10/10 step=200/1086 loss=0.4172
[train:safeobjworld_r_no_temporal:H5] epoch=10/10 step=225/1086 loss=0.4177
[train:safeobjworld_r_no_temporal:H5] epoch=10/10 step=250/1086 loss=0.4421
[train:safeobjworld_r_no_temporal:H5] epoch=10/10 step=275/1086 loss=0.4066
[train:safeobjworld_r_no_temporal:H5] epoch=10/10 step=300/1086 loss=0.4424
[train:safeobjworld_r_no_temporal:H5] epoch=10/10 step=325/1086 loss=0.4078
[train:safeobjworld_r_no_temporal:H5] epoch=10/10 step=350/1086 loss=0.4121
[train:safeobjworld_r_no_temporal:H5] epoch=10/10 step=375/1086 loss=0.4086
[train:safeobjworld_r_no_temporal:H5] epoch=10/10 step=400/1086 loss=0.4259
[train:safeobjworld_r_no_temporal:H5] epoch=10/10 step=425/1086 loss=0.4486
[train:safeobjworld_r_no_temporal:H5] epoch=10/10 step=450/1086 loss=0.3945
[train:safeobjworld_r_no_temporal:H5] epoch=10/10 step=475/1086 loss=0.3978
[train:safeobjworld_r_no_temporal:H5] epoch=10/10 step=500/1086 loss=0.4147
[train:safeobjworld_r_no_temporal:H5] epoch=10/10 step=525/1086 loss=0.4147
[train:safeobjworld_r_no_temporal:H5] epoch=10/10 step=550/1086 loss=0.3808
[train:safeobjworld_r_no_temporal:H5] epoch=10/10 step=575/1086 loss=0.4390
[train:safeobjworld_r_no_temporal:H5] epoch=10/10 step=600/1086 loss=0.4147
[train:safeobjworld_r_no_temporal:H5] epoch=10/10 step=625/1086 loss=0.3995
[train:safeobjworld_r_no_temporal:H5] epoch=10/10 step=650/1086 loss=0.4167
[train:safeobjworld_r_no_temporal:H5] epoch=10/10 step=675/1086 loss=0.4277
[train:safeobjworld_r_no_temporal:H5] epoch=10/10 step=700/1086 loss=0.4589
[train:safeobjworld_r_no_temporal:H5] epoch=10/10 step=725/1086 loss=0.4363
[train:safeobjworld_r_no_temporal:H5] epoch=10/10 step=750/1086 loss=0.4028
[train:safeobjworld_r_no_temporal:H5] epoch=10/10 step=775/1086 loss=0.4070
[train:safeobjworld_r_no_temporal:H5] epoch=10/10 step=800/1086 loss=0.4256
[train:safeobjworld_r_no_temporal:H5] epoch=10/10 step=825/1086 loss=0.3934
[train:safeobjworld_r_no_temporal:H5] epoch=10/10 step=850/1086 loss=0.3733
[train:safeobjworld_r_no_temporal:H5] epoch=10/10 step=875/1086 loss=0.4073
[train:safeobjworld_r_no_temporal:H5] epoch=10/10 step=900/1086 loss=0.4333
[train:safeobjworld_r_no_temporal:H5] epoch=10/10 step=925/1086 loss=0.4320
[train:safeobjworld_r_no_temporal:H5] epoch=10/10 step=950/1086 loss=0.4225
[train:safeobjworld_r_no_temporal:H5] epoch=10/10 step=975/1086 loss=0.4085
[train:safeobjworld_r_no_temporal:H5] epoch=10/10 step=1000/1086 loss=0.4118
[train:safeobjworld_r_no_temporal:H5] epoch=10/10 step=1025/1086 loss=0.4276
[train:safeobjworld_r_no_temporal:H5] epoch=10/10 step=1050/1086 loss=0.4042
[train:safeobjworld_r_no_temporal:H5] epoch=10/10 step=1075/1086 loss=0.4442
[epoch] method=safeobjworld_r_no_temporal epoch=10 train=0.4130 val=0.3518 best=0.3514
[done train] /home/tahiti/SafeObjWorld/runs_v2_full/models/safeobjworld_r_no_temporal/H5/best.pt
