====================================================================================================
SafeObjWorld V2 runner
{
  "mode": "train",
  "dataset_root": "/home/tahiti/SafeObjWorld/data/DAVIS2017",
  "run_root": "/home/tahiti/SafeObjWorld/runs_v2_full",
  "year": "2017",
  "method": "convlstm_stress",
  "stress": "clean",
  "prefix_len": 3,
  "max_h": 10,
  "image_size": 192,
  "batch_size": 8,
  "epochs": 10,
  "lr": 0.0002,
  "weight_decay": 0.0001,
  "max_train_samples": 0,
  "max_val_samples": 0,
  "num_workers": 4,
  "seed": 42,
  "eval_k_override": 0,
  "amp": true,
  "cpu": false,
  "skip_existing": true,
  "log_every": 25
}
====================================================================================================
[train] method=convlstm_stress device=cuda cfg={'stress_train': True, 'temporal_weight': 0.0, 'split_weight': 0.0, 'area_weight': 0.0, 'mc_eval': False, 'eval_k': 1}
[train:convlstm_stress:H10] epoch=1/10 step=0/1003 loss=1.5680
[train:convlstm_stress:H10] epoch=1/10 step=25/1003 loss=1.4787
[train:convlstm_stress:H10] epoch=1/10 step=50/1003 loss=0.9761
[train:convlstm_stress:H10] epoch=1/10 step=75/1003 loss=0.8672
[train:convlstm_stress:H10] epoch=1/10 step=100/1003 loss=0.7448
[train:convlstm_stress:H10] epoch=1/10 step=125/1003 loss=0.6879
[train:convlstm_stress:H10] epoch=1/10 step=150/1003 loss=0.7679
[train:convlstm_stress:H10] epoch=1/10 step=175/1003 loss=0.7091
[train:convlstm_stress:H10] epoch=1/10 step=200/1003 loss=0.6828
[train:convlstm_stress:H10] epoch=1/10 step=225/1003 loss=0.6801
[train:convlstm_stress:H10] epoch=1/10 step=250/1003 loss=0.7448
[train:convlstm_stress:H10] epoch=1/10 step=275/1003 loss=0.6524
[train:convlstm_stress:H10] epoch=1/10 step=300/1003 loss=0.6898
[train:convlstm_stress:H10] epoch=1/10 step=325/1003 loss=0.6768
[train:convlstm_stress:H10] epoch=1/10 step=350/1003 loss=0.6670
[train:convlstm_stress:H10] epoch=1/10 step=375/1003 loss=0.6544
[train:convlstm_stress:H10] epoch=1/10 step=400/1003 loss=0.6712
[train:convlstm_stress:H10] epoch=1/10 step=425/1003 loss=0.6714
[train:convlstm_stress:H10] epoch=1/10 step=450/1003 loss=0.6058
[train:convlstm_stress:H10] epoch=1/10 step=475/1003 loss=0.6890
[train:convlstm_stress:H10] epoch=1/10 step=500/1003 loss=0.6790
[train:convlstm_stress:H10] epoch=1/10 step=525/1003 loss=0.6790
[train:convlstm_stress:H10] epoch=1/10 step=550/1003 loss=0.6461
[train:convlstm_stress:H10] epoch=1/10 step=575/1003 loss=0.6787
[train:convlstm_stress:H10] epoch=1/10 step=600/1003 loss=0.6439
[train:convlstm_stress:H10] epoch=1/10 step=625/1003 loss=0.6139
[train:convlstm_stress:H10] epoch=1/10 step=650/1003 loss=0.6447
[train:convlstm_stress:H10] epoch=1/10 step=675/1003 loss=0.6251
[train:convlstm_stress:H10] epoch=1/10 step=700/1003 loss=0.6550
[train:convlstm_stress:H10] epoch=1/10 step=725/1003 loss=0.6100
[train:convlstm_stress:H10] epoch=1/10 step=750/1003 loss=0.6105
[train:convlstm_stress:H10] epoch=1/10 step=775/1003 loss=0.6286
[train:convlstm_stress:H10] epoch=1/10 step=800/1003 loss=0.6317
[train:convlstm_stress:H10] epoch=1/10 step=825/1003 loss=0.6285
[train:convlstm_stress:H10] epoch=1/10 step=850/1003 loss=0.6393
[train:convlstm_stress:H10] epoch=1/10 step=875/1003 loss=0.6008
[train:convlstm_stress:H10] epoch=1/10 step=900/1003 loss=0.6300
[train:convlstm_stress:H10] epoch=1/10 step=925/1003 loss=0.5753
[train:convlstm_stress:H10] epoch=1/10 step=950/1003 loss=0.5724
[train:convlstm_stress:H10] epoch=1/10 step=975/1003 loss=0.5869
[train:convlstm_stress:H10] epoch=1/10 step=1000/1003 loss=0.6380
[epoch] method=convlstm_stress epoch=1 train=0.6930 val=0.5031 best=0.5031
[train:convlstm_stress:H10] epoch=2/10 step=0/1003 loss=0.3959
[train:convlstm_stress:H10] epoch=2/10 step=25/1003 loss=0.5899
[train:convlstm_stress:H10] epoch=2/10 step=50/1003 loss=0.6012
[train:convlstm_stress:H10] epoch=2/10 step=75/1003 loss=0.6157
[train:convlstm_stress:H10] epoch=2/10 step=100/1003 loss=0.6106
[train:convlstm_stress:H10] epoch=2/10 step=125/1003 loss=0.5851
[train:convlstm_stress:H10] epoch=2/10 step=150/1003 loss=0.6461
[train:convlstm_stress:H10] epoch=2/10 step=175/1003 loss=0.5861
[train:convlstm_stress:H10] epoch=2/10 step=200/1003 loss=0.5676
[train:convlstm_stress:H10] epoch=2/10 step=225/1003 loss=0.6304
[train:convlstm_stress:H10] epoch=2/10 step=250/1003 loss=0.6256
[train:convlstm_stress:H10] epoch=2/10 step=275/1003 loss=0.6283
[train:convlstm_stress:H10] epoch=2/10 step=300/1003 loss=0.5785
[train:convlstm_stress:H10] epoch=2/10 step=325/1003 loss=0.6466
[train:convlstm_stress:H10] epoch=2/10 step=350/1003 loss=0.6119
[train:convlstm_stress:H10] epoch=2/10 step=375/1003 loss=0.6014
[train:convlstm_stress:H10] epoch=2/10 step=400/1003 loss=0.5829
[train:convlstm_stress:H10] epoch=2/10 step=425/1003 loss=0.6076
[train:convlstm_stress:H10] epoch=2/10 step=450/1003 loss=0.5945
[train:convlstm_stress:H10] epoch=2/10 step=475/1003 loss=0.5955
[train:convlstm_stress:H10] epoch=2/10 step=500/1003 loss=0.5538
[train:convlstm_stress:H10] epoch=2/10 step=525/1003 loss=0.6303
[train:convlstm_stress:H10] epoch=2/10 step=550/1003 loss=0.5728
[train:convlstm_stress:H10] epoch=2/10 step=575/1003 loss=0.5857
[train:convlstm_stress:H10] epoch=2/10 step=600/1003 loss=0.5677
[train:convlstm_stress:H10] epoch=2/10 step=625/1003 loss=0.5446
[train:convlstm_stress:H10] epoch=2/10 step=650/1003 loss=0.6157
[train:convlstm_stress:H10] epoch=2/10 step=675/1003 loss=0.6299
[train:convlstm_stress:H10] epoch=2/10 step=700/1003 loss=0.6245
[train:convlstm_stress:H10] epoch=2/10 step=725/1003 loss=0.5960
[train:convlstm_stress:H10] epoch=2/10 step=750/1003 loss=0.6045
[train:convlstm_stress:H10] epoch=2/10 step=775/1003 loss=0.6034
[train:convlstm_stress:H10] epoch=2/10 step=800/1003 loss=0.5888
[train:convlstm_stress:H10] epoch=2/10 step=825/1003 loss=0.6125
[train:convlstm_stress:H10] epoch=2/10 step=850/1003 loss=0.5821
[train:convlstm_stress:H10] epoch=2/10 step=875/1003 loss=0.5739
[train:convlstm_stress:H10] epoch=2/10 step=900/1003 loss=0.6036
[train:convlstm_stress:H10] epoch=2/10 step=925/1003 loss=0.6318
[train:convlstm_stress:H10] epoch=2/10 step=950/1003 loss=0.5596
[train:convlstm_stress:H10] epoch=2/10 step=975/1003 loss=0.6081
[train:convlstm_stress:H10] epoch=2/10 step=1000/1003 loss=0.6216
[epoch] method=convlstm_stress epoch=2 train=0.6028 val=0.4941 best=0.4941
[train:convlstm_stress:H10] epoch=3/10 step=0/1003 loss=0.6144
[train:convlstm_stress:H10] epoch=3/10 step=25/1003 loss=0.6231
[train:convlstm_stress:H10] epoch=3/10 step=50/1003 loss=0.6042
[train:convlstm_stress:H10] epoch=3/10 step=75/1003 loss=0.5740
[train:convlstm_stress:H10] epoch=3/10 step=100/1003 loss=0.5969
[train:convlstm_stress:H10] epoch=3/10 step=125/1003 loss=0.5932
[train:convlstm_stress:H10] epoch=3/10 step=150/1003 loss=0.5869
[train:convlstm_stress:H10] epoch=3/10 step=175/1003 loss=0.5486
[train:convlstm_stress:H10] epoch=3/10 step=200/1003 loss=0.6220
[train:convlstm_stress:H10] epoch=3/10 step=225/1003 loss=0.6314
[train:convlstm_stress:H10] epoch=3/10 step=250/1003 loss=0.5842
[train:convlstm_stress:H10] epoch=3/10 step=275/1003 loss=0.5751
[train:convlstm_stress:H10] epoch=3/10 step=300/1003 loss=0.5828
[train:convlstm_stress:H10] epoch=3/10 step=325/1003 loss=0.5754
[train:convlstm_stress:H10] epoch=3/10 step=350/1003 loss=0.6111
[train:convlstm_stress:H10] epoch=3/10 step=375/1003 loss=0.5698
[train:convlstm_stress:H10] epoch=3/10 step=400/1003 loss=0.5742
[train:convlstm_stress:H10] epoch=3/10 step=425/1003 loss=0.6046
[train:convlstm_stress:H10] epoch=3/10 step=450/1003 loss=0.5655
[train:convlstm_stress:H10] epoch=3/10 step=475/1003 loss=0.6075
[train:convlstm_stress:H10] epoch=3/10 step=500/1003 loss=0.5635
[train:convlstm_stress:H10] epoch=3/10 step=525/1003 loss=0.5997
[train:convlstm_stress:H10] epoch=3/10 step=550/1003 loss=0.5735
[train:convlstm_stress:H10] epoch=3/10 step=575/1003 loss=0.6353
[train:convlstm_stress:H10] epoch=3/10 step=600/1003 loss=0.6193
[train:convlstm_stress:H10] epoch=3/10 step=625/1003 loss=0.6120
[train:convlstm_stress:H10] epoch=3/10 step=650/1003 loss=0.5702
[train:convlstm_stress:H10] epoch=3/10 step=675/1003 loss=0.5626
[train:convlstm_stress:H10] epoch=3/10 step=700/1003 loss=0.5809
[train:convlstm_stress:H10] epoch=3/10 step=725/1003 loss=0.6130
[train:convlstm_stress:H10] epoch=3/10 step=750/1003 loss=0.5307
[train:convlstm_stress:H10] epoch=3/10 step=775/1003 loss=0.5849
[train:convlstm_stress:H10] epoch=3/10 step=800/1003 loss=0.6013
[train:convlstm_stress:H10] epoch=3/10 step=825/1003 loss=0.5855
[train:convlstm_stress:H10] epoch=3/10 step=850/1003 loss=0.5981
[train:convlstm_stress:H10] epoch=3/10 step=875/1003 loss=0.5895
[train:convlstm_stress:H10] epoch=3/10 step=900/1003 loss=0.5662
[train:convlstm_stress:H10] epoch=3/10 step=925/1003 loss=0.5709
[train:convlstm_stress:H10] epoch=3/10 step=950/1003 loss=0.5400
[train:convlstm_stress:H10] epoch=3/10 step=975/1003 loss=0.5557
[train:convlstm_stress:H10] epoch=3/10 step=1000/1003 loss=0.5872
[epoch] method=convlstm_stress epoch=3 train=0.5846 val=0.5214 best=0.4941
[train:convlstm_stress:H10] epoch=4/10 step=0/1003 loss=0.5030
[train:convlstm_stress:H10] epoch=4/10 step=25/1003 loss=0.5898
[train:convlstm_stress:H10] epoch=4/10 step=50/1003 loss=0.6010
[train:convlstm_stress:H10] epoch=4/10 step=75/1003 loss=0.6064
[train:convlstm_stress:H10] epoch=4/10 step=100/1003 loss=0.5639
[train:convlstm_stress:H10] epoch=4/10 step=125/1003 loss=0.5797
[train:convlstm_stress:H10] epoch=4/10 step=150/1003 loss=0.5472
[train:convlstm_stress:H10] epoch=4/10 step=175/1003 loss=0.5961
[train:convlstm_stress:H10] epoch=4/10 step=200/1003 loss=0.6035
[train:convlstm_stress:H10] epoch=4/10 step=225/1003 loss=0.5648
[train:convlstm_stress:H10] epoch=4/10 step=250/1003 loss=0.5304
[train:convlstm_stress:H10] epoch=4/10 step=275/1003 loss=0.5746
[train:convlstm_stress:H10] epoch=4/10 step=300/1003 loss=0.5610
[train:convlstm_stress:H10] epoch=4/10 step=325/1003 loss=0.5792
[train:convlstm_stress:H10] epoch=4/10 step=350/1003 loss=0.5454
[train:convlstm_stress:H10] epoch=4/10 step=375/1003 loss=0.5726
[train:convlstm_stress:H10] epoch=4/10 step=400/1003 loss=0.5578
[train:convlstm_stress:H10] epoch=4/10 step=425/1003 loss=0.5640
[train:convlstm_stress:H10] epoch=4/10 step=450/1003 loss=0.5720
[train:convlstm_stress:H10] epoch=4/10 step=475/1003 loss=0.5663
[train:convlstm_stress:H10] epoch=4/10 step=500/1003 loss=0.5083
[train:convlstm_stress:H10] epoch=4/10 step=525/1003 loss=0.5806
[train:convlstm_stress:H10] epoch=4/10 step=550/1003 loss=0.5618
[train:convlstm_stress:H10] epoch=4/10 step=575/1003 loss=0.6349
[train:convlstm_stress:H10] epoch=4/10 step=600/1003 loss=0.5347
[train:convlstm_stress:H10] epoch=4/10 step=625/1003 loss=0.5175
[train:convlstm_stress:H10] epoch=4/10 step=650/1003 loss=0.6342
[train:convlstm_stress:H10] epoch=4/10 step=675/1003 loss=0.5823
[train:convlstm_stress:H10] epoch=4/10 step=700/1003 loss=0.5851
[train:convlstm_stress:H10] epoch=4/10 step=725/1003 loss=0.5945
[train:convlstm_stress:H10] epoch=4/10 step=750/1003 loss=0.5613
[train:convlstm_stress:H10] epoch=4/10 step=775/1003 loss=0.5596
[train:convlstm_stress:H10] epoch=4/10 step=800/1003 loss=0.5631
[train:convlstm_stress:H10] epoch=4/10 step=825/1003 loss=0.5324
[train:convlstm_stress:H10] epoch=4/10 step=850/1003 loss=0.5476
[train:convlstm_stress:H10] epoch=4/10 step=875/1003 loss=0.5929
[train:convlstm_stress:H10] epoch=4/10 step=900/1003 loss=0.5743
[train:convlstm_stress:H10] epoch=4/10 step=925/1003 loss=0.5593
[train:convlstm_stress:H10] epoch=4/10 step=950/1003 loss=0.5556
[train:convlstm_stress:H10] epoch=4/10 step=975/1003 loss=0.5712
[train:convlstm_stress:H10] epoch=4/10 step=1000/1003 loss=0.5832
[epoch] method=convlstm_stress epoch=4 train=0.5710 val=0.4765 best=0.4765
[train:convlstm_stress:H10] epoch=5/10 step=0/1003 loss=0.4176
[train:convlstm_stress:H10] epoch=5/10 step=25/1003 loss=0.5605
[train:convlstm_stress:H10] epoch=5/10 step=50/1003 loss=0.5926
[train:convlstm_stress:H10] epoch=5/10 step=75/1003 loss=0.6166
[train:convlstm_stress:H10] epoch=5/10 step=100/1003 loss=0.5648
[train:convlstm_stress:H10] epoch=5/10 step=125/1003 loss=0.5356
[train:convlstm_stress:H10] epoch=5/10 step=150/1003 loss=0.5587
[train:convlstm_stress:H10] epoch=5/10 step=175/1003 loss=0.5169
[train:convlstm_stress:H10] epoch=5/10 step=200/1003 loss=0.5979
[train:convlstm_stress:H10] epoch=5/10 step=225/1003 loss=0.5371
[train:convlstm_stress:H10] epoch=5/10 step=250/1003 loss=0.5615
[train:convlstm_stress:H10] epoch=5/10 step=275/1003 loss=0.5481
[train:convlstm_stress:H10] epoch=5/10 step=300/1003 loss=0.5573
[train:convlstm_stress:H10] epoch=5/10 step=325/1003 loss=0.5468
[train:convlstm_stress:H10] epoch=5/10 step=350/1003 loss=0.5837
[train:convlstm_stress:H10] epoch=5/10 step=375/1003 loss=0.5398
[train:convlstm_stress:H10] epoch=5/10 step=400/1003 loss=0.5039
[train:convlstm_stress:H10] epoch=5/10 step=425/1003 loss=0.5692
[train:convlstm_stress:H10] epoch=5/10 step=450/1003 loss=0.5909
[train:convlstm_stress:H10] epoch=5/10 step=475/1003 loss=0.5648
[train:convlstm_stress:H10] epoch=5/10 step=500/1003 loss=0.6154
[train:convlstm_stress:H10] epoch=5/10 step=525/1003 loss=0.5511
[train:convlstm_stress:H10] epoch=5/10 step=550/1003 loss=0.5526
[train:convlstm_stress:H10] epoch=5/10 step=575/1003 loss=0.5610
[train:convlstm_stress:H10] epoch=5/10 step=600/1003 loss=0.5829
[train:convlstm_stress:H10] epoch=5/10 step=625/1003 loss=0.5598
[train:convlstm_stress:H10] epoch=5/10 step=650/1003 loss=0.5451
[train:convlstm_stress:H10] epoch=5/10 step=675/1003 loss=0.5510
[train:convlstm_stress:H10] epoch=5/10 step=700/1003 loss=0.5477
[train:convlstm_stress:H10] epoch=5/10 step=725/1003 loss=0.5813
[train:convlstm_stress:H10] epoch=5/10 step=750/1003 loss=0.5448
[train:convlstm_stress:H10] epoch=5/10 step=775/1003 loss=0.5535
[train:convlstm_stress:H10] epoch=5/10 step=800/1003 loss=0.5471
[train:convlstm_stress:H10] epoch=5/10 step=825/1003 loss=0.5667
[train:convlstm_stress:H10] epoch=5/10 step=850/1003 loss=0.5769
[train:convlstm_stress:H10] epoch=5/10 step=875/1003 loss=0.5719
[train:convlstm_stress:H10] epoch=5/10 step=900/1003 loss=0.5699
[train:convlstm_stress:H10] epoch=5/10 step=925/1003 loss=0.5737
[train:convlstm_stress:H10] epoch=5/10 step=950/1003 loss=0.5652
[train:convlstm_stress:H10] epoch=5/10 step=975/1003 loss=0.5722
[train:convlstm_stress:H10] epoch=5/10 step=1000/1003 loss=0.5591
[epoch] method=convlstm_stress epoch=5 train=0.5603 val=0.4846 best=0.4765
[train:convlstm_stress:H10] epoch=6/10 step=0/1003 loss=0.6051
[train:convlstm_stress:H10] epoch=6/10 step=25/1003 loss=0.5707
[train:convlstm_stress:H10] epoch=6/10 step=50/1003 loss=0.5676
[train:convlstm_stress:H10] epoch=6/10 step=75/1003 loss=0.5031
[train:convlstm_stress:H10] epoch=6/10 step=100/1003 loss=0.5112
[train:convlstm_stress:H10] epoch=6/10 step=125/1003 loss=0.5405
[train:convlstm_stress:H10] epoch=6/10 step=150/1003 loss=0.5586
[train:convlstm_stress:H10] epoch=6/10 step=175/1003 loss=0.5531
[train:convlstm_stress:H10] epoch=6/10 step=200/1003 loss=0.5692
[train:convlstm_stress:H10] epoch=6/10 step=225/1003 loss=0.5819
[train:convlstm_stress:H10] epoch=6/10 step=250/1003 loss=0.5441
[train:convlstm_stress:H10] epoch=6/10 step=275/1003 loss=0.5662
[train:convlstm_stress:H10] epoch=6/10 step=300/1003 loss=0.5948
[train:convlstm_stress:H10] epoch=6/10 step=325/1003 loss=0.5514
[train:convlstm_stress:H10] epoch=6/10 step=350/1003 loss=0.5540
[train:convlstm_stress:H10] epoch=6/10 step=375/1003 loss=0.5282
[train:convlstm_stress:H10] epoch=6/10 step=400/1003 loss=0.5629
[train:convlstm_stress:H10] epoch=6/10 step=425/1003 loss=0.5870
[train:convlstm_stress:H10] epoch=6/10 step=450/1003 loss=0.5407
[train:convlstm_stress:H10] epoch=6/10 step=475/1003 loss=0.5314
[train:convlstm_stress:H10] epoch=6/10 step=500/1003 loss=0.5729
[train:convlstm_stress:H10] epoch=6/10 step=525/1003 loss=0.5345
[train:convlstm_stress:H10] epoch=6/10 step=550/1003 loss=0.5507
[train:convlstm_stress:H10] epoch=6/10 step=575/1003 loss=0.5653
[train:convlstm_stress:H10] epoch=6/10 step=600/1003 loss=0.5746
[train:convlstm_stress:H10] epoch=6/10 step=625/1003 loss=0.5584
[train:convlstm_stress:H10] epoch=6/10 step=650/1003 loss=0.5624
[train:convlstm_stress:H10] epoch=6/10 step=675/1003 loss=0.5472
[train:convlstm_stress:H10] epoch=6/10 step=700/1003 loss=0.5697
[train:convlstm_stress:H10] epoch=6/10 step=725/1003 loss=0.5280
[train:convlstm_stress:H10] epoch=6/10 step=750/1003 loss=0.5481
[train:convlstm_stress:H10] epoch=6/10 step=775/1003 loss=0.5472
[train:convlstm_stress:H10] epoch=6/10 step=800/1003 loss=0.5387
[train:convlstm_stress:H10] epoch=6/10 step=825/1003 loss=0.5216
[train:convlstm_stress:H10] epoch=6/10 step=850/1003 loss=0.5599
[train:convlstm_stress:H10] epoch=6/10 step=875/1003 loss=0.5039
[train:convlstm_stress:H10] epoch=6/10 step=900/1003 loss=0.6004
[train:convlstm_stress:H10] epoch=6/10 step=925/1003 loss=0.5182
[train:convlstm_stress:H10] epoch=6/10 step=950/1003 loss=0.5496
[train:convlstm_stress:H10] epoch=6/10 step=975/1003 loss=0.5943
[train:convlstm_stress:H10] epoch=6/10 step=1000/1003 loss=0.5224
[epoch] method=convlstm_stress epoch=6 train=0.5530 val=0.4810 best=0.4765
[train:convlstm_stress:H10] epoch=7/10 step=0/1003 loss=0.7571
[train:convlstm_stress:H10] epoch=7/10 step=25/1003 loss=0.5735
[train:convlstm_stress:H10] epoch=7/10 step=50/1003 loss=0.5568
[train:convlstm_stress:H10] epoch=7/10 step=75/1003 loss=0.5611
[train:convlstm_stress:H10] epoch=7/10 step=100/1003 loss=0.5395
[train:convlstm_stress:H10] epoch=7/10 step=125/1003 loss=0.5600
[train:convlstm_stress:H10] epoch=7/10 step=150/1003 loss=0.5403
[train:convlstm_stress:H10] epoch=7/10 step=175/1003 loss=0.5795
[train:convlstm_stress:H10] epoch=7/10 step=200/1003 loss=0.5288
[train:convlstm_stress:H10] epoch=7/10 step=225/1003 loss=0.5839
[train:convlstm_stress:H10] epoch=7/10 step=250/1003 loss=0.5693
[train:convlstm_stress:H10] epoch=7/10 step=275/1003 loss=0.5447
[train:convlstm_stress:H10] epoch=7/10 step=300/1003 loss=0.5099
[train:convlstm_stress:H10] epoch=7/10 step=325/1003 loss=0.5247
[train:convlstm_stress:H10] epoch=7/10 step=350/1003 loss=0.5294
[train:convlstm_stress:H10] epoch=7/10 step=375/1003 loss=0.5927
[train:convlstm_stress:H10] epoch=7/10 step=400/1003 loss=0.5554
[train:convlstm_stress:H10] epoch=7/10 step=425/1003 loss=0.5322
[train:convlstm_stress:H10] epoch=7/10 step=450/1003 loss=0.5697
[train:convlstm_stress:H10] epoch=7/10 step=475/1003 loss=0.5610
[train:convlstm_stress:H10] epoch=7/10 step=500/1003 loss=0.5791
[train:convlstm_stress:H10] epoch=7/10 step=525/1003 loss=0.5183
[train:convlstm_stress:H10] epoch=7/10 step=550/1003 loss=0.5269
[train:convlstm_stress:H10] epoch=7/10 step=575/1003 loss=0.5334
[train:convlstm_stress:H10] epoch=7/10 step=600/1003 loss=0.5516
[train:convlstm_stress:H10] epoch=7/10 step=625/1003 loss=0.5417
[train:convlstm_stress:H10] epoch=7/10 step=650/1003 loss=0.5333
[train:convlstm_stress:H10] epoch=7/10 step=675/1003 loss=0.5490
[train:convlstm_stress:H10] epoch=7/10 step=700/1003 loss=0.5743
[train:convlstm_stress:H10] epoch=7/10 step=725/1003 loss=0.5408
[train:convlstm_stress:H10] epoch=7/10 step=750/1003 loss=0.5530
[train:convlstm_stress:H10] epoch=7/10 step=775/1003 loss=0.5538
[train:convlstm_stress:H10] epoch=7/10 step=800/1003 loss=0.5179
[train:convlstm_stress:H10] epoch=7/10 step=825/1003 loss=0.5166
[train:convlstm_stress:H10] epoch=7/10 step=850/1003 loss=0.5469
[train:convlstm_stress:H10] epoch=7/10 step=875/1003 loss=0.5257
[train:convlstm_stress:H10] epoch=7/10 step=900/1003 loss=0.5452
[train:convlstm_stress:H10] epoch=7/10 step=925/1003 loss=0.5530
[train:convlstm_stress:H10] epoch=7/10 step=950/1003 loss=0.5423
[train:convlstm_stress:H10] epoch=7/10 step=975/1003 loss=0.5589
[train:convlstm_stress:H10] epoch=7/10 step=1000/1003 loss=0.5396
[epoch] method=convlstm_stress epoch=7 train=0.5458 val=0.4809 best=0.4765
[train:convlstm_stress:H10] epoch=8/10 step=0/1003 loss=0.6894
[train:convlstm_stress:H10] epoch=8/10 step=25/1003 loss=0.5427
[train:convlstm_stress:H10] epoch=8/10 step=50/1003 loss=0.5240
[train:convlstm_stress:H10] epoch=8/10 step=75/1003 loss=0.5111
[train:convlstm_stress:H10] epoch=8/10 step=100/1003 loss=0.5331
[train:convlstm_stress:H10] epoch=8/10 step=125/1003 loss=0.5306
[train:convlstm_stress:H10] epoch=8/10 step=150/1003 loss=0.5276
[train:convlstm_stress:H10] epoch=8/10 step=175/1003 loss=0.5869
[train:convlstm_stress:H10] epoch=8/10 step=200/1003 loss=0.5290
[train:convlstm_stress:H10] epoch=8/10 step=225/1003 loss=0.5765
[train:convlstm_stress:H10] epoch=8/10 step=250/1003 loss=0.5741
[train:convlstm_stress:H10] epoch=8/10 step=275/1003 loss=0.5163
[train:convlstm_stress:H10] epoch=8/10 step=300/1003 loss=0.5402
[train:convlstm_stress:H10] epoch=8/10 step=325/1003 loss=0.5339
[train:convlstm_stress:H10] epoch=8/10 step=350/1003 loss=0.5636
[train:convlstm_stress:H10] epoch=8/10 step=375/1003 loss=0.5701
[train:convlstm_stress:H10] epoch=8/10 step=400/1003 loss=0.5369
[train:convlstm_stress:H10] epoch=8/10 step=425/1003 loss=0.5200
[train:convlstm_stress:H10] epoch=8/10 step=450/1003 loss=0.5415
[train:convlstm_stress:H10] epoch=8/10 step=475/1003 loss=0.5265
[train:convlstm_stress:H10] epoch=8/10 step=500/1003 loss=0.5155
[train:convlstm_stress:H10] epoch=8/10 step=525/1003 loss=0.5571
[train:convlstm_stress:H10] epoch=8/10 step=550/1003 loss=0.5299
[train:convlstm_stress:H10] epoch=8/10 step=575/1003 loss=0.5012
[train:convlstm_stress:H10] epoch=8/10 step=600/1003 loss=0.4992
[train:convlstm_stress:H10] epoch=8/10 step=625/1003 loss=0.5226
[train:convlstm_stress:H10] epoch=8/10 step=650/1003 loss=0.5217
[train:convlstm_stress:H10] epoch=8/10 step=675/1003 loss=0.5327
[train:convlstm_stress:H10] epoch=8/10 step=700/1003 loss=0.5560
[train:convlstm_stress:H10] epoch=8/10 step=725/1003 loss=0.5362
[train:convlstm_stress:H10] epoch=8/10 step=750/1003 loss=0.5316
[train:convlstm_stress:H10] epoch=8/10 step=775/1003 loss=0.5862
[train:convlstm_stress:H10] epoch=8/10 step=800/1003 loss=0.5599
[train:convlstm_stress:H10] epoch=8/10 step=825/1003 loss=0.5381
[train:convlstm_stress:H10] epoch=8/10 step=850/1003 loss=0.5749
[train:convlstm_stress:H10] epoch=8/10 step=875/1003 loss=0.5383
[train:convlstm_stress:H10] epoch=8/10 step=900/1003 loss=0.5196
[train:convlstm_stress:H10] epoch=8/10 step=925/1003 loss=0.5603
[train:convlstm_stress:H10] epoch=8/10 step=950/1003 loss=0.5388
[train:convlstm_stress:H10] epoch=8/10 step=975/1003 loss=0.5808
[train:convlstm_stress:H10] epoch=8/10 step=1000/1003 loss=0.5539
[epoch] method=convlstm_stress epoch=8 train=0.5381 val=0.4769 best=0.4765
[train:convlstm_stress:H10] epoch=9/10 step=0/1003 loss=0.5317
[train:convlstm_stress:H10] epoch=9/10 step=25/1003 loss=0.5019
[train:convlstm_stress:H10] epoch=9/10 step=50/1003 loss=0.5665
[train:convlstm_stress:H10] epoch=9/10 step=75/1003 loss=0.5323
[train:convlstm_stress:H10] epoch=9/10 step=100/1003 loss=0.5615
[train:convlstm_stress:H10] epoch=9/10 step=125/1003 loss=0.5489
[train:convlstm_stress:H10] epoch=9/10 step=150/1003 loss=0.4911
[train:convlstm_stress:H10] epoch=9/10 step=175/1003 loss=0.5585
[train:convlstm_stress:H10] epoch=9/10 step=200/1003 loss=0.5455
[train:convlstm_stress:H10] epoch=9/10 step=225/1003 loss=0.4923
[train:convlstm_stress:H10] epoch=9/10 step=250/1003 loss=0.5313
[train:convlstm_stress:H10] epoch=9/10 step=275/1003 loss=0.5043
[train:convlstm_stress:H10] epoch=9/10 step=300/1003 loss=0.5186
[train:convlstm_stress:H10] epoch=9/10 step=325/1003 loss=0.5070
[train:convlstm_stress:H10] epoch=9/10 step=350/1003 loss=0.5330
[train:convlstm_stress:H10] epoch=9/10 step=375/1003 loss=0.5441
[train:convlstm_stress:H10] epoch=9/10 step=400/1003 loss=0.5151
[train:convlstm_stress:H10] epoch=9/10 step=425/1003 loss=0.5296
[train:convlstm_stress:H10] epoch=9/10 step=450/1003 loss=0.5623
[train:convlstm_stress:H10] epoch=9/10 step=475/1003 loss=0.5030
[train:convlstm_stress:H10] epoch=9/10 step=500/1003 loss=0.5581
[train:convlstm_stress:H10] epoch=9/10 step=525/1003 loss=0.5395
[train:convlstm_stress:H10] epoch=9/10 step=550/1003 loss=0.5524
[train:convlstm_stress:H10] epoch=9/10 step=575/1003 loss=0.5991
[train:convlstm_stress:H10] epoch=9/10 step=600/1003 loss=0.5144
[train:convlstm_stress:H10] epoch=9/10 step=625/1003 loss=0.5114
[train:convlstm_stress:H10] epoch=9/10 step=650/1003 loss=0.5217
[train:convlstm_stress:H10] epoch=9/10 step=675/1003 loss=0.5245
[train:convlstm_stress:H10] epoch=9/10 step=700/1003 loss=0.5568
[train:convlstm_stress:H10] epoch=9/10 step=725/1003 loss=0.5391
[train:convlstm_stress:H10] epoch=9/10 step=750/1003 loss=0.5373
[train:convlstm_stress:H10] epoch=9/10 step=775/1003 loss=0.5395
[train:convlstm_stress:H10] epoch=9/10 step=800/1003 loss=0.5813
[train:convlstm_stress:H10] epoch=9/10 step=825/1003 loss=0.5372
[train:convlstm_stress:H10] epoch=9/10 step=850/1003 loss=0.5435
[train:convlstm_stress:H10] epoch=9/10 step=875/1003 loss=0.5394
[train:convlstm_stress:H10] epoch=9/10 step=900/1003 loss=0.5587
[train:convlstm_stress:H10] epoch=9/10 step=925/1003 loss=0.5397
[train:convlstm_stress:H10] epoch=9/10 step=950/1003 loss=0.5352
[train:convlstm_stress:H10] epoch=9/10 step=975/1003 loss=0.5307
[train:convlstm_stress:H10] epoch=9/10 step=1000/1003 loss=0.5207
[epoch] method=convlstm_stress epoch=9 train=0.5324 val=0.4776 best=0.4765
[train:convlstm_stress:H10] epoch=10/10 step=0/1003 loss=0.4493
[train:convlstm_stress:H10] epoch=10/10 step=25/1003 loss=0.5136
[train:convlstm_stress:H10] epoch=10/10 step=50/1003 loss=0.5261
[train:convlstm_stress:H10] epoch=10/10 step=75/1003 loss=0.5083
[train:convlstm_stress:H10] epoch=10/10 step=100/1003 loss=0.5355
[train:convlstm_stress:H10] epoch=10/10 step=125/1003 loss=0.5127
[train:convlstm_stress:H10] epoch=10/10 step=150/1003 loss=0.4994
[train:convlstm_stress:H10] epoch=10/10 step=175/1003 loss=0.5199
[train:convlstm_stress:H10] epoch=10/10 step=200/1003 loss=0.5284
[train:convlstm_stress:H10] epoch=10/10 step=225/1003 loss=0.5092
[train:convlstm_stress:H10] epoch=10/10 step=250/1003 loss=0.4992
[train:convlstm_stress:H10] epoch=10/10 step=275/1003 loss=0.5844
[train:convlstm_stress:H10] epoch=10/10 step=300/1003 loss=0.5268
[train:convlstm_stress:H10] epoch=10/10 step=325/1003 loss=0.5459
[train:convlstm_stress:H10] epoch=10/10 step=350/1003 loss=0.5266
[train:convlstm_stress:H10] epoch=10/10 step=375/1003 loss=0.5468
[train:convlstm_stress:H10] epoch=10/10 step=400/1003 loss=0.5621
[train:convlstm_stress:H10] epoch=10/10 step=425/1003 loss=0.5339
[train:convlstm_stress:H10] epoch=10/10 step=450/1003 loss=0.5230
[train:convlstm_stress:H10] epoch=10/10 step=475/1003 loss=0.5391
[train:convlstm_stress:H10] epoch=10/10 step=500/1003 loss=0.5348
[train:convlstm_stress:H10] epoch=10/10 step=525/1003 loss=0.5365
[train:convlstm_stress:H10] epoch=10/10 step=550/1003 loss=0.5392
[train:convlstm_stress:H10] epoch=10/10 step=575/1003 loss=0.5394
[train:convlstm_stress:H10] epoch=10/10 step=600/1003 loss=0.5101
[train:convlstm_stress:H10] epoch=10/10 step=625/1003 loss=0.5114
[train:convlstm_stress:H10] epoch=10/10 step=650/1003 loss=0.5064
[train:convlstm_stress:H10] epoch=10/10 step=675/1003 loss=0.5581
[train:convlstm_stress:H10] epoch=10/10 step=700/1003 loss=0.5322
[train:convlstm_stress:H10] epoch=10/10 step=725/1003 loss=0.5371
[train:convlstm_stress:H10] epoch=10/10 step=750/1003 loss=0.5086
[train:convlstm_stress:H10] epoch=10/10 step=775/1003 loss=0.5253
[train:convlstm_stress:H10] epoch=10/10 step=800/1003 loss=0.5051
[train:convlstm_stress:H10] epoch=10/10 step=825/1003 loss=0.5291
[train:convlstm_stress:H10] epoch=10/10 step=850/1003 loss=0.5222
[train:convlstm_stress:H10] epoch=10/10 step=875/1003 loss=0.4948
[train:convlstm_stress:H10] epoch=10/10 step=900/1003 loss=0.5170
[train:convlstm_stress:H10] epoch=10/10 step=925/1003 loss=0.5275
[train:convlstm_stress:H10] epoch=10/10 step=950/1003 loss=0.5640
[train:convlstm_stress:H10] epoch=10/10 step=975/1003 loss=0.4850
[train:convlstm_stress:H10] epoch=10/10 step=1000/1003 loss=0.4936
[epoch] method=convlstm_stress epoch=10 train=0.5272 val=0.4749 best=0.4749
[done train] /home/tahiti/SafeObjWorld/runs_v2_full/models/convlstm_stress/H10/best.pt
