====================================================================================================
SafeObjWorld V2 runner
{
  "mode": "train",
  "dataset_root": "/home/tahiti/SafeObjWorld/data/DAVIS2017",
  "run_root": "/home/tahiti/SafeObjWorld/runs_v2_full",
  "year": "2017",
  "method": "safeobjworld_r_mask_only",
  "stress": "clean",
  "prefix_len": 3,
  "max_h": 5,
  "image_size": 192,
  "batch_size": 8,
  "epochs": 10,
  "lr": 0.0002,
  "weight_decay": 0.0001,
  "max_train_samples": 0,
  "max_val_samples": 0,
  "num_workers": 4,
  "seed": 42,
  "eval_k_override": 0,
  "amp": true,
  "cpu": false,
  "skip_existing": true,
  "log_every": 25
}
====================================================================================================
[train] method=safeobjworld_r_mask_only device=cuda cfg={'stress_train': True, 'temporal_weight': 0.05, 'split_weight': 0.005, 'area_weight': 0.1, 'mc_eval': True, 'eval_k': 5}
[train:safeobjworld_r_mask_only:H5] epoch=1/10 step=0/1086 loss=1.6342
[train:safeobjworld_r_mask_only:H5] epoch=1/10 step=25/1086 loss=1.5965
[train:safeobjworld_r_mask_only:H5] epoch=1/10 step=50/1086 loss=0.9884
[train:safeobjworld_r_mask_only:H5] epoch=1/10 step=75/1086 loss=0.6790
[train:safeobjworld_r_mask_only:H5] epoch=1/10 step=100/1086 loss=0.5744
[train:safeobjworld_r_mask_only:H5] epoch=1/10 step=125/1086 loss=0.6229
[train:safeobjworld_r_mask_only:H5] epoch=1/10 step=150/1086 loss=0.5971
[train:safeobjworld_r_mask_only:H5] epoch=1/10 step=175/1086 loss=0.5520
[train:safeobjworld_r_mask_only:H5] epoch=1/10 step=200/1086 loss=0.5677
[train:safeobjworld_r_mask_only:H5] epoch=1/10 step=225/1086 loss=0.5627
[train:safeobjworld_r_mask_only:H5] epoch=1/10 step=250/1086 loss=0.5685
[train:safeobjworld_r_mask_only:H5] epoch=1/10 step=275/1086 loss=0.5949
[train:safeobjworld_r_mask_only:H5] epoch=1/10 step=300/1086 loss=0.5571
[train:safeobjworld_r_mask_only:H5] epoch=1/10 step=325/1086 loss=0.5494
[train:safeobjworld_r_mask_only:H5] epoch=1/10 step=350/1086 loss=0.5272
[train:safeobjworld_r_mask_only:H5] epoch=1/10 step=375/1086 loss=0.5309
[train:safeobjworld_r_mask_only:H5] epoch=1/10 step=400/1086 loss=0.5648
[train:safeobjworld_r_mask_only:H5] epoch=1/10 step=425/1086 loss=0.5106
[train:safeobjworld_r_mask_only:H5] epoch=1/10 step=450/1086 loss=0.5374
[train:safeobjworld_r_mask_only:H5] epoch=1/10 step=475/1086 loss=0.5284
[train:safeobjworld_r_mask_only:H5] epoch=1/10 step=500/1086 loss=0.5332
[train:safeobjworld_r_mask_only:H5] epoch=1/10 step=525/1086 loss=0.5403
[train:safeobjworld_r_mask_only:H5] epoch=1/10 step=550/1086 loss=0.5424
[train:safeobjworld_r_mask_only:H5] epoch=1/10 step=575/1086 loss=0.5247
[train:safeobjworld_r_mask_only:H5] epoch=1/10 step=600/1086 loss=0.5014
[train:safeobjworld_r_mask_only:H5] epoch=1/10 step=625/1086 loss=0.5517
[train:safeobjworld_r_mask_only:H5] epoch=1/10 step=650/1086 loss=0.5995
[train:safeobjworld_r_mask_only:H5] epoch=1/10 step=675/1086 loss=0.4835
[train:safeobjworld_r_mask_only:H5] epoch=1/10 step=700/1086 loss=0.5295
[train:safeobjworld_r_mask_only:H5] epoch=1/10 step=725/1086 loss=0.5042
[train:safeobjworld_r_mask_only:H5] epoch=1/10 step=750/1086 loss=0.5230
[train:safeobjworld_r_mask_only:H5] epoch=1/10 step=775/1086 loss=0.4998
[train:safeobjworld_r_mask_only:H5] epoch=1/10 step=800/1086 loss=0.4910
[train:safeobjworld_r_mask_only:H5] epoch=1/10 step=825/1086 loss=0.5272
[train:safeobjworld_r_mask_only:H5] epoch=1/10 step=850/1086 loss=0.4787
[train:safeobjworld_r_mask_only:H5] epoch=1/10 step=875/1086 loss=0.5364
[train:safeobjworld_r_mask_only:H5] epoch=1/10 step=900/1086 loss=0.5240
[train:safeobjworld_r_mask_only:H5] epoch=1/10 step=925/1086 loss=0.5342
[train:safeobjworld_r_mask_only:H5] epoch=1/10 step=950/1086 loss=0.5121
[train:safeobjworld_r_mask_only:H5] epoch=1/10 step=975/1086 loss=0.5078
[train:safeobjworld_r_mask_only:H5] epoch=1/10 step=1000/1086 loss=0.5420
[train:safeobjworld_r_mask_only:H5] epoch=1/10 step=1025/1086 loss=0.5117
[train:safeobjworld_r_mask_only:H5] epoch=1/10 step=1050/1086 loss=0.5137
[train:safeobjworld_r_mask_only:H5] epoch=1/10 step=1075/1086 loss=0.5247
[epoch] method=safeobjworld_r_mask_only epoch=1 train=0.5768 val=0.3777 best=0.3777
[train:safeobjworld_r_mask_only:H5] epoch=2/10 step=0/1086 loss=0.5193
[train:safeobjworld_r_mask_only:H5] epoch=2/10 step=25/1086 loss=0.5220
[train:safeobjworld_r_mask_only:H5] epoch=2/10 step=50/1086 loss=0.4953
[train:safeobjworld_r_mask_only:H5] epoch=2/10 step=75/1086 loss=0.4859
[train:safeobjworld_r_mask_only:H5] epoch=2/10 step=100/1086 loss=0.4896
[train:safeobjworld_r_mask_only:H5] epoch=2/10 step=125/1086 loss=0.4942
[train:safeobjworld_r_mask_only:H5] epoch=2/10 step=150/1086 loss=0.4831
[train:safeobjworld_r_mask_only:H5] epoch=2/10 step=175/1086 loss=0.5073
[train:safeobjworld_r_mask_only:H5] epoch=2/10 step=200/1086 loss=0.5209
[train:safeobjworld_r_mask_only:H5] epoch=2/10 step=225/1086 loss=0.5096
[train:safeobjworld_r_mask_only:H5] epoch=2/10 step=250/1086 loss=0.4821
[train:safeobjworld_r_mask_only:H5] epoch=2/10 step=275/1086 loss=0.5262
[train:safeobjworld_r_mask_only:H5] epoch=2/10 step=300/1086 loss=0.4877
[train:safeobjworld_r_mask_only:H5] epoch=2/10 step=325/1086 loss=0.4595
[train:safeobjworld_r_mask_only:H5] epoch=2/10 step=350/1086 loss=0.4710
[train:safeobjworld_r_mask_only:H5] epoch=2/10 step=375/1086 loss=0.4984
[train:safeobjworld_r_mask_only:H5] epoch=2/10 step=400/1086 loss=0.5127
[train:safeobjworld_r_mask_only:H5] epoch=2/10 step=425/1086 loss=0.4936
[train:safeobjworld_r_mask_only:H5] epoch=2/10 step=450/1086 loss=0.5227
[train:safeobjworld_r_mask_only:H5] epoch=2/10 step=475/1086 loss=0.4883
[train:safeobjworld_r_mask_only:H5] epoch=2/10 step=500/1086 loss=0.4960
[train:safeobjworld_r_mask_only:H5] epoch=2/10 step=525/1086 loss=0.4888
[train:safeobjworld_r_mask_only:H5] epoch=2/10 step=550/1086 loss=0.5239
[train:safeobjworld_r_mask_only:H5] epoch=2/10 step=575/1086 loss=0.5071
[train:safeobjworld_r_mask_only:H5] epoch=2/10 step=600/1086 loss=0.4594
[train:safeobjworld_r_mask_only:H5] epoch=2/10 step=625/1086 loss=0.4961
[train:safeobjworld_r_mask_only:H5] epoch=2/10 step=650/1086 loss=0.5154
[train:safeobjworld_r_mask_only:H5] epoch=2/10 step=675/1086 loss=0.4910
[train:safeobjworld_r_mask_only:H5] epoch=2/10 step=700/1086 loss=0.4792
[train:safeobjworld_r_mask_only:H5] epoch=2/10 step=725/1086 loss=0.4892
[train:safeobjworld_r_mask_only:H5] epoch=2/10 step=750/1086 loss=0.5253
[train:safeobjworld_r_mask_only:H5] epoch=2/10 step=775/1086 loss=0.5026
[train:safeobjworld_r_mask_only:H5] epoch=2/10 step=800/1086 loss=0.4893
[train:safeobjworld_r_mask_only:H5] epoch=2/10 step=825/1086 loss=0.5018
[train:safeobjworld_r_mask_only:H5] epoch=2/10 step=850/1086 loss=0.4880
[train:safeobjworld_r_mask_only:H5] epoch=2/10 step=875/1086 loss=0.4916
[train:safeobjworld_r_mask_only:H5] epoch=2/10 step=900/1086 loss=0.4904
[train:safeobjworld_r_mask_only:H5] epoch=2/10 step=925/1086 loss=0.4675
[train:safeobjworld_r_mask_only:H5] epoch=2/10 step=950/1086 loss=0.4675
[train:safeobjworld_r_mask_only:H5] epoch=2/10 step=975/1086 loss=0.4697
[train:safeobjworld_r_mask_only:H5] epoch=2/10 step=1000/1086 loss=0.5009
[train:safeobjworld_r_mask_only:H5] epoch=2/10 step=1025/1086 loss=0.5069
[train:safeobjworld_r_mask_only:H5] epoch=2/10 step=1050/1086 loss=0.5090
[train:safeobjworld_r_mask_only:H5] epoch=2/10 step=1075/1086 loss=0.4502
[epoch] method=safeobjworld_r_mask_only epoch=2 train=0.4954 val=0.3796 best=0.3777
[train:safeobjworld_r_mask_only:H5] epoch=3/10 step=0/1086 loss=0.4166
[train:safeobjworld_r_mask_only:H5] epoch=3/10 step=25/1086 loss=0.4551
[train:safeobjworld_r_mask_only:H5] epoch=3/10 step=50/1086 loss=0.4721
[train:safeobjworld_r_mask_only:H5] epoch=3/10 step=75/1086 loss=0.5113
[train:safeobjworld_r_mask_only:H5] epoch=3/10 step=100/1086 loss=0.4965
[train:safeobjworld_r_mask_only:H5] epoch=3/10 step=125/1086 loss=0.5067
[train:safeobjworld_r_mask_only:H5] epoch=3/10 step=150/1086 loss=0.4686
[train:safeobjworld_r_mask_only:H5] epoch=3/10 step=175/1086 loss=0.4425
[train:safeobjworld_r_mask_only:H5] epoch=3/10 step=200/1086 loss=0.4796
[train:safeobjworld_r_mask_only:H5] epoch=3/10 step=225/1086 loss=0.5069
[train:safeobjworld_r_mask_only:H5] epoch=3/10 step=250/1086 loss=0.5181
[train:safeobjworld_r_mask_only:H5] epoch=3/10 step=275/1086 loss=0.5167
[train:safeobjworld_r_mask_only:H5] epoch=3/10 step=300/1086 loss=0.5132
[train:safeobjworld_r_mask_only:H5] epoch=3/10 step=325/1086 loss=0.4518
[train:safeobjworld_r_mask_only:H5] epoch=3/10 step=350/1086 loss=0.4964
[train:safeobjworld_r_mask_only:H5] epoch=3/10 step=375/1086 loss=0.4911
[train:safeobjworld_r_mask_only:H5] epoch=3/10 step=400/1086 loss=0.4784
[train:safeobjworld_r_mask_only:H5] epoch=3/10 step=425/1086 loss=0.4831
[train:safeobjworld_r_mask_only:H5] epoch=3/10 step=450/1086 loss=0.4793
[train:safeobjworld_r_mask_only:H5] epoch=3/10 step=475/1086 loss=0.5062
[train:safeobjworld_r_mask_only:H5] epoch=3/10 step=500/1086 loss=0.5065
[train:safeobjworld_r_mask_only:H5] epoch=3/10 step=525/1086 loss=0.4838
[train:safeobjworld_r_mask_only:H5] epoch=3/10 step=550/1086 loss=0.5124
[train:safeobjworld_r_mask_only:H5] epoch=3/10 step=575/1086 loss=0.4782
[train:safeobjworld_r_mask_only:H5] epoch=3/10 step=600/1086 loss=0.4749
[train:safeobjworld_r_mask_only:H5] epoch=3/10 step=625/1086 loss=0.4666
[train:safeobjworld_r_mask_only:H5] epoch=3/10 step=650/1086 loss=0.4665
[train:safeobjworld_r_mask_only:H5] epoch=3/10 step=675/1086 loss=0.4247
[train:safeobjworld_r_mask_only:H5] epoch=3/10 step=700/1086 loss=0.4810
[train:safeobjworld_r_mask_only:H5] epoch=3/10 step=725/1086 loss=0.4543
[train:safeobjworld_r_mask_only:H5] epoch=3/10 step=750/1086 loss=0.4980
[train:safeobjworld_r_mask_only:H5] epoch=3/10 step=775/1086 loss=0.4885
[train:safeobjworld_r_mask_only:H5] epoch=3/10 step=800/1086 loss=0.4689
[train:safeobjworld_r_mask_only:H5] epoch=3/10 step=825/1086 loss=0.4646
[train:safeobjworld_r_mask_only:H5] epoch=3/10 step=850/1086 loss=0.4350
[train:safeobjworld_r_mask_only:H5] epoch=3/10 step=875/1086 loss=0.4823
[train:safeobjworld_r_mask_only:H5] epoch=3/10 step=900/1086 loss=0.5219
[train:safeobjworld_r_mask_only:H5] epoch=3/10 step=925/1086 loss=0.4475
[train:safeobjworld_r_mask_only:H5] epoch=3/10 step=950/1086 loss=0.4832
[train:safeobjworld_r_mask_only:H5] epoch=3/10 step=975/1086 loss=0.4869
[train:safeobjworld_r_mask_only:H5] epoch=3/10 step=1000/1086 loss=0.4707
[train:safeobjworld_r_mask_only:H5] epoch=3/10 step=1025/1086 loss=0.4512
[train:safeobjworld_r_mask_only:H5] epoch=3/10 step=1050/1086 loss=0.4600
[train:safeobjworld_r_mask_only:H5] epoch=3/10 step=1075/1086 loss=0.5181
[epoch] method=safeobjworld_r_mask_only epoch=3 train=0.4790 val=0.3779 best=0.3777
[train:safeobjworld_r_mask_only:H5] epoch=4/10 step=0/1086 loss=0.4158
[train:safeobjworld_r_mask_only:H5] epoch=4/10 step=25/1086 loss=0.4140
[train:safeobjworld_r_mask_only:H5] epoch=4/10 step=50/1086 loss=0.4445
[train:safeobjworld_r_mask_only:H5] epoch=4/10 step=75/1086 loss=0.4881
[train:safeobjworld_r_mask_only:H5] epoch=4/10 step=100/1086 loss=0.4679
[train:safeobjworld_r_mask_only:H5] epoch=4/10 step=125/1086 loss=0.4906
[train:safeobjworld_r_mask_only:H5] epoch=4/10 step=150/1086 loss=0.4667
[train:safeobjworld_r_mask_only:H5] epoch=4/10 step=175/1086 loss=0.5056
[train:safeobjworld_r_mask_only:H5] epoch=4/10 step=200/1086 loss=0.4570
[train:safeobjworld_r_mask_only:H5] epoch=4/10 step=225/1086 loss=0.4867
[train:safeobjworld_r_mask_only:H5] epoch=4/10 step=250/1086 loss=0.4926
[train:safeobjworld_r_mask_only:H5] epoch=4/10 step=275/1086 loss=0.4801
[train:safeobjworld_r_mask_only:H5] epoch=4/10 step=300/1086 loss=0.4341
[train:safeobjworld_r_mask_only:H5] epoch=4/10 step=325/1086 loss=0.4717
[train:safeobjworld_r_mask_only:H5] epoch=4/10 step=350/1086 loss=0.4753
[train:safeobjworld_r_mask_only:H5] epoch=4/10 step=375/1086 loss=0.4490
[train:safeobjworld_r_mask_only:H5] epoch=4/10 step=400/1086 loss=0.4860
[train:safeobjworld_r_mask_only:H5] epoch=4/10 step=425/1086 loss=0.5003
[train:safeobjworld_r_mask_only:H5] epoch=4/10 step=450/1086 loss=0.4319
[train:safeobjworld_r_mask_only:H5] epoch=4/10 step=475/1086 loss=0.4560
[train:safeobjworld_r_mask_only:H5] epoch=4/10 step=500/1086 loss=0.4880
[train:safeobjworld_r_mask_only:H5] epoch=4/10 step=525/1086 loss=0.4653
[train:safeobjworld_r_mask_only:H5] epoch=4/10 step=550/1086 loss=0.4642
[train:safeobjworld_r_mask_only:H5] epoch=4/10 step=575/1086 loss=0.4500
[train:safeobjworld_r_mask_only:H5] epoch=4/10 step=600/1086 loss=0.5091
[train:safeobjworld_r_mask_only:H5] epoch=4/10 step=625/1086 loss=0.4760
[train:safeobjworld_r_mask_only:H5] epoch=4/10 step=650/1086 loss=0.4775
[train:safeobjworld_r_mask_only:H5] epoch=4/10 step=675/1086 loss=0.4619
[train:safeobjworld_r_mask_only:H5] epoch=4/10 step=700/1086 loss=0.4680
[train:safeobjworld_r_mask_only:H5] epoch=4/10 step=725/1086 loss=0.4496
[train:safeobjworld_r_mask_only:H5] epoch=4/10 step=750/1086 loss=0.4223
[train:safeobjworld_r_mask_only:H5] epoch=4/10 step=775/1086 loss=0.4825
[train:safeobjworld_r_mask_only:H5] epoch=4/10 step=800/1086 loss=0.4922
[train:safeobjworld_r_mask_only:H5] epoch=4/10 step=825/1086 loss=0.4487
[train:safeobjworld_r_mask_only:H5] epoch=4/10 step=850/1086 loss=0.4984
[train:safeobjworld_r_mask_only:H5] epoch=4/10 step=875/1086 loss=0.4664
[train:safeobjworld_r_mask_only:H5] epoch=4/10 step=900/1086 loss=0.4654
[train:safeobjworld_r_mask_only:H5] epoch=4/10 step=925/1086 loss=0.4392
[train:safeobjworld_r_mask_only:H5] epoch=4/10 step=950/1086 loss=0.4244
[train:safeobjworld_r_mask_only:H5] epoch=4/10 step=975/1086 loss=0.4907
[train:safeobjworld_r_mask_only:H5] epoch=4/10 step=1000/1086 loss=0.4584
[train:safeobjworld_r_mask_only:H5] epoch=4/10 step=1025/1086 loss=0.4612
[train:safeobjworld_r_mask_only:H5] epoch=4/10 step=1050/1086 loss=0.4200
[train:safeobjworld_r_mask_only:H5] epoch=4/10 step=1075/1086 loss=0.4736
[epoch] method=safeobjworld_r_mask_only epoch=4 train=0.4693 val=0.3735 best=0.3735
[train:safeobjworld_r_mask_only:H5] epoch=5/10 step=0/1086 loss=0.5593
[train:safeobjworld_r_mask_only:H5] epoch=5/10 step=25/1086 loss=0.4637
[train:safeobjworld_r_mask_only:H5] epoch=5/10 step=50/1086 loss=0.4203
[train:safeobjworld_r_mask_only:H5] epoch=5/10 step=75/1086 loss=0.4727
[train:safeobjworld_r_mask_only:H5] epoch=5/10 step=100/1086 loss=0.4716
[train:safeobjworld_r_mask_only:H5] epoch=5/10 step=125/1086 loss=0.4448
[train:safeobjworld_r_mask_only:H5] epoch=5/10 step=150/1086 loss=0.4886
[train:safeobjworld_r_mask_only:H5] epoch=5/10 step=175/1086 loss=0.4437
[train:safeobjworld_r_mask_only:H5] epoch=5/10 step=200/1086 loss=0.4516
[train:safeobjworld_r_mask_only:H5] epoch=5/10 step=225/1086 loss=0.4812
[train:safeobjworld_r_mask_only:H5] epoch=5/10 step=250/1086 loss=0.4566
[train:safeobjworld_r_mask_only:H5] epoch=5/10 step=275/1086 loss=0.4304
[train:safeobjworld_r_mask_only:H5] epoch=5/10 step=300/1086 loss=0.4953
[train:safeobjworld_r_mask_only:H5] epoch=5/10 step=325/1086 loss=0.5027
[train:safeobjworld_r_mask_only:H5] epoch=5/10 step=350/1086 loss=0.5046
[train:safeobjworld_r_mask_only:H5] epoch=5/10 step=375/1086 loss=0.4475
[train:safeobjworld_r_mask_only:H5] epoch=5/10 step=400/1086 loss=0.4620
[train:safeobjworld_r_mask_only:H5] epoch=5/10 step=425/1086 loss=0.4663
[train:safeobjworld_r_mask_only:H5] epoch=5/10 step=450/1086 loss=0.4726
[train:safeobjworld_r_mask_only:H5] epoch=5/10 step=475/1086 loss=0.4476
[train:safeobjworld_r_mask_only:H5] epoch=5/10 step=500/1086 loss=0.4982
[train:safeobjworld_r_mask_only:H5] epoch=5/10 step=525/1086 loss=0.4475
[train:safeobjworld_r_mask_only:H5] epoch=5/10 step=550/1086 loss=0.4343
[train:safeobjworld_r_mask_only:H5] epoch=5/10 step=575/1086 loss=0.3980
[train:safeobjworld_r_mask_only:H5] epoch=5/10 step=600/1086 loss=0.4853
[train:safeobjworld_r_mask_only:H5] epoch=5/10 step=625/1086 loss=0.4343
[train:safeobjworld_r_mask_only:H5] epoch=5/10 step=650/1086 loss=0.4413
[train:safeobjworld_r_mask_only:H5] epoch=5/10 step=675/1086 loss=0.4124
[train:safeobjworld_r_mask_only:H5] epoch=5/10 step=700/1086 loss=0.4721
[train:safeobjworld_r_mask_only:H5] epoch=5/10 step=725/1086 loss=0.4911
[train:safeobjworld_r_mask_only:H5] epoch=5/10 step=750/1086 loss=0.4459
[train:safeobjworld_r_mask_only:H5] epoch=5/10 step=775/1086 loss=0.4509
[train:safeobjworld_r_mask_only:H5] epoch=5/10 step=800/1086 loss=0.4592
[train:safeobjworld_r_mask_only:H5] epoch=5/10 step=825/1086 loss=0.5067
[train:safeobjworld_r_mask_only:H5] epoch=5/10 step=850/1086 loss=0.4632
[train:safeobjworld_r_mask_only:H5] epoch=5/10 step=875/1086 loss=0.4425
[train:safeobjworld_r_mask_only:H5] epoch=5/10 step=900/1086 loss=0.4567
[train:safeobjworld_r_mask_only:H5] epoch=5/10 step=925/1086 loss=0.4456
[train:safeobjworld_r_mask_only:H5] epoch=5/10 step=950/1086 loss=0.4726
[train:safeobjworld_r_mask_only:H5] epoch=5/10 step=975/1086 loss=0.4639
[train:safeobjworld_r_mask_only:H5] epoch=5/10 step=1000/1086 loss=0.4364
[train:safeobjworld_r_mask_only:H5] epoch=5/10 step=1025/1086 loss=0.4735
[train:safeobjworld_r_mask_only:H5] epoch=5/10 step=1050/1086 loss=0.4651
[train:safeobjworld_r_mask_only:H5] epoch=5/10 step=1075/1086 loss=0.4772
[epoch] method=safeobjworld_r_mask_only epoch=5 train=0.4611 val=0.3728 best=0.3728
[train:safeobjworld_r_mask_only:H5] epoch=6/10 step=0/1086 loss=0.3121
[train:safeobjworld_r_mask_only:H5] epoch=6/10 step=25/1086 loss=0.4251
[train:safeobjworld_r_mask_only:H5] epoch=6/10 step=50/1086 loss=0.4603
[train:safeobjworld_r_mask_only:H5] epoch=6/10 step=75/1086 loss=0.4382
[train:safeobjworld_r_mask_only:H5] epoch=6/10 step=100/1086 loss=0.4476
[train:safeobjworld_r_mask_only:H5] epoch=6/10 step=125/1086 loss=0.4424
[train:safeobjworld_r_mask_only:H5] epoch=6/10 step=150/1086 loss=0.4894
[train:safeobjworld_r_mask_only:H5] epoch=6/10 step=175/1086 loss=0.4747
[train:safeobjworld_r_mask_only:H5] epoch=6/10 step=200/1086 loss=0.4669
[train:safeobjworld_r_mask_only:H5] epoch=6/10 step=225/1086 loss=0.4626
[train:safeobjworld_r_mask_only:H5] epoch=6/10 step=250/1086 loss=0.4533
[train:safeobjworld_r_mask_only:H5] epoch=6/10 step=275/1086 loss=0.4676
[train:safeobjworld_r_mask_only:H5] epoch=6/10 step=300/1086 loss=0.4694
[train:safeobjworld_r_mask_only:H5] epoch=6/10 step=325/1086 loss=0.4844
[train:safeobjworld_r_mask_only:H5] epoch=6/10 step=350/1086 loss=0.4418
[train:safeobjworld_r_mask_only:H5] epoch=6/10 step=375/1086 loss=0.4445
[train:safeobjworld_r_mask_only:H5] epoch=6/10 step=400/1086 loss=0.4477
[train:safeobjworld_r_mask_only:H5] epoch=6/10 step=425/1086 loss=0.4495
[train:safeobjworld_r_mask_only:H5] epoch=6/10 step=450/1086 loss=0.4457
[train:safeobjworld_r_mask_only:H5] epoch=6/10 step=475/1086 loss=0.4594
[train:safeobjworld_r_mask_only:H5] epoch=6/10 step=500/1086 loss=0.4388
[train:safeobjworld_r_mask_only:H5] epoch=6/10 step=525/1086 loss=0.4329
[train:safeobjworld_r_mask_only:H5] epoch=6/10 step=550/1086 loss=0.4335
[train:safeobjworld_r_mask_only:H5] epoch=6/10 step=575/1086 loss=0.4736
[train:safeobjworld_r_mask_only:H5] epoch=6/10 step=600/1086 loss=0.4442
[train:safeobjworld_r_mask_only:H5] epoch=6/10 step=625/1086 loss=0.4609
[train:safeobjworld_r_mask_only:H5] epoch=6/10 step=650/1086 loss=0.4375
[train:safeobjworld_r_mask_only:H5] epoch=6/10 step=675/1086 loss=0.4738
[train:safeobjworld_r_mask_only:H5] epoch=6/10 step=700/1086 loss=0.4860
[train:safeobjworld_r_mask_only:H5] epoch=6/10 step=725/1086 loss=0.4846
[train:safeobjworld_r_mask_only:H5] epoch=6/10 step=750/1086 loss=0.4634
[train:safeobjworld_r_mask_only:H5] epoch=6/10 step=775/1086 loss=0.4665
[train:safeobjworld_r_mask_only:H5] epoch=6/10 step=800/1086 loss=0.4315
[train:safeobjworld_r_mask_only:H5] epoch=6/10 step=825/1086 loss=0.4732
[train:safeobjworld_r_mask_only:H5] epoch=6/10 step=850/1086 loss=0.4544
[train:safeobjworld_r_mask_only:H5] epoch=6/10 step=875/1086 loss=0.4797
[train:safeobjworld_r_mask_only:H5] epoch=6/10 step=900/1086 loss=0.4476
[train:safeobjworld_r_mask_only:H5] epoch=6/10 step=925/1086 loss=0.4544
[train:safeobjworld_r_mask_only:H5] epoch=6/10 step=950/1086 loss=0.4285
[train:safeobjworld_r_mask_only:H5] epoch=6/10 step=975/1086 loss=0.4402
[train:safeobjworld_r_mask_only:H5] epoch=6/10 step=1000/1086 loss=0.4524
[train:safeobjworld_r_mask_only:H5] epoch=6/10 step=1025/1086 loss=0.4687
[train:safeobjworld_r_mask_only:H5] epoch=6/10 step=1050/1086 loss=0.4078
[train:safeobjworld_r_mask_only:H5] epoch=6/10 step=1075/1086 loss=0.4081
[epoch] method=safeobjworld_r_mask_only epoch=6 train=0.4546 val=0.3694 best=0.3694
[train:safeobjworld_r_mask_only:H5] epoch=7/10 step=0/1086 loss=0.2872
[train:safeobjworld_r_mask_only:H5] epoch=7/10 step=25/1086 loss=0.4557
[train:safeobjworld_r_mask_only:H5] epoch=7/10 step=50/1086 loss=0.4727
[train:safeobjworld_r_mask_only:H5] epoch=7/10 step=75/1086 loss=0.4252
[train:safeobjworld_r_mask_only:H5] epoch=7/10 step=100/1086 loss=0.4733
[train:safeobjworld_r_mask_only:H5] epoch=7/10 step=125/1086 loss=0.4236
[train:safeobjworld_r_mask_only:H5] epoch=7/10 step=150/1086 loss=0.4422
[train:safeobjworld_r_mask_only:H5] epoch=7/10 step=175/1086 loss=0.4219
[train:safeobjworld_r_mask_only:H5] epoch=7/10 step=200/1086 loss=0.4495
[train:safeobjworld_r_mask_only:H5] epoch=7/10 step=225/1086 loss=0.4425
[train:safeobjworld_r_mask_only:H5] epoch=7/10 step=250/1086 loss=0.4468
[train:safeobjworld_r_mask_only:H5] epoch=7/10 step=275/1086 loss=0.4853
[train:safeobjworld_r_mask_only:H5] epoch=7/10 step=300/1086 loss=0.4216
[train:safeobjworld_r_mask_only:H5] epoch=7/10 step=325/1086 loss=0.4157
[train:safeobjworld_r_mask_only:H5] epoch=7/10 step=350/1086 loss=0.4354
[train:safeobjworld_r_mask_only:H5] epoch=7/10 step=375/1086 loss=0.4627
[train:safeobjworld_r_mask_only:H5] epoch=7/10 step=400/1086 loss=0.4729
[train:safeobjworld_r_mask_only:H5] epoch=7/10 step=425/1086 loss=0.4536
[train:safeobjworld_r_mask_only:H5] epoch=7/10 step=450/1086 loss=0.4349
[train:safeobjworld_r_mask_only:H5] epoch=7/10 step=475/1086 loss=0.4506
[train:safeobjworld_r_mask_only:H5] epoch=7/10 step=500/1086 loss=0.4474
[train:safeobjworld_r_mask_only:H5] epoch=7/10 step=525/1086 loss=0.4571
[train:safeobjworld_r_mask_only:H5] epoch=7/10 step=550/1086 loss=0.4342
[train:safeobjworld_r_mask_only:H5] epoch=7/10 step=575/1086 loss=0.4253
[train:safeobjworld_r_mask_only:H5] epoch=7/10 step=600/1086 loss=0.4413
[train:safeobjworld_r_mask_only:H5] epoch=7/10 step=625/1086 loss=0.4693
[train:safeobjworld_r_mask_only:H5] epoch=7/10 step=650/1086 loss=0.4322
[train:safeobjworld_r_mask_only:H5] epoch=7/10 step=675/1086 loss=0.4614
[train:safeobjworld_r_mask_only:H5] epoch=7/10 step=700/1086 loss=0.4592
[train:safeobjworld_r_mask_only:H5] epoch=7/10 step=725/1086 loss=0.4636
[train:safeobjworld_r_mask_only:H5] epoch=7/10 step=750/1086 loss=0.4342
[train:safeobjworld_r_mask_only:H5] epoch=7/10 step=775/1086 loss=0.4483
[train:safeobjworld_r_mask_only:H5] epoch=7/10 step=800/1086 loss=0.4496
[train:safeobjworld_r_mask_only:H5] epoch=7/10 step=825/1086 loss=0.4318
[train:safeobjworld_r_mask_only:H5] epoch=7/10 step=850/1086 loss=0.4268
[train:safeobjworld_r_mask_only:H5] epoch=7/10 step=875/1086 loss=0.3945
[train:safeobjworld_r_mask_only:H5] epoch=7/10 step=900/1086 loss=0.4755
[train:safeobjworld_r_mask_only:H5] epoch=7/10 step=925/1086 loss=0.4653
[train:safeobjworld_r_mask_only:H5] epoch=7/10 step=950/1086 loss=0.4623
[train:safeobjworld_r_mask_only:H5] epoch=7/10 step=975/1086 loss=0.4372
[train:safeobjworld_r_mask_only:H5] epoch=7/10 step=1000/1086 loss=0.5041
[train:safeobjworld_r_mask_only:H5] epoch=7/10 step=1025/1086 loss=0.4516
[train:safeobjworld_r_mask_only:H5] epoch=7/10 step=1050/1086 loss=0.4209
[train:safeobjworld_r_mask_only:H5] epoch=7/10 step=1075/1086 loss=0.4384
[epoch] method=safeobjworld_r_mask_only epoch=7 train=0.4487 val=0.3594 best=0.3594
[train:safeobjworld_r_mask_only:H5] epoch=8/10 step=0/1086 loss=0.3667
[train:safeobjworld_r_mask_only:H5] epoch=8/10 step=25/1086 loss=0.4460
[train:safeobjworld_r_mask_only:H5] epoch=8/10 step=50/1086 loss=0.4827
[train:safeobjworld_r_mask_only:H5] epoch=8/10 step=75/1086 loss=0.4560
[train:safeobjworld_r_mask_only:H5] epoch=8/10 step=100/1086 loss=0.4691
[train:safeobjworld_r_mask_only:H5] epoch=8/10 step=125/1086 loss=0.4295
[train:safeobjworld_r_mask_only:H5] epoch=8/10 step=150/1086 loss=0.4136
[train:safeobjworld_r_mask_only:H5] epoch=8/10 step=175/1086 loss=0.4600
[train:safeobjworld_r_mask_only:H5] epoch=8/10 step=200/1086 loss=0.4226
[train:safeobjworld_r_mask_only:H5] epoch=8/10 step=225/1086 loss=0.4687
[train:safeobjworld_r_mask_only:H5] epoch=8/10 step=250/1086 loss=0.4499
[train:safeobjworld_r_mask_only:H5] epoch=8/10 step=275/1086 loss=0.4471
[train:safeobjworld_r_mask_only:H5] epoch=8/10 step=300/1086 loss=0.4246
[train:safeobjworld_r_mask_only:H5] epoch=8/10 step=325/1086 loss=0.4347
[train:safeobjworld_r_mask_only:H5] epoch=8/10 step=350/1086 loss=0.4327
[train:safeobjworld_r_mask_only:H5] epoch=8/10 step=375/1086 loss=0.4278
[train:safeobjworld_r_mask_only:H5] epoch=8/10 step=400/1086 loss=0.4241
[train:safeobjworld_r_mask_only:H5] epoch=8/10 step=425/1086 loss=0.4063
[train:safeobjworld_r_mask_only:H5] epoch=8/10 step=450/1086 loss=0.4989
[train:safeobjworld_r_mask_only:H5] epoch=8/10 step=475/1086 loss=0.4580
[train:safeobjworld_r_mask_only:H5] epoch=8/10 step=500/1086 loss=0.4402
[train:safeobjworld_r_mask_only:H5] epoch=8/10 step=525/1086 loss=0.4380
[train:safeobjworld_r_mask_only:H5] epoch=8/10 step=550/1086 loss=0.4456
[train:safeobjworld_r_mask_only:H5] epoch=8/10 step=575/1086 loss=0.4344
[train:safeobjworld_r_mask_only:H5] epoch=8/10 step=600/1086 loss=0.4530
[train:safeobjworld_r_mask_only:H5] epoch=8/10 step=625/1086 loss=0.4614
[train:safeobjworld_r_mask_only:H5] epoch=8/10 step=650/1086 loss=0.4257
[train:safeobjworld_r_mask_only:H5] epoch=8/10 step=675/1086 loss=0.4239
[train:safeobjworld_r_mask_only:H5] epoch=8/10 step=700/1086 loss=0.4115
[train:safeobjworld_r_mask_only:H5] epoch=8/10 step=725/1086 loss=0.4294
[train:safeobjworld_r_mask_only:H5] epoch=8/10 step=750/1086 loss=0.4129
[train:safeobjworld_r_mask_only:H5] epoch=8/10 step=775/1086 loss=0.4372
[train:safeobjworld_r_mask_only:H5] epoch=8/10 step=800/1086 loss=0.4442
[train:safeobjworld_r_mask_only:H5] epoch=8/10 step=825/1086 loss=0.4289
[train:safeobjworld_r_mask_only:H5] epoch=8/10 step=850/1086 loss=0.4468
[train:safeobjworld_r_mask_only:H5] epoch=8/10 step=875/1086 loss=0.4243
[train:safeobjworld_r_mask_only:H5] epoch=8/10 step=900/1086 loss=0.4605
[train:safeobjworld_r_mask_only:H5] epoch=8/10 step=925/1086 loss=0.4118
[train:safeobjworld_r_mask_only:H5] epoch=8/10 step=950/1086 loss=0.4486
[train:safeobjworld_r_mask_only:H5] epoch=8/10 step=975/1086 loss=0.4954
[train:safeobjworld_r_mask_only:H5] epoch=8/10 step=1000/1086 loss=0.4439
[train:safeobjworld_r_mask_only:H5] epoch=8/10 step=1025/1086 loss=0.4510
[train:safeobjworld_r_mask_only:H5] epoch=8/10 step=1050/1086 loss=0.4307
[train:safeobjworld_r_mask_only:H5] epoch=8/10 step=1075/1086 loss=0.4358
[epoch] method=safeobjworld_r_mask_only epoch=8 train=0.4423 val=0.3560 best=0.3560
[train:safeobjworld_r_mask_only:H5] epoch=9/10 step=0/1086 loss=0.4609
[train:safeobjworld_r_mask_only:H5] epoch=9/10 step=25/1086 loss=0.4404
[train:safeobjworld_r_mask_only:H5] epoch=9/10 step=50/1086 loss=0.4393
[train:safeobjworld_r_mask_only:H5] epoch=9/10 step=75/1086 loss=0.4638
[train:safeobjworld_r_mask_only:H5] epoch=9/10 step=100/1086 loss=0.3966
[train:safeobjworld_r_mask_only:H5] epoch=9/10 step=125/1086 loss=0.4561
[train:safeobjworld_r_mask_only:H5] epoch=9/10 step=150/1086 loss=0.4584
[train:safeobjworld_r_mask_only:H5] epoch=9/10 step=175/1086 loss=0.4375
[train:safeobjworld_r_mask_only:H5] epoch=9/10 step=200/1086 loss=0.4012
[train:safeobjworld_r_mask_only:H5] epoch=9/10 step=225/1086 loss=0.4272
[train:safeobjworld_r_mask_only:H5] epoch=9/10 step=250/1086 loss=0.4318
[train:safeobjworld_r_mask_only:H5] epoch=9/10 step=275/1086 loss=0.4724
[train:safeobjworld_r_mask_only:H5] epoch=9/10 step=300/1086 loss=0.4508
[train:safeobjworld_r_mask_only:H5] epoch=9/10 step=325/1086 loss=0.4467
[train:safeobjworld_r_mask_only:H5] epoch=9/10 step=350/1086 loss=0.4409
[train:safeobjworld_r_mask_only:H5] epoch=9/10 step=375/1086 loss=0.4390
[train:safeobjworld_r_mask_only:H5] epoch=9/10 step=400/1086 loss=0.4160
[train:safeobjworld_r_mask_only:H5] epoch=9/10 step=425/1086 loss=0.4491
[train:safeobjworld_r_mask_only:H5] epoch=9/10 step=450/1086 loss=0.4471
[train:safeobjworld_r_mask_only:H5] epoch=9/10 step=475/1086 loss=0.4428
[train:safeobjworld_r_mask_only:H5] epoch=9/10 step=500/1086 loss=0.4329
[train:safeobjworld_r_mask_only:H5] epoch=9/10 step=525/1086 loss=0.4701
[train:safeobjworld_r_mask_only:H5] epoch=9/10 step=550/1086 loss=0.3967
[train:safeobjworld_r_mask_only:H5] epoch=9/10 step=575/1086 loss=0.4294
[train:safeobjworld_r_mask_only:H5] epoch=9/10 step=600/1086 loss=0.4446
[train:safeobjworld_r_mask_only:H5] epoch=9/10 step=625/1086 loss=0.4263
[train:safeobjworld_r_mask_only:H5] epoch=9/10 step=650/1086 loss=0.4016
[train:safeobjworld_r_mask_only:H5] epoch=9/10 step=675/1086 loss=0.4357
[train:safeobjworld_r_mask_only:H5] epoch=9/10 step=700/1086 loss=0.4374
[train:safeobjworld_r_mask_only:H5] epoch=9/10 step=725/1086 loss=0.4455
[train:safeobjworld_r_mask_only:H5] epoch=9/10 step=750/1086 loss=0.4182
[train:safeobjworld_r_mask_only:H5] epoch=9/10 step=775/1086 loss=0.4264
[train:safeobjworld_r_mask_only:H5] epoch=9/10 step=800/1086 loss=0.4419
[train:safeobjworld_r_mask_only:H5] epoch=9/10 step=825/1086 loss=0.4216
[train:safeobjworld_r_mask_only:H5] epoch=9/10 step=850/1086 loss=0.4288
[train:safeobjworld_r_mask_only:H5] epoch=9/10 step=875/1086 loss=0.4231
[train:safeobjworld_r_mask_only:H5] epoch=9/10 step=900/1086 loss=0.4060
[train:safeobjworld_r_mask_only:H5] epoch=9/10 step=925/1086 loss=0.4703
[train:safeobjworld_r_mask_only:H5] epoch=9/10 step=950/1086 loss=0.4266
[train:safeobjworld_r_mask_only:H5] epoch=9/10 step=975/1086 loss=0.4527
[train:safeobjworld_r_mask_only:H5] epoch=9/10 step=1000/1086 loss=0.4571
[train:safeobjworld_r_mask_only:H5] epoch=9/10 step=1025/1086 loss=0.3969
[train:safeobjworld_r_mask_only:H5] epoch=9/10 step=1050/1086 loss=0.4537
[train:safeobjworld_r_mask_only:H5] epoch=9/10 step=1075/1086 loss=0.4917
[epoch] method=safeobjworld_r_mask_only epoch=9 train=0.4376 val=0.3561 best=0.3560
[train:safeobjworld_r_mask_only:H5] epoch=10/10 step=0/1086 loss=0.4048
[train:safeobjworld_r_mask_only:H5] epoch=10/10 step=25/1086 loss=0.4251
[train:safeobjworld_r_mask_only:H5] epoch=10/10 step=50/1086 loss=0.4307
[train:safeobjworld_r_mask_only:H5] epoch=10/10 step=75/1086 loss=0.4459
[train:safeobjworld_r_mask_only:H5] epoch=10/10 step=100/1086 loss=0.4396
[train:safeobjworld_r_mask_only:H5] epoch=10/10 step=125/1086 loss=0.4401
[train:safeobjworld_r_mask_only:H5] epoch=10/10 step=150/1086 loss=0.4464
[train:safeobjworld_r_mask_only:H5] epoch=10/10 step=175/1086 loss=0.4407
[train:safeobjworld_r_mask_only:H5] epoch=10/10 step=200/1086 loss=0.4092
[train:safeobjworld_r_mask_only:H5] epoch=10/10 step=225/1086 loss=0.4252
[train:safeobjworld_r_mask_only:H5] epoch=10/10 step=250/1086 loss=0.4299
[train:safeobjworld_r_mask_only:H5] epoch=10/10 step=275/1086 loss=0.4022
[train:safeobjworld_r_mask_only:H5] epoch=10/10 step=300/1086 loss=0.4265
[train:safeobjworld_r_mask_only:H5] epoch=10/10 step=325/1086 loss=0.4030
[train:safeobjworld_r_mask_only:H5] epoch=10/10 step=350/1086 loss=0.4595
[train:safeobjworld_r_mask_only:H5] epoch=10/10 step=375/1086 loss=0.4631
[train:safeobjworld_r_mask_only:H5] epoch=10/10 step=400/1086 loss=0.4278
[train:safeobjworld_r_mask_only:H5] epoch=10/10 step=425/1086 loss=0.4389
[train:safeobjworld_r_mask_only:H5] epoch=10/10 step=450/1086 loss=0.4092
[train:safeobjworld_r_mask_only:H5] epoch=10/10 step=475/1086 loss=0.4369
[train:safeobjworld_r_mask_only:H5] epoch=10/10 step=500/1086 loss=0.4144
[train:safeobjworld_r_mask_only:H5] epoch=10/10 step=525/1086 loss=0.4278
[train:safeobjworld_r_mask_only:H5] epoch=10/10 step=550/1086 loss=0.4353
[train:safeobjworld_r_mask_only:H5] epoch=10/10 step=575/1086 loss=0.4186
[train:safeobjworld_r_mask_only:H5] epoch=10/10 step=600/1086 loss=0.4183
[train:safeobjworld_r_mask_only:H5] epoch=10/10 step=625/1086 loss=0.4253
[train:safeobjworld_r_mask_only:H5] epoch=10/10 step=650/1086 loss=0.4283
[train:safeobjworld_r_mask_only:H5] epoch=10/10 step=675/1086 loss=0.4781
[train:safeobjworld_r_mask_only:H5] epoch=10/10 step=700/1086 loss=0.4435
[train:safeobjworld_r_mask_only:H5] epoch=10/10 step=725/1086 loss=0.4320
[train:safeobjworld_r_mask_only:H5] epoch=10/10 step=750/1086 loss=0.4316
[train:safeobjworld_r_mask_only:H5] epoch=10/10 step=775/1086 loss=0.4310
[train:safeobjworld_r_mask_only:H5] epoch=10/10 step=800/1086 loss=0.4399
[train:safeobjworld_r_mask_only:H5] epoch=10/10 step=825/1086 loss=0.4277
[train:safeobjworld_r_mask_only:H5] epoch=10/10 step=850/1086 loss=0.4354
[train:safeobjworld_r_mask_only:H5] epoch=10/10 step=875/1086 loss=0.4222
[train:safeobjworld_r_mask_only:H5] epoch=10/10 step=900/1086 loss=0.4282
[train:safeobjworld_r_mask_only:H5] epoch=10/10 step=925/1086 loss=0.4062
[train:safeobjworld_r_mask_only:H5] epoch=10/10 step=950/1086 loss=0.4441
[train:safeobjworld_r_mask_only:H5] epoch=10/10 step=975/1086 loss=0.4523
[train:safeobjworld_r_mask_only:H5] epoch=10/10 step=1000/1086 loss=0.4509
[train:safeobjworld_r_mask_only:H5] epoch=10/10 step=1025/1086 loss=0.4412
[train:safeobjworld_r_mask_only:H5] epoch=10/10 step=1050/1086 loss=0.4400
[train:safeobjworld_r_mask_only:H5] epoch=10/10 step=1075/1086 loss=0.4208
[epoch] method=safeobjworld_r_mask_only epoch=10 train=0.4342 val=0.3576 best=0.3560
[done train] /home/tahiti/SafeObjWorld/runs_v2_full/models/safeobjworld_r_mask_only/H5/best.pt
