====================================================================================================
SafeObjWorld V2 runner
{
  "mode": "train",
  "dataset_root": "/home/tahiti/SafeObjWorld/data/DAVIS2017",
  "run_root": "/home/tahiti/SafeObjWorld/runs_v2_full",
  "year": "2017",
  "method": "convlstm_base",
  "stress": "clean",
  "prefix_len": 3,
  "max_h": 5,
  "image_size": 192,
  "batch_size": 8,
  "epochs": 10,
  "lr": 0.0002,
  "weight_decay": 0.0001,
  "max_train_samples": 0,
  "max_val_samples": 0,
  "num_workers": 4,
  "seed": 42,
  "eval_k_override": 0,
  "amp": true,
  "cpu": false,
  "skip_existing": true,
  "log_every": 25
}
====================================================================================================
[train] method=convlstm_base device=cuda cfg={'stress_train': False, 'temporal_weight': 0.0, 'split_weight': 0.0, 'area_weight': 0.0, 'mc_eval': False, 'eval_k': 1}
[train:convlstm_base:H5] epoch=1/10 step=0/1086 loss=1.6514
[train:convlstm_base:H5] epoch=1/10 step=25/1086 loss=1.4683
[train:convlstm_base:H5] epoch=1/10 step=50/1086 loss=0.8814
[train:convlstm_base:H5] epoch=1/10 step=75/1086 loss=0.6946
[train:convlstm_base:H5] epoch=1/10 step=100/1086 loss=0.5918
[train:convlstm_base:H5] epoch=1/10 step=125/1086 loss=0.5659
[train:convlstm_base:H5] epoch=1/10 step=150/1086 loss=0.5754
[train:convlstm_base:H5] epoch=1/10 step=175/1086 loss=0.5489
[train:convlstm_base:H5] epoch=1/10 step=200/1086 loss=0.5074
[train:convlstm_base:H5] epoch=1/10 step=225/1086 loss=0.4959
[train:convlstm_base:H5] epoch=1/10 step=250/1086 loss=0.5270
[train:convlstm_base:H5] epoch=1/10 step=275/1086 loss=0.5525
[train:convlstm_base:H5] epoch=1/10 step=300/1086 loss=0.4488
[train:convlstm_base:H5] epoch=1/10 step=325/1086 loss=0.5047
[train:convlstm_base:H5] epoch=1/10 step=350/1086 loss=0.5099
[train:convlstm_base:H5] epoch=1/10 step=375/1086 loss=0.5230
[train:convlstm_base:H5] epoch=1/10 step=400/1086 loss=0.5372
[train:convlstm_base:H5] epoch=1/10 step=425/1086 loss=0.4360
[train:convlstm_base:H5] epoch=1/10 step=450/1086 loss=0.4972
[train:convlstm_base:H5] epoch=1/10 step=475/1086 loss=0.5052
[train:convlstm_base:H5] epoch=1/10 step=500/1086 loss=0.4840
[train:convlstm_base:H5] epoch=1/10 step=525/1086 loss=0.4764
[train:convlstm_base:H5] epoch=1/10 step=550/1086 loss=0.4936
[train:convlstm_base:H5] epoch=1/10 step=575/1086 loss=0.4854
[train:convlstm_base:H5] epoch=1/10 step=600/1086 loss=0.4820
[train:convlstm_base:H5] epoch=1/10 step=625/1086 loss=0.4691
[train:convlstm_base:H5] epoch=1/10 step=650/1086 loss=0.4876
[train:convlstm_base:H5] epoch=1/10 step=675/1086 loss=0.4694
[train:convlstm_base:H5] epoch=1/10 step=700/1086 loss=0.4612
[train:convlstm_base:H5] epoch=1/10 step=725/1086 loss=0.4652
[train:convlstm_base:H5] epoch=1/10 step=750/1086 loss=0.4879
[train:convlstm_base:H5] epoch=1/10 step=775/1086 loss=0.5055
[train:convlstm_base:H5] epoch=1/10 step=800/1086 loss=0.4555
[train:convlstm_base:H5] epoch=1/10 step=825/1086 loss=0.4294
[train:convlstm_base:H5] epoch=1/10 step=850/1086 loss=0.4946
[train:convlstm_base:H5] epoch=1/10 step=875/1086 loss=0.4806
[train:convlstm_base:H5] epoch=1/10 step=900/1086 loss=0.4261
[train:convlstm_base:H5] epoch=1/10 step=925/1086 loss=0.4639
[train:convlstm_base:H5] epoch=1/10 step=950/1086 loss=0.4960
[train:convlstm_base:H5] epoch=1/10 step=975/1086 loss=0.4278
[train:convlstm_base:H5] epoch=1/10 step=1000/1086 loss=0.4220
[train:convlstm_base:H5] epoch=1/10 step=1025/1086 loss=0.4720
[train:convlstm_base:H5] epoch=1/10 step=1050/1086 loss=0.4591
[train:convlstm_base:H5] epoch=1/10 step=1075/1086 loss=0.4518
[epoch] method=convlstm_base epoch=1 train=0.5274 val=0.3785 best=0.3785
[train:convlstm_base:H5] epoch=2/10 step=0/1086 loss=0.2522
[train:convlstm_base:H5] epoch=2/10 step=25/1086 loss=0.4590
[train:convlstm_base:H5] epoch=2/10 step=50/1086 loss=0.4118
[train:convlstm_base:H5] epoch=2/10 step=75/1086 loss=0.4272
[train:convlstm_base:H5] epoch=2/10 step=100/1086 loss=0.4826
[train:convlstm_base:H5] epoch=2/10 step=125/1086 loss=0.4520
[train:convlstm_base:H5] epoch=2/10 step=150/1086 loss=0.4421
[train:convlstm_base:H5] epoch=2/10 step=175/1086 loss=0.4501
[train:convlstm_base:H5] epoch=2/10 step=200/1086 loss=0.4706
[train:convlstm_base:H5] epoch=2/10 step=225/1086 loss=0.4217
[train:convlstm_base:H5] epoch=2/10 step=250/1086 loss=0.4669
[train:convlstm_base:H5] epoch=2/10 step=275/1086 loss=0.4606
[train:convlstm_base:H5] epoch=2/10 step=300/1086 loss=0.4197
[train:convlstm_base:H5] epoch=2/10 step=325/1086 loss=0.4585
[train:convlstm_base:H5] epoch=2/10 step=350/1086 loss=0.4615
[train:convlstm_base:H5] epoch=2/10 step=375/1086 loss=0.4416
[train:convlstm_base:H5] epoch=2/10 step=400/1086 loss=0.4226
[train:convlstm_base:H5] epoch=2/10 step=425/1086 loss=0.5151
[train:convlstm_base:H5] epoch=2/10 step=450/1086 loss=0.4560
[train:convlstm_base:H5] epoch=2/10 step=475/1086 loss=0.4895
[train:convlstm_base:H5] epoch=2/10 step=500/1086 loss=0.4320
[train:convlstm_base:H5] epoch=2/10 step=525/1086 loss=0.4174
[train:convlstm_base:H5] epoch=2/10 step=550/1086 loss=0.4123
[train:convlstm_base:H5] epoch=2/10 step=575/1086 loss=0.4326
[train:convlstm_base:H5] epoch=2/10 step=600/1086 loss=0.4104
[train:convlstm_base:H5] epoch=2/10 step=625/1086 loss=0.4583
[train:convlstm_base:H5] epoch=2/10 step=650/1086 loss=0.4226
[train:convlstm_base:H5] epoch=2/10 step=675/1086 loss=0.4691
[train:convlstm_base:H5] epoch=2/10 step=700/1086 loss=0.4269
[train:convlstm_base:H5] epoch=2/10 step=725/1086 loss=0.4560
[train:convlstm_base:H5] epoch=2/10 step=750/1086 loss=0.4291
[train:convlstm_base:H5] epoch=2/10 step=775/1086 loss=0.4477
[train:convlstm_base:H5] epoch=2/10 step=800/1086 loss=0.3741
[train:convlstm_base:H5] epoch=2/10 step=825/1086 loss=0.3914
[train:convlstm_base:H5] epoch=2/10 step=850/1086 loss=0.4242
[train:convlstm_base:H5] epoch=2/10 step=875/1086 loss=0.4511
[train:convlstm_base:H5] epoch=2/10 step=900/1086 loss=0.4094
[train:convlstm_base:H5] epoch=2/10 step=925/1086 loss=0.4092
[train:convlstm_base:H5] epoch=2/10 step=950/1086 loss=0.4788
[train:convlstm_base:H5] epoch=2/10 step=975/1086 loss=0.4100
[train:convlstm_base:H5] epoch=2/10 step=1000/1086 loss=0.4152
[train:convlstm_base:H5] epoch=2/10 step=1025/1086 loss=0.4474
[train:convlstm_base:H5] epoch=2/10 step=1050/1086 loss=0.4301
[train:convlstm_base:H5] epoch=2/10 step=1075/1086 loss=0.4623
[epoch] method=convlstm_base epoch=2 train=0.4421 val=0.3626 best=0.3626
[train:convlstm_base:H5] epoch=3/10 step=0/1086 loss=0.4939
[train:convlstm_base:H5] epoch=3/10 step=25/1086 loss=0.4281
[train:convlstm_base:H5] epoch=3/10 step=50/1086 loss=0.4275
[train:convlstm_base:H5] epoch=3/10 step=75/1086 loss=0.4235
[train:convlstm_base:H5] epoch=3/10 step=100/1086 loss=0.4184
[train:convlstm_base:H5] epoch=3/10 step=125/1086 loss=0.4921
[train:convlstm_base:H5] epoch=3/10 step=150/1086 loss=0.3967
[train:convlstm_base:H5] epoch=3/10 step=175/1086 loss=0.4524
[train:convlstm_base:H5] epoch=3/10 step=200/1086 loss=0.4497
[train:convlstm_base:H5] epoch=3/10 step=225/1086 loss=0.4171
[train:convlstm_base:H5] epoch=3/10 step=250/1086 loss=0.4717
[train:convlstm_base:H5] epoch=3/10 step=275/1086 loss=0.4499
[train:convlstm_base:H5] epoch=3/10 step=300/1086 loss=0.4442
[train:convlstm_base:H5] epoch=3/10 step=325/1086 loss=0.4095
[train:convlstm_base:H5] epoch=3/10 step=350/1086 loss=0.4149
[train:convlstm_base:H5] epoch=3/10 step=375/1086 loss=0.4440
[train:convlstm_base:H5] epoch=3/10 step=400/1086 loss=0.4378
[train:convlstm_base:H5] epoch=3/10 step=425/1086 loss=0.4204
[train:convlstm_base:H5] epoch=3/10 step=450/1086 loss=0.4307
[train:convlstm_base:H5] epoch=3/10 step=475/1086 loss=0.4375
[train:convlstm_base:H5] epoch=3/10 step=500/1086 loss=0.4123
[train:convlstm_base:H5] epoch=3/10 step=525/1086 loss=0.3959
[train:convlstm_base:H5] epoch=3/10 step=550/1086 loss=0.4142
[train:convlstm_base:H5] epoch=3/10 step=575/1086 loss=0.4478
[train:convlstm_base:H5] epoch=3/10 step=600/1086 loss=0.4027
[train:convlstm_base:H5] epoch=3/10 step=625/1086 loss=0.4024
[train:convlstm_base:H5] epoch=3/10 step=650/1086 loss=0.3936
[train:convlstm_base:H5] epoch=3/10 step=675/1086 loss=0.4124
[train:convlstm_base:H5] epoch=3/10 step=700/1086 loss=0.4608
[train:convlstm_base:H5] epoch=3/10 step=725/1086 loss=0.4503
[train:convlstm_base:H5] epoch=3/10 step=750/1086 loss=0.3968
[train:convlstm_base:H5] epoch=3/10 step=775/1086 loss=0.3921
[train:convlstm_base:H5] epoch=3/10 step=800/1086 loss=0.4245
[train:convlstm_base:H5] epoch=3/10 step=825/1086 loss=0.4037
[train:convlstm_base:H5] epoch=3/10 step=850/1086 loss=0.4424
[train:convlstm_base:H5] epoch=3/10 step=875/1086 loss=0.4280
[train:convlstm_base:H5] epoch=3/10 step=900/1086 loss=0.4419
[train:convlstm_base:H5] epoch=3/10 step=925/1086 loss=0.4227
[train:convlstm_base:H5] epoch=3/10 step=950/1086 loss=0.4211
[train:convlstm_base:H5] epoch=3/10 step=975/1086 loss=0.4288
[train:convlstm_base:H5] epoch=3/10 step=1000/1086 loss=0.3893
[train:convlstm_base:H5] epoch=3/10 step=1025/1086 loss=0.3909
[train:convlstm_base:H5] epoch=3/10 step=1050/1086 loss=0.3928
[train:convlstm_base:H5] epoch=3/10 step=1075/1086 loss=0.4315
[epoch] method=convlstm_base epoch=3 train=0.4246 val=0.3541 best=0.3541
[train:convlstm_base:H5] epoch=4/10 step=0/1086 loss=0.4785
[train:convlstm_base:H5] epoch=4/10 step=25/1086 loss=0.3834
[train:convlstm_base:H5] epoch=4/10 step=50/1086 loss=0.4258
[train:convlstm_base:H5] epoch=4/10 step=75/1086 loss=0.3980
[train:convlstm_base:H5] epoch=4/10 step=100/1086 loss=0.4138
[train:convlstm_base:H5] epoch=4/10 step=125/1086 loss=0.4334
[train:convlstm_base:H5] epoch=4/10 step=150/1086 loss=0.4346
[train:convlstm_base:H5] epoch=4/10 step=175/1086 loss=0.4240
[train:convlstm_base:H5] epoch=4/10 step=200/1086 loss=0.4003
[train:convlstm_base:H5] epoch=4/10 step=225/1086 loss=0.4199
[train:convlstm_base:H5] epoch=4/10 step=250/1086 loss=0.4315
[train:convlstm_base:H5] epoch=4/10 step=275/1086 loss=0.4329
[train:convlstm_base:H5] epoch=4/10 step=300/1086 loss=0.4420
[train:convlstm_base:H5] epoch=4/10 step=325/1086 loss=0.4296
[train:convlstm_base:H5] epoch=4/10 step=350/1086 loss=0.4496
[train:convlstm_base:H5] epoch=4/10 step=375/1086 loss=0.4196
[train:convlstm_base:H5] epoch=4/10 step=400/1086 loss=0.3839
[train:convlstm_base:H5] epoch=4/10 step=425/1086 loss=0.4280
[train:convlstm_base:H5] epoch=4/10 step=450/1086 loss=0.3826
[train:convlstm_base:H5] epoch=4/10 step=475/1086 loss=0.4078
[train:convlstm_base:H5] epoch=4/10 step=500/1086 loss=0.3803
[train:convlstm_base:H5] epoch=4/10 step=525/1086 loss=0.3947
[train:convlstm_base:H5] epoch=4/10 step=550/1086 loss=0.4022
[train:convlstm_base:H5] epoch=4/10 step=575/1086 loss=0.4055
[train:convlstm_base:H5] epoch=4/10 step=600/1086 loss=0.4207
[train:convlstm_base:H5] epoch=4/10 step=625/1086 loss=0.4011
[train:convlstm_base:H5] epoch=4/10 step=650/1086 loss=0.4684
[train:convlstm_base:H5] epoch=4/10 step=675/1086 loss=0.4192
[train:convlstm_base:H5] epoch=4/10 step=700/1086 loss=0.3792
[train:convlstm_base:H5] epoch=4/10 step=725/1086 loss=0.4021
[train:convlstm_base:H5] epoch=4/10 step=750/1086 loss=0.4006
[train:convlstm_base:H5] epoch=4/10 step=775/1086 loss=0.3922
[train:convlstm_base:H5] epoch=4/10 step=800/1086 loss=0.4051
[train:convlstm_base:H5] epoch=4/10 step=825/1086 loss=0.4338
[train:convlstm_base:H5] epoch=4/10 step=850/1086 loss=0.4105
[train:convlstm_base:H5] epoch=4/10 step=875/1086 loss=0.4270
[train:convlstm_base:H5] epoch=4/10 step=900/1086 loss=0.3835
[train:convlstm_base:H5] epoch=4/10 step=925/1086 loss=0.4285
[train:convlstm_base:H5] epoch=4/10 step=950/1086 loss=0.4252
[train:convlstm_base:H5] epoch=4/10 step=975/1086 loss=0.4139
[train:convlstm_base:H5] epoch=4/10 step=1000/1086 loss=0.3703
[train:convlstm_base:H5] epoch=4/10 step=1025/1086 loss=0.4090
[train:convlstm_base:H5] epoch=4/10 step=1050/1086 loss=0.3789
[train:convlstm_base:H5] epoch=4/10 step=1075/1086 loss=0.4033
[epoch] method=convlstm_base epoch=4 train=0.4140 val=0.3524 best=0.3524
[train:convlstm_base:H5] epoch=5/10 step=0/1086 loss=0.2682
[train:convlstm_base:H5] epoch=5/10 step=25/1086 loss=0.3878
[train:convlstm_base:H5] epoch=5/10 step=50/1086 loss=0.4204
[train:convlstm_base:H5] epoch=5/10 step=75/1086 loss=0.3748
[train:convlstm_base:H5] epoch=5/10 step=100/1086 loss=0.4327
[train:convlstm_base:H5] epoch=5/10 step=125/1086 loss=0.4278
[train:convlstm_base:H5] epoch=5/10 step=150/1086 loss=0.4174
[train:convlstm_base:H5] epoch=5/10 step=175/1086 loss=0.4092
[train:convlstm_base:H5] epoch=5/10 step=200/1086 loss=0.4382
[train:convlstm_base:H5] epoch=5/10 step=225/1086 loss=0.3898
[train:convlstm_base:H5] epoch=5/10 step=250/1086 loss=0.4021
[train:convlstm_base:H5] epoch=5/10 step=275/1086 loss=0.4133
[train:convlstm_base:H5] epoch=5/10 step=300/1086 loss=0.4242
[train:convlstm_base:H5] epoch=5/10 step=325/1086 loss=0.4040
[train:convlstm_base:H5] epoch=5/10 step=350/1086 loss=0.4332
[train:convlstm_base:H5] epoch=5/10 step=375/1086 loss=0.4037
[train:convlstm_base:H5] epoch=5/10 step=400/1086 loss=0.4255
[train:convlstm_base:H5] epoch=5/10 step=425/1086 loss=0.3897
[train:convlstm_base:H5] epoch=5/10 step=450/1086 loss=0.4067
[train:convlstm_base:H5] epoch=5/10 step=475/1086 loss=0.4223
[train:convlstm_base:H5] epoch=5/10 step=500/1086 loss=0.3859
[train:convlstm_base:H5] epoch=5/10 step=525/1086 loss=0.3873
[train:convlstm_base:H5] epoch=5/10 step=550/1086 loss=0.4194
[train:convlstm_base:H5] epoch=5/10 step=575/1086 loss=0.4177
[train:convlstm_base:H5] epoch=5/10 step=600/1086 loss=0.4202
[train:convlstm_base:H5] epoch=5/10 step=625/1086 loss=0.4035
[train:convlstm_base:H5] epoch=5/10 step=650/1086 loss=0.4089
[train:convlstm_base:H5] epoch=5/10 step=675/1086 loss=0.4528
[train:convlstm_base:H5] epoch=5/10 step=700/1086 loss=0.3915
[train:convlstm_base:H5] epoch=5/10 step=725/1086 loss=0.3701
[train:convlstm_base:H5] epoch=5/10 step=750/1086 loss=0.4317
[train:convlstm_base:H5] epoch=5/10 step=775/1086 loss=0.4196
[train:convlstm_base:H5] epoch=5/10 step=800/1086 loss=0.4165
[train:convlstm_base:H5] epoch=5/10 step=825/1086 loss=0.3826
[train:convlstm_base:H5] epoch=5/10 step=850/1086 loss=0.3669
[train:convlstm_base:H5] epoch=5/10 step=875/1086 loss=0.3825
[train:convlstm_base:H5] epoch=5/10 step=900/1086 loss=0.4067
[train:convlstm_base:H5] epoch=5/10 step=925/1086 loss=0.4191
[train:convlstm_base:H5] epoch=5/10 step=950/1086 loss=0.3767
[train:convlstm_base:H5] epoch=5/10 step=975/1086 loss=0.3865
[train:convlstm_base:H5] epoch=5/10 step=1000/1086 loss=0.4089
[train:convlstm_base:H5] epoch=5/10 step=1025/1086 loss=0.4134
[train:convlstm_base:H5] epoch=5/10 step=1050/1086 loss=0.4015
[train:convlstm_base:H5] epoch=5/10 step=1075/1086 loss=0.3928
[epoch] method=convlstm_base epoch=5 train=0.4062 val=0.3522 best=0.3522
[train:convlstm_base:H5] epoch=6/10 step=0/1086 loss=0.4068
[train:convlstm_base:H5] epoch=6/10 step=25/1086 loss=0.4364
[train:convlstm_base:H5] epoch=6/10 step=50/1086 loss=0.4057
[train:convlstm_base:H5] epoch=6/10 step=75/1086 loss=0.3826
[train:convlstm_base:H5] epoch=6/10 step=100/1086 loss=0.4062
[train:convlstm_base:H5] epoch=6/10 step=125/1086 loss=0.4122
[train:convlstm_base:H5] epoch=6/10 step=150/1086 loss=0.4195
[train:convlstm_base:H5] epoch=6/10 step=175/1086 loss=0.4137
[train:convlstm_base:H5] epoch=6/10 step=200/1086 loss=0.4008
[train:convlstm_base:H5] epoch=6/10 step=225/1086 loss=0.4025
[train:convlstm_base:H5] epoch=6/10 step=250/1086 loss=0.4435
[train:convlstm_base:H5] epoch=6/10 step=275/1086 loss=0.4138
[train:convlstm_base:H5] epoch=6/10 step=300/1086 loss=0.3828
[train:convlstm_base:H5] epoch=6/10 step=325/1086 loss=0.3693
[train:convlstm_base:H5] epoch=6/10 step=350/1086 loss=0.3621
[train:convlstm_base:H5] epoch=6/10 step=375/1086 loss=0.4124
[train:convlstm_base:H5] epoch=6/10 step=400/1086 loss=0.3772
[train:convlstm_base:H5] epoch=6/10 step=425/1086 loss=0.3875
[train:convlstm_base:H5] epoch=6/10 step=450/1086 loss=0.3716
[train:convlstm_base:H5] epoch=6/10 step=475/1086 loss=0.4275
[train:convlstm_base:H5] epoch=6/10 step=500/1086 loss=0.3879
[train:convlstm_base:H5] epoch=6/10 step=525/1086 loss=0.4360
[train:convlstm_base:H5] epoch=6/10 step=550/1086 loss=0.3794
[train:convlstm_base:H5] epoch=6/10 step=575/1086 loss=0.3781
[train:convlstm_base:H5] epoch=6/10 step=600/1086 loss=0.3912
[train:convlstm_base:H5] epoch=6/10 step=625/1086 loss=0.4034
[train:convlstm_base:H5] epoch=6/10 step=650/1086 loss=0.4005
[train:convlstm_base:H5] epoch=6/10 step=675/1086 loss=0.4136
[train:convlstm_base:H5] epoch=6/10 step=700/1086 loss=0.3928
[train:convlstm_base:H5] epoch=6/10 step=725/1086 loss=0.3926
[train:convlstm_base:H5] epoch=6/10 step=750/1086 loss=0.4053
[train:convlstm_base:H5] epoch=6/10 step=775/1086 loss=0.4549
[train:convlstm_base:H5] epoch=6/10 step=800/1086 loss=0.4453
[train:convlstm_base:H5] epoch=6/10 step=825/1086 loss=0.4006
[train:convlstm_base:H5] epoch=6/10 step=850/1086 loss=0.4159
[train:convlstm_base:H5] epoch=6/10 step=875/1086 loss=0.3858
[train:convlstm_base:H5] epoch=6/10 step=900/1086 loss=0.3815
[train:convlstm_base:H5] epoch=6/10 step=925/1086 loss=0.4153
[train:convlstm_base:H5] epoch=6/10 step=950/1086 loss=0.4029
[train:convlstm_base:H5] epoch=6/10 step=975/1086 loss=0.4072
[train:convlstm_base:H5] epoch=6/10 step=1000/1086 loss=0.4213
[train:convlstm_base:H5] epoch=6/10 step=1025/1086 loss=0.3969
[train:convlstm_base:H5] epoch=6/10 step=1050/1086 loss=0.4020
[train:convlstm_base:H5] epoch=6/10 step=1075/1086 loss=0.3621
[epoch] method=convlstm_base epoch=6 train=0.3998 val=0.3508 best=0.3508
[train:convlstm_base:H5] epoch=7/10 step=0/1086 loss=0.3772
[train:convlstm_base:H5] epoch=7/10 step=25/1086 loss=0.4268
[train:convlstm_base:H5] epoch=7/10 step=50/1086 loss=0.4257
[train:convlstm_base:H5] epoch=7/10 step=75/1086 loss=0.4020
[train:convlstm_base:H5] epoch=7/10 step=100/1086 loss=0.3938
[train:convlstm_base:H5] epoch=7/10 step=125/1086 loss=0.4029
[train:convlstm_base:H5] epoch=7/10 step=150/1086 loss=0.3869
[train:convlstm_base:H5] epoch=7/10 step=175/1086 loss=0.4246
[train:convlstm_base:H5] epoch=7/10 step=200/1086 loss=0.3881
[train:convlstm_base:H5] epoch=7/10 step=225/1086 loss=0.3940
[train:convlstm_base:H5] epoch=7/10 step=250/1086 loss=0.4061
[train:convlstm_base:H5] epoch=7/10 step=275/1086 loss=0.3617
[train:convlstm_base:H5] epoch=7/10 step=300/1086 loss=0.3613
[train:convlstm_base:H5] epoch=7/10 step=325/1086 loss=0.3792
[train:convlstm_base:H5] epoch=7/10 step=350/1086 loss=0.3660
[train:convlstm_base:H5] epoch=7/10 step=375/1086 loss=0.4047
[train:convlstm_base:H5] epoch=7/10 step=400/1086 loss=0.3941
[train:convlstm_base:H5] epoch=7/10 step=425/1086 loss=0.3799
[train:convlstm_base:H5] epoch=7/10 step=450/1086 loss=0.3781
[train:convlstm_base:H5] epoch=7/10 step=475/1086 loss=0.3877
[train:convlstm_base:H5] epoch=7/10 step=500/1086 loss=0.3604
[train:convlstm_base:H5] epoch=7/10 step=525/1086 loss=0.4141
[train:convlstm_base:H5] epoch=7/10 step=550/1086 loss=0.3711
[train:convlstm_base:H5] epoch=7/10 step=575/1086 loss=0.3482
[train:convlstm_base:H5] epoch=7/10 step=600/1086 loss=0.3958
[train:convlstm_base:H5] epoch=7/10 step=625/1086 loss=0.4194
[train:convlstm_base:H5] epoch=7/10 step=650/1086 loss=0.4032
[train:convlstm_base:H5] epoch=7/10 step=675/1086 loss=0.4065
[train:convlstm_base:H5] epoch=7/10 step=700/1086 loss=0.3905
[train:convlstm_base:H5] epoch=7/10 step=725/1086 loss=0.4086
[train:convlstm_base:H5] epoch=7/10 step=750/1086 loss=0.3865
[train:convlstm_base:H5] epoch=7/10 step=775/1086 loss=0.3944
[train:convlstm_base:H5] epoch=7/10 step=800/1086 loss=0.3867
[train:convlstm_base:H5] epoch=7/10 step=825/1086 loss=0.3989
[train:convlstm_base:H5] epoch=7/10 step=850/1086 loss=0.3722
[train:convlstm_base:H5] epoch=7/10 step=875/1086 loss=0.3704
[train:convlstm_base:H5] epoch=7/10 step=900/1086 loss=0.4161
[train:convlstm_base:H5] epoch=7/10 step=925/1086 loss=0.4195
[train:convlstm_base:H5] epoch=7/10 step=950/1086 loss=0.4039
[train:convlstm_base:H5] epoch=7/10 step=975/1086 loss=0.3757
[train:convlstm_base:H5] epoch=7/10 step=1000/1086 loss=0.4032
[train:convlstm_base:H5] epoch=7/10 step=1025/1086 loss=0.3730
[train:convlstm_base:H5] epoch=7/10 step=1050/1086 loss=0.4050
[train:convlstm_base:H5] epoch=7/10 step=1075/1086 loss=0.4072
[epoch] method=convlstm_base epoch=7 train=0.3943 val=0.3450 best=0.3450
[train:convlstm_base:H5] epoch=8/10 step=0/1086 loss=0.4224
[train:convlstm_base:H5] epoch=8/10 step=25/1086 loss=0.3771
[train:convlstm_base:H5] epoch=8/10 step=50/1086 loss=0.3813
[train:convlstm_base:H5] epoch=8/10 step=75/1086 loss=0.3713
[train:convlstm_base:H5] epoch=8/10 step=100/1086 loss=0.3916
[train:convlstm_base:H5] epoch=8/10 step=125/1086 loss=0.4061
[train:convlstm_base:H5] epoch=8/10 step=150/1086 loss=0.3738
[train:convlstm_base:H5] epoch=8/10 step=175/1086 loss=0.3628
[train:convlstm_base:H5] epoch=8/10 step=200/1086 loss=0.3854
[train:convlstm_base:H5] epoch=8/10 step=225/1086 loss=0.4185
[train:convlstm_base:H5] epoch=8/10 step=250/1086 loss=0.3625
[train:convlstm_base:H5] epoch=8/10 step=275/1086 loss=0.3596
[train:convlstm_base:H5] epoch=8/10 step=300/1086 loss=0.3979
[train:convlstm_base:H5] epoch=8/10 step=325/1086 loss=0.4105
[train:convlstm_base:H5] epoch=8/10 step=350/1086 loss=0.3542
[train:convlstm_base:H5] epoch=8/10 step=375/1086 loss=0.3701
[train:convlstm_base:H5] epoch=8/10 step=400/1086 loss=0.3699
[train:convlstm_base:H5] epoch=8/10 step=425/1086 loss=0.4154
[train:convlstm_base:H5] epoch=8/10 step=450/1086 loss=0.3879
[train:convlstm_base:H5] epoch=8/10 step=475/1086 loss=0.4457
[train:convlstm_base:H5] epoch=8/10 step=500/1086 loss=0.3900
[train:convlstm_base:H5] epoch=8/10 step=525/1086 loss=0.3576
[train:convlstm_base:H5] epoch=8/10 step=550/1086 loss=0.3822
[train:convlstm_base:H5] epoch=8/10 step=575/1086 loss=0.4070
[train:convlstm_base:H5] epoch=8/10 step=600/1086 loss=0.3983
[train:convlstm_base:H5] epoch=8/10 step=625/1086 loss=0.3851
[train:convlstm_base:H5] epoch=8/10 step=650/1086 loss=0.3923
[train:convlstm_base:H5] epoch=8/10 step=675/1086 loss=0.4005
[train:convlstm_base:H5] epoch=8/10 step=700/1086 loss=0.4007
[train:convlstm_base:H5] epoch=8/10 step=725/1086 loss=0.3751
[train:convlstm_base:H5] epoch=8/10 step=750/1086 loss=0.3870
[train:convlstm_base:H5] epoch=8/10 step=775/1086 loss=0.4049
[train:convlstm_base:H5] epoch=8/10 step=800/1086 loss=0.4045
[train:convlstm_base:H5] epoch=8/10 step=825/1086 loss=0.4147
[train:convlstm_base:H5] epoch=8/10 step=850/1086 loss=0.3963
[train:convlstm_base:H5] epoch=8/10 step=875/1086 loss=0.3948
[train:convlstm_base:H5] epoch=8/10 step=900/1086 loss=0.3944
[train:convlstm_base:H5] epoch=8/10 step=925/1086 loss=0.3864
[train:convlstm_base:H5] epoch=8/10 step=950/1086 loss=0.4060
[train:convlstm_base:H5] epoch=8/10 step=975/1086 loss=0.3913
[train:convlstm_base:H5] epoch=8/10 step=1000/1086 loss=0.3685
[train:convlstm_base:H5] epoch=8/10 step=1025/1086 loss=0.4112
[train:convlstm_base:H5] epoch=8/10 step=1050/1086 loss=0.3657
[train:convlstm_base:H5] epoch=8/10 step=1075/1086 loss=0.3979
[epoch] method=convlstm_base epoch=8 train=0.3890 val=0.3559 best=0.3450
[train:convlstm_base:H5] epoch=9/10 step=0/1086 loss=0.3760
[train:convlstm_base:H5] epoch=9/10 step=25/1086 loss=0.4066
[train:convlstm_base:H5] epoch=9/10 step=50/1086 loss=0.3684
[train:convlstm_base:H5] epoch=9/10 step=75/1086 loss=0.3943
[train:convlstm_base:H5] epoch=9/10 step=100/1086 loss=0.3881
[train:convlstm_base:H5] epoch=9/10 step=125/1086 loss=0.3877
[train:convlstm_base:H5] epoch=9/10 step=150/1086 loss=0.4022
[train:convlstm_base:H5] epoch=9/10 step=175/1086 loss=0.3683
[train:convlstm_base:H5] epoch=9/10 step=200/1086 loss=0.3816
[train:convlstm_base:H5] epoch=9/10 step=225/1086 loss=0.3862
[train:convlstm_base:H5] epoch=9/10 step=250/1086 loss=0.3760
[train:convlstm_base:H5] epoch=9/10 step=275/1086 loss=0.4027
[train:convlstm_base:H5] epoch=9/10 step=300/1086 loss=0.3756
[train:convlstm_base:H5] epoch=9/10 step=325/1086 loss=0.3625
[train:convlstm_base:H5] epoch=9/10 step=350/1086 loss=0.3931
[train:convlstm_base:H5] epoch=9/10 step=375/1086 loss=0.4142
[train:convlstm_base:H5] epoch=9/10 step=400/1086 loss=0.3847
[train:convlstm_base:H5] epoch=9/10 step=425/1086 loss=0.3956
[train:convlstm_base:H5] epoch=9/10 step=450/1086 loss=0.3986
[train:convlstm_base:H5] epoch=9/10 step=475/1086 loss=0.3783
[train:convlstm_base:H5] epoch=9/10 step=500/1086 loss=0.3976
[train:convlstm_base:H5] epoch=9/10 step=525/1086 loss=0.4141
[train:convlstm_base:H5] epoch=9/10 step=550/1086 loss=0.3902
[train:convlstm_base:H5] epoch=9/10 step=575/1086 loss=0.4106
[train:convlstm_base:H5] epoch=9/10 step=600/1086 loss=0.3579
[train:convlstm_base:H5] epoch=9/10 step=625/1086 loss=0.3756
[train:convlstm_base:H5] epoch=9/10 step=650/1086 loss=0.3703
[train:convlstm_base:H5] epoch=9/10 step=675/1086 loss=0.3980
[train:convlstm_base:H5] epoch=9/10 step=700/1086 loss=0.3694
[train:convlstm_base:H5] epoch=9/10 step=725/1086 loss=0.3852
[train:convlstm_base:H5] epoch=9/10 step=750/1086 loss=0.4048
[train:convlstm_base:H5] epoch=9/10 step=775/1086 loss=0.3772
[train:convlstm_base:H5] epoch=9/10 step=800/1086 loss=0.3821
[train:convlstm_base:H5] epoch=9/10 step=825/1086 loss=0.3973
[train:convlstm_base:H5] epoch=9/10 step=850/1086 loss=0.3931
[train:convlstm_base:H5] epoch=9/10 step=875/1086 loss=0.3873
[train:convlstm_base:H5] epoch=9/10 step=900/1086 loss=0.4466
[train:convlstm_base:H5] epoch=9/10 step=925/1086 loss=0.3401
[train:convlstm_base:H5] epoch=9/10 step=950/1086 loss=0.4005
[train:convlstm_base:H5] epoch=9/10 step=975/1086 loss=0.3562
[train:convlstm_base:H5] epoch=9/10 step=1000/1086 loss=0.4258
[train:convlstm_base:H5] epoch=9/10 step=1025/1086 loss=0.3884
[train:convlstm_base:H5] epoch=9/10 step=1050/1086 loss=0.3908
[train:convlstm_base:H5] epoch=9/10 step=1075/1086 loss=0.3608
[epoch] method=convlstm_base epoch=9 train=0.3841 val=0.3454 best=0.3450
[train:convlstm_base:H5] epoch=10/10 step=0/1086 loss=0.3477
[train:convlstm_base:H5] epoch=10/10 step=25/1086 loss=0.3770
[train:convlstm_base:H5] epoch=10/10 step=50/1086 loss=0.3714
[train:convlstm_base:H5] epoch=10/10 step=75/1086 loss=0.3534
[train:convlstm_base:H5] epoch=10/10 step=100/1086 loss=0.3526
[train:convlstm_base:H5] epoch=10/10 step=125/1086 loss=0.3461
[train:convlstm_base:H5] epoch=10/10 step=150/1086 loss=0.3971
[train:convlstm_base:H5] epoch=10/10 step=175/1086 loss=0.3854
[train:convlstm_base:H5] epoch=10/10 step=200/1086 loss=0.3957
[train:convlstm_base:H5] epoch=10/10 step=225/1086 loss=0.3875
[train:convlstm_base:H5] epoch=10/10 step=250/1086 loss=0.4087
[train:convlstm_base:H5] epoch=10/10 step=275/1086 loss=0.3702
[train:convlstm_base:H5] epoch=10/10 step=300/1086 loss=0.4066
[train:convlstm_base:H5] epoch=10/10 step=325/1086 loss=0.3750
[train:convlstm_base:H5] epoch=10/10 step=350/1086 loss=0.3847
[train:convlstm_base:H5] epoch=10/10 step=375/1086 loss=0.3725
[train:convlstm_base:H5] epoch=10/10 step=400/1086 loss=0.3974
[train:convlstm_base:H5] epoch=10/10 step=425/1086 loss=0.4148
[train:convlstm_base:H5] epoch=10/10 step=450/1086 loss=0.3659
[train:convlstm_base:H5] epoch=10/10 step=475/1086 loss=0.3739
[train:convlstm_base:H5] epoch=10/10 step=500/1086 loss=0.3759
[train:convlstm_base:H5] epoch=10/10 step=525/1086 loss=0.3871
[train:convlstm_base:H5] epoch=10/10 step=550/1086 loss=0.3454
[train:convlstm_base:H5] epoch=10/10 step=575/1086 loss=0.4044
[train:convlstm_base:H5] epoch=10/10 step=600/1086 loss=0.3723
[train:convlstm_base:H5] epoch=10/10 step=625/1086 loss=0.3619
[train:convlstm_base:H5] epoch=10/10 step=650/1086 loss=0.3857
[train:convlstm_base:H5] epoch=10/10 step=675/1086 loss=0.3950
[train:convlstm_base:H5] epoch=10/10 step=700/1086 loss=0.4232
[train:convlstm_base:H5] epoch=10/10 step=725/1086 loss=0.4040
[train:convlstm_base:H5] epoch=10/10 step=750/1086 loss=0.3653
[train:convlstm_base:H5] epoch=10/10 step=775/1086 loss=0.3727
[train:convlstm_base:H5] epoch=10/10 step=800/1086 loss=0.3896
[train:convlstm_base:H5] epoch=10/10 step=825/1086 loss=0.3631
[train:convlstm_base:H5] epoch=10/10 step=850/1086 loss=0.3476
[train:convlstm_base:H5] epoch=10/10 step=875/1086 loss=0.3707
[train:convlstm_base:H5] epoch=10/10 step=900/1086 loss=0.4008
[train:convlstm_base:H5] epoch=10/10 step=925/1086 loss=0.3972
[train:convlstm_base:H5] epoch=10/10 step=950/1086 loss=0.3883
[train:convlstm_base:H5] epoch=10/10 step=975/1086 loss=0.3675
[train:convlstm_base:H5] epoch=10/10 step=1000/1086 loss=0.3828
[train:convlstm_base:H5] epoch=10/10 step=1025/1086 loss=0.3958
[train:convlstm_base:H5] epoch=10/10 step=1050/1086 loss=0.3673
[train:convlstm_base:H5] epoch=10/10 step=1075/1086 loss=0.4049
[epoch] method=convlstm_base epoch=10 train=0.3797 val=0.3486 best=0.3450
[done train] /home/tahiti/SafeObjWorld/runs_v2_full/models/convlstm_base/H5/best.pt
