====================================================================================================
SafeObjWorld V2 runner
{
  "mode": "train",
  "dataset_root": "/home/tahiti/SafeObjWorld/data/DAVIS2017",
  "run_root": "/home/tahiti/SafeObjWorld/runs_v2_full",
  "year": "2017",
  "method": "object_token_full",
  "stress": "clean",
  "prefix_len": 3,
  "max_h": 10,
  "image_size": 192,
  "batch_size": 8,
  "epochs": 10,
  "lr": 0.0002,
  "weight_decay": 0.0001,
  "max_train_samples": 0,
  "max_val_samples": 0,
  "num_workers": 4,
  "seed": 42,
  "eval_k_override": 0,
  "amp": true,
  "cpu": false,
  "skip_existing": true,
  "log_every": 25
}
====================================================================================================
[train] method=object_token_full device=cuda cfg={'stress_train': True, 'temporal_weight': 0.05, 'split_weight': 0.0, 'area_weight': 0.1, 'mc_eval': True, 'eval_k': 5}
[train:object_token_full:H10] epoch=1/10 step=0/1003 loss=1.5517
[train:object_token_full:H10] epoch=1/10 step=25/1003 loss=1.5805
[train:object_token_full:H10] epoch=1/10 step=50/1003 loss=1.2676
[train:object_token_full:H10] epoch=1/10 step=75/1003 loss=1.1664
[train:object_token_full:H10] epoch=1/10 step=100/1003 loss=1.0993
[train:object_token_full:H10] epoch=1/10 step=125/1003 loss=1.0984
[train:object_token_full:H10] epoch=1/10 step=150/1003 loss=1.0909
[train:object_token_full:H10] epoch=1/10 step=175/1003 loss=1.0878
[train:object_token_full:H10] epoch=1/10 step=200/1003 loss=1.1046
[train:object_token_full:H10] epoch=1/10 step=225/1003 loss=1.0654
[train:object_token_full:H10] epoch=1/10 step=250/1003 loss=1.0611
[train:object_token_full:H10] epoch=1/10 step=275/1003 loss=1.0789
[train:object_token_full:H10] epoch=1/10 step=300/1003 loss=1.0827
[train:object_token_full:H10] epoch=1/10 step=325/1003 loss=1.0804
[train:object_token_full:H10] epoch=1/10 step=350/1003 loss=1.0653
[train:object_token_full:H10] epoch=1/10 step=375/1003 loss=1.0673
[train:object_token_full:H10] epoch=1/10 step=400/1003 loss=1.0614
[train:object_token_full:H10] epoch=1/10 step=425/1003 loss=1.0623
[train:object_token_full:H10] epoch=1/10 step=450/1003 loss=1.0572
[train:object_token_full:H10] epoch=1/10 step=475/1003 loss=1.0955
[train:object_token_full:H10] epoch=1/10 step=500/1003 loss=1.0510
[train:object_token_full:H10] epoch=1/10 step=525/1003 loss=1.0425
[train:object_token_full:H10] epoch=1/10 step=550/1003 loss=1.0486
[train:object_token_full:H10] epoch=1/10 step=575/1003 loss=1.0627
[train:object_token_full:H10] epoch=1/10 step=600/1003 loss=1.0534
[train:object_token_full:H10] epoch=1/10 step=625/1003 loss=1.0449
[train:object_token_full:H10] epoch=1/10 step=650/1003 loss=1.0519
[train:object_token_full:H10] epoch=1/10 step=675/1003 loss=1.0466
[train:object_token_full:H10] epoch=1/10 step=700/1003 loss=1.0438
[train:object_token_full:H10] epoch=1/10 step=725/1003 loss=1.0396
[train:object_token_full:H10] epoch=1/10 step=750/1003 loss=1.0397
[train:object_token_full:H10] epoch=1/10 step=775/1003 loss=1.0289
[train:object_token_full:H10] epoch=1/10 step=800/1003 loss=1.0444
[train:object_token_full:H10] epoch=1/10 step=825/1003 loss=1.0359
[train:object_token_full:H10] epoch=1/10 step=850/1003 loss=1.0551
[train:object_token_full:H10] epoch=1/10 step=875/1003 loss=1.0311
[train:object_token_full:H10] epoch=1/10 step=900/1003 loss=1.0421
[train:object_token_full:H10] epoch=1/10 step=925/1003 loss=1.0408
[train:object_token_full:H10] epoch=1/10 step=950/1003 loss=1.0446
[train:object_token_full:H10] epoch=1/10 step=975/1003 loss=1.0362
[train:object_token_full:H10] epoch=1/10 step=1000/1003 loss=1.0486
[epoch] method=object_token_full epoch=1 train=1.0802 val=0.9970 best=0.9970
[train:object_token_full:H10] epoch=2/10 step=0/1003 loss=1.0407
[train:object_token_full:H10] epoch=2/10 step=25/1003 loss=1.0326
[train:object_token_full:H10] epoch=2/10 step=50/1003 loss=1.0290
[train:object_token_full:H10] epoch=2/10 step=75/1003 loss=1.0385
[train:object_token_full:H10] epoch=2/10 step=100/1003 loss=1.0534
[train:object_token_full:H10] epoch=2/10 step=125/1003 loss=1.0303
[train:object_token_full:H10] epoch=2/10 step=150/1003 loss=1.0226
[train:object_token_full:H10] epoch=2/10 step=175/1003 loss=1.0287
[train:object_token_full:H10] epoch=2/10 step=200/1003 loss=1.0520
[train:object_token_full:H10] epoch=2/10 step=225/1003 loss=1.0424
[train:object_token_full:H10] epoch=2/10 step=250/1003 loss=1.0191
[train:object_token_full:H10] epoch=2/10 step=275/1003 loss=1.0130
[train:object_token_full:H10] epoch=2/10 step=300/1003 loss=1.0338
[train:object_token_full:H10] epoch=2/10 step=325/1003 loss=1.0229
[train:object_token_full:H10] epoch=2/10 step=350/1003 loss=1.0375
[train:object_token_full:H10] epoch=2/10 step=375/1003 loss=1.0257
[train:object_token_full:H10] epoch=2/10 step=400/1003 loss=1.0162
[train:object_token_full:H10] epoch=2/10 step=425/1003 loss=0.9982
[train:object_token_full:H10] epoch=2/10 step=450/1003 loss=1.0551
[train:object_token_full:H10] epoch=2/10 step=475/1003 loss=1.0182
[train:object_token_full:H10] epoch=2/10 step=500/1003 loss=0.9987
[train:object_token_full:H10] epoch=2/10 step=525/1003 loss=1.0232
[train:object_token_full:H10] epoch=2/10 step=550/1003 loss=1.0299
[train:object_token_full:H10] epoch=2/10 step=575/1003 loss=1.0183
[train:object_token_full:H10] epoch=2/10 step=600/1003 loss=1.0260
[train:object_token_full:H10] epoch=2/10 step=625/1003 loss=1.0242
[train:object_token_full:H10] epoch=2/10 step=650/1003 loss=1.0287
[train:object_token_full:H10] epoch=2/10 step=675/1003 loss=1.0221
[train:object_token_full:H10] epoch=2/10 step=700/1003 loss=1.0174
[train:object_token_full:H10] epoch=2/10 step=725/1003 loss=1.0219
[train:object_token_full:H10] epoch=2/10 step=750/1003 loss=1.0096
[train:object_token_full:H10] epoch=2/10 step=775/1003 loss=0.9448
[train:object_token_full:H10] epoch=2/10 step=800/1003 loss=0.9664
[train:object_token_full:H10] epoch=2/10 step=825/1003 loss=0.9422
[train:object_token_full:H10] epoch=2/10 step=850/1003 loss=0.9432
[train:object_token_full:H10] epoch=2/10 step=875/1003 loss=0.9319
[train:object_token_full:H10] epoch=2/10 step=900/1003 loss=0.9251
[train:object_token_full:H10] epoch=2/10 step=925/1003 loss=0.9366
[train:object_token_full:H10] epoch=2/10 step=950/1003 loss=0.9402
[train:object_token_full:H10] epoch=2/10 step=975/1003 loss=0.9241
[train:object_token_full:H10] epoch=2/10 step=1000/1003 loss=0.9004
[epoch] method=object_token_full epoch=2 train=1.0025 val=0.8905 best=0.8905
[train:object_token_full:H10] epoch=3/10 step=0/1003 loss=0.8491
[train:object_token_full:H10] epoch=3/10 step=25/1003 loss=0.9184
[train:object_token_full:H10] epoch=3/10 step=50/1003 loss=0.9094
[train:object_token_full:H10] epoch=3/10 step=75/1003 loss=0.8815
[train:object_token_full:H10] epoch=3/10 step=100/1003 loss=0.9233
[train:object_token_full:H10] epoch=3/10 step=125/1003 loss=0.9007
[train:object_token_full:H10] epoch=3/10 step=150/1003 loss=0.9095
[train:object_token_full:H10] epoch=3/10 step=175/1003 loss=0.8666
[train:object_token_full:H10] epoch=3/10 step=200/1003 loss=0.8672
[train:object_token_full:H10] epoch=3/10 step=225/1003 loss=0.9077
[train:object_token_full:H10] epoch=3/10 step=250/1003 loss=0.9045
[train:object_token_full:H10] epoch=3/10 step=275/1003 loss=0.9016
[train:object_token_full:H10] epoch=3/10 step=300/1003 loss=0.9047
[train:object_token_full:H10] epoch=3/10 step=325/1003 loss=0.8763
[train:object_token_full:H10] epoch=3/10 step=350/1003 loss=0.8694
[train:object_token_full:H10] epoch=3/10 step=375/1003 loss=0.8724
[train:object_token_full:H10] epoch=3/10 step=400/1003 loss=0.8730
[train:object_token_full:H10] epoch=3/10 step=425/1003 loss=0.8379
[train:object_token_full:H10] epoch=3/10 step=450/1003 loss=0.8295
[train:object_token_full:H10] epoch=3/10 step=475/1003 loss=0.8706
[train:object_token_full:H10] epoch=3/10 step=500/1003 loss=0.8427
[train:object_token_full:H10] epoch=3/10 step=525/1003 loss=0.8549
[train:object_token_full:H10] epoch=3/10 step=550/1003 loss=0.8651
[train:object_token_full:H10] epoch=3/10 step=575/1003 loss=0.8499
[train:object_token_full:H10] epoch=3/10 step=600/1003 loss=0.8358
[train:object_token_full:H10] epoch=3/10 step=625/1003 loss=0.8422
[train:object_token_full:H10] epoch=3/10 step=650/1003 loss=0.8193
[train:object_token_full:H10] epoch=3/10 step=675/1003 loss=0.8411
[train:object_token_full:H10] epoch=3/10 step=700/1003 loss=0.8634
[train:object_token_full:H10] epoch=3/10 step=725/1003 loss=0.8697
[train:object_token_full:H10] epoch=3/10 step=750/1003 loss=0.8195
[train:object_token_full:H10] epoch=3/10 step=775/1003 loss=0.8680
[train:object_token_full:H10] epoch=3/10 step=800/1003 loss=0.8078
[train:object_token_full:H10] epoch=3/10 step=825/1003 loss=0.8384
[train:object_token_full:H10] epoch=3/10 step=850/1003 loss=0.8634
[train:object_token_full:H10] epoch=3/10 step=875/1003 loss=0.7981
[train:object_token_full:H10] epoch=3/10 step=900/1003 loss=0.8115
[train:object_token_full:H10] epoch=3/10 step=925/1003 loss=0.8326
[train:object_token_full:H10] epoch=3/10 step=950/1003 loss=0.7942
[train:object_token_full:H10] epoch=3/10 step=975/1003 loss=0.8216
[train:object_token_full:H10] epoch=3/10 step=1000/1003 loss=0.8586
[epoch] method=object_token_full epoch=3 train=0.8597 val=0.7912 best=0.7912
[train:object_token_full:H10] epoch=4/10 step=0/1003 loss=0.8048
[train:object_token_full:H10] epoch=4/10 step=25/1003 loss=0.8226
[train:object_token_full:H10] epoch=4/10 step=50/1003 loss=0.8165
[train:object_token_full:H10] epoch=4/10 step=75/1003 loss=0.8120
[train:object_token_full:H10] epoch=4/10 step=100/1003 loss=0.8340
[train:object_token_full:H10] epoch=4/10 step=125/1003 loss=0.8008
[train:object_token_full:H10] epoch=4/10 step=150/1003 loss=0.7917
[train:object_token_full:H10] epoch=4/10 step=175/1003 loss=0.7912
[train:object_token_full:H10] epoch=4/10 step=200/1003 loss=0.7736
[train:object_token_full:H10] epoch=4/10 step=225/1003 loss=0.7903
[train:object_token_full:H10] epoch=4/10 step=250/1003 loss=0.7718
[train:object_token_full:H10] epoch=4/10 step=275/1003 loss=0.8162
[train:object_token_full:H10] epoch=4/10 step=300/1003 loss=0.7690
[train:object_token_full:H10] epoch=4/10 step=325/1003 loss=0.8002
[train:object_token_full:H10] epoch=4/10 step=350/1003 loss=0.7495
[train:object_token_full:H10] epoch=4/10 step=375/1003 loss=0.8000
[train:object_token_full:H10] epoch=4/10 step=400/1003 loss=0.7759
[train:object_token_full:H10] epoch=4/10 step=425/1003 loss=0.7887
[train:object_token_full:H10] epoch=4/10 step=450/1003 loss=0.7632
[train:object_token_full:H10] epoch=4/10 step=475/1003 loss=0.8175
[train:object_token_full:H10] epoch=4/10 step=500/1003 loss=0.7741
[train:object_token_full:H10] epoch=4/10 step=525/1003 loss=0.8136
[train:object_token_full:H10] epoch=4/10 step=550/1003 loss=0.8157
[train:object_token_full:H10] epoch=4/10 step=575/1003 loss=0.8173
[train:object_token_full:H10] epoch=4/10 step=600/1003 loss=0.7568
[train:object_token_full:H10] epoch=4/10 step=625/1003 loss=0.7687
[train:object_token_full:H10] epoch=4/10 step=650/1003 loss=0.7981
[train:object_token_full:H10] epoch=4/10 step=675/1003 loss=0.8037
[train:object_token_full:H10] epoch=4/10 step=700/1003 loss=0.7571
[train:object_token_full:H10] epoch=4/10 step=725/1003 loss=0.7774
[train:object_token_full:H10] epoch=4/10 step=750/1003 loss=0.7889
[train:object_token_full:H10] epoch=4/10 step=775/1003 loss=0.7637
[train:object_token_full:H10] epoch=4/10 step=800/1003 loss=0.8081
[train:object_token_full:H10] epoch=4/10 step=825/1003 loss=0.7763
[train:object_token_full:H10] epoch=4/10 step=850/1003 loss=0.7612
[train:object_token_full:H10] epoch=4/10 step=875/1003 loss=0.7657
[train:object_token_full:H10] epoch=4/10 step=900/1003 loss=0.7834
[train:object_token_full:H10] epoch=4/10 step=925/1003 loss=0.7994
[train:object_token_full:H10] epoch=4/10 step=950/1003 loss=0.7649
[train:object_token_full:H10] epoch=4/10 step=975/1003 loss=0.8024
[train:object_token_full:H10] epoch=4/10 step=1000/1003 loss=0.7867
[epoch] method=object_token_full epoch=4 train=0.7896 val=0.7938 best=0.7912
[train:object_token_full:H10] epoch=5/10 step=0/1003 loss=0.7156
[train:object_token_full:H10] epoch=5/10 step=25/1003 loss=0.7296
[train:object_token_full:H10] epoch=5/10 step=50/1003 loss=0.7830
[train:object_token_full:H10] epoch=5/10 step=75/1003 loss=0.7476
[train:object_token_full:H10] epoch=5/10 step=100/1003 loss=0.7852
[train:object_token_full:H10] epoch=5/10 step=125/1003 loss=0.7868
[train:object_token_full:H10] epoch=5/10 step=150/1003 loss=0.8072
[train:object_token_full:H10] epoch=5/10 step=175/1003 loss=0.7465
[train:object_token_full:H10] epoch=5/10 step=200/1003 loss=0.7821
[train:object_token_full:H10] epoch=5/10 step=225/1003 loss=0.7788
[train:object_token_full:H10] epoch=5/10 step=250/1003 loss=0.7484
[train:object_token_full:H10] epoch=5/10 step=275/1003 loss=0.7465
[train:object_token_full:H10] epoch=5/10 step=300/1003 loss=0.7604
[train:object_token_full:H10] epoch=5/10 step=325/1003 loss=0.7709
[train:object_token_full:H10] epoch=5/10 step=350/1003 loss=0.7855
[train:object_token_full:H10] epoch=5/10 step=375/1003 loss=0.7779
[train:object_token_full:H10] epoch=5/10 step=400/1003 loss=0.7673
[train:object_token_full:H10] epoch=5/10 step=425/1003 loss=0.7819
[train:object_token_full:H10] epoch=5/10 step=450/1003 loss=0.7516
[train:object_token_full:H10] epoch=5/10 step=475/1003 loss=0.7200
[train:object_token_full:H10] epoch=5/10 step=500/1003 loss=0.7654
[train:object_token_full:H10] epoch=5/10 step=525/1003 loss=0.7690
[train:object_token_full:H10] epoch=5/10 step=550/1003 loss=0.7602
[train:object_token_full:H10] epoch=5/10 step=575/1003 loss=0.7445
[train:object_token_full:H10] epoch=5/10 step=600/1003 loss=0.7929
[train:object_token_full:H10] epoch=5/10 step=625/1003 loss=0.7674
[train:object_token_full:H10] epoch=5/10 step=650/1003 loss=0.7333
[train:object_token_full:H10] epoch=5/10 step=675/1003 loss=0.7578
[train:object_token_full:H10] epoch=5/10 step=700/1003 loss=0.7576
[train:object_token_full:H10] epoch=5/10 step=725/1003 loss=0.7642
[train:object_token_full:H10] epoch=5/10 step=750/1003 loss=0.7291
[train:object_token_full:H10] epoch=5/10 step=775/1003 loss=0.7556
[train:object_token_full:H10] epoch=5/10 step=800/1003 loss=0.7107
[train:object_token_full:H10] epoch=5/10 step=825/1003 loss=0.7707
[train:object_token_full:H10] epoch=5/10 step=850/1003 loss=0.7472
[train:object_token_full:H10] epoch=5/10 step=875/1003 loss=0.7556
[train:object_token_full:H10] epoch=5/10 step=900/1003 loss=0.7502
[train:object_token_full:H10] epoch=5/10 step=925/1003 loss=0.7228
[train:object_token_full:H10] epoch=5/10 step=950/1003 loss=0.7593
[train:object_token_full:H10] epoch=5/10 step=975/1003 loss=0.8027
[train:object_token_full:H10] epoch=5/10 step=1000/1003 loss=0.7061
[epoch] method=object_token_full epoch=5 train=0.7604 val=0.7642 best=0.7642
[train:object_token_full:H10] epoch=6/10 step=0/1003 loss=0.7093
[train:object_token_full:H10] epoch=6/10 step=25/1003 loss=0.7382
[train:object_token_full:H10] epoch=6/10 step=50/1003 loss=0.7271
[train:object_token_full:H10] epoch=6/10 step=75/1003 loss=0.7319
[train:object_token_full:H10] epoch=6/10 step=100/1003 loss=0.7354
[train:object_token_full:H10] epoch=6/10 step=125/1003 loss=0.7701
[train:object_token_full:H10] epoch=6/10 step=150/1003 loss=0.7199
[train:object_token_full:H10] epoch=6/10 step=175/1003 loss=0.7357
[train:object_token_full:H10] epoch=6/10 step=200/1003 loss=0.7586
[train:object_token_full:H10] epoch=6/10 step=225/1003 loss=0.7215
[train:object_token_full:H10] epoch=6/10 step=250/1003 loss=0.7516
[train:object_token_full:H10] epoch=6/10 step=275/1003 loss=0.7247
[train:object_token_full:H10] epoch=6/10 step=300/1003 loss=0.7375
[train:object_token_full:H10] epoch=6/10 step=325/1003 loss=0.7603
[train:object_token_full:H10] epoch=6/10 step=350/1003 loss=0.7082
[train:object_token_full:H10] epoch=6/10 step=375/1003 loss=0.7503
[train:object_token_full:H10] epoch=6/10 step=400/1003 loss=0.7337
[train:object_token_full:H10] epoch=6/10 step=425/1003 loss=0.7837
[train:object_token_full:H10] epoch=6/10 step=450/1003 loss=0.7421
[train:object_token_full:H10] epoch=6/10 step=475/1003 loss=0.7505
[train:object_token_full:H10] epoch=6/10 step=500/1003 loss=0.7051
[train:object_token_full:H10] epoch=6/10 step=525/1003 loss=0.7816
[train:object_token_full:H10] epoch=6/10 step=550/1003 loss=0.7742
[train:object_token_full:H10] epoch=6/10 step=575/1003 loss=0.7285
[train:object_token_full:H10] epoch=6/10 step=600/1003 loss=0.7214
[train:object_token_full:H10] epoch=6/10 step=625/1003 loss=0.7170
[train:object_token_full:H10] epoch=6/10 step=650/1003 loss=0.7169
[train:object_token_full:H10] epoch=6/10 step=675/1003 loss=0.7147
[train:object_token_full:H10] epoch=6/10 step=700/1003 loss=0.7173
[train:object_token_full:H10] epoch=6/10 step=725/1003 loss=0.7357
[train:object_token_full:H10] epoch=6/10 step=750/1003 loss=0.7216
[train:object_token_full:H10] epoch=6/10 step=775/1003 loss=0.7419
[train:object_token_full:H10] epoch=6/10 step=800/1003 loss=0.6895
[train:object_token_full:H10] epoch=6/10 step=825/1003 loss=0.7479
[train:object_token_full:H10] epoch=6/10 step=850/1003 loss=0.7113
[train:object_token_full:H10] epoch=6/10 step=875/1003 loss=0.7599
[train:object_token_full:H10] epoch=6/10 step=900/1003 loss=0.7290
[train:object_token_full:H10] epoch=6/10 step=925/1003 loss=0.7626
[train:object_token_full:H10] epoch=6/10 step=950/1003 loss=0.6803
[train:object_token_full:H10] epoch=6/10 step=975/1003 loss=0.7285
[train:object_token_full:H10] epoch=6/10 step=1000/1003 loss=0.7514
[epoch] method=object_token_full epoch=6 train=0.7356 val=0.8132 best=0.7642
[train:object_token_full:H10] epoch=7/10 step=0/1003 loss=0.7497
[train:object_token_full:H10] epoch=7/10 step=25/1003 loss=0.7424
[train:object_token_full:H10] epoch=7/10 step=50/1003 loss=0.7077
[train:object_token_full:H10] epoch=7/10 step=75/1003 loss=0.7132
[train:object_token_full:H10] epoch=7/10 step=100/1003 loss=0.7492
[train:object_token_full:H10] epoch=7/10 step=125/1003 loss=0.7006
[train:object_token_full:H10] epoch=7/10 step=150/1003 loss=0.6932
[train:object_token_full:H10] epoch=7/10 step=175/1003 loss=0.7101
[train:object_token_full:H10] epoch=7/10 step=200/1003 loss=0.7118
[train:object_token_full:H10] epoch=7/10 step=225/1003 loss=0.7105
[train:object_token_full:H10] epoch=7/10 step=250/1003 loss=0.7067
[train:object_token_full:H10] epoch=7/10 step=275/1003 loss=0.7006
[train:object_token_full:H10] epoch=7/10 step=300/1003 loss=0.7340
[train:object_token_full:H10] epoch=7/10 step=325/1003 loss=0.7124
[train:object_token_full:H10] epoch=7/10 step=350/1003 loss=0.7159
[train:object_token_full:H10] epoch=7/10 step=375/1003 loss=0.7190
[train:object_token_full:H10] epoch=7/10 step=400/1003 loss=0.7131
[train:object_token_full:H10] epoch=7/10 step=425/1003 loss=0.7103
[train:object_token_full:H10] epoch=7/10 step=450/1003 loss=0.6901
[train:object_token_full:H10] epoch=7/10 step=475/1003 loss=0.7733
[train:object_token_full:H10] epoch=7/10 step=500/1003 loss=0.6983
[train:object_token_full:H10] epoch=7/10 step=525/1003 loss=0.6910
[train:object_token_full:H10] epoch=7/10 step=550/1003 loss=0.7170
[train:object_token_full:H10] epoch=7/10 step=575/1003 loss=0.7055
[train:object_token_full:H10] epoch=7/10 step=600/1003 loss=0.6897
[train:object_token_full:H10] epoch=7/10 step=625/1003 loss=0.6760
[train:object_token_full:H10] epoch=7/10 step=650/1003 loss=0.7057
[train:object_token_full:H10] epoch=7/10 step=675/1003 loss=0.7492
[train:object_token_full:H10] epoch=7/10 step=700/1003 loss=0.7540
[train:object_token_full:H10] epoch=7/10 step=725/1003 loss=0.7185
[train:object_token_full:H10] epoch=7/10 step=750/1003 loss=0.7274
[train:object_token_full:H10] epoch=7/10 step=775/1003 loss=0.7425
[train:object_token_full:H10] epoch=7/10 step=800/1003 loss=0.7051
[train:object_token_full:H10] epoch=7/10 step=825/1003 loss=0.7146
[train:object_token_full:H10] epoch=7/10 step=850/1003 loss=0.7111
[train:object_token_full:H10] epoch=7/10 step=875/1003 loss=0.7449
[train:object_token_full:H10] epoch=7/10 step=900/1003 loss=0.6915
[train:object_token_full:H10] epoch=7/10 step=925/1003 loss=0.7043
[train:object_token_full:H10] epoch=7/10 step=950/1003 loss=0.7297
[train:object_token_full:H10] epoch=7/10 step=975/1003 loss=0.6946
[train:object_token_full:H10] epoch=7/10 step=1000/1003 loss=0.7231
[epoch] method=object_token_full epoch=7 train=0.7138 val=0.7485 best=0.7485
[train:object_token_full:H10] epoch=8/10 step=0/1003 loss=0.7116
[train:object_token_full:H10] epoch=8/10 step=25/1003 loss=0.7009
[train:object_token_full:H10] epoch=8/10 step=50/1003 loss=0.7101
[train:object_token_full:H10] epoch=8/10 step=75/1003 loss=0.7316
[train:object_token_full:H10] epoch=8/10 step=100/1003 loss=0.7008
[train:object_token_full:H10] epoch=8/10 step=125/1003 loss=0.7142
[train:object_token_full:H10] epoch=8/10 step=150/1003 loss=0.6871
[train:object_token_full:H10] epoch=8/10 step=175/1003 loss=0.7254
[train:object_token_full:H10] epoch=8/10 step=200/1003 loss=0.6973
[train:object_token_full:H10] epoch=8/10 step=225/1003 loss=0.6990
[train:object_token_full:H10] epoch=8/10 step=250/1003 loss=0.6617
[train:object_token_full:H10] epoch=8/10 step=275/1003 loss=0.6931
[train:object_token_full:H10] epoch=8/10 step=300/1003 loss=0.7021
[train:object_token_full:H10] epoch=8/10 step=325/1003 loss=0.7092
[train:object_token_full:H10] epoch=8/10 step=350/1003 loss=0.7094
[train:object_token_full:H10] epoch=8/10 step=375/1003 loss=0.6401
[train:object_token_full:H10] epoch=8/10 step=400/1003 loss=0.7177
[train:object_token_full:H10] epoch=8/10 step=425/1003 loss=0.6990
[train:object_token_full:H10] epoch=8/10 step=450/1003 loss=0.7257
[train:object_token_full:H10] epoch=8/10 step=475/1003 loss=0.6719
[train:object_token_full:H10] epoch=8/10 step=500/1003 loss=0.7019
[train:object_token_full:H10] epoch=8/10 step=525/1003 loss=0.6872
[train:object_token_full:H10] epoch=8/10 step=550/1003 loss=0.6442
[train:object_token_full:H10] epoch=8/10 step=575/1003 loss=0.7135
[train:object_token_full:H10] epoch=8/10 step=600/1003 loss=0.6940
[train:object_token_full:H10] epoch=8/10 step=625/1003 loss=0.6868
[train:object_token_full:H10] epoch=8/10 step=650/1003 loss=0.6773
[train:object_token_full:H10] epoch=8/10 step=675/1003 loss=0.7260
[train:object_token_full:H10] epoch=8/10 step=700/1003 loss=0.7115
[train:object_token_full:H10] epoch=8/10 step=725/1003 loss=0.6853
[train:object_token_full:H10] epoch=8/10 step=750/1003 loss=0.6837
[train:object_token_full:H10] epoch=8/10 step=775/1003 loss=0.7491
[train:object_token_full:H10] epoch=8/10 step=800/1003 loss=0.7128
[train:object_token_full:H10] epoch=8/10 step=825/1003 loss=0.6963
[train:object_token_full:H10] epoch=8/10 step=850/1003 loss=0.6883
[train:object_token_full:H10] epoch=8/10 step=875/1003 loss=0.6315
[train:object_token_full:H10] epoch=8/10 step=900/1003 loss=0.7307
[train:object_token_full:H10] epoch=8/10 step=925/1003 loss=0.7163
[train:object_token_full:H10] epoch=8/10 step=950/1003 loss=0.6999
[train:object_token_full:H10] epoch=8/10 step=975/1003 loss=0.6642
[train:object_token_full:H10] epoch=8/10 step=1000/1003 loss=0.7259
[epoch] method=object_token_full epoch=8 train=0.6994 val=0.7288 best=0.7288
[train:object_token_full:H10] epoch=9/10 step=0/1003 loss=0.8763
[train:object_token_full:H10] epoch=9/10 step=25/1003 loss=0.6786
[train:object_token_full:H10] epoch=9/10 step=50/1003 loss=0.6702
[train:object_token_full:H10] epoch=9/10 step=75/1003 loss=0.7130
[train:object_token_full:H10] epoch=9/10 step=100/1003 loss=0.6662
[train:object_token_full:H10] epoch=9/10 step=125/1003 loss=0.6872
[train:object_token_full:H10] epoch=9/10 step=150/1003 loss=0.6539
[train:object_token_full:H10] epoch=9/10 step=175/1003 loss=0.6831
[train:object_token_full:H10] epoch=9/10 step=200/1003 loss=0.7214
[train:object_token_full:H10] epoch=9/10 step=225/1003 loss=0.6892
[train:object_token_full:H10] epoch=9/10 step=250/1003 loss=0.6712
[train:object_token_full:H10] epoch=9/10 step=275/1003 loss=0.6840
[train:object_token_full:H10] epoch=9/10 step=300/1003 loss=0.6946
[train:object_token_full:H10] epoch=9/10 step=325/1003 loss=0.6969
[train:object_token_full:H10] epoch=9/10 step=350/1003 loss=0.6649
[train:object_token_full:H10] epoch=9/10 step=375/1003 loss=0.7078
[train:object_token_full:H10] epoch=9/10 step=400/1003 loss=0.7396
[train:object_token_full:H10] epoch=9/10 step=425/1003 loss=0.6805
[train:object_token_full:H10] epoch=9/10 step=450/1003 loss=0.6798
[train:object_token_full:H10] epoch=9/10 step=475/1003 loss=0.6889
[train:object_token_full:H10] epoch=9/10 step=500/1003 loss=0.7195
[train:object_token_full:H10] epoch=9/10 step=525/1003 loss=0.6841
[train:object_token_full:H10] epoch=9/10 step=550/1003 loss=0.7027
[train:object_token_full:H10] epoch=9/10 step=575/1003 loss=0.6523
[train:object_token_full:H10] epoch=9/10 step=600/1003 loss=0.6862
[train:object_token_full:H10] epoch=9/10 step=625/1003 loss=0.6859
[train:object_token_full:H10] epoch=9/10 step=650/1003 loss=0.7097
[train:object_token_full:H10] epoch=9/10 step=675/1003 loss=0.6704
[train:object_token_full:H10] epoch=9/10 step=700/1003 loss=0.6398
[train:object_token_full:H10] epoch=9/10 step=725/1003 loss=0.6755
[train:object_token_full:H10] epoch=9/10 step=750/1003 loss=0.6677
[train:object_token_full:H10] epoch=9/10 step=775/1003 loss=0.7203
[train:object_token_full:H10] epoch=9/10 step=800/1003 loss=0.7016
[train:object_token_full:H10] epoch=9/10 step=825/1003 loss=0.6707
[train:object_token_full:H10] epoch=9/10 step=850/1003 loss=0.7159
[train:object_token_full:H10] epoch=9/10 step=875/1003 loss=0.6638
[train:object_token_full:H10] epoch=9/10 step=900/1003 loss=0.6836
[train:object_token_full:H10] epoch=9/10 step=925/1003 loss=0.6748
[train:object_token_full:H10] epoch=9/10 step=950/1003 loss=0.6634
[train:object_token_full:H10] epoch=9/10 step=975/1003 loss=0.6640
[train:object_token_full:H10] epoch=9/10 step=1000/1003 loss=0.6822
[epoch] method=object_token_full epoch=9 train=0.6833 val=0.7694 best=0.7288
[train:object_token_full:H10] epoch=10/10 step=0/1003 loss=0.7734
[train:object_token_full:H10] epoch=10/10 step=25/1003 loss=0.6577
[train:object_token_full:H10] epoch=10/10 step=50/1003 loss=0.6436
[train:object_token_full:H10] epoch=10/10 step=75/1003 loss=0.6945
[train:object_token_full:H10] epoch=10/10 step=100/1003 loss=0.6687
[train:object_token_full:H10] epoch=10/10 step=125/1003 loss=0.6735
[train:object_token_full:H10] epoch=10/10 step=150/1003 loss=0.6724
[train:object_token_full:H10] epoch=10/10 step=175/1003 loss=0.6660
[train:object_token_full:H10] epoch=10/10 step=200/1003 loss=0.6694
[train:object_token_full:H10] epoch=10/10 step=225/1003 loss=0.6573
[train:object_token_full:H10] epoch=10/10 step=250/1003 loss=0.6833
[train:object_token_full:H10] epoch=10/10 step=275/1003 loss=0.6645
[train:object_token_full:H10] epoch=10/10 step=300/1003 loss=0.6818
[train:object_token_full:H10] epoch=10/10 step=325/1003 loss=0.7223
[train:object_token_full:H10] epoch=10/10 step=350/1003 loss=0.6719
[train:object_token_full:H10] epoch=10/10 step=375/1003 loss=0.6558
[train:object_token_full:H10] epoch=10/10 step=400/1003 loss=0.6781
[train:object_token_full:H10] epoch=10/10 step=425/1003 loss=0.7079
[train:object_token_full:H10] epoch=10/10 step=450/1003 loss=0.6412
[train:object_token_full:H10] epoch=10/10 step=475/1003 loss=0.6391
[train:object_token_full:H10] epoch=10/10 step=500/1003 loss=0.6364
[train:object_token_full:H10] epoch=10/10 step=525/1003 loss=0.6824
[train:object_token_full:H10] epoch=10/10 step=550/1003 loss=0.6271
[train:object_token_full:H10] epoch=10/10 step=575/1003 loss=0.7243
[train:object_token_full:H10] epoch=10/10 step=600/1003 loss=0.6783
[train:object_token_full:H10] epoch=10/10 step=625/1003 loss=0.6719
[train:object_token_full:H10] epoch=10/10 step=650/1003 loss=0.6751
[train:object_token_full:H10] epoch=10/10 step=675/1003 loss=0.6735
[train:object_token_full:H10] epoch=10/10 step=700/1003 loss=0.6655
[train:object_token_full:H10] epoch=10/10 step=725/1003 loss=0.6469
[train:object_token_full:H10] epoch=10/10 step=750/1003 loss=0.6483
[train:object_token_full:H10] epoch=10/10 step=775/1003 loss=0.6703
[train:object_token_full:H10] epoch=10/10 step=800/1003 loss=0.6953
[train:object_token_full:H10] epoch=10/10 step=825/1003 loss=0.6984
[train:object_token_full:H10] epoch=10/10 step=850/1003 loss=0.6614
[train:object_token_full:H10] epoch=10/10 step=875/1003 loss=0.7139
[train:object_token_full:H10] epoch=10/10 step=900/1003 loss=0.6436
[train:object_token_full:H10] epoch=10/10 step=925/1003 loss=0.6911
[train:object_token_full:H10] epoch=10/10 step=950/1003 loss=0.6535
[train:object_token_full:H10] epoch=10/10 step=975/1003 loss=0.6279
[train:object_token_full:H10] epoch=10/10 step=1000/1003 loss=0.6618
[epoch] method=object_token_full epoch=10 train=0.6700 val=0.7853 best=0.7288
[done train] /home/tahiti/SafeObjWorld/runs_v2_full/models/object_token_full/H10/best.pt
