====================================================================================================
SafeObjWorld V2 runner
{
  "mode": "train",
  "dataset_root": "/home/tahiti/SafeObjWorld/data/DAVIS2017",
  "run_root": "/home/tahiti/SafeObjWorld/runs_v2_full",
  "year": "2017",
  "method": "object_token_full",
  "stress": "clean",
  "prefix_len": 3,
  "max_h": 5,
  "image_size": 192,
  "batch_size": 8,
  "epochs": 10,
  "lr": 0.0002,
  "weight_decay": 0.0001,
  "max_train_samples": 0,
  "max_val_samples": 0,
  "num_workers": 4,
  "seed": 42,
  "eval_k_override": 0,
  "amp": true,
  "cpu": false,
  "skip_existing": true,
  "log_every": 25
}
====================================================================================================
[train] method=object_token_full device=cuda cfg={'stress_train': True, 'temporal_weight': 0.05, 'split_weight': 0.0, 'area_weight': 0.1, 'mc_eval': True, 'eval_k': 5}
[train:object_token_full:H5] epoch=1/10 step=0/1086 loss=1.5209
[train:object_token_full:H5] epoch=1/10 step=25/1086 loss=1.5947
[train:object_token_full:H5] epoch=1/10 step=50/1086 loss=1.2609
[train:object_token_full:H5] epoch=1/10 step=75/1086 loss=1.1167
[train:object_token_full:H5] epoch=1/10 step=100/1086 loss=1.1149
[train:object_token_full:H5] epoch=1/10 step=125/1086 loss=1.0905
[train:object_token_full:H5] epoch=1/10 step=150/1086 loss=1.0946
[train:object_token_full:H5] epoch=1/10 step=175/1086 loss=1.0642
[train:object_token_full:H5] epoch=1/10 step=200/1086 loss=1.0681
[train:object_token_full:H5] epoch=1/10 step=225/1086 loss=1.0641
[train:object_token_full:H5] epoch=1/10 step=250/1086 loss=1.0526
[train:object_token_full:H5] epoch=1/10 step=275/1086 loss=1.0672
[train:object_token_full:H5] epoch=1/10 step=300/1086 loss=1.0642
[train:object_token_full:H5] epoch=1/10 step=325/1086 loss=1.0641
[train:object_token_full:H5] epoch=1/10 step=350/1086 loss=1.0617
[train:object_token_full:H5] epoch=1/10 step=375/1086 loss=1.0534
[train:object_token_full:H5] epoch=1/10 step=400/1086 loss=1.0731
[train:object_token_full:H5] epoch=1/10 step=425/1086 loss=1.0470
[train:object_token_full:H5] epoch=1/10 step=450/1086 loss=1.0481
[train:object_token_full:H5] epoch=1/10 step=475/1086 loss=1.0355
[train:object_token_full:H5] epoch=1/10 step=500/1086 loss=1.0632
[train:object_token_full:H5] epoch=1/10 step=525/1086 loss=1.0760
[train:object_token_full:H5] epoch=1/10 step=550/1086 loss=1.0691
[train:object_token_full:H5] epoch=1/10 step=575/1086 loss=1.0555
[train:object_token_full:H5] epoch=1/10 step=600/1086 loss=1.0380
[train:object_token_full:H5] epoch=1/10 step=625/1086 loss=1.0517
[train:object_token_full:H5] epoch=1/10 step=650/1086 loss=1.0412
[train:object_token_full:H5] epoch=1/10 step=675/1086 loss=1.0416
[train:object_token_full:H5] epoch=1/10 step=700/1086 loss=1.0441
[train:object_token_full:H5] epoch=1/10 step=725/1086 loss=1.0241
[train:object_token_full:H5] epoch=1/10 step=750/1086 loss=1.0450
[train:object_token_full:H5] epoch=1/10 step=775/1086 loss=1.0385
[train:object_token_full:H5] epoch=1/10 step=800/1086 loss=1.0381
[train:object_token_full:H5] epoch=1/10 step=825/1086 loss=1.0422
[train:object_token_full:H5] epoch=1/10 step=850/1086 loss=1.0513
[train:object_token_full:H5] epoch=1/10 step=875/1086 loss=1.0228
[train:object_token_full:H5] epoch=1/10 step=900/1086 loss=1.0573
[train:object_token_full:H5] epoch=1/10 step=925/1086 loss=1.0459
[train:object_token_full:H5] epoch=1/10 step=950/1086 loss=1.0150
[train:object_token_full:H5] epoch=1/10 step=975/1086 loss=1.0103
[train:object_token_full:H5] epoch=1/10 step=1000/1086 loss=1.0090
[train:object_token_full:H5] epoch=1/10 step=1025/1086 loss=1.0334
[train:object_token_full:H5] epoch=1/10 step=1050/1086 loss=1.0094
[train:object_token_full:H5] epoch=1/10 step=1075/1086 loss=0.9977
[epoch] method=object_token_full epoch=1 train=1.0713 val=1.0371 best=1.0371
[train:object_token_full:H5] epoch=2/10 step=0/1086 loss=1.0188
[train:object_token_full:H5] epoch=2/10 step=25/1086 loss=1.0185
[train:object_token_full:H5] epoch=2/10 step=50/1086 loss=1.0272
[train:object_token_full:H5] epoch=2/10 step=75/1086 loss=1.0050
[train:object_token_full:H5] epoch=2/10 step=100/1086 loss=1.0064
[train:object_token_full:H5] epoch=2/10 step=125/1086 loss=0.9987
[train:object_token_full:H5] epoch=2/10 step=150/1086 loss=1.0099
[train:object_token_full:H5] epoch=2/10 step=175/1086 loss=1.0156
[train:object_token_full:H5] epoch=2/10 step=200/1086 loss=0.9825
[train:object_token_full:H5] epoch=2/10 step=225/1086 loss=1.0071
[train:object_token_full:H5] epoch=2/10 step=250/1086 loss=0.9747
[train:object_token_full:H5] epoch=2/10 step=275/1086 loss=0.9591
[train:object_token_full:H5] epoch=2/10 step=300/1086 loss=0.9436
[train:object_token_full:H5] epoch=2/10 step=325/1086 loss=0.9040
[train:object_token_full:H5] epoch=2/10 step=350/1086 loss=0.9302
[train:object_token_full:H5] epoch=2/10 step=375/1086 loss=0.9270
[train:object_token_full:H5] epoch=2/10 step=400/1086 loss=0.8857
[train:object_token_full:H5] epoch=2/10 step=425/1086 loss=0.8794
[train:object_token_full:H5] epoch=2/10 step=450/1086 loss=0.8789
[train:object_token_full:H5] epoch=2/10 step=475/1086 loss=0.8836
[train:object_token_full:H5] epoch=2/10 step=500/1086 loss=0.8484
[train:object_token_full:H5] epoch=2/10 step=525/1086 loss=0.8942
[train:object_token_full:H5] epoch=2/10 step=550/1086 loss=0.8835
[train:object_token_full:H5] epoch=2/10 step=575/1086 loss=0.8764
[train:object_token_full:H5] epoch=2/10 step=600/1086 loss=0.8775
[train:object_token_full:H5] epoch=2/10 step=625/1086 loss=0.8528
[train:object_token_full:H5] epoch=2/10 step=650/1086 loss=0.8761
[train:object_token_full:H5] epoch=2/10 step=675/1086 loss=0.8301
[train:object_token_full:H5] epoch=2/10 step=700/1086 loss=0.8617
[train:object_token_full:H5] epoch=2/10 step=725/1086 loss=0.8391
[train:object_token_full:H5] epoch=2/10 step=750/1086 loss=0.8301
[train:object_token_full:H5] epoch=2/10 step=775/1086 loss=0.8526
[train:object_token_full:H5] epoch=2/10 step=800/1086 loss=0.8405
[train:object_token_full:H5] epoch=2/10 step=825/1086 loss=0.7939
[train:object_token_full:H5] epoch=2/10 step=850/1086 loss=0.8254
[train:object_token_full:H5] epoch=2/10 step=875/1086 loss=0.8215
[train:object_token_full:H5] epoch=2/10 step=900/1086 loss=0.8264
[train:object_token_full:H5] epoch=2/10 step=925/1086 loss=0.8149
[train:object_token_full:H5] epoch=2/10 step=950/1086 loss=0.8214
[train:object_token_full:H5] epoch=2/10 step=975/1086 loss=0.8189
[train:object_token_full:H5] epoch=2/10 step=1000/1086 loss=0.7952
[train:object_token_full:H5] epoch=2/10 step=1025/1086 loss=0.7613
[train:object_token_full:H5] epoch=2/10 step=1050/1086 loss=0.7739
[train:object_token_full:H5] epoch=2/10 step=1075/1086 loss=0.7682
[epoch] method=object_token_full epoch=2 train=0.8895 val=0.7780 best=0.7780
[train:object_token_full:H5] epoch=3/10 step=0/1086 loss=0.6127
[train:object_token_full:H5] epoch=3/10 step=25/1086 loss=0.7673
[train:object_token_full:H5] epoch=3/10 step=50/1086 loss=0.7832
[train:object_token_full:H5] epoch=3/10 step=75/1086 loss=0.8045
[train:object_token_full:H5] epoch=3/10 step=100/1086 loss=0.8156
[train:object_token_full:H5] epoch=3/10 step=125/1086 loss=0.8097
[train:object_token_full:H5] epoch=3/10 step=150/1086 loss=0.7812
[train:object_token_full:H5] epoch=3/10 step=175/1086 loss=0.7724
[train:object_token_full:H5] epoch=3/10 step=200/1086 loss=0.7156
[train:object_token_full:H5] epoch=3/10 step=225/1086 loss=0.7525
[train:object_token_full:H5] epoch=3/10 step=250/1086 loss=0.7444
[train:object_token_full:H5] epoch=3/10 step=275/1086 loss=0.7608
[train:object_token_full:H5] epoch=3/10 step=300/1086 loss=0.7761
[train:object_token_full:H5] epoch=3/10 step=325/1086 loss=0.7555
[train:object_token_full:H5] epoch=3/10 step=350/1086 loss=0.7629
[train:object_token_full:H5] epoch=3/10 step=375/1086 loss=0.7699
[train:object_token_full:H5] epoch=3/10 step=400/1086 loss=0.7568
[train:object_token_full:H5] epoch=3/10 step=425/1086 loss=0.7553
[train:object_token_full:H5] epoch=3/10 step=450/1086 loss=0.7836
[train:object_token_full:H5] epoch=3/10 step=475/1086 loss=0.7661
[train:object_token_full:H5] epoch=3/10 step=500/1086 loss=0.7643
[train:object_token_full:H5] epoch=3/10 step=525/1086 loss=0.7550
[train:object_token_full:H5] epoch=3/10 step=550/1086 loss=0.7736
[train:object_token_full:H5] epoch=3/10 step=575/1086 loss=0.7777
[train:object_token_full:H5] epoch=3/10 step=600/1086 loss=0.7492
[train:object_token_full:H5] epoch=3/10 step=625/1086 loss=0.7490
[train:object_token_full:H5] epoch=3/10 step=650/1086 loss=0.7199
[train:object_token_full:H5] epoch=3/10 step=675/1086 loss=0.7616
[train:object_token_full:H5] epoch=3/10 step=700/1086 loss=0.7378
[train:object_token_full:H5] epoch=3/10 step=725/1086 loss=0.7570
[train:object_token_full:H5] epoch=3/10 step=750/1086 loss=0.7377
[train:object_token_full:H5] epoch=3/10 step=775/1086 loss=0.7251
[train:object_token_full:H5] epoch=3/10 step=800/1086 loss=0.7188
[train:object_token_full:H5] epoch=3/10 step=825/1086 loss=0.7360
[train:object_token_full:H5] epoch=3/10 step=850/1086 loss=0.7409
[train:object_token_full:H5] epoch=3/10 step=875/1086 loss=0.7170
[train:object_token_full:H5] epoch=3/10 step=900/1086 loss=0.7581
[train:object_token_full:H5] epoch=3/10 step=925/1086 loss=0.6860
[train:object_token_full:H5] epoch=3/10 step=950/1086 loss=0.7648
[train:object_token_full:H5] epoch=3/10 step=975/1086 loss=0.7588
[train:object_token_full:H5] epoch=3/10 step=1000/1086 loss=0.7248
[train:object_token_full:H5] epoch=3/10 step=1025/1086 loss=0.7512
[train:object_token_full:H5] epoch=3/10 step=1050/1086 loss=0.7655
[train:object_token_full:H5] epoch=3/10 step=1075/1086 loss=0.7530
[epoch] method=object_token_full epoch=3 train=0.7569 val=0.7397 best=0.7397
[train:object_token_full:H5] epoch=4/10 step=0/1086 loss=0.7336
[train:object_token_full:H5] epoch=4/10 step=25/1086 loss=0.7235
[train:object_token_full:H5] epoch=4/10 step=50/1086 loss=0.7178
[train:object_token_full:H5] epoch=4/10 step=75/1086 loss=0.7452
[train:object_token_full:H5] epoch=4/10 step=100/1086 loss=0.7294
[train:object_token_full:H5] epoch=4/10 step=125/1086 loss=0.7500
[train:object_token_full:H5] epoch=4/10 step=150/1086 loss=0.7080
[train:object_token_full:H5] epoch=4/10 step=175/1086 loss=0.6901
[train:object_token_full:H5] epoch=4/10 step=200/1086 loss=0.7422
[train:object_token_full:H5] epoch=4/10 step=225/1086 loss=0.7039
[train:object_token_full:H5] epoch=4/10 step=250/1086 loss=0.7294
[train:object_token_full:H5] epoch=4/10 step=275/1086 loss=0.7241
[train:object_token_full:H5] epoch=4/10 step=300/1086 loss=0.7369
[train:object_token_full:H5] epoch=4/10 step=325/1086 loss=0.7508
[train:object_token_full:H5] epoch=4/10 step=350/1086 loss=0.6846
[train:object_token_full:H5] epoch=4/10 step=375/1086 loss=0.7334
[train:object_token_full:H5] epoch=4/10 step=400/1086 loss=0.7012
[train:object_token_full:H5] epoch=4/10 step=425/1086 loss=0.6895
[train:object_token_full:H5] epoch=4/10 step=450/1086 loss=0.7233
[train:object_token_full:H5] epoch=4/10 step=475/1086 loss=0.7060
[train:object_token_full:H5] epoch=4/10 step=500/1086 loss=0.7356
[train:object_token_full:H5] epoch=4/10 step=525/1086 loss=0.6753
[train:object_token_full:H5] epoch=4/10 step=550/1086 loss=0.7155
[train:object_token_full:H5] epoch=4/10 step=575/1086 loss=0.7115
[train:object_token_full:H5] epoch=4/10 step=600/1086 loss=0.7435
[train:object_token_full:H5] epoch=4/10 step=625/1086 loss=0.7356
[train:object_token_full:H5] epoch=4/10 step=650/1086 loss=0.7290
[train:object_token_full:H5] epoch=4/10 step=675/1086 loss=0.7224
[train:object_token_full:H5] epoch=4/10 step=700/1086 loss=0.7160
[train:object_token_full:H5] epoch=4/10 step=725/1086 loss=0.7423
[train:object_token_full:H5] epoch=4/10 step=750/1086 loss=0.7158
[train:object_token_full:H5] epoch=4/10 step=775/1086 loss=0.7265
[train:object_token_full:H5] epoch=4/10 step=800/1086 loss=0.6980
[train:object_token_full:H5] epoch=4/10 step=825/1086 loss=0.7223
[train:object_token_full:H5] epoch=4/10 step=850/1086 loss=0.7278
[train:object_token_full:H5] epoch=4/10 step=875/1086 loss=0.7127
[train:object_token_full:H5] epoch=4/10 step=900/1086 loss=0.7008
[train:object_token_full:H5] epoch=4/10 step=925/1086 loss=0.7167
[train:object_token_full:H5] epoch=4/10 step=950/1086 loss=0.7000
[train:object_token_full:H5] epoch=4/10 step=975/1086 loss=0.7091
[train:object_token_full:H5] epoch=4/10 step=1000/1086 loss=0.6794
[train:object_token_full:H5] epoch=4/10 step=1025/1086 loss=0.7374
[train:object_token_full:H5] epoch=4/10 step=1050/1086 loss=0.7095
[train:object_token_full:H5] epoch=4/10 step=1075/1086 loss=0.6984
[epoch] method=object_token_full epoch=4 train=0.7175 val=0.6935 best=0.6935
[train:object_token_full:H5] epoch=5/10 step=0/1086 loss=0.7173
[train:object_token_full:H5] epoch=5/10 step=25/1086 loss=0.6851
[train:object_token_full:H5] epoch=5/10 step=50/1086 loss=0.6999
[train:object_token_full:H5] epoch=5/10 step=75/1086 loss=0.7005
[train:object_token_full:H5] epoch=5/10 step=100/1086 loss=0.6893
[train:object_token_full:H5] epoch=5/10 step=125/1086 loss=0.6876
[train:object_token_full:H5] epoch=5/10 step=150/1086 loss=0.6916
[train:object_token_full:H5] epoch=5/10 step=175/1086 loss=0.6922
[train:object_token_full:H5] epoch=5/10 step=200/1086 loss=0.6935
[train:object_token_full:H5] epoch=5/10 step=225/1086 loss=0.6767
[train:object_token_full:H5] epoch=5/10 step=250/1086 loss=0.7213
[train:object_token_full:H5] epoch=5/10 step=275/1086 loss=0.6953
[train:object_token_full:H5] epoch=5/10 step=300/1086 loss=0.6862
[train:object_token_full:H5] epoch=5/10 step=325/1086 loss=0.6849
[train:object_token_full:H5] epoch=5/10 step=350/1086 loss=0.6815
[train:object_token_full:H5] epoch=5/10 step=375/1086 loss=0.6986
[train:object_token_full:H5] epoch=5/10 step=400/1086 loss=0.6767
[train:object_token_full:H5] epoch=5/10 step=425/1086 loss=0.6976
[train:object_token_full:H5] epoch=5/10 step=450/1086 loss=0.6948
[train:object_token_full:H5] epoch=5/10 step=475/1086 loss=0.6820
[train:object_token_full:H5] epoch=5/10 step=500/1086 loss=0.6831
[train:object_token_full:H5] epoch=5/10 step=525/1086 loss=0.7029
[train:object_token_full:H5] epoch=5/10 step=550/1086 loss=0.6892
[train:object_token_full:H5] epoch=5/10 step=575/1086 loss=0.6791
[train:object_token_full:H5] epoch=5/10 step=600/1086 loss=0.6901
[train:object_token_full:H5] epoch=5/10 step=625/1086 loss=0.7040
[train:object_token_full:H5] epoch=5/10 step=650/1086 loss=0.6631
[train:object_token_full:H5] epoch=5/10 step=675/1086 loss=0.6864
[train:object_token_full:H5] epoch=5/10 step=700/1086 loss=0.7641
[train:object_token_full:H5] epoch=5/10 step=725/1086 loss=0.6409
[train:object_token_full:H5] epoch=5/10 step=750/1086 loss=0.6827
[train:object_token_full:H5] epoch=5/10 step=775/1086 loss=0.6450
[train:object_token_full:H5] epoch=5/10 step=800/1086 loss=0.6758
[train:object_token_full:H5] epoch=5/10 step=825/1086 loss=0.6618
[train:object_token_full:H5] epoch=5/10 step=850/1086 loss=0.6657
[train:object_token_full:H5] epoch=5/10 step=875/1086 loss=0.6608
[train:object_token_full:H5] epoch=5/10 step=900/1086 loss=0.6795
[train:object_token_full:H5] epoch=5/10 step=925/1086 loss=0.6709
[train:object_token_full:H5] epoch=5/10 step=950/1086 loss=0.6532
[train:object_token_full:H5] epoch=5/10 step=975/1086 loss=0.6736
[train:object_token_full:H5] epoch=5/10 step=1000/1086 loss=0.7027
[train:object_token_full:H5] epoch=5/10 step=1025/1086 loss=0.6862
[train:object_token_full:H5] epoch=5/10 step=1050/1086 loss=0.6360
[train:object_token_full:H5] epoch=5/10 step=1075/1086 loss=0.6616
[epoch] method=object_token_full epoch=5 train=0.6846 val=0.6873 best=0.6873
[train:object_token_full:H5] epoch=6/10 step=0/1086 loss=0.4870
[train:object_token_full:H5] epoch=6/10 step=25/1086 loss=0.7191
[train:object_token_full:H5] epoch=6/10 step=50/1086 loss=0.6572
[train:object_token_full:H5] epoch=6/10 step=75/1086 loss=0.6820
[train:object_token_full:H5] epoch=6/10 step=100/1086 loss=0.6938
[train:object_token_full:H5] epoch=6/10 step=125/1086 loss=0.6950
[train:object_token_full:H5] epoch=6/10 step=150/1086 loss=0.6153
[train:object_token_full:H5] epoch=6/10 step=175/1086 loss=0.6351
[train:object_token_full:H5] epoch=6/10 step=200/1086 loss=0.6459
[train:object_token_full:H5] epoch=6/10 step=225/1086 loss=0.6892
[train:object_token_full:H5] epoch=6/10 step=250/1086 loss=0.6471
[train:object_token_full:H5] epoch=6/10 step=275/1086 loss=0.6414
[train:object_token_full:H5] epoch=6/10 step=300/1086 loss=0.6895
[train:object_token_full:H5] epoch=6/10 step=325/1086 loss=0.6604
[train:object_token_full:H5] epoch=6/10 step=350/1086 loss=0.6402
[train:object_token_full:H5] epoch=6/10 step=375/1086 loss=0.6292
[train:object_token_full:H5] epoch=6/10 step=400/1086 loss=0.6911
[train:object_token_full:H5] epoch=6/10 step=425/1086 loss=0.6882
[train:object_token_full:H5] epoch=6/10 step=450/1086 loss=0.6608
[train:object_token_full:H5] epoch=6/10 step=475/1086 loss=0.6723
[train:object_token_full:H5] epoch=6/10 step=500/1086 loss=0.6549
[train:object_token_full:H5] epoch=6/10 step=525/1086 loss=0.6764
[train:object_token_full:H5] epoch=6/10 step=550/1086 loss=0.6326
[train:object_token_full:H5] epoch=6/10 step=575/1086 loss=0.6555
[train:object_token_full:H5] epoch=6/10 step=600/1086 loss=0.6369
[train:object_token_full:H5] epoch=6/10 step=625/1086 loss=0.6499
[train:object_token_full:H5] epoch=6/10 step=650/1086 loss=0.6688
[train:object_token_full:H5] epoch=6/10 step=675/1086 loss=0.6808
[train:object_token_full:H5] epoch=6/10 step=700/1086 loss=0.6593
[train:object_token_full:H5] epoch=6/10 step=725/1086 loss=0.6859
[train:object_token_full:H5] epoch=6/10 step=750/1086 loss=0.6936
[train:object_token_full:H5] epoch=6/10 step=775/1086 loss=0.6554
[train:object_token_full:H5] epoch=6/10 step=800/1086 loss=0.6514
[train:object_token_full:H5] epoch=6/10 step=825/1086 loss=0.6957
[train:object_token_full:H5] epoch=6/10 step=850/1086 loss=0.6389
[train:object_token_full:H5] epoch=6/10 step=875/1086 loss=0.6427
[train:object_token_full:H5] epoch=6/10 step=900/1086 loss=0.6690
[train:object_token_full:H5] epoch=6/10 step=925/1086 loss=0.6682
[train:object_token_full:H5] epoch=6/10 step=950/1086 loss=0.6238
[train:object_token_full:H5] epoch=6/10 step=975/1086 loss=0.6520
[train:object_token_full:H5] epoch=6/10 step=1000/1086 loss=0.6634
[train:object_token_full:H5] epoch=6/10 step=1025/1086 loss=0.6632
[train:object_token_full:H5] epoch=6/10 step=1050/1086 loss=0.6728
[train:object_token_full:H5] epoch=6/10 step=1075/1086 loss=0.6595
[epoch] method=object_token_full epoch=6 train=0.6635 val=0.6634 best=0.6634
[train:object_token_full:H5] epoch=7/10 step=0/1086 loss=0.6980
[train:object_token_full:H5] epoch=7/10 step=25/1086 loss=0.6486
[train:object_token_full:H5] epoch=7/10 step=50/1086 loss=0.6048
[train:object_token_full:H5] epoch=7/10 step=75/1086 loss=0.6901
[train:object_token_full:H5] epoch=7/10 step=100/1086 loss=0.6491
[train:object_token_full:H5] epoch=7/10 step=125/1086 loss=0.6547
[train:object_token_full:H5] epoch=7/10 step=150/1086 loss=0.6437
[train:object_token_full:H5] epoch=7/10 step=175/1086 loss=0.6285
[train:object_token_full:H5] epoch=7/10 step=200/1086 loss=0.6614
[train:object_token_full:H5] epoch=7/10 step=225/1086 loss=0.6546
[train:object_token_full:H5] epoch=7/10 step=250/1086 loss=0.6698
[train:object_token_full:H5] epoch=7/10 step=275/1086 loss=0.6801
[train:object_token_full:H5] epoch=7/10 step=300/1086 loss=0.6539
[train:object_token_full:H5] epoch=7/10 step=325/1086 loss=0.6587
[train:object_token_full:H5] epoch=7/10 step=350/1086 loss=0.6914
[train:object_token_full:H5] epoch=7/10 step=375/1086 loss=0.6474
[train:object_token_full:H5] epoch=7/10 step=400/1086 loss=0.6295
[train:object_token_full:H5] epoch=7/10 step=425/1086 loss=0.6417
[train:object_token_full:H5] epoch=7/10 step=450/1086 loss=0.6391
[train:object_token_full:H5] epoch=7/10 step=475/1086 loss=0.6380
[train:object_token_full:H5] epoch=7/10 step=500/1086 loss=0.6271
[train:object_token_full:H5] epoch=7/10 step=525/1086 loss=0.7100
[train:object_token_full:H5] epoch=7/10 step=550/1086 loss=0.6454
[train:object_token_full:H5] epoch=7/10 step=575/1086 loss=0.6078
[train:object_token_full:H5] epoch=7/10 step=600/1086 loss=0.6414
[train:object_token_full:H5] epoch=7/10 step=625/1086 loss=0.6245
[train:object_token_full:H5] epoch=7/10 step=650/1086 loss=0.6240
[train:object_token_full:H5] epoch=7/10 step=675/1086 loss=0.6367
[train:object_token_full:H5] epoch=7/10 step=700/1086 loss=0.6031
[train:object_token_full:H5] epoch=7/10 step=725/1086 loss=0.6790
[train:object_token_full:H5] epoch=7/10 step=750/1086 loss=0.6721
[train:object_token_full:H5] epoch=7/10 step=775/1086 loss=0.6589
[train:object_token_full:H5] epoch=7/10 step=800/1086 loss=0.6348
[train:object_token_full:H5] epoch=7/10 step=825/1086 loss=0.6540
[train:object_token_full:H5] epoch=7/10 step=850/1086 loss=0.6436
[train:object_token_full:H5] epoch=7/10 step=875/1086 loss=0.6299
[train:object_token_full:H5] epoch=7/10 step=900/1086 loss=0.6387
[train:object_token_full:H5] epoch=7/10 step=925/1086 loss=0.6629
[train:object_token_full:H5] epoch=7/10 step=950/1086 loss=0.6118
[train:object_token_full:H5] epoch=7/10 step=975/1086 loss=0.6413
[train:object_token_full:H5] epoch=7/10 step=1000/1086 loss=0.6364
[train:object_token_full:H5] epoch=7/10 step=1025/1086 loss=0.6762
[train:object_token_full:H5] epoch=7/10 step=1050/1086 loss=0.6485
[train:object_token_full:H5] epoch=7/10 step=1075/1086 loss=0.6543
[epoch] method=object_token_full epoch=7 train=0.6474 val=0.6928 best=0.6634
[train:object_token_full:H5] epoch=8/10 step=0/1086 loss=0.6684
[train:object_token_full:H5] epoch=8/10 step=25/1086 loss=0.6385
[train:object_token_full:H5] epoch=8/10 step=50/1086 loss=0.6423
[train:object_token_full:H5] epoch=8/10 step=75/1086 loss=0.6434
[train:object_token_full:H5] epoch=8/10 step=100/1086 loss=0.6055
[train:object_token_full:H5] epoch=8/10 step=125/1086 loss=0.6661
[train:object_token_full:H5] epoch=8/10 step=150/1086 loss=0.6887
[train:object_token_full:H5] epoch=8/10 step=175/1086 loss=0.6346
[train:object_token_full:H5] epoch=8/10 step=200/1086 loss=0.6434
[train:object_token_full:H5] epoch=8/10 step=225/1086 loss=0.6430
[train:object_token_full:H5] epoch=8/10 step=250/1086 loss=0.6293
[train:object_token_full:H5] epoch=8/10 step=275/1086 loss=0.6685
[train:object_token_full:H5] epoch=8/10 step=300/1086 loss=0.6526
[train:object_token_full:H5] epoch=8/10 step=325/1086 loss=0.6150
[train:object_token_full:H5] epoch=8/10 step=350/1086 loss=0.6317
[train:object_token_full:H5] epoch=8/10 step=375/1086 loss=0.6328
[train:object_token_full:H5] epoch=8/10 step=400/1086 loss=0.6165
[train:object_token_full:H5] epoch=8/10 step=425/1086 loss=0.6375
[train:object_token_full:H5] epoch=8/10 step=450/1086 loss=0.6492
[train:object_token_full:H5] epoch=8/10 step=475/1086 loss=0.6260
[train:object_token_full:H5] epoch=8/10 step=500/1086 loss=0.6762
[train:object_token_full:H5] epoch=8/10 step=525/1086 loss=0.6520
[train:object_token_full:H5] epoch=8/10 step=550/1086 loss=0.6228
[train:object_token_full:H5] epoch=8/10 step=575/1086 loss=0.6010
[train:object_token_full:H5] epoch=8/10 step=600/1086 loss=0.6496
[train:object_token_full:H5] epoch=8/10 step=625/1086 loss=0.6192
[train:object_token_full:H5] epoch=8/10 step=650/1086 loss=0.6412
[train:object_token_full:H5] epoch=8/10 step=675/1086 loss=0.6303
[train:object_token_full:H5] epoch=8/10 step=700/1086 loss=0.6363
[train:object_token_full:H5] epoch=8/10 step=725/1086 loss=0.6454
[train:object_token_full:H5] epoch=8/10 step=750/1086 loss=0.6526
[train:object_token_full:H5] epoch=8/10 step=775/1086 loss=0.6404
[train:object_token_full:H5] epoch=8/10 step=800/1086 loss=0.6182
[train:object_token_full:H5] epoch=8/10 step=825/1086 loss=0.6279
[train:object_token_full:H5] epoch=8/10 step=850/1086 loss=0.6196
[train:object_token_full:H5] epoch=8/10 step=875/1086 loss=0.6293
[train:object_token_full:H5] epoch=8/10 step=900/1086 loss=0.6215
[train:object_token_full:H5] epoch=8/10 step=925/1086 loss=0.6424
[train:object_token_full:H5] epoch=8/10 step=950/1086 loss=0.6540
[train:object_token_full:H5] epoch=8/10 step=975/1086 loss=0.5888
[train:object_token_full:H5] epoch=8/10 step=1000/1086 loss=0.6253
[train:object_token_full:H5] epoch=8/10 step=1025/1086 loss=0.6447
[train:object_token_full:H5] epoch=8/10 step=1050/1086 loss=0.6504
[train:object_token_full:H5] epoch=8/10 step=1075/1086 loss=0.6096
[epoch] method=object_token_full epoch=8 train=0.6372 val=0.6894 best=0.6634
[train:object_token_full:H5] epoch=9/10 step=0/1086 loss=0.5466
[train:object_token_full:H5] epoch=9/10 step=25/1086 loss=0.6007
[train:object_token_full:H5] epoch=9/10 step=50/1086 loss=0.6083
[train:object_token_full:H5] epoch=9/10 step=75/1086 loss=0.6116
[train:object_token_full:H5] epoch=9/10 step=100/1086 loss=0.6455
[train:object_token_full:H5] epoch=9/10 step=125/1086 loss=0.6147
[train:object_token_full:H5] epoch=9/10 step=150/1086 loss=0.6391
[train:object_token_full:H5] epoch=9/10 step=175/1086 loss=0.6432
[train:object_token_full:H5] epoch=9/10 step=200/1086 loss=0.5993
[train:object_token_full:H5] epoch=9/10 step=225/1086 loss=0.6264
[train:object_token_full:H5] epoch=9/10 step=250/1086 loss=0.6244
[train:object_token_full:H5] epoch=9/10 step=275/1086 loss=0.6219
[train:object_token_full:H5] epoch=9/10 step=300/1086 loss=0.6122
[train:object_token_full:H5] epoch=9/10 step=325/1086 loss=0.6284
[train:object_token_full:H5] epoch=9/10 step=350/1086 loss=0.6175
[train:object_token_full:H5] epoch=9/10 step=375/1086 loss=0.6254
[train:object_token_full:H5] epoch=9/10 step=400/1086 loss=0.6026
[train:object_token_full:H5] epoch=9/10 step=425/1086 loss=0.6229
[train:object_token_full:H5] epoch=9/10 step=450/1086 loss=0.6161
[train:object_token_full:H5] epoch=9/10 step=475/1086 loss=0.6152
[train:object_token_full:H5] epoch=9/10 step=500/1086 loss=0.6360
[train:object_token_full:H5] epoch=9/10 step=525/1086 loss=0.6273
[train:object_token_full:H5] epoch=9/10 step=550/1086 loss=0.6397
[train:object_token_full:H5] epoch=9/10 step=575/1086 loss=0.6280
[train:object_token_full:H5] epoch=9/10 step=600/1086 loss=0.6354
[train:object_token_full:H5] epoch=9/10 step=625/1086 loss=0.6065
[train:object_token_full:H5] epoch=9/10 step=650/1086 loss=0.5949
[train:object_token_full:H5] epoch=9/10 step=675/1086 loss=0.6066
[train:object_token_full:H5] epoch=9/10 step=700/1086 loss=0.6267
[train:object_token_full:H5] epoch=9/10 step=725/1086 loss=0.6413
[train:object_token_full:H5] epoch=9/10 step=750/1086 loss=0.6382
[train:object_token_full:H5] epoch=9/10 step=775/1086 loss=0.6275
[train:object_token_full:H5] epoch=9/10 step=800/1086 loss=0.5909
[train:object_token_full:H5] epoch=9/10 step=825/1086 loss=0.6193
[train:object_token_full:H5] epoch=9/10 step=850/1086 loss=0.6467
[train:object_token_full:H5] epoch=9/10 step=875/1086 loss=0.6134
[train:object_token_full:H5] epoch=9/10 step=900/1086 loss=0.6090
[train:object_token_full:H5] epoch=9/10 step=925/1086 loss=0.6184
[train:object_token_full:H5] epoch=9/10 step=950/1086 loss=0.6201
[train:object_token_full:H5] epoch=9/10 step=975/1086 loss=0.6413
[train:object_token_full:H5] epoch=9/10 step=1000/1086 loss=0.6162
[train:object_token_full:H5] epoch=9/10 step=1025/1086 loss=0.6302
[train:object_token_full:H5] epoch=9/10 step=1050/1086 loss=0.6495
[train:object_token_full:H5] epoch=9/10 step=1075/1086 loss=0.6005
[epoch] method=object_token_full epoch=9 train=0.6235 val=0.6783 best=0.6634
[train:object_token_full:H5] epoch=10/10 step=0/1086 loss=0.7047
[train:object_token_full:H5] epoch=10/10 step=25/1086 loss=0.6117
[train:object_token_full:H5] epoch=10/10 step=50/1086 loss=0.6071
[train:object_token_full:H5] epoch=10/10 step=75/1086 loss=0.5953
[train:object_token_full:H5] epoch=10/10 step=100/1086 loss=0.5796
[train:object_token_full:H5] epoch=10/10 step=125/1086 loss=0.6061
[train:object_token_full:H5] epoch=10/10 step=150/1086 loss=0.6203
[train:object_token_full:H5] epoch=10/10 step=175/1086 loss=0.6390
[train:object_token_full:H5] epoch=10/10 step=200/1086 loss=0.6162
[train:object_token_full:H5] epoch=10/10 step=225/1086 loss=0.6432
[train:object_token_full:H5] epoch=10/10 step=250/1086 loss=0.6355
[train:object_token_full:H5] epoch=10/10 step=275/1086 loss=0.5960
[train:object_token_full:H5] epoch=10/10 step=300/1086 loss=0.6529
[train:object_token_full:H5] epoch=10/10 step=325/1086 loss=0.5894
[train:object_token_full:H5] epoch=10/10 step=350/1086 loss=0.6354
[train:object_token_full:H5] epoch=10/10 step=375/1086 loss=0.5899
[train:object_token_full:H5] epoch=10/10 step=400/1086 loss=0.6197
[train:object_token_full:H5] epoch=10/10 step=425/1086 loss=0.6237
[train:object_token_full:H5] epoch=10/10 step=450/1086 loss=0.6321
[train:object_token_full:H5] epoch=10/10 step=475/1086 loss=0.6328
[train:object_token_full:H5] epoch=10/10 step=500/1086 loss=0.6147
[train:object_token_full:H5] epoch=10/10 step=525/1086 loss=0.5911
[train:object_token_full:H5] epoch=10/10 step=550/1086 loss=0.5939
[train:object_token_full:H5] epoch=10/10 step=575/1086 loss=0.6024
[train:object_token_full:H5] epoch=10/10 step=600/1086 loss=0.5767
[train:object_token_full:H5] epoch=10/10 step=625/1086 loss=0.6335
[train:object_token_full:H5] epoch=10/10 step=650/1086 loss=0.6395
[train:object_token_full:H5] epoch=10/10 step=675/1086 loss=0.6322
[train:object_token_full:H5] epoch=10/10 step=700/1086 loss=0.5904
[train:object_token_full:H5] epoch=10/10 step=725/1086 loss=0.6335
[train:object_token_full:H5] epoch=10/10 step=750/1086 loss=0.6430
[train:object_token_full:H5] epoch=10/10 step=775/1086 loss=0.6234
[train:object_token_full:H5] epoch=10/10 step=800/1086 loss=0.5810
[train:object_token_full:H5] epoch=10/10 step=825/1086 loss=0.6319
[train:object_token_full:H5] epoch=10/10 step=850/1086 loss=0.6196
[train:object_token_full:H5] epoch=10/10 step=875/1086 loss=0.5915
[train:object_token_full:H5] epoch=10/10 step=900/1086 loss=0.6061
[train:object_token_full:H5] epoch=10/10 step=925/1086 loss=0.5989
[train:object_token_full:H5] epoch=10/10 step=950/1086 loss=0.6092
[train:object_token_full:H5] epoch=10/10 step=975/1086 loss=0.6105
[train:object_token_full:H5] epoch=10/10 step=1000/1086 loss=0.6018
[train:object_token_full:H5] epoch=10/10 step=1025/1086 loss=0.6288
[train:object_token_full:H5] epoch=10/10 step=1050/1086 loss=0.6043
[train:object_token_full:H5] epoch=10/10 step=1075/1086 loss=0.5884
[epoch] method=object_token_full epoch=10 train=0.6122 val=0.6833 best=0.6634
[done train] /home/tahiti/SafeObjWorld/runs_v2_full/models/object_token_full/H5/best.pt
