====================================================================================================
SafeObjWorld V2 runner
{
  "mode": "train",
  "dataset_root": "/home/tahiti/SafeObjWorld/data/DAVIS2017",
  "run_root": "/home/tahiti/SafeObjWorld/runs_v2_full",
  "year": "2017",
  "method": "safeobjworld_r_no_temporal",
  "stress": "clean",
  "prefix_len": 3,
  "max_h": 10,
  "image_size": 192,
  "batch_size": 8,
  "epochs": 10,
  "lr": 0.0002,
  "weight_decay": 0.0001,
  "max_train_samples": 0,
  "max_val_samples": 0,
  "num_workers": 4,
  "seed": 42,
  "eval_k_override": 0,
  "amp": true,
  "cpu": false,
  "skip_existing": true,
  "log_every": 25
}
====================================================================================================
[train] method=safeobjworld_r_no_temporal device=cuda cfg={'stress_train': True, 'temporal_weight': 0.0, 'split_weight': 0.005, 'area_weight': 0.1, 'mc_eval': True, 'eval_k': 5}
[train:safeobjworld_r_no_temporal:H10] epoch=1/10 step=0/1003 loss=1.5773
[train:safeobjworld_r_no_temporal:H10] epoch=1/10 step=25/1003 loss=1.5096
[train:safeobjworld_r_no_temporal:H10] epoch=1/10 step=50/1003 loss=1.0267
[train:safeobjworld_r_no_temporal:H10] epoch=1/10 step=75/1003 loss=0.9011
[train:safeobjworld_r_no_temporal:H10] epoch=1/10 step=100/1003 loss=0.8049
[train:safeobjworld_r_no_temporal:H10] epoch=1/10 step=125/1003 loss=0.7242
[train:safeobjworld_r_no_temporal:H10] epoch=1/10 step=150/1003 loss=0.7871
[train:safeobjworld_r_no_temporal:H10] epoch=1/10 step=175/1003 loss=0.7299
[train:safeobjworld_r_no_temporal:H10] epoch=1/10 step=200/1003 loss=0.7095
[train:safeobjworld_r_no_temporal:H10] epoch=1/10 step=225/1003 loss=0.6947
[train:safeobjworld_r_no_temporal:H10] epoch=1/10 step=250/1003 loss=0.7773
[train:safeobjworld_r_no_temporal:H10] epoch=1/10 step=275/1003 loss=0.6754
[train:safeobjworld_r_no_temporal:H10] epoch=1/10 step=300/1003 loss=0.7218
[train:safeobjworld_r_no_temporal:H10] epoch=1/10 step=325/1003 loss=0.7049
[train:safeobjworld_r_no_temporal:H10] epoch=1/10 step=350/1003 loss=0.6979
[train:safeobjworld_r_no_temporal:H10] epoch=1/10 step=375/1003 loss=0.6933
[train:safeobjworld_r_no_temporal:H10] epoch=1/10 step=400/1003 loss=0.7080
[train:safeobjworld_r_no_temporal:H10] epoch=1/10 step=425/1003 loss=0.6958
[train:safeobjworld_r_no_temporal:H10] epoch=1/10 step=450/1003 loss=0.6416
[train:safeobjworld_r_no_temporal:H10] epoch=1/10 step=475/1003 loss=0.7291
[train:safeobjworld_r_no_temporal:H10] epoch=1/10 step=500/1003 loss=0.7027
[train:safeobjworld_r_no_temporal:H10] epoch=1/10 step=525/1003 loss=0.7153
[train:safeobjworld_r_no_temporal:H10] epoch=1/10 step=550/1003 loss=0.6781
[train:safeobjworld_r_no_temporal:H10] epoch=1/10 step=575/1003 loss=0.6986
[train:safeobjworld_r_no_temporal:H10] epoch=1/10 step=600/1003 loss=0.6677
[train:safeobjworld_r_no_temporal:H10] epoch=1/10 step=625/1003 loss=0.6378
[train:safeobjworld_r_no_temporal:H10] epoch=1/10 step=650/1003 loss=0.6665
[train:safeobjworld_r_no_temporal:H10] epoch=1/10 step=675/1003 loss=0.6579
[train:safeobjworld_r_no_temporal:H10] epoch=1/10 step=700/1003 loss=0.6769
[train:safeobjworld_r_no_temporal:H10] epoch=1/10 step=725/1003 loss=0.6377
[train:safeobjworld_r_no_temporal:H10] epoch=1/10 step=750/1003 loss=0.6285
[train:safeobjworld_r_no_temporal:H10] epoch=1/10 step=775/1003 loss=0.6518
[train:safeobjworld_r_no_temporal:H10] epoch=1/10 step=800/1003 loss=0.6662
[train:safeobjworld_r_no_temporal:H10] epoch=1/10 step=825/1003 loss=0.6483
[train:safeobjworld_r_no_temporal:H10] epoch=1/10 step=850/1003 loss=0.6592
[train:safeobjworld_r_no_temporal:H10] epoch=1/10 step=875/1003 loss=0.6204
[train:safeobjworld_r_no_temporal:H10] epoch=1/10 step=900/1003 loss=0.6622
[train:safeobjworld_r_no_temporal:H10] epoch=1/10 step=925/1003 loss=0.5952
[train:safeobjworld_r_no_temporal:H10] epoch=1/10 step=950/1003 loss=0.5877
[train:safeobjworld_r_no_temporal:H10] epoch=1/10 step=975/1003 loss=0.6115
[train:safeobjworld_r_no_temporal:H10] epoch=1/10 step=1000/1003 loss=0.6526
[epoch] method=safeobjworld_r_no_temporal epoch=1 train=0.7207 val=0.5122 best=0.5122
[train:safeobjworld_r_no_temporal:H10] epoch=2/10 step=0/1003 loss=0.4291
[train:safeobjworld_r_no_temporal:H10] epoch=2/10 step=25/1003 loss=0.6026
[train:safeobjworld_r_no_temporal:H10] epoch=2/10 step=50/1003 loss=0.6157
[train:safeobjworld_r_no_temporal:H10] epoch=2/10 step=75/1003 loss=0.6305
[train:safeobjworld_r_no_temporal:H10] epoch=2/10 step=100/1003 loss=0.6257
[train:safeobjworld_r_no_temporal:H10] epoch=2/10 step=125/1003 loss=0.6009
[train:safeobjworld_r_no_temporal:H10] epoch=2/10 step=150/1003 loss=0.6618
[train:safeobjworld_r_no_temporal:H10] epoch=2/10 step=175/1003 loss=0.6064
[train:safeobjworld_r_no_temporal:H10] epoch=2/10 step=200/1003 loss=0.5860
[train:safeobjworld_r_no_temporal:H10] epoch=2/10 step=225/1003 loss=0.6455
[train:safeobjworld_r_no_temporal:H10] epoch=2/10 step=250/1003 loss=0.6323
[train:safeobjworld_r_no_temporal:H10] epoch=2/10 step=275/1003 loss=0.6418
[train:safeobjworld_r_no_temporal:H10] epoch=2/10 step=300/1003 loss=0.5947
[train:safeobjworld_r_no_temporal:H10] epoch=2/10 step=325/1003 loss=0.6634
[train:safeobjworld_r_no_temporal:H10] epoch=2/10 step=350/1003 loss=0.6275
[train:safeobjworld_r_no_temporal:H10] epoch=2/10 step=375/1003 loss=0.6185
[train:safeobjworld_r_no_temporal:H10] epoch=2/10 step=400/1003 loss=0.6032
[train:safeobjworld_r_no_temporal:H10] epoch=2/10 step=425/1003 loss=0.6167
[train:safeobjworld_r_no_temporal:H10] epoch=2/10 step=450/1003 loss=0.6096
[train:safeobjworld_r_no_temporal:H10] epoch=2/10 step=475/1003 loss=0.6134
[train:safeobjworld_r_no_temporal:H10] epoch=2/10 step=500/1003 loss=0.5764
[train:safeobjworld_r_no_temporal:H10] epoch=2/10 step=525/1003 loss=0.6456
[train:safeobjworld_r_no_temporal:H10] epoch=2/10 step=550/1003 loss=0.5895
[train:safeobjworld_r_no_temporal:H10] epoch=2/10 step=575/1003 loss=0.6003
[train:safeobjworld_r_no_temporal:H10] epoch=2/10 step=600/1003 loss=0.5811
[train:safeobjworld_r_no_temporal:H10] epoch=2/10 step=625/1003 loss=0.5607
[train:safeobjworld_r_no_temporal:H10] epoch=2/10 step=650/1003 loss=0.6369
[train:safeobjworld_r_no_temporal:H10] epoch=2/10 step=675/1003 loss=0.6480
[train:safeobjworld_r_no_temporal:H10] epoch=2/10 step=700/1003 loss=0.6343
[train:safeobjworld_r_no_temporal:H10] epoch=2/10 step=725/1003 loss=0.6057
[train:safeobjworld_r_no_temporal:H10] epoch=2/10 step=750/1003 loss=0.6151
[train:safeobjworld_r_no_temporal:H10] epoch=2/10 step=775/1003 loss=0.6122
[train:safeobjworld_r_no_temporal:H10] epoch=2/10 step=800/1003 loss=0.5994
[train:safeobjworld_r_no_temporal:H10] epoch=2/10 step=825/1003 loss=0.6269
[train:safeobjworld_r_no_temporal:H10] epoch=2/10 step=850/1003 loss=0.5959
[train:safeobjworld_r_no_temporal:H10] epoch=2/10 step=875/1003 loss=0.5859
[train:safeobjworld_r_no_temporal:H10] epoch=2/10 step=900/1003 loss=0.6148
[train:safeobjworld_r_no_temporal:H10] epoch=2/10 step=925/1003 loss=0.6376
[train:safeobjworld_r_no_temporal:H10] epoch=2/10 step=950/1003 loss=0.5713
[train:safeobjworld_r_no_temporal:H10] epoch=2/10 step=975/1003 loss=0.6199
[train:safeobjworld_r_no_temporal:H10] epoch=2/10 step=1000/1003 loss=0.6343
[epoch] method=safeobjworld_r_no_temporal epoch=2 train=0.6170 val=0.4930 best=0.4930
[train:safeobjworld_r_no_temporal:H10] epoch=3/10 step=0/1003 loss=0.6119
[train:safeobjworld_r_no_temporal:H10] epoch=3/10 step=25/1003 loss=0.6289
[train:safeobjworld_r_no_temporal:H10] epoch=3/10 step=50/1003 loss=0.6158
[train:safeobjworld_r_no_temporal:H10] epoch=3/10 step=75/1003 loss=0.5868
[train:safeobjworld_r_no_temporal:H10] epoch=3/10 step=100/1003 loss=0.6063
[train:safeobjworld_r_no_temporal:H10] epoch=3/10 step=125/1003 loss=0.6054
[train:safeobjworld_r_no_temporal:H10] epoch=3/10 step=150/1003 loss=0.5995
[train:safeobjworld_r_no_temporal:H10] epoch=3/10 step=175/1003 loss=0.5623
[train:safeobjworld_r_no_temporal:H10] epoch=3/10 step=200/1003 loss=0.6295
[train:safeobjworld_r_no_temporal:H10] epoch=3/10 step=225/1003 loss=0.6363
[train:safeobjworld_r_no_temporal:H10] epoch=3/10 step=250/1003 loss=0.6035
[train:safeobjworld_r_no_temporal:H10] epoch=3/10 step=275/1003 loss=0.5872
[train:safeobjworld_r_no_temporal:H10] epoch=3/10 step=300/1003 loss=0.5969
[train:safeobjworld_r_no_temporal:H10] epoch=3/10 step=325/1003 loss=0.5963
[train:safeobjworld_r_no_temporal:H10] epoch=3/10 step=350/1003 loss=0.6246
[train:safeobjworld_r_no_temporal:H10] epoch=3/10 step=375/1003 loss=0.5830
[train:safeobjworld_r_no_temporal:H10] epoch=3/10 step=400/1003 loss=0.5895
[train:safeobjworld_r_no_temporal:H10] epoch=3/10 step=425/1003 loss=0.6140
[train:safeobjworld_r_no_temporal:H10] epoch=3/10 step=450/1003 loss=0.5795
[train:safeobjworld_r_no_temporal:H10] epoch=3/10 step=475/1003 loss=0.6120
[train:safeobjworld_r_no_temporal:H10] epoch=3/10 step=500/1003 loss=0.5720
[train:safeobjworld_r_no_temporal:H10] epoch=3/10 step=525/1003 loss=0.6081
[train:safeobjworld_r_no_temporal:H10] epoch=3/10 step=550/1003 loss=0.5858
[train:safeobjworld_r_no_temporal:H10] epoch=3/10 step=575/1003 loss=0.6510
[train:safeobjworld_r_no_temporal:H10] epoch=3/10 step=600/1003 loss=0.6326
[train:safeobjworld_r_no_temporal:H10] epoch=3/10 step=625/1003 loss=0.6169
[train:safeobjworld_r_no_temporal:H10] epoch=3/10 step=650/1003 loss=0.5873
[train:safeobjworld_r_no_temporal:H10] epoch=3/10 step=675/1003 loss=0.5797
[train:safeobjworld_r_no_temporal:H10] epoch=3/10 step=700/1003 loss=0.5902
[train:safeobjworld_r_no_temporal:H10] epoch=3/10 step=725/1003 loss=0.6229
[train:safeobjworld_r_no_temporal:H10] epoch=3/10 step=750/1003 loss=0.5414
[train:safeobjworld_r_no_temporal:H10] epoch=3/10 step=775/1003 loss=0.5933
[train:safeobjworld_r_no_temporal:H10] epoch=3/10 step=800/1003 loss=0.6088
[train:safeobjworld_r_no_temporal:H10] epoch=3/10 step=825/1003 loss=0.6022
[train:safeobjworld_r_no_temporal:H10] epoch=3/10 step=850/1003 loss=0.6088
[train:safeobjworld_r_no_temporal:H10] epoch=3/10 step=875/1003 loss=0.5998
[train:safeobjworld_r_no_temporal:H10] epoch=3/10 step=900/1003 loss=0.5759
[train:safeobjworld_r_no_temporal:H10] epoch=3/10 step=925/1003 loss=0.5774
[train:safeobjworld_r_no_temporal:H10] epoch=3/10 step=950/1003 loss=0.5493
[train:safeobjworld_r_no_temporal:H10] epoch=3/10 step=975/1003 loss=0.5669
[train:safeobjworld_r_no_temporal:H10] epoch=3/10 step=1000/1003 loss=0.6003
[epoch] method=safeobjworld_r_no_temporal epoch=3 train=0.5962 val=0.4908 best=0.4908
[train:safeobjworld_r_no_temporal:H10] epoch=4/10 step=0/1003 loss=0.5179
[train:safeobjworld_r_no_temporal:H10] epoch=4/10 step=25/1003 loss=0.6033
[train:safeobjworld_r_no_temporal:H10] epoch=4/10 step=50/1003 loss=0.6096
[train:safeobjworld_r_no_temporal:H10] epoch=4/10 step=75/1003 loss=0.6126
[train:safeobjworld_r_no_temporal:H10] epoch=4/10 step=100/1003 loss=0.5772
[train:safeobjworld_r_no_temporal:H10] epoch=4/10 step=125/1003 loss=0.5888
[train:safeobjworld_r_no_temporal:H10] epoch=4/10 step=150/1003 loss=0.5594
[train:safeobjworld_r_no_temporal:H10] epoch=4/10 step=175/1003 loss=0.6038
[train:safeobjworld_r_no_temporal:H10] epoch=4/10 step=200/1003 loss=0.6140
[train:safeobjworld_r_no_temporal:H10] epoch=4/10 step=225/1003 loss=0.5748
[train:safeobjworld_r_no_temporal:H10] epoch=4/10 step=250/1003 loss=0.5409
[train:safeobjworld_r_no_temporal:H10] epoch=4/10 step=275/1003 loss=0.5873
[train:safeobjworld_r_no_temporal:H10] epoch=4/10 step=300/1003 loss=0.5683
[train:safeobjworld_r_no_temporal:H10] epoch=4/10 step=325/1003 loss=0.5894
[train:safeobjworld_r_no_temporal:H10] epoch=4/10 step=350/1003 loss=0.5553
[train:safeobjworld_r_no_temporal:H10] epoch=4/10 step=375/1003 loss=0.5838
[train:safeobjworld_r_no_temporal:H10] epoch=4/10 step=400/1003 loss=0.5680
[train:safeobjworld_r_no_temporal:H10] epoch=4/10 step=425/1003 loss=0.5748
[train:safeobjworld_r_no_temporal:H10] epoch=4/10 step=450/1003 loss=0.5870
[train:safeobjworld_r_no_temporal:H10] epoch=4/10 step=475/1003 loss=0.5764
[train:safeobjworld_r_no_temporal:H10] epoch=4/10 step=500/1003 loss=0.5168
[train:safeobjworld_r_no_temporal:H10] epoch=4/10 step=525/1003 loss=0.5908
[train:safeobjworld_r_no_temporal:H10] epoch=4/10 step=550/1003 loss=0.5740
[train:safeobjworld_r_no_temporal:H10] epoch=4/10 step=575/1003 loss=0.6488
[train:safeobjworld_r_no_temporal:H10] epoch=4/10 step=600/1003 loss=0.5534
[train:safeobjworld_r_no_temporal:H10] epoch=4/10 step=625/1003 loss=0.5280
[train:safeobjworld_r_no_temporal:H10] epoch=4/10 step=650/1003 loss=0.6519
[train:safeobjworld_r_no_temporal:H10] epoch=4/10 step=675/1003 loss=0.5986
[train:safeobjworld_r_no_temporal:H10] epoch=4/10 step=700/1003 loss=0.5899
[train:safeobjworld_r_no_temporal:H10] epoch=4/10 step=725/1003 loss=0.6026
[train:safeobjworld_r_no_temporal:H10] epoch=4/10 step=750/1003 loss=0.5758
[train:safeobjworld_r_no_temporal:H10] epoch=4/10 step=775/1003 loss=0.5730
[train:safeobjworld_r_no_temporal:H10] epoch=4/10 step=800/1003 loss=0.5715
[train:safeobjworld_r_no_temporal:H10] epoch=4/10 step=825/1003 loss=0.5419
[train:safeobjworld_r_no_temporal:H10] epoch=4/10 step=850/1003 loss=0.5536
[train:safeobjworld_r_no_temporal:H10] epoch=4/10 step=875/1003 loss=0.6073
[train:safeobjworld_r_no_temporal:H10] epoch=4/10 step=900/1003 loss=0.5847
[train:safeobjworld_r_no_temporal:H10] epoch=4/10 step=925/1003 loss=0.5644
[train:safeobjworld_r_no_temporal:H10] epoch=4/10 step=950/1003 loss=0.5629
[train:safeobjworld_r_no_temporal:H10] epoch=4/10 step=975/1003 loss=0.5836
[train:safeobjworld_r_no_temporal:H10] epoch=4/10 step=1000/1003 loss=0.5992
[epoch] method=safeobjworld_r_no_temporal epoch=4 train=0.5819 val=0.4784 best=0.4784
[train:safeobjworld_r_no_temporal:H10] epoch=5/10 step=0/1003 loss=0.4179
[train:safeobjworld_r_no_temporal:H10] epoch=5/10 step=25/1003 loss=0.5738
[train:safeobjworld_r_no_temporal:H10] epoch=5/10 step=50/1003 loss=0.6013
[train:safeobjworld_r_no_temporal:H10] epoch=5/10 step=75/1003 loss=0.6284
[train:safeobjworld_r_no_temporal:H10] epoch=5/10 step=100/1003 loss=0.5778
[train:safeobjworld_r_no_temporal:H10] epoch=5/10 step=125/1003 loss=0.5583
[train:safeobjworld_r_no_temporal:H10] epoch=5/10 step=150/1003 loss=0.5700
[train:safeobjworld_r_no_temporal:H10] epoch=5/10 step=175/1003 loss=0.5290
[train:safeobjworld_r_no_temporal:H10] epoch=5/10 step=200/1003 loss=0.6141
[train:safeobjworld_r_no_temporal:H10] epoch=5/10 step=225/1003 loss=0.5488
[train:safeobjworld_r_no_temporal:H10] epoch=5/10 step=250/1003 loss=0.5735
[train:safeobjworld_r_no_temporal:H10] epoch=5/10 step=275/1003 loss=0.5586
[train:safeobjworld_r_no_temporal:H10] epoch=5/10 step=300/1003 loss=0.5720
[train:safeobjworld_r_no_temporal:H10] epoch=5/10 step=325/1003 loss=0.5536
[train:safeobjworld_r_no_temporal:H10] epoch=5/10 step=350/1003 loss=0.5876
[train:safeobjworld_r_no_temporal:H10] epoch=5/10 step=375/1003 loss=0.5552
[train:safeobjworld_r_no_temporal:H10] epoch=5/10 step=400/1003 loss=0.5134
[train:safeobjworld_r_no_temporal:H10] epoch=5/10 step=425/1003 loss=0.5791
[train:safeobjworld_r_no_temporal:H10] epoch=5/10 step=450/1003 loss=0.6069
[train:safeobjworld_r_no_temporal:H10] epoch=5/10 step=475/1003 loss=0.5774
[train:safeobjworld_r_no_temporal:H10] epoch=5/10 step=500/1003 loss=0.6262
[train:safeobjworld_r_no_temporal:H10] epoch=5/10 step=525/1003 loss=0.5615
[train:safeobjworld_r_no_temporal:H10] epoch=5/10 step=550/1003 loss=0.5691
[train:safeobjworld_r_no_temporal:H10] epoch=5/10 step=575/1003 loss=0.5727
[train:safeobjworld_r_no_temporal:H10] epoch=5/10 step=600/1003 loss=0.5952
[train:safeobjworld_r_no_temporal:H10] epoch=5/10 step=625/1003 loss=0.5748
[train:safeobjworld_r_no_temporal:H10] epoch=5/10 step=650/1003 loss=0.5595
[train:safeobjworld_r_no_temporal:H10] epoch=5/10 step=675/1003 loss=0.5609
[train:safeobjworld_r_no_temporal:H10] epoch=5/10 step=700/1003 loss=0.5599
[train:safeobjworld_r_no_temporal:H10] epoch=5/10 step=725/1003 loss=0.5921
[train:safeobjworld_r_no_temporal:H10] epoch=5/10 step=750/1003 loss=0.5641
[train:safeobjworld_r_no_temporal:H10] epoch=5/10 step=775/1003 loss=0.5665
[train:safeobjworld_r_no_temporal:H10] epoch=5/10 step=800/1003 loss=0.5578
[train:safeobjworld_r_no_temporal:H10] epoch=5/10 step=825/1003 loss=0.5775
[train:safeobjworld_r_no_temporal:H10] epoch=5/10 step=850/1003 loss=0.5906
[train:safeobjworld_r_no_temporal:H10] epoch=5/10 step=875/1003 loss=0.5856
[train:safeobjworld_r_no_temporal:H10] epoch=5/10 step=900/1003 loss=0.5854
[train:safeobjworld_r_no_temporal:H10] epoch=5/10 step=925/1003 loss=0.5876
[train:safeobjworld_r_no_temporal:H10] epoch=5/10 step=950/1003 loss=0.5829
[train:safeobjworld_r_no_temporal:H10] epoch=5/10 step=975/1003 loss=0.5843
[train:safeobjworld_r_no_temporal:H10] epoch=5/10 step=1000/1003 loss=0.5649
[epoch] method=safeobjworld_r_no_temporal epoch=5 train=0.5731 val=0.4801 best=0.4784
[train:safeobjworld_r_no_temporal:H10] epoch=6/10 step=0/1003 loss=0.5974
[train:safeobjworld_r_no_temporal:H10] epoch=6/10 step=25/1003 loss=0.5747
[train:safeobjworld_r_no_temporal:H10] epoch=6/10 step=50/1003 loss=0.5822
[train:safeobjworld_r_no_temporal:H10] epoch=6/10 step=75/1003 loss=0.5174
[train:safeobjworld_r_no_temporal:H10] epoch=6/10 step=100/1003 loss=0.5229
[train:safeobjworld_r_no_temporal:H10] epoch=6/10 step=125/1003 loss=0.5523
[train:safeobjworld_r_no_temporal:H10] epoch=6/10 step=150/1003 loss=0.5778
[train:safeobjworld_r_no_temporal:H10] epoch=6/10 step=175/1003 loss=0.5577
[train:safeobjworld_r_no_temporal:H10] epoch=6/10 step=200/1003 loss=0.5833
[train:safeobjworld_r_no_temporal:H10] epoch=6/10 step=225/1003 loss=0.5965
[train:safeobjworld_r_no_temporal:H10] epoch=6/10 step=250/1003 loss=0.5556
[train:safeobjworld_r_no_temporal:H10] epoch=6/10 step=275/1003 loss=0.5762
[train:safeobjworld_r_no_temporal:H10] epoch=6/10 step=300/1003 loss=0.6046
[train:safeobjworld_r_no_temporal:H10] epoch=6/10 step=325/1003 loss=0.5616
[train:safeobjworld_r_no_temporal:H10] epoch=6/10 step=350/1003 loss=0.5697
[train:safeobjworld_r_no_temporal:H10] epoch=6/10 step=375/1003 loss=0.5354
[train:safeobjworld_r_no_temporal:H10] epoch=6/10 step=400/1003 loss=0.5671
[train:safeobjworld_r_no_temporal:H10] epoch=6/10 step=425/1003 loss=0.5983
[train:safeobjworld_r_no_temporal:H10] epoch=6/10 step=450/1003 loss=0.5471
[train:safeobjworld_r_no_temporal:H10] epoch=6/10 step=475/1003 loss=0.5466
[train:safeobjworld_r_no_temporal:H10] epoch=6/10 step=500/1003 loss=0.5830
[train:safeobjworld_r_no_temporal:H10] epoch=6/10 step=525/1003 loss=0.5570
[train:safeobjworld_r_no_temporal:H10] epoch=6/10 step=550/1003 loss=0.5659
[train:safeobjworld_r_no_temporal:H10] epoch=6/10 step=575/1003 loss=0.5801
[train:safeobjworld_r_no_temporal:H10] epoch=6/10 step=600/1003 loss=0.5825
[train:safeobjworld_r_no_temporal:H10] epoch=6/10 step=625/1003 loss=0.5660
[train:safeobjworld_r_no_temporal:H10] epoch=6/10 step=650/1003 loss=0.5681
[train:safeobjworld_r_no_temporal:H10] epoch=6/10 step=675/1003 loss=0.5622
[train:safeobjworld_r_no_temporal:H10] epoch=6/10 step=700/1003 loss=0.5834
[train:safeobjworld_r_no_temporal:H10] epoch=6/10 step=725/1003 loss=0.5426
[train:safeobjworld_r_no_temporal:H10] epoch=6/10 step=750/1003 loss=0.5636
[train:safeobjworld_r_no_temporal:H10] epoch=6/10 step=775/1003 loss=0.5584
[train:safeobjworld_r_no_temporal:H10] epoch=6/10 step=800/1003 loss=0.5497
[train:safeobjworld_r_no_temporal:H10] epoch=6/10 step=825/1003 loss=0.5300
[train:safeobjworld_r_no_temporal:H10] epoch=6/10 step=850/1003 loss=0.5717
[train:safeobjworld_r_no_temporal:H10] epoch=6/10 step=875/1003 loss=0.5137
[train:safeobjworld_r_no_temporal:H10] epoch=6/10 step=900/1003 loss=0.6145
[train:safeobjworld_r_no_temporal:H10] epoch=6/10 step=925/1003 loss=0.5287
[train:safeobjworld_r_no_temporal:H10] epoch=6/10 step=950/1003 loss=0.5594
[train:safeobjworld_r_no_temporal:H10] epoch=6/10 step=975/1003 loss=0.6021
[train:safeobjworld_r_no_temporal:H10] epoch=6/10 step=1000/1003 loss=0.5386
[epoch] method=safeobjworld_r_no_temporal epoch=6 train=0.5647 val=0.4808 best=0.4784
[train:safeobjworld_r_no_temporal:H10] epoch=7/10 step=0/1003 loss=0.7915
[train:safeobjworld_r_no_temporal:H10] epoch=7/10 step=25/1003 loss=0.5830
[train:safeobjworld_r_no_temporal:H10] epoch=7/10 step=50/1003 loss=0.5691
[train:safeobjworld_r_no_temporal:H10] epoch=7/10 step=75/1003 loss=0.5752
[train:safeobjworld_r_no_temporal:H10] epoch=7/10 step=100/1003 loss=0.5514
[train:safeobjworld_r_no_temporal:H10] epoch=7/10 step=125/1003 loss=0.5762
[train:safeobjworld_r_no_temporal:H10] epoch=7/10 step=150/1003 loss=0.5453
[train:safeobjworld_r_no_temporal:H10] epoch=7/10 step=175/1003 loss=0.5898
[train:safeobjworld_r_no_temporal:H10] epoch=7/10 step=200/1003 loss=0.5405
[train:safeobjworld_r_no_temporal:H10] epoch=7/10 step=225/1003 loss=0.5989
[train:safeobjworld_r_no_temporal:H10] epoch=7/10 step=250/1003 loss=0.5799
[train:safeobjworld_r_no_temporal:H10] epoch=7/10 step=275/1003 loss=0.5602
[train:safeobjworld_r_no_temporal:H10] epoch=7/10 step=300/1003 loss=0.5234
[train:safeobjworld_r_no_temporal:H10] epoch=7/10 step=325/1003 loss=0.5407
[train:safeobjworld_r_no_temporal:H10] epoch=7/10 step=350/1003 loss=0.5427
[train:safeobjworld_r_no_temporal:H10] epoch=7/10 step=375/1003 loss=0.6072
[train:safeobjworld_r_no_temporal:H10] epoch=7/10 step=400/1003 loss=0.5720
[train:safeobjworld_r_no_temporal:H10] epoch=7/10 step=425/1003 loss=0.5425
[train:safeobjworld_r_no_temporal:H10] epoch=7/10 step=450/1003 loss=0.5809
[train:safeobjworld_r_no_temporal:H10] epoch=7/10 step=475/1003 loss=0.5756
[train:safeobjworld_r_no_temporal:H10] epoch=7/10 step=500/1003 loss=0.5912
[train:safeobjworld_r_no_temporal:H10] epoch=7/10 step=525/1003 loss=0.5283
[train:safeobjworld_r_no_temporal:H10] epoch=7/10 step=550/1003 loss=0.5428
[train:safeobjworld_r_no_temporal:H10] epoch=7/10 step=575/1003 loss=0.5502
[train:safeobjworld_r_no_temporal:H10] epoch=7/10 step=600/1003 loss=0.5588
[train:safeobjworld_r_no_temporal:H10] epoch=7/10 step=625/1003 loss=0.5601
[train:safeobjworld_r_no_temporal:H10] epoch=7/10 step=650/1003 loss=0.5520
[train:safeobjworld_r_no_temporal:H10] epoch=7/10 step=675/1003 loss=0.5538
[train:safeobjworld_r_no_temporal:H10] epoch=7/10 step=700/1003 loss=0.5851
[train:safeobjworld_r_no_temporal:H10] epoch=7/10 step=725/1003 loss=0.5516
[train:safeobjworld_r_no_temporal:H10] epoch=7/10 step=750/1003 loss=0.5664
[train:safeobjworld_r_no_temporal:H10] epoch=7/10 step=775/1003 loss=0.5728
[train:safeobjworld_r_no_temporal:H10] epoch=7/10 step=800/1003 loss=0.5310
[train:safeobjworld_r_no_temporal:H10] epoch=7/10 step=825/1003 loss=0.5231
[train:safeobjworld_r_no_temporal:H10] epoch=7/10 step=850/1003 loss=0.5536
[train:safeobjworld_r_no_temporal:H10] epoch=7/10 step=875/1003 loss=0.5442
[train:safeobjworld_r_no_temporal:H10] epoch=7/10 step=900/1003 loss=0.5621
[train:safeobjworld_r_no_temporal:H10] epoch=7/10 step=925/1003 loss=0.5590
[train:safeobjworld_r_no_temporal:H10] epoch=7/10 step=950/1003 loss=0.5546
[train:safeobjworld_r_no_temporal:H10] epoch=7/10 step=975/1003 loss=0.5653
[train:safeobjworld_r_no_temporal:H10] epoch=7/10 step=1000/1003 loss=0.5510
[epoch] method=safeobjworld_r_no_temporal epoch=7 train=0.5581 val=0.4775 best=0.4775
[train:safeobjworld_r_no_temporal:H10] epoch=8/10 step=0/1003 loss=0.6731
[train:safeobjworld_r_no_temporal:H10] epoch=8/10 step=25/1003 loss=0.5533
[train:safeobjworld_r_no_temporal:H10] epoch=8/10 step=50/1003 loss=0.5391
[train:safeobjworld_r_no_temporal:H10] epoch=8/10 step=75/1003 loss=0.5291
[train:safeobjworld_r_no_temporal:H10] epoch=8/10 step=100/1003 loss=0.5487
[train:safeobjworld_r_no_temporal:H10] epoch=8/10 step=125/1003 loss=0.5391
[train:safeobjworld_r_no_temporal:H10] epoch=8/10 step=150/1003 loss=0.5388
[train:safeobjworld_r_no_temporal:H10] epoch=8/10 step=175/1003 loss=0.5957
[train:safeobjworld_r_no_temporal:H10] epoch=8/10 step=200/1003 loss=0.5421
[train:safeobjworld_r_no_temporal:H10] epoch=8/10 step=225/1003 loss=0.5872
[train:safeobjworld_r_no_temporal:H10] epoch=8/10 step=250/1003 loss=0.5952
[train:safeobjworld_r_no_temporal:H10] epoch=8/10 step=275/1003 loss=0.5266
[train:safeobjworld_r_no_temporal:H10] epoch=8/10 step=300/1003 loss=0.5496
[train:safeobjworld_r_no_temporal:H10] epoch=8/10 step=325/1003 loss=0.5506
[train:safeobjworld_r_no_temporal:H10] epoch=8/10 step=350/1003 loss=0.5827
[train:safeobjworld_r_no_temporal:H10] epoch=8/10 step=375/1003 loss=0.5862
[train:safeobjworld_r_no_temporal:H10] epoch=8/10 step=400/1003 loss=0.5540
[train:safeobjworld_r_no_temporal:H10] epoch=8/10 step=425/1003 loss=0.5416
[train:safeobjworld_r_no_temporal:H10] epoch=8/10 step=450/1003 loss=0.5540
[train:safeobjworld_r_no_temporal:H10] epoch=8/10 step=475/1003 loss=0.5424
[train:safeobjworld_r_no_temporal:H10] epoch=8/10 step=500/1003 loss=0.5310
[train:safeobjworld_r_no_temporal:H10] epoch=8/10 step=525/1003 loss=0.5660
[train:safeobjworld_r_no_temporal:H10] epoch=8/10 step=550/1003 loss=0.5422
[train:safeobjworld_r_no_temporal:H10] epoch=8/10 step=575/1003 loss=0.5145
[train:safeobjworld_r_no_temporal:H10] epoch=8/10 step=600/1003 loss=0.5112
[train:safeobjworld_r_no_temporal:H10] epoch=8/10 step=625/1003 loss=0.5377
[train:safeobjworld_r_no_temporal:H10] epoch=8/10 step=650/1003 loss=0.5386
[train:safeobjworld_r_no_temporal:H10] epoch=8/10 step=675/1003 loss=0.5462
[train:safeobjworld_r_no_temporal:H10] epoch=8/10 step=700/1003 loss=0.5682
[train:safeobjworld_r_no_temporal:H10] epoch=8/10 step=725/1003 loss=0.5459
[train:safeobjworld_r_no_temporal:H10] epoch=8/10 step=750/1003 loss=0.5434
[train:safeobjworld_r_no_temporal:H10] epoch=8/10 step=775/1003 loss=0.5985
[train:safeobjworld_r_no_temporal:H10] epoch=8/10 step=800/1003 loss=0.5727
[train:safeobjworld_r_no_temporal:H10] epoch=8/10 step=825/1003 loss=0.5533
[train:safeobjworld_r_no_temporal:H10] epoch=8/10 step=850/1003 loss=0.5874
[train:safeobjworld_r_no_temporal:H10] epoch=8/10 step=875/1003 loss=0.5508
[train:safeobjworld_r_no_temporal:H10] epoch=8/10 step=900/1003 loss=0.5343
[train:safeobjworld_r_no_temporal:H10] epoch=8/10 step=925/1003 loss=0.5717
[train:safeobjworld_r_no_temporal:H10] epoch=8/10 step=950/1003 loss=0.5545
[train:safeobjworld_r_no_temporal:H10] epoch=8/10 step=975/1003 loss=0.5880
[train:safeobjworld_r_no_temporal:H10] epoch=8/10 step=1000/1003 loss=0.5654
[epoch] method=safeobjworld_r_no_temporal epoch=8 train=0.5516 val=0.4828 best=0.4775
[train:safeobjworld_r_no_temporal:H10] epoch=9/10 step=0/1003 loss=0.5608
[train:safeobjworld_r_no_temporal:H10] epoch=9/10 step=25/1003 loss=0.5160
[train:safeobjworld_r_no_temporal:H10] epoch=9/10 step=50/1003 loss=0.5825
[train:safeobjworld_r_no_temporal:H10] epoch=9/10 step=75/1003 loss=0.5555
[train:safeobjworld_r_no_temporal:H10] epoch=9/10 step=100/1003 loss=0.5734
[train:safeobjworld_r_no_temporal:H10] epoch=9/10 step=125/1003 loss=0.5667
[train:safeobjworld_r_no_temporal:H10] epoch=9/10 step=150/1003 loss=0.5015
[train:safeobjworld_r_no_temporal:H10] epoch=9/10 step=175/1003 loss=0.5704
[train:safeobjworld_r_no_temporal:H10] epoch=9/10 step=200/1003 loss=0.5630
[train:safeobjworld_r_no_temporal:H10] epoch=9/10 step=225/1003 loss=0.5112
[train:safeobjworld_r_no_temporal:H10] epoch=9/10 step=250/1003 loss=0.5470
[train:safeobjworld_r_no_temporal:H10] epoch=9/10 step=275/1003 loss=0.5213
[train:safeobjworld_r_no_temporal:H10] epoch=9/10 step=300/1003 loss=0.5257
[train:safeobjworld_r_no_temporal:H10] epoch=9/10 step=325/1003 loss=0.5197
[train:safeobjworld_r_no_temporal:H10] epoch=9/10 step=350/1003 loss=0.5371
[train:safeobjworld_r_no_temporal:H10] epoch=9/10 step=375/1003 loss=0.5553
[train:safeobjworld_r_no_temporal:H10] epoch=9/10 step=400/1003 loss=0.5215
[train:safeobjworld_r_no_temporal:H10] epoch=9/10 step=425/1003 loss=0.5481
[train:safeobjworld_r_no_temporal:H10] epoch=9/10 step=450/1003 loss=0.5846
[train:safeobjworld_r_no_temporal:H10] epoch=9/10 step=475/1003 loss=0.5188
[train:safeobjworld_r_no_temporal:H10] epoch=9/10 step=500/1003 loss=0.5744
[train:safeobjworld_r_no_temporal:H10] epoch=9/10 step=525/1003 loss=0.5601
[train:safeobjworld_r_no_temporal:H10] epoch=9/10 step=550/1003 loss=0.5637
[train:safeobjworld_r_no_temporal:H10] epoch=9/10 step=575/1003 loss=0.6113
[train:safeobjworld_r_no_temporal:H10] epoch=9/10 step=600/1003 loss=0.5259
[train:safeobjworld_r_no_temporal:H10] epoch=9/10 step=625/1003 loss=0.5208
[train:safeobjworld_r_no_temporal:H10] epoch=9/10 step=650/1003 loss=0.5366
[train:safeobjworld_r_no_temporal:H10] epoch=9/10 step=675/1003 loss=0.5326
[train:safeobjworld_r_no_temporal:H10] epoch=9/10 step=700/1003 loss=0.5692
[train:safeobjworld_r_no_temporal:H10] epoch=9/10 step=725/1003 loss=0.5564
[train:safeobjworld_r_no_temporal:H10] epoch=9/10 step=750/1003 loss=0.5580
[train:safeobjworld_r_no_temporal:H10] epoch=9/10 step=775/1003 loss=0.5509
[train:safeobjworld_r_no_temporal:H10] epoch=9/10 step=800/1003 loss=0.5939
[train:safeobjworld_r_no_temporal:H10] epoch=9/10 step=825/1003 loss=0.5514
[train:safeobjworld_r_no_temporal:H10] epoch=9/10 step=850/1003 loss=0.5536
[train:safeobjworld_r_no_temporal:H10] epoch=9/10 step=875/1003 loss=0.5547
[train:safeobjworld_r_no_temporal:H10] epoch=9/10 step=900/1003 loss=0.5711
[train:safeobjworld_r_no_temporal:H10] epoch=9/10 step=925/1003 loss=0.5540
[train:safeobjworld_r_no_temporal:H10] epoch=9/10 step=950/1003 loss=0.5544
[train:safeobjworld_r_no_temporal:H10] epoch=9/10 step=975/1003 loss=0.5517
[train:safeobjworld_r_no_temporal:H10] epoch=9/10 step=1000/1003 loss=0.5334
[epoch] method=safeobjworld_r_no_temporal epoch=9 train=0.5468 val=0.4788 best=0.4775
[train:safeobjworld_r_no_temporal:H10] epoch=10/10 step=0/1003 loss=0.4730
[train:safeobjworld_r_no_temporal:H10] epoch=10/10 step=25/1003 loss=0.5359
[train:safeobjworld_r_no_temporal:H10] epoch=10/10 step=50/1003 loss=0.5474
[train:safeobjworld_r_no_temporal:H10] epoch=10/10 step=75/1003 loss=0.5215
[train:safeobjworld_r_no_temporal:H10] epoch=10/10 step=100/1003 loss=0.5525
[train:safeobjworld_r_no_temporal:H10] epoch=10/10 step=125/1003 loss=0.5268
[train:safeobjworld_r_no_temporal:H10] epoch=10/10 step=150/1003 loss=0.5102
[train:safeobjworld_r_no_temporal:H10] epoch=10/10 step=175/1003 loss=0.5295
[train:safeobjworld_r_no_temporal:H10] epoch=10/10 step=200/1003 loss=0.5472
[train:safeobjworld_r_no_temporal:H10] epoch=10/10 step=225/1003 loss=0.5248
[train:safeobjworld_r_no_temporal:H10] epoch=10/10 step=250/1003 loss=0.5108
[train:safeobjworld_r_no_temporal:H10] epoch=10/10 step=275/1003 loss=0.5994
[train:safeobjworld_r_no_temporal:H10] epoch=10/10 step=300/1003 loss=0.5399
[train:safeobjworld_r_no_temporal:H10] epoch=10/10 step=325/1003 loss=0.5677
[train:safeobjworld_r_no_temporal:H10] epoch=10/10 step=350/1003 loss=0.5432
[train:safeobjworld_r_no_temporal:H10] epoch=10/10 step=375/1003 loss=0.5606
[train:safeobjworld_r_no_temporal:H10] epoch=10/10 step=400/1003 loss=0.5783
[train:safeobjworld_r_no_temporal:H10] epoch=10/10 step=425/1003 loss=0.5467
[train:safeobjworld_r_no_temporal:H10] epoch=10/10 step=450/1003 loss=0.5353
[train:safeobjworld_r_no_temporal:H10] epoch=10/10 step=475/1003 loss=0.5558
[train:safeobjworld_r_no_temporal:H10] epoch=10/10 step=500/1003 loss=0.5527
[train:safeobjworld_r_no_temporal:H10] epoch=10/10 step=525/1003 loss=0.5567
[train:safeobjworld_r_no_temporal:H10] epoch=10/10 step=550/1003 loss=0.5488
[train:safeobjworld_r_no_temporal:H10] epoch=10/10 step=575/1003 loss=0.5550
[train:safeobjworld_r_no_temporal:H10] epoch=10/10 step=600/1003 loss=0.5244
[train:safeobjworld_r_no_temporal:H10] epoch=10/10 step=625/1003 loss=0.5262
[train:safeobjworld_r_no_temporal:H10] epoch=10/10 step=650/1003 loss=0.5210
[train:safeobjworld_r_no_temporal:H10] epoch=10/10 step=675/1003 loss=0.5697
[train:safeobjworld_r_no_temporal:H10] epoch=10/10 step=700/1003 loss=0.5504
[train:safeobjworld_r_no_temporal:H10] epoch=10/10 step=725/1003 loss=0.5517
[train:safeobjworld_r_no_temporal:H10] epoch=10/10 step=750/1003 loss=0.5281
[train:safeobjworld_r_no_temporal:H10] epoch=10/10 step=775/1003 loss=0.5408
[train:safeobjworld_r_no_temporal:H10] epoch=10/10 step=800/1003 loss=0.5176
[train:safeobjworld_r_no_temporal:H10] epoch=10/10 step=825/1003 loss=0.5435
[train:safeobjworld_r_no_temporal:H10] epoch=10/10 step=850/1003 loss=0.5347
[train:safeobjworld_r_no_temporal:H10] epoch=10/10 step=875/1003 loss=0.5020
[train:safeobjworld_r_no_temporal:H10] epoch=10/10 step=900/1003 loss=0.5360
[train:safeobjworld_r_no_temporal:H10] epoch=10/10 step=925/1003 loss=0.5418
[train:safeobjworld_r_no_temporal:H10] epoch=10/10 step=950/1003 loss=0.5876
[train:safeobjworld_r_no_temporal:H10] epoch=10/10 step=975/1003 loss=0.5026
[train:safeobjworld_r_no_temporal:H10] epoch=10/10 step=1000/1003 loss=0.5109
[epoch] method=safeobjworld_r_no_temporal epoch=10 train=0.5426 val=0.4705 best=0.4705
[done train] /home/tahiti/SafeObjWorld/runs_v2_full/models/safeobjworld_r_no_temporal/H10/best.pt
