====================================================================================================
SafeObjWorld V2 runner
{
  "mode": "train",
  "dataset_root": "/home/tahiti/SafeObjWorld/data/DAVIS2017",
  "run_root": "/home/tahiti/SafeObjWorld/runs_v2_full",
  "year": "2017",
  "method": "safeobjworld_r_image_only",
  "stress": "clean",
  "prefix_len": 3,
  "max_h": 10,
  "image_size": 192,
  "batch_size": 8,
  "epochs": 10,
  "lr": 0.0002,
  "weight_decay": 0.0001,
  "max_train_samples": 0,
  "max_val_samples": 0,
  "num_workers": 4,
  "seed": 42,
  "eval_k_override": 0,
  "amp": true,
  "cpu": false,
  "skip_existing": true,
  "log_every": 25
}
====================================================================================================
[train] method=safeobjworld_r_image_only device=cuda cfg={'stress_train': True, 'temporal_weight': 0.05, 'split_weight': 0.005, 'area_weight': 0.1, 'mc_eval': True, 'eval_k': 5}
[train:safeobjworld_r_image_only:H10] epoch=1/10 step=0/1003 loss=1.6655
[train:safeobjworld_r_image_only:H10] epoch=1/10 step=25/1003 loss=1.5592
[train:safeobjworld_r_image_only:H10] epoch=1/10 step=50/1003 loss=1.2445
[train:safeobjworld_r_image_only:H10] epoch=1/10 step=75/1003 loss=1.2396
[train:safeobjworld_r_image_only:H10] epoch=1/10 step=100/1003 loss=1.1976
[train:safeobjworld_r_image_only:H10] epoch=1/10 step=125/1003 loss=1.2132
[train:safeobjworld_r_image_only:H10] epoch=1/10 step=150/1003 loss=1.2104
[train:safeobjworld_r_image_only:H10] epoch=1/10 step=175/1003 loss=1.1795
[train:safeobjworld_r_image_only:H10] epoch=1/10 step=200/1003 loss=1.1935
[train:safeobjworld_r_image_only:H10] epoch=1/10 step=225/1003 loss=1.1657
[train:safeobjworld_r_image_only:H10] epoch=1/10 step=250/1003 loss=1.2081
[train:safeobjworld_r_image_only:H10] epoch=1/10 step=275/1003 loss=1.1720
[train:safeobjworld_r_image_only:H10] epoch=1/10 step=300/1003 loss=1.1692
[train:safeobjworld_r_image_only:H10] epoch=1/10 step=325/1003 loss=1.1896
[train:safeobjworld_r_image_only:H10] epoch=1/10 step=350/1003 loss=1.1413
[train:safeobjworld_r_image_only:H10] epoch=1/10 step=375/1003 loss=1.1549
[train:safeobjworld_r_image_only:H10] epoch=1/10 step=400/1003 loss=1.1676
[train:safeobjworld_r_image_only:H10] epoch=1/10 step=425/1003 loss=1.1470
[train:safeobjworld_r_image_only:H10] epoch=1/10 step=450/1003 loss=1.1443
[train:safeobjworld_r_image_only:H10] epoch=1/10 step=475/1003 loss=1.1850
[train:safeobjworld_r_image_only:H10] epoch=1/10 step=500/1003 loss=1.1434
[train:safeobjworld_r_image_only:H10] epoch=1/10 step=525/1003 loss=1.1237
[train:safeobjworld_r_image_only:H10] epoch=1/10 step=550/1003 loss=1.1205
[train:safeobjworld_r_image_only:H10] epoch=1/10 step=575/1003 loss=1.1483
[train:safeobjworld_r_image_only:H10] epoch=1/10 step=600/1003 loss=1.1360
[train:safeobjworld_r_image_only:H10] epoch=1/10 step=625/1003 loss=1.1601
[train:safeobjworld_r_image_only:H10] epoch=1/10 step=650/1003 loss=1.1318
[train:safeobjworld_r_image_only:H10] epoch=1/10 step=675/1003 loss=1.1558
[train:safeobjworld_r_image_only:H10] epoch=1/10 step=700/1003 loss=1.1168
[train:safeobjworld_r_image_only:H10] epoch=1/10 step=725/1003 loss=1.1276
[train:safeobjworld_r_image_only:H10] epoch=1/10 step=750/1003 loss=1.1290
[train:safeobjworld_r_image_only:H10] epoch=1/10 step=775/1003 loss=1.1325
[train:safeobjworld_r_image_only:H10] epoch=1/10 step=800/1003 loss=1.1222
[train:safeobjworld_r_image_only:H10] epoch=1/10 step=825/1003 loss=1.1194
[train:safeobjworld_r_image_only:H10] epoch=1/10 step=850/1003 loss=1.1180
[train:safeobjworld_r_image_only:H10] epoch=1/10 step=875/1003 loss=1.1206
[train:safeobjworld_r_image_only:H10] epoch=1/10 step=900/1003 loss=1.1422
[train:safeobjworld_r_image_only:H10] epoch=1/10 step=925/1003 loss=1.1085
[train:safeobjworld_r_image_only:H10] epoch=1/10 step=950/1003 loss=1.1021
[train:safeobjworld_r_image_only:H10] epoch=1/10 step=975/1003 loss=1.1035
[train:safeobjworld_r_image_only:H10] epoch=1/10 step=1000/1003 loss=1.1257
[epoch] method=safeobjworld_r_image_only epoch=1 train=1.1648 val=1.1252 best=1.1252
[train:safeobjworld_r_image_only:H10] epoch=2/10 step=0/1003 loss=1.2454
[train:safeobjworld_r_image_only:H10] epoch=2/10 step=25/1003 loss=1.0976
[train:safeobjworld_r_image_only:H10] epoch=2/10 step=50/1003 loss=1.1262
[train:safeobjworld_r_image_only:H10] epoch=2/10 step=75/1003 loss=1.1261
[train:safeobjworld_r_image_only:H10] epoch=2/10 step=100/1003 loss=1.0970
[train:safeobjworld_r_image_only:H10] epoch=2/10 step=125/1003 loss=1.1373
[train:safeobjworld_r_image_only:H10] epoch=2/10 step=150/1003 loss=1.1198
[train:safeobjworld_r_image_only:H10] epoch=2/10 step=175/1003 loss=1.1296
[train:safeobjworld_r_image_only:H10] epoch=2/10 step=200/1003 loss=1.1303
[train:safeobjworld_r_image_only:H10] epoch=2/10 step=225/1003 loss=1.1213
[train:safeobjworld_r_image_only:H10] epoch=2/10 step=250/1003 loss=1.1146
[train:safeobjworld_r_image_only:H10] epoch=2/10 step=275/1003 loss=1.1358
[train:safeobjworld_r_image_only:H10] epoch=2/10 step=300/1003 loss=1.1048
[train:safeobjworld_r_image_only:H10] epoch=2/10 step=325/1003 loss=1.1232
[train:safeobjworld_r_image_only:H10] epoch=2/10 step=350/1003 loss=1.0984
[train:safeobjworld_r_image_only:H10] epoch=2/10 step=375/1003 loss=1.1381
[train:safeobjworld_r_image_only:H10] epoch=2/10 step=400/1003 loss=1.1114
[train:safeobjworld_r_image_only:H10] epoch=2/10 step=425/1003 loss=1.0982
[train:safeobjworld_r_image_only:H10] epoch=2/10 step=450/1003 loss=1.1141
[train:safeobjworld_r_image_only:H10] epoch=2/10 step=475/1003 loss=1.0934
[train:safeobjworld_r_image_only:H10] epoch=2/10 step=500/1003 loss=1.0539
[train:safeobjworld_r_image_only:H10] epoch=2/10 step=525/1003 loss=1.1038
[train:safeobjworld_r_image_only:H10] epoch=2/10 step=550/1003 loss=1.0965
[train:safeobjworld_r_image_only:H10] epoch=2/10 step=575/1003 loss=1.1046
[train:safeobjworld_r_image_only:H10] epoch=2/10 step=600/1003 loss=1.1045
[train:safeobjworld_r_image_only:H10] epoch=2/10 step=625/1003 loss=1.1134
[train:safeobjworld_r_image_only:H10] epoch=2/10 step=650/1003 loss=1.1211
[train:safeobjworld_r_image_only:H10] epoch=2/10 step=675/1003 loss=1.1234
[train:safeobjworld_r_image_only:H10] epoch=2/10 step=700/1003 loss=1.0981
[train:safeobjworld_r_image_only:H10] epoch=2/10 step=725/1003 loss=1.0889
[train:safeobjworld_r_image_only:H10] epoch=2/10 step=750/1003 loss=1.0887
[train:safeobjworld_r_image_only:H10] epoch=2/10 step=775/1003 loss=1.0862
[train:safeobjworld_r_image_only:H10] epoch=2/10 step=800/1003 loss=1.1056
[train:safeobjworld_r_image_only:H10] epoch=2/10 step=825/1003 loss=1.1439
[train:safeobjworld_r_image_only:H10] epoch=2/10 step=850/1003 loss=1.1305
[train:safeobjworld_r_image_only:H10] epoch=2/10 step=875/1003 loss=1.0743
[train:safeobjworld_r_image_only:H10] epoch=2/10 step=900/1003 loss=1.0607
[train:safeobjworld_r_image_only:H10] epoch=2/10 step=925/1003 loss=1.0915
[train:safeobjworld_r_image_only:H10] epoch=2/10 step=950/1003 loss=1.0994
[train:safeobjworld_r_image_only:H10] epoch=2/10 step=975/1003 loss=1.1048
[train:safeobjworld_r_image_only:H10] epoch=2/10 step=1000/1003 loss=1.0967
[epoch] method=safeobjworld_r_image_only epoch=2 train=1.1074 val=1.1206 best=1.1206
[train:safeobjworld_r_image_only:H10] epoch=3/10 step=0/1003 loss=1.1821
[train:safeobjworld_r_image_only:H10] epoch=3/10 step=25/1003 loss=1.1275
[train:safeobjworld_r_image_only:H10] epoch=3/10 step=50/1003 loss=1.0754
[train:safeobjworld_r_image_only:H10] epoch=3/10 step=75/1003 loss=1.0638
[train:safeobjworld_r_image_only:H10] epoch=3/10 step=100/1003 loss=1.0916
[train:safeobjworld_r_image_only:H10] epoch=3/10 step=125/1003 loss=1.0611
[train:safeobjworld_r_image_only:H10] epoch=3/10 step=150/1003 loss=1.1062
[train:safeobjworld_r_image_only:H10] epoch=3/10 step=175/1003 loss=1.0734
[train:safeobjworld_r_image_only:H10] epoch=3/10 step=200/1003 loss=1.0634
[train:safeobjworld_r_image_only:H10] epoch=3/10 step=225/1003 loss=1.1158
[train:safeobjworld_r_image_only:H10] epoch=3/10 step=250/1003 loss=1.0972
[train:safeobjworld_r_image_only:H10] epoch=3/10 step=275/1003 loss=1.0826
[train:safeobjworld_r_image_only:H10] epoch=3/10 step=300/1003 loss=1.0579
[train:safeobjworld_r_image_only:H10] epoch=3/10 step=325/1003 loss=1.0595
[train:safeobjworld_r_image_only:H10] epoch=3/10 step=350/1003 loss=1.0942
[train:safeobjworld_r_image_only:H10] epoch=3/10 step=375/1003 loss=1.0992
[train:safeobjworld_r_image_only:H10] epoch=3/10 step=400/1003 loss=1.0608
[train:safeobjworld_r_image_only:H10] epoch=3/10 step=425/1003 loss=1.1318
[train:safeobjworld_r_image_only:H10] epoch=3/10 step=450/1003 loss=1.1029
[train:safeobjworld_r_image_only:H10] epoch=3/10 step=475/1003 loss=1.0706
[train:safeobjworld_r_image_only:H10] epoch=3/10 step=500/1003 loss=1.0866
[train:safeobjworld_r_image_only:H10] epoch=3/10 step=525/1003 loss=1.0891
[train:safeobjworld_r_image_only:H10] epoch=3/10 step=550/1003 loss=1.1295
[train:safeobjworld_r_image_only:H10] epoch=3/10 step=575/1003 loss=1.1315
[train:safeobjworld_r_image_only:H10] epoch=3/10 step=600/1003 loss=1.1025
[train:safeobjworld_r_image_only:H10] epoch=3/10 step=625/1003 loss=1.1045
[train:safeobjworld_r_image_only:H10] epoch=3/10 step=650/1003 loss=1.0663
[train:safeobjworld_r_image_only:H10] epoch=3/10 step=675/1003 loss=1.0983
[train:safeobjworld_r_image_only:H10] epoch=3/10 step=700/1003 loss=1.1023
[train:safeobjworld_r_image_only:H10] epoch=3/10 step=725/1003 loss=1.0470
[train:safeobjworld_r_image_only:H10] epoch=3/10 step=750/1003 loss=1.0752
[train:safeobjworld_r_image_only:H10] epoch=3/10 step=775/1003 loss=1.0860
[train:safeobjworld_r_image_only:H10] epoch=3/10 step=800/1003 loss=1.0965
[train:safeobjworld_r_image_only:H10] epoch=3/10 step=825/1003 loss=1.0572
[train:safeobjworld_r_image_only:H10] epoch=3/10 step=850/1003 loss=1.0571
[train:safeobjworld_r_image_only:H10] epoch=3/10 step=875/1003 loss=1.0686
[train:safeobjworld_r_image_only:H10] epoch=3/10 step=900/1003 loss=1.0595
[train:safeobjworld_r_image_only:H10] epoch=3/10 step=925/1003 loss=1.0600
[train:safeobjworld_r_image_only:H10] epoch=3/10 step=950/1003 loss=1.0923
[train:safeobjworld_r_image_only:H10] epoch=3/10 step=975/1003 loss=1.0758
[train:safeobjworld_r_image_only:H10] epoch=3/10 step=1000/1003 loss=1.0748
[epoch] method=safeobjworld_r_image_only epoch=3 train=1.0834 val=1.0529 best=1.0529
[train:safeobjworld_r_image_only:H10] epoch=4/10 step=0/1003 loss=0.8936
[train:safeobjworld_r_image_only:H10] epoch=4/10 step=25/1003 loss=1.0686
[train:safeobjworld_r_image_only:H10] epoch=4/10 step=50/1003 loss=1.0609
[train:safeobjworld_r_image_only:H10] epoch=4/10 step=75/1003 loss=1.0389
[train:safeobjworld_r_image_only:H10] epoch=4/10 step=100/1003 loss=1.0779
[train:safeobjworld_r_image_only:H10] epoch=4/10 step=125/1003 loss=1.0960
[train:safeobjworld_r_image_only:H10] epoch=4/10 step=150/1003 loss=1.0683
[train:safeobjworld_r_image_only:H10] epoch=4/10 step=175/1003 loss=1.0548
[train:safeobjworld_r_image_only:H10] epoch=4/10 step=200/1003 loss=1.0375
[train:safeobjworld_r_image_only:H10] epoch=4/10 step=225/1003 loss=1.0645
[train:safeobjworld_r_image_only:H10] epoch=4/10 step=250/1003 loss=1.1089
[train:safeobjworld_r_image_only:H10] epoch=4/10 step=275/1003 loss=1.0626
[train:safeobjworld_r_image_only:H10] epoch=4/10 step=300/1003 loss=1.0563
[train:safeobjworld_r_image_only:H10] epoch=4/10 step=325/1003 loss=1.0854
[train:safeobjworld_r_image_only:H10] epoch=4/10 step=350/1003 loss=1.0670
[train:safeobjworld_r_image_only:H10] epoch=4/10 step=375/1003 loss=1.1057
[train:safeobjworld_r_image_only:H10] epoch=4/10 step=400/1003 loss=1.0474
[train:safeobjworld_r_image_only:H10] epoch=4/10 step=425/1003 loss=1.0308
[train:safeobjworld_r_image_only:H10] epoch=4/10 step=450/1003 loss=1.0583
[train:safeobjworld_r_image_only:H10] epoch=4/10 step=475/1003 loss=1.0201
[train:safeobjworld_r_image_only:H10] epoch=4/10 step=500/1003 loss=1.0422
[train:safeobjworld_r_image_only:H10] epoch=4/10 step=525/1003 loss=1.0215
[train:safeobjworld_r_image_only:H10] epoch=4/10 step=550/1003 loss=1.0396
[train:safeobjworld_r_image_only:H10] epoch=4/10 step=575/1003 loss=1.0476
[train:safeobjworld_r_image_only:H10] epoch=4/10 step=600/1003 loss=1.0352
[train:safeobjworld_r_image_only:H10] epoch=4/10 step=625/1003 loss=1.0107
[train:safeobjworld_r_image_only:H10] epoch=4/10 step=650/1003 loss=1.0538
[train:safeobjworld_r_image_only:H10] epoch=4/10 step=675/1003 loss=1.0526
[train:safeobjworld_r_image_only:H10] epoch=4/10 step=700/1003 loss=1.0536
[train:safeobjworld_r_image_only:H10] epoch=4/10 step=725/1003 loss=1.0715
[train:safeobjworld_r_image_only:H10] epoch=4/10 step=750/1003 loss=1.0724
[train:safeobjworld_r_image_only:H10] epoch=4/10 step=775/1003 loss=1.0496
[train:safeobjworld_r_image_only:H10] epoch=4/10 step=800/1003 loss=1.1007
[train:safeobjworld_r_image_only:H10] epoch=4/10 step=825/1003 loss=1.0607
[train:safeobjworld_r_image_only:H10] epoch=4/10 step=850/1003 loss=1.0508
[train:safeobjworld_r_image_only:H10] epoch=4/10 step=875/1003 loss=1.0190
[train:safeobjworld_r_image_only:H10] epoch=4/10 step=900/1003 loss=1.0818
[train:safeobjworld_r_image_only:H10] epoch=4/10 step=925/1003 loss=1.0520
[train:safeobjworld_r_image_only:H10] epoch=4/10 step=950/1003 loss=1.0191
[train:safeobjworld_r_image_only:H10] epoch=4/10 step=975/1003 loss=1.0583
[train:safeobjworld_r_image_only:H10] epoch=4/10 step=1000/1003 loss=1.0322
[epoch] method=safeobjworld_r_image_only epoch=4 train=1.0588 val=1.0667 best=1.0529
[train:safeobjworld_r_image_only:H10] epoch=5/10 step=0/1003 loss=0.8915
[train:safeobjworld_r_image_only:H10] epoch=5/10 step=25/1003 loss=1.0841
[train:safeobjworld_r_image_only:H10] epoch=5/10 step=50/1003 loss=1.0576
[train:safeobjworld_r_image_only:H10] epoch=5/10 step=75/1003 loss=1.0729
[train:safeobjworld_r_image_only:H10] epoch=5/10 step=100/1003 loss=1.0301
[train:safeobjworld_r_image_only:H10] epoch=5/10 step=125/1003 loss=1.0336
[train:safeobjworld_r_image_only:H10] epoch=5/10 step=150/1003 loss=0.9971
[train:safeobjworld_r_image_only:H10] epoch=5/10 step=175/1003 loss=1.0159
[train:safeobjworld_r_image_only:H10] epoch=5/10 step=200/1003 loss=1.0528
[train:safeobjworld_r_image_only:H10] epoch=5/10 step=225/1003 loss=1.0606
[train:safeobjworld_r_image_only:H10] epoch=5/10 step=250/1003 loss=1.0921
[train:safeobjworld_r_image_only:H10] epoch=5/10 step=275/1003 loss=1.0423
[train:safeobjworld_r_image_only:H10] epoch=5/10 step=300/1003 loss=1.0735
[train:safeobjworld_r_image_only:H10] epoch=5/10 step=325/1003 loss=1.0447
[train:safeobjworld_r_image_only:H10] epoch=5/10 step=350/1003 loss=1.0506
[train:safeobjworld_r_image_only:H10] epoch=5/10 step=375/1003 loss=1.0503
[train:safeobjworld_r_image_only:H10] epoch=5/10 step=400/1003 loss=1.0253
[train:safeobjworld_r_image_only:H10] epoch=5/10 step=425/1003 loss=1.0382
[train:safeobjworld_r_image_only:H10] epoch=5/10 step=450/1003 loss=1.0571
[train:safeobjworld_r_image_only:H10] epoch=5/10 step=475/1003 loss=1.0401
[train:safeobjworld_r_image_only:H10] epoch=5/10 step=500/1003 loss=1.0204
[train:safeobjworld_r_image_only:H10] epoch=5/10 step=525/1003 loss=1.0442
[train:safeobjworld_r_image_only:H10] epoch=5/10 step=550/1003 loss=1.0852
[train:safeobjworld_r_image_only:H10] epoch=5/10 step=575/1003 loss=1.0348
[train:safeobjworld_r_image_only:H10] epoch=5/10 step=600/1003 loss=0.9981
[train:safeobjworld_r_image_only:H10] epoch=5/10 step=625/1003 loss=1.0350
[train:safeobjworld_r_image_only:H10] epoch=5/10 step=650/1003 loss=1.0012
[train:safeobjworld_r_image_only:H10] epoch=5/10 step=675/1003 loss=1.0515
[train:safeobjworld_r_image_only:H10] epoch=5/10 step=700/1003 loss=1.0256
[train:safeobjworld_r_image_only:H10] epoch=5/10 step=725/1003 loss=1.0432
[train:safeobjworld_r_image_only:H10] epoch=5/10 step=750/1003 loss=1.0104
[train:safeobjworld_r_image_only:H10] epoch=5/10 step=775/1003 loss=0.9988
[train:safeobjworld_r_image_only:H10] epoch=5/10 step=800/1003 loss=0.9933
[train:safeobjworld_r_image_only:H10] epoch=5/10 step=825/1003 loss=1.0414
[train:safeobjworld_r_image_only:H10] epoch=5/10 step=850/1003 loss=1.0325
[train:safeobjworld_r_image_only:H10] epoch=5/10 step=875/1003 loss=1.0379
[train:safeobjworld_r_image_only:H10] epoch=5/10 step=900/1003 loss=1.0416
[train:safeobjworld_r_image_only:H10] epoch=5/10 step=925/1003 loss=1.0417
[train:safeobjworld_r_image_only:H10] epoch=5/10 step=950/1003 loss=1.0404
[train:safeobjworld_r_image_only:H10] epoch=5/10 step=975/1003 loss=1.0332
[train:safeobjworld_r_image_only:H10] epoch=5/10 step=1000/1003 loss=1.0164
[epoch] method=safeobjworld_r_image_only epoch=5 train=1.0390 val=1.0496 best=1.0496
[train:safeobjworld_r_image_only:H10] epoch=6/10 step=0/1003 loss=0.9938
[train:safeobjworld_r_image_only:H10] epoch=6/10 step=25/1003 loss=1.0210
[train:safeobjworld_r_image_only:H10] epoch=6/10 step=50/1003 loss=0.9994
[train:safeobjworld_r_image_only:H10] epoch=6/10 step=75/1003 loss=1.0639
[train:safeobjworld_r_image_only:H10] epoch=6/10 step=100/1003 loss=1.0211
[train:safeobjworld_r_image_only:H10] epoch=6/10 step=125/1003 loss=1.0145
[train:safeobjworld_r_image_only:H10] epoch=6/10 step=150/1003 loss=0.9921
[train:safeobjworld_r_image_only:H10] epoch=6/10 step=175/1003 loss=1.0146
[train:safeobjworld_r_image_only:H10] epoch=6/10 step=200/1003 loss=1.0354
[train:safeobjworld_r_image_only:H10] epoch=6/10 step=225/1003 loss=1.0392
[train:safeobjworld_r_image_only:H10] epoch=6/10 step=250/1003 loss=1.0207
[train:safeobjworld_r_image_only:H10] epoch=6/10 step=275/1003 loss=1.0339
[train:safeobjworld_r_image_only:H10] epoch=6/10 step=300/1003 loss=1.0314
[train:safeobjworld_r_image_only:H10] epoch=6/10 step=325/1003 loss=0.9694
[train:safeobjworld_r_image_only:H10] epoch=6/10 step=350/1003 loss=1.0245
[train:safeobjworld_r_image_only:H10] epoch=6/10 step=375/1003 loss=1.0235
[train:safeobjworld_r_image_only:H10] epoch=6/10 step=400/1003 loss=1.0074
[train:safeobjworld_r_image_only:H10] epoch=6/10 step=425/1003 loss=1.0130
[train:safeobjworld_r_image_only:H10] epoch=6/10 step=450/1003 loss=1.0114
[train:safeobjworld_r_image_only:H10] epoch=6/10 step=475/1003 loss=1.0046
[train:safeobjworld_r_image_only:H10] epoch=6/10 step=500/1003 loss=1.0609
[train:safeobjworld_r_image_only:H10] epoch=6/10 step=525/1003 loss=1.0238
[train:safeobjworld_r_image_only:H10] epoch=6/10 step=550/1003 loss=1.0329
[train:safeobjworld_r_image_only:H10] epoch=6/10 step=575/1003 loss=1.0371
[train:safeobjworld_r_image_only:H10] epoch=6/10 step=600/1003 loss=1.0310
[train:safeobjworld_r_image_only:H10] epoch=6/10 step=625/1003 loss=1.0406
[train:safeobjworld_r_image_only:H10] epoch=6/10 step=650/1003 loss=1.0970
[train:safeobjworld_r_image_only:H10] epoch=6/10 step=675/1003 loss=0.9717
[train:safeobjworld_r_image_only:H10] epoch=6/10 step=700/1003 loss=1.0304
[train:safeobjworld_r_image_only:H10] epoch=6/10 step=725/1003 loss=1.0219
[train:safeobjworld_r_image_only:H10] epoch=6/10 step=750/1003 loss=0.9914
[train:safeobjworld_r_image_only:H10] epoch=6/10 step=775/1003 loss=1.0128
[train:safeobjworld_r_image_only:H10] epoch=6/10 step=800/1003 loss=0.9981
[train:safeobjworld_r_image_only:H10] epoch=6/10 step=825/1003 loss=0.9927
[train:safeobjworld_r_image_only:H10] epoch=6/10 step=850/1003 loss=0.9983
[train:safeobjworld_r_image_only:H10] epoch=6/10 step=875/1003 loss=0.9955
[train:safeobjworld_r_image_only:H10] epoch=6/10 step=900/1003 loss=0.9879
[train:safeobjworld_r_image_only:H10] epoch=6/10 step=925/1003 loss=1.0240
[train:safeobjworld_r_image_only:H10] epoch=6/10 step=950/1003 loss=1.0306
[train:safeobjworld_r_image_only:H10] epoch=6/10 step=975/1003 loss=1.0473
[train:safeobjworld_r_image_only:H10] epoch=6/10 step=1000/1003 loss=0.9580
[epoch] method=safeobjworld_r_image_only epoch=6 train=1.0167 val=1.0475 best=1.0475
[train:safeobjworld_r_image_only:H10] epoch=7/10 step=0/1003 loss=0.8601
[train:safeobjworld_r_image_only:H10] epoch=7/10 step=25/1003 loss=1.0055
[train:safeobjworld_r_image_only:H10] epoch=7/10 step=50/1003 loss=1.0136
[train:safeobjworld_r_image_only:H10] epoch=7/10 step=75/1003 loss=1.0324
[train:safeobjworld_r_image_only:H10] epoch=7/10 step=100/1003 loss=1.0085
[train:safeobjworld_r_image_only:H10] epoch=7/10 step=125/1003 loss=1.0476
[train:safeobjworld_r_image_only:H10] epoch=7/10 step=150/1003 loss=0.9959
[train:safeobjworld_r_image_only:H10] epoch=7/10 step=175/1003 loss=1.0284
[train:safeobjworld_r_image_only:H10] epoch=7/10 step=200/1003 loss=0.9774
[train:safeobjworld_r_image_only:H10] epoch=7/10 step=225/1003 loss=0.9817
[train:safeobjworld_r_image_only:H10] epoch=7/10 step=250/1003 loss=0.9725
[train:safeobjworld_r_image_only:H10] epoch=7/10 step=275/1003 loss=0.9698
[train:safeobjworld_r_image_only:H10] epoch=7/10 step=300/1003 loss=1.0329
[train:safeobjworld_r_image_only:H10] epoch=7/10 step=325/1003 loss=0.9834
[train:safeobjworld_r_image_only:H10] epoch=7/10 step=350/1003 loss=1.0145
[train:safeobjworld_r_image_only:H10] epoch=7/10 step=375/1003 loss=0.9913
[train:safeobjworld_r_image_only:H10] epoch=7/10 step=400/1003 loss=0.9759
[train:safeobjworld_r_image_only:H10] epoch=7/10 step=425/1003 loss=1.0123
[train:safeobjworld_r_image_only:H10] epoch=7/10 step=450/1003 loss=0.9879
[train:safeobjworld_r_image_only:H10] epoch=7/10 step=475/1003 loss=1.0381
[train:safeobjworld_r_image_only:H10] epoch=7/10 step=500/1003 loss=1.0040
[train:safeobjworld_r_image_only:H10] epoch=7/10 step=525/1003 loss=1.0016
[train:safeobjworld_r_image_only:H10] epoch=7/10 step=550/1003 loss=1.0309
[train:safeobjworld_r_image_only:H10] epoch=7/10 step=575/1003 loss=0.9950
[train:safeobjworld_r_image_only:H10] epoch=7/10 step=600/1003 loss=0.9953
[train:safeobjworld_r_image_only:H10] epoch=7/10 step=625/1003 loss=1.0191
[train:safeobjworld_r_image_only:H10] epoch=7/10 step=650/1003 loss=1.0458
[train:safeobjworld_r_image_only:H10] epoch=7/10 step=675/1003 loss=1.0369
[train:safeobjworld_r_image_only:H10] epoch=7/10 step=700/1003 loss=0.9773
[train:safeobjworld_r_image_only:H10] epoch=7/10 step=725/1003 loss=0.9590
[train:safeobjworld_r_image_only:H10] epoch=7/10 step=750/1003 loss=1.0131
[train:safeobjworld_r_image_only:H10] epoch=7/10 step=775/1003 loss=0.9871
[train:safeobjworld_r_image_only:H10] epoch=7/10 step=800/1003 loss=0.9566
[train:safeobjworld_r_image_only:H10] epoch=7/10 step=825/1003 loss=1.0388
[train:safeobjworld_r_image_only:H10] epoch=7/10 step=850/1003 loss=1.0247
[train:safeobjworld_r_image_only:H10] epoch=7/10 step=875/1003 loss=0.9956
[train:safeobjworld_r_image_only:H10] epoch=7/10 step=900/1003 loss=0.9765
[train:safeobjworld_r_image_only:H10] epoch=7/10 step=925/1003 loss=0.9868
[train:safeobjworld_r_image_only:H10] epoch=7/10 step=950/1003 loss=0.9665
[train:safeobjworld_r_image_only:H10] epoch=7/10 step=975/1003 loss=0.9859
[train:safeobjworld_r_image_only:H10] epoch=7/10 step=1000/1003 loss=1.0183
[epoch] method=safeobjworld_r_image_only epoch=7 train=1.0009 val=1.0286 best=1.0286
[train:safeobjworld_r_image_only:H10] epoch=8/10 step=0/1003 loss=1.0212
[train:safeobjworld_r_image_only:H10] epoch=8/10 step=25/1003 loss=0.9873
[train:safeobjworld_r_image_only:H10] epoch=8/10 step=50/1003 loss=1.0395
[train:safeobjworld_r_image_only:H10] epoch=8/10 step=75/1003 loss=0.9844
[train:safeobjworld_r_image_only:H10] epoch=8/10 step=100/1003 loss=0.9845
[train:safeobjworld_r_image_only:H10] epoch=8/10 step=125/1003 loss=1.0199
[train:safeobjworld_r_image_only:H10] epoch=8/10 step=150/1003 loss=1.0050
[train:safeobjworld_r_image_only:H10] epoch=8/10 step=175/1003 loss=1.0053
[train:safeobjworld_r_image_only:H10] epoch=8/10 step=200/1003 loss=0.9864
[train:safeobjworld_r_image_only:H10] epoch=8/10 step=225/1003 loss=1.0104
[train:safeobjworld_r_image_only:H10] epoch=8/10 step=250/1003 loss=1.0054
[train:safeobjworld_r_image_only:H10] epoch=8/10 step=275/1003 loss=0.9907
[train:safeobjworld_r_image_only:H10] epoch=8/10 step=300/1003 loss=1.0213
[train:safeobjworld_r_image_only:H10] epoch=8/10 step=325/1003 loss=0.9887
[train:safeobjworld_r_image_only:H10] epoch=8/10 step=350/1003 loss=1.0148
[train:safeobjworld_r_image_only:H10] epoch=8/10 step=375/1003 loss=0.9618
[train:safeobjworld_r_image_only:H10] epoch=8/10 step=400/1003 loss=1.0186
[train:safeobjworld_r_image_only:H10] epoch=8/10 step=425/1003 loss=0.9720
[train:safeobjworld_r_image_only:H10] epoch=8/10 step=450/1003 loss=1.0030
[train:safeobjworld_r_image_only:H10] epoch=8/10 step=475/1003 loss=1.0097
[train:safeobjworld_r_image_only:H10] epoch=8/10 step=500/1003 loss=0.9249
[train:safeobjworld_r_image_only:H10] epoch=8/10 step=525/1003 loss=1.0263
[train:safeobjworld_r_image_only:H10] epoch=8/10 step=550/1003 loss=1.0305
[train:safeobjworld_r_image_only:H10] epoch=8/10 step=575/1003 loss=1.0051
[train:safeobjworld_r_image_only:H10] epoch=8/10 step=600/1003 loss=0.9333
[train:safeobjworld_r_image_only:H10] epoch=8/10 step=625/1003 loss=1.0106
[train:safeobjworld_r_image_only:H10] epoch=8/10 step=650/1003 loss=0.9834
[train:safeobjworld_r_image_only:H10] epoch=8/10 step=675/1003 loss=0.9857
[train:safeobjworld_r_image_only:H10] epoch=8/10 step=700/1003 loss=1.0084
[train:safeobjworld_r_image_only:H10] epoch=8/10 step=725/1003 loss=0.9615
[train:safeobjworld_r_image_only:H10] epoch=8/10 step=750/1003 loss=0.9890
[train:safeobjworld_r_image_only:H10] epoch=8/10 step=775/1003 loss=0.9742
[train:safeobjworld_r_image_only:H10] epoch=8/10 step=800/1003 loss=0.9584
[train:safeobjworld_r_image_only:H10] epoch=8/10 step=825/1003 loss=0.9938
[train:safeobjworld_r_image_only:H10] epoch=8/10 step=850/1003 loss=0.9823
[train:safeobjworld_r_image_only:H10] epoch=8/10 step=875/1003 loss=0.9797
[train:safeobjworld_r_image_only:H10] epoch=8/10 step=900/1003 loss=0.9911
[train:safeobjworld_r_image_only:H10] epoch=8/10 step=925/1003 loss=1.0006
[train:safeobjworld_r_image_only:H10] epoch=8/10 step=950/1003 loss=1.0008
[train:safeobjworld_r_image_only:H10] epoch=8/10 step=975/1003 loss=0.9837
[train:safeobjworld_r_image_only:H10] epoch=8/10 step=1000/1003 loss=0.9960
[epoch] method=safeobjworld_r_image_only epoch=8 train=0.9896 val=1.0573 best=1.0286
[train:safeobjworld_r_image_only:H10] epoch=9/10 step=0/1003 loss=1.0969
[train:safeobjworld_r_image_only:H10] epoch=9/10 step=25/1003 loss=0.9762
[train:safeobjworld_r_image_only:H10] epoch=9/10 step=50/1003 loss=0.9890
[train:safeobjworld_r_image_only:H10] epoch=9/10 step=75/1003 loss=0.9528
[train:safeobjworld_r_image_only:H10] epoch=9/10 step=100/1003 loss=0.9707
[train:safeobjworld_r_image_only:H10] epoch=9/10 step=125/1003 loss=0.9361
[train:safeobjworld_r_image_only:H10] epoch=9/10 step=150/1003 loss=0.9612
[train:safeobjworld_r_image_only:H10] epoch=9/10 step=175/1003 loss=0.9843
[train:safeobjworld_r_image_only:H10] epoch=9/10 step=200/1003 loss=1.0036
[train:safeobjworld_r_image_only:H10] epoch=9/10 step=225/1003 loss=0.9888
[train:safeobjworld_r_image_only:H10] epoch=9/10 step=250/1003 loss=1.0073
[train:safeobjworld_r_image_only:H10] epoch=9/10 step=275/1003 loss=1.0214
[train:safeobjworld_r_image_only:H10] epoch=9/10 step=300/1003 loss=1.0366
[train:safeobjworld_r_image_only:H10] epoch=9/10 step=325/1003 loss=0.9386
[train:safeobjworld_r_image_only:H10] epoch=9/10 step=350/1003 loss=0.9552
[train:safeobjworld_r_image_only:H10] epoch=9/10 step=375/1003 loss=0.9425
[train:safeobjworld_r_image_only:H10] epoch=9/10 step=400/1003 loss=0.9702
[train:safeobjworld_r_image_only:H10] epoch=9/10 step=425/1003 loss=0.9891
[train:safeobjworld_r_image_only:H10] epoch=9/10 step=450/1003 loss=0.9692
[train:safeobjworld_r_image_only:H10] epoch=9/10 step=475/1003 loss=0.9781
[train:safeobjworld_r_image_only:H10] epoch=9/10 step=500/1003 loss=0.9813
[train:safeobjworld_r_image_only:H10] epoch=9/10 step=525/1003 loss=0.9867
[train:safeobjworld_r_image_only:H10] epoch=9/10 step=550/1003 loss=1.0376
[train:safeobjworld_r_image_only:H10] epoch=9/10 step=575/1003 loss=1.0093
[train:safeobjworld_r_image_only:H10] epoch=9/10 step=600/1003 loss=0.9433
[train:safeobjworld_r_image_only:H10] epoch=9/10 step=625/1003 loss=0.9765
[train:safeobjworld_r_image_only:H10] epoch=9/10 step=650/1003 loss=0.9969
[train:safeobjworld_r_image_only:H10] epoch=9/10 step=675/1003 loss=0.9693
[train:safeobjworld_r_image_only:H10] epoch=9/10 step=700/1003 loss=0.9664
[train:safeobjworld_r_image_only:H10] epoch=9/10 step=725/1003 loss=1.0031
[train:safeobjworld_r_image_only:H10] epoch=9/10 step=750/1003 loss=0.9707
[train:safeobjworld_r_image_only:H10] epoch=9/10 step=775/1003 loss=0.9826
[train:safeobjworld_r_image_only:H10] epoch=9/10 step=800/1003 loss=0.9699
[train:safeobjworld_r_image_only:H10] epoch=9/10 step=825/1003 loss=0.9622
[train:safeobjworld_r_image_only:H10] epoch=9/10 step=850/1003 loss=0.9700
[train:safeobjworld_r_image_only:H10] epoch=9/10 step=875/1003 loss=0.9836
[train:safeobjworld_r_image_only:H10] epoch=9/10 step=900/1003 loss=0.9714
[train:safeobjworld_r_image_only:H10] epoch=9/10 step=925/1003 loss=0.9835
[train:safeobjworld_r_image_only:H10] epoch=9/10 step=950/1003 loss=1.0017
[train:safeobjworld_r_image_only:H10] epoch=9/10 step=975/1003 loss=0.9997
[train:safeobjworld_r_image_only:H10] epoch=9/10 step=1000/1003 loss=0.9504
[epoch] method=safeobjworld_r_image_only epoch=9 train=0.9790 val=1.0868 best=1.0286
[train:safeobjworld_r_image_only:H10] epoch=10/10 step=0/1003 loss=1.0245
[train:safeobjworld_r_image_only:H10] epoch=10/10 step=25/1003 loss=0.9861
[train:safeobjworld_r_image_only:H10] epoch=10/10 step=50/1003 loss=0.9088
[train:safeobjworld_r_image_only:H10] epoch=10/10 step=75/1003 loss=0.9873
[train:safeobjworld_r_image_only:H10] epoch=10/10 step=100/1003 loss=1.0273
[train:safeobjworld_r_image_only:H10] epoch=10/10 step=125/1003 loss=0.9706
[train:safeobjworld_r_image_only:H10] epoch=10/10 step=150/1003 loss=0.9483
[train:safeobjworld_r_image_only:H10] epoch=10/10 step=175/1003 loss=0.9582
[train:safeobjworld_r_image_only:H10] epoch=10/10 step=200/1003 loss=0.9269
[train:safeobjworld_r_image_only:H10] epoch=10/10 step=225/1003 loss=0.9622
[train:safeobjworld_r_image_only:H10] epoch=10/10 step=250/1003 loss=1.0206
[train:safeobjworld_r_image_only:H10] epoch=10/10 step=275/1003 loss=0.9287
[train:safeobjworld_r_image_only:H10] epoch=10/10 step=300/1003 loss=0.9435
[train:safeobjworld_r_image_only:H10] epoch=10/10 step=325/1003 loss=0.9416
[train:safeobjworld_r_image_only:H10] epoch=10/10 step=350/1003 loss=0.9755
[train:safeobjworld_r_image_only:H10] epoch=10/10 step=375/1003 loss=0.9562
[train:safeobjworld_r_image_only:H10] epoch=10/10 step=400/1003 loss=0.9504
[train:safeobjworld_r_image_only:H10] epoch=10/10 step=425/1003 loss=0.9607
[train:safeobjworld_r_image_only:H10] epoch=10/10 step=450/1003 loss=0.9267
[train:safeobjworld_r_image_only:H10] epoch=10/10 step=475/1003 loss=0.9803
[train:safeobjworld_r_image_only:H10] epoch=10/10 step=500/1003 loss=0.9795
[train:safeobjworld_r_image_only:H10] epoch=10/10 step=525/1003 loss=0.9532
[train:safeobjworld_r_image_only:H10] epoch=10/10 step=550/1003 loss=0.9863
[train:safeobjworld_r_image_only:H10] epoch=10/10 step=575/1003 loss=1.0169
[train:safeobjworld_r_image_only:H10] epoch=10/10 step=600/1003 loss=0.9307
[train:safeobjworld_r_image_only:H10] epoch=10/10 step=625/1003 loss=0.9842
[train:safeobjworld_r_image_only:H10] epoch=10/10 step=650/1003 loss=0.9808
[train:safeobjworld_r_image_only:H10] epoch=10/10 step=675/1003 loss=0.9696
[train:safeobjworld_r_image_only:H10] epoch=10/10 step=700/1003 loss=0.9445
[train:safeobjworld_r_image_only:H10] epoch=10/10 step=725/1003 loss=0.9674
[train:safeobjworld_r_image_only:H10] epoch=10/10 step=750/1003 loss=0.9870
[train:safeobjworld_r_image_only:H10] epoch=10/10 step=775/1003 loss=0.9600
[train:safeobjworld_r_image_only:H10] epoch=10/10 step=800/1003 loss=0.9932
[train:safeobjworld_r_image_only:H10] epoch=10/10 step=825/1003 loss=0.9476
[train:safeobjworld_r_image_only:H10] epoch=10/10 step=850/1003 loss=0.9980
[train:safeobjworld_r_image_only:H10] epoch=10/10 step=875/1003 loss=0.9295
[train:safeobjworld_r_image_only:H10] epoch=10/10 step=900/1003 loss=0.9742
[train:safeobjworld_r_image_only:H10] epoch=10/10 step=925/1003 loss=0.9638
[train:safeobjworld_r_image_only:H10] epoch=10/10 step=950/1003 loss=0.9505
[train:safeobjworld_r_image_only:H10] epoch=10/10 step=975/1003 loss=0.9947
[train:safeobjworld_r_image_only:H10] epoch=10/10 step=1000/1003 loss=0.9512
[epoch] method=safeobjworld_r_image_only epoch=10 train=0.9671 val=1.0685 best=1.0286
[done train] /home/tahiti/SafeObjWorld/runs_v2_full/models/safeobjworld_r_image_only/H10/best.pt
