====================================================================================================
SafeObjWorld V2 runner
{
  "mode": "train",
  "dataset_root": "/home/tahiti/SafeObjWorld/data/DAVIS2017",
  "run_root": "/home/tahiti/SafeObjWorld/runs_v2_full",
  "year": "2017",
  "method": "safeobjworld_r_det",
  "stress": "clean",
  "prefix_len": 3,
  "max_h": 5,
  "image_size": 192,
  "batch_size": 8,
  "epochs": 10,
  "lr": 0.0002,
  "weight_decay": 0.0001,
  "max_train_samples": 0,
  "max_val_samples": 0,
  "num_workers": 4,
  "seed": 42,
  "eval_k_override": 0,
  "amp": true,
  "cpu": false,
  "skip_existing": true,
  "log_every": 25
}
====================================================================================================
[train] method=safeobjworld_r_det device=cuda cfg={'stress_train': True, 'temporal_weight': 0.05, 'split_weight': 0.005, 'area_weight': 0.1, 'mc_eval': False, 'eval_k': 1}
[train:safeobjworld_r_det:H5] epoch=1/10 step=0/1086 loss=1.6628
[train:safeobjworld_r_det:H5] epoch=1/10 step=25/1086 loss=1.4954
[train:safeobjworld_r_det:H5] epoch=1/10 step=50/1086 loss=0.9249
[train:safeobjworld_r_det:H5] epoch=1/10 step=75/1086 loss=0.6996
[train:safeobjworld_r_det:H5] epoch=1/10 step=100/1086 loss=0.6103
[train:safeobjworld_r_det:H5] epoch=1/10 step=125/1086 loss=0.6137
[train:safeobjworld_r_det:H5] epoch=1/10 step=150/1086 loss=0.5985
[train:safeobjworld_r_det:H5] epoch=1/10 step=175/1086 loss=0.5514
[train:safeobjworld_r_det:H5] epoch=1/10 step=200/1086 loss=0.5461
[train:safeobjworld_r_det:H5] epoch=1/10 step=225/1086 loss=0.5293
[train:safeobjworld_r_det:H5] epoch=1/10 step=250/1086 loss=0.5632
[train:safeobjworld_r_det:H5] epoch=1/10 step=275/1086 loss=0.5871
[train:safeobjworld_r_det:H5] epoch=1/10 step=300/1086 loss=0.4767
[train:safeobjworld_r_det:H5] epoch=1/10 step=325/1086 loss=0.5282
[train:safeobjworld_r_det:H5] epoch=1/10 step=350/1086 loss=0.5429
[train:safeobjworld_r_det:H5] epoch=1/10 step=375/1086 loss=0.5488
[train:safeobjworld_r_det:H5] epoch=1/10 step=400/1086 loss=0.5830
[train:safeobjworld_r_det:H5] epoch=1/10 step=425/1086 loss=0.4614
[train:safeobjworld_r_det:H5] epoch=1/10 step=450/1086 loss=0.5294
[train:safeobjworld_r_det:H5] epoch=1/10 step=475/1086 loss=0.5351
[train:safeobjworld_r_det:H5] epoch=1/10 step=500/1086 loss=0.5074
[train:safeobjworld_r_det:H5] epoch=1/10 step=525/1086 loss=0.5000
[train:safeobjworld_r_det:H5] epoch=1/10 step=550/1086 loss=0.5224
[train:safeobjworld_r_det:H5] epoch=1/10 step=575/1086 loss=0.5264
[train:safeobjworld_r_det:H5] epoch=1/10 step=600/1086 loss=0.5098
[train:safeobjworld_r_det:H5] epoch=1/10 step=625/1086 loss=0.4987
[train:safeobjworld_r_det:H5] epoch=1/10 step=650/1086 loss=0.5050
[train:safeobjworld_r_det:H5] epoch=1/10 step=675/1086 loss=0.4969
[train:safeobjworld_r_det:H5] epoch=1/10 step=700/1086 loss=0.4812
[train:safeobjworld_r_det:H5] epoch=1/10 step=725/1086 loss=0.4871
[train:safeobjworld_r_det:H5] epoch=1/10 step=750/1086 loss=0.5092
[train:safeobjworld_r_det:H5] epoch=1/10 step=775/1086 loss=0.5218
[train:safeobjworld_r_det:H5] epoch=1/10 step=800/1086 loss=0.4706
[train:safeobjworld_r_det:H5] epoch=1/10 step=825/1086 loss=0.4582
[train:safeobjworld_r_det:H5] epoch=1/10 step=850/1086 loss=0.5164
[train:safeobjworld_r_det:H5] epoch=1/10 step=875/1086 loss=0.5215
[train:safeobjworld_r_det:H5] epoch=1/10 step=900/1086 loss=0.4396
[train:safeobjworld_r_det:H5] epoch=1/10 step=925/1086 loss=0.4782
[train:safeobjworld_r_det:H5] epoch=1/10 step=950/1086 loss=0.5177
[train:safeobjworld_r_det:H5] epoch=1/10 step=975/1086 loss=0.4479
[train:safeobjworld_r_det:H5] epoch=1/10 step=1000/1086 loss=0.4442
[train:safeobjworld_r_det:H5] epoch=1/10 step=1025/1086 loss=0.4963
[train:safeobjworld_r_det:H5] epoch=1/10 step=1050/1086 loss=0.4863
[train:safeobjworld_r_det:H5] epoch=1/10 step=1075/1086 loss=0.4724
[epoch] method=safeobjworld_r_det epoch=1 train=0.5530 val=0.3846 best=0.3846
[train:safeobjworld_r_det:H5] epoch=2/10 step=0/1086 loss=0.2617
[train:safeobjworld_r_det:H5] epoch=2/10 step=25/1086 loss=0.4811
[train:safeobjworld_r_det:H5] epoch=2/10 step=50/1086 loss=0.4361
[train:safeobjworld_r_det:H5] epoch=2/10 step=75/1086 loss=0.4495
[train:safeobjworld_r_det:H5] epoch=2/10 step=100/1086 loss=0.4971
[train:safeobjworld_r_det:H5] epoch=2/10 step=125/1086 loss=0.4770
[train:safeobjworld_r_det:H5] epoch=2/10 step=150/1086 loss=0.4652
[train:safeobjworld_r_det:H5] epoch=2/10 step=175/1086 loss=0.4727
[train:safeobjworld_r_det:H5] epoch=2/10 step=200/1086 loss=0.4882
[train:safeobjworld_r_det:H5] epoch=2/10 step=225/1086 loss=0.4467
[train:safeobjworld_r_det:H5] epoch=2/10 step=250/1086 loss=0.4913
[train:safeobjworld_r_det:H5] epoch=2/10 step=275/1086 loss=0.4846
[train:safeobjworld_r_det:H5] epoch=2/10 step=300/1086 loss=0.4507
[train:safeobjworld_r_det:H5] epoch=2/10 step=325/1086 loss=0.4820
[train:safeobjworld_r_det:H5] epoch=2/10 step=350/1086 loss=0.4807
[train:safeobjworld_r_det:H5] epoch=2/10 step=375/1086 loss=0.4702
[train:safeobjworld_r_det:H5] epoch=2/10 step=400/1086 loss=0.4458
[train:safeobjworld_r_det:H5] epoch=2/10 step=425/1086 loss=0.5408
[train:safeobjworld_r_det:H5] epoch=2/10 step=450/1086 loss=0.4692
[train:safeobjworld_r_det:H5] epoch=2/10 step=475/1086 loss=0.5133
[train:safeobjworld_r_det:H5] epoch=2/10 step=500/1086 loss=0.4539
[train:safeobjworld_r_det:H5] epoch=2/10 step=525/1086 loss=0.4432
[train:safeobjworld_r_det:H5] epoch=2/10 step=550/1086 loss=0.4386
[train:safeobjworld_r_det:H5] epoch=2/10 step=575/1086 loss=0.4576
[train:safeobjworld_r_det:H5] epoch=2/10 step=600/1086 loss=0.4348
[train:safeobjworld_r_det:H5] epoch=2/10 step=625/1086 loss=0.4816
[train:safeobjworld_r_det:H5] epoch=2/10 step=650/1086 loss=0.4454
[train:safeobjworld_r_det:H5] epoch=2/10 step=675/1086 loss=0.5002
[train:safeobjworld_r_det:H5] epoch=2/10 step=700/1086 loss=0.4466
[train:safeobjworld_r_det:H5] epoch=2/10 step=725/1086 loss=0.4864
[train:safeobjworld_r_det:H5] epoch=2/10 step=750/1086 loss=0.4514
[train:safeobjworld_r_det:H5] epoch=2/10 step=775/1086 loss=0.4716
[train:safeobjworld_r_det:H5] epoch=2/10 step=800/1086 loss=0.3991
[train:safeobjworld_r_det:H5] epoch=2/10 step=825/1086 loss=0.4111
[train:safeobjworld_r_det:H5] epoch=2/10 step=850/1086 loss=0.4519
[train:safeobjworld_r_det:H5] epoch=2/10 step=875/1086 loss=0.4712
[train:safeobjworld_r_det:H5] epoch=2/10 step=900/1086 loss=0.4270
[train:safeobjworld_r_det:H5] epoch=2/10 step=925/1086 loss=0.4393
[train:safeobjworld_r_det:H5] epoch=2/10 step=950/1086 loss=0.5044
[train:safeobjworld_r_det:H5] epoch=2/10 step=975/1086 loss=0.4327
[train:safeobjworld_r_det:H5] epoch=2/10 step=1000/1086 loss=0.4340
[train:safeobjworld_r_det:H5] epoch=2/10 step=1025/1086 loss=0.4681
[train:safeobjworld_r_det:H5] epoch=2/10 step=1050/1086 loss=0.4480
[train:safeobjworld_r_det:H5] epoch=2/10 step=1075/1086 loss=0.4847
[epoch] method=safeobjworld_r_det epoch=2 train=0.4649 val=0.3682 best=0.3682
[train:safeobjworld_r_det:H5] epoch=3/10 step=0/1086 loss=0.4878
[train:safeobjworld_r_det:H5] epoch=3/10 step=25/1086 loss=0.4473
[train:safeobjworld_r_det:H5] epoch=3/10 step=50/1086 loss=0.4509
[train:safeobjworld_r_det:H5] epoch=3/10 step=75/1086 loss=0.4450
[train:safeobjworld_r_det:H5] epoch=3/10 step=100/1086 loss=0.4391
[train:safeobjworld_r_det:H5] epoch=3/10 step=125/1086 loss=0.5070
[train:safeobjworld_r_det:H5] epoch=3/10 step=150/1086 loss=0.4170
[train:safeobjworld_r_det:H5] epoch=3/10 step=175/1086 loss=0.4738
[train:safeobjworld_r_det:H5] epoch=3/10 step=200/1086 loss=0.4621
[train:safeobjworld_r_det:H5] epoch=3/10 step=225/1086 loss=0.4377
[train:safeobjworld_r_det:H5] epoch=3/10 step=250/1086 loss=0.4932
[train:safeobjworld_r_det:H5] epoch=3/10 step=275/1086 loss=0.4621
[train:safeobjworld_r_det:H5] epoch=3/10 step=300/1086 loss=0.4670
[train:safeobjworld_r_det:H5] epoch=3/10 step=325/1086 loss=0.4362
[train:safeobjworld_r_det:H5] epoch=3/10 step=350/1086 loss=0.4289
[train:safeobjworld_r_det:H5] epoch=3/10 step=375/1086 loss=0.4649
[train:safeobjworld_r_det:H5] epoch=3/10 step=400/1086 loss=0.4609
[train:safeobjworld_r_det:H5] epoch=3/10 step=425/1086 loss=0.4431
[train:safeobjworld_r_det:H5] epoch=3/10 step=450/1086 loss=0.4476
[train:safeobjworld_r_det:H5] epoch=3/10 step=475/1086 loss=0.4545
[train:safeobjworld_r_det:H5] epoch=3/10 step=500/1086 loss=0.4273
[train:safeobjworld_r_det:H5] epoch=3/10 step=525/1086 loss=0.4112
[train:safeobjworld_r_det:H5] epoch=3/10 step=550/1086 loss=0.4388
[train:safeobjworld_r_det:H5] epoch=3/10 step=575/1086 loss=0.4655
[train:safeobjworld_r_det:H5] epoch=3/10 step=600/1086 loss=0.4246
[train:safeobjworld_r_det:H5] epoch=3/10 step=625/1086 loss=0.4284
[train:safeobjworld_r_det:H5] epoch=3/10 step=650/1086 loss=0.4125
[train:safeobjworld_r_det:H5] epoch=3/10 step=675/1086 loss=0.4310
[train:safeobjworld_r_det:H5] epoch=3/10 step=700/1086 loss=0.4771
[train:safeobjworld_r_det:H5] epoch=3/10 step=725/1086 loss=0.4716
[train:safeobjworld_r_det:H5] epoch=3/10 step=750/1086 loss=0.4142
[train:safeobjworld_r_det:H5] epoch=3/10 step=775/1086 loss=0.4076
[train:safeobjworld_r_det:H5] epoch=3/10 step=800/1086 loss=0.4456
[train:safeobjworld_r_det:H5] epoch=3/10 step=825/1086 loss=0.4242
[train:safeobjworld_r_det:H5] epoch=3/10 step=850/1086 loss=0.4636
[train:safeobjworld_r_det:H5] epoch=3/10 step=875/1086 loss=0.4578
[train:safeobjworld_r_det:H5] epoch=3/10 step=900/1086 loss=0.4584
[train:safeobjworld_r_det:H5] epoch=3/10 step=925/1086 loss=0.4479
[train:safeobjworld_r_det:H5] epoch=3/10 step=950/1086 loss=0.4395
[train:safeobjworld_r_det:H5] epoch=3/10 step=975/1086 loss=0.4540
[train:safeobjworld_r_det:H5] epoch=3/10 step=1000/1086 loss=0.4136
[train:safeobjworld_r_det:H5] epoch=3/10 step=1025/1086 loss=0.4143
[train:safeobjworld_r_det:H5] epoch=3/10 step=1050/1086 loss=0.4147
[train:safeobjworld_r_det:H5] epoch=3/10 step=1075/1086 loss=0.4630
[epoch] method=safeobjworld_r_det epoch=3 train=0.4452 val=0.3786 best=0.3682
[train:safeobjworld_r_det:H5] epoch=4/10 step=0/1086 loss=0.5177
[train:safeobjworld_r_det:H5] epoch=4/10 step=25/1086 loss=0.4047
[train:safeobjworld_r_det:H5] epoch=4/10 step=50/1086 loss=0.4518
[train:safeobjworld_r_det:H5] epoch=4/10 step=75/1086 loss=0.4167
[train:safeobjworld_r_det:H5] epoch=4/10 step=100/1086 loss=0.4284
[train:safeobjworld_r_det:H5] epoch=4/10 step=125/1086 loss=0.4523
[train:safeobjworld_r_det:H5] epoch=4/10 step=150/1086 loss=0.4560
[train:safeobjworld_r_det:H5] epoch=4/10 step=175/1086 loss=0.4476
[train:safeobjworld_r_det:H5] epoch=4/10 step=200/1086 loss=0.4166
[train:safeobjworld_r_det:H5] epoch=4/10 step=225/1086 loss=0.4407
[train:safeobjworld_r_det:H5] epoch=4/10 step=250/1086 loss=0.4451
[train:safeobjworld_r_det:H5] epoch=4/10 step=275/1086 loss=0.4518
[train:safeobjworld_r_det:H5] epoch=4/10 step=300/1086 loss=0.4572
[train:safeobjworld_r_det:H5] epoch=4/10 step=325/1086 loss=0.4483
[train:safeobjworld_r_det:H5] epoch=4/10 step=350/1086 loss=0.4679
[train:safeobjworld_r_det:H5] epoch=4/10 step=375/1086 loss=0.4406
[train:safeobjworld_r_det:H5] epoch=4/10 step=400/1086 loss=0.4074
[train:safeobjworld_r_det:H5] epoch=4/10 step=425/1086 loss=0.4498
[train:safeobjworld_r_det:H5] epoch=4/10 step=450/1086 loss=0.4050
[train:safeobjworld_r_det:H5] epoch=4/10 step=475/1086 loss=0.4316
[train:safeobjworld_r_det:H5] epoch=4/10 step=500/1086 loss=0.4050
[train:safeobjworld_r_det:H5] epoch=4/10 step=525/1086 loss=0.4124
[train:safeobjworld_r_det:H5] epoch=4/10 step=550/1086 loss=0.4255
[train:safeobjworld_r_det:H5] epoch=4/10 step=575/1086 loss=0.4256
[train:safeobjworld_r_det:H5] epoch=4/10 step=600/1086 loss=0.4398
[train:safeobjworld_r_det:H5] epoch=4/10 step=625/1086 loss=0.4136
[train:safeobjworld_r_det:H5] epoch=4/10 step=650/1086 loss=0.4826
[train:safeobjworld_r_det:H5] epoch=4/10 step=675/1086 loss=0.4469
[train:safeobjworld_r_det:H5] epoch=4/10 step=700/1086 loss=0.4005
[train:safeobjworld_r_det:H5] epoch=4/10 step=725/1086 loss=0.4235
[train:safeobjworld_r_det:H5] epoch=4/10 step=750/1086 loss=0.4133
[train:safeobjworld_r_det:H5] epoch=4/10 step=775/1086 loss=0.4124
[train:safeobjworld_r_det:H5] epoch=4/10 step=800/1086 loss=0.4319
[train:safeobjworld_r_det:H5] epoch=4/10 step=825/1086 loss=0.4548
[train:safeobjworld_r_det:H5] epoch=4/10 step=850/1086 loss=0.4271
[train:safeobjworld_r_det:H5] epoch=4/10 step=875/1086 loss=0.4434
[train:safeobjworld_r_det:H5] epoch=4/10 step=900/1086 loss=0.3975
[train:safeobjworld_r_det:H5] epoch=4/10 step=925/1086 loss=0.4457
[train:safeobjworld_r_det:H5] epoch=4/10 step=950/1086 loss=0.4499
[train:safeobjworld_r_det:H5] epoch=4/10 step=975/1086 loss=0.4365
[train:safeobjworld_r_det:H5] epoch=4/10 step=1000/1086 loss=0.3883
[train:safeobjworld_r_det:H5] epoch=4/10 step=1025/1086 loss=0.4323
[train:safeobjworld_r_det:H5] epoch=4/10 step=1050/1086 loss=0.3940
[train:safeobjworld_r_det:H5] epoch=4/10 step=1075/1086 loss=0.4247
[epoch] method=safeobjworld_r_det epoch=4 train=0.4334 val=0.3578 best=0.3578
[train:safeobjworld_r_det:H5] epoch=5/10 step=0/1086 loss=0.2810
[train:safeobjworld_r_det:H5] epoch=5/10 step=25/1086 loss=0.4099
[train:safeobjworld_r_det:H5] epoch=5/10 step=50/1086 loss=0.4399
[train:safeobjworld_r_det:H5] epoch=5/10 step=75/1086 loss=0.3903
[train:safeobjworld_r_det:H5] epoch=5/10 step=100/1086 loss=0.4520
[train:safeobjworld_r_det:H5] epoch=5/10 step=125/1086 loss=0.4473
[train:safeobjworld_r_det:H5] epoch=5/10 step=150/1086 loss=0.4336
[train:safeobjworld_r_det:H5] epoch=5/10 step=175/1086 loss=0.4219
[train:safeobjworld_r_det:H5] epoch=5/10 step=200/1086 loss=0.4541
[train:safeobjworld_r_det:H5] epoch=5/10 step=225/1086 loss=0.4107
[train:safeobjworld_r_det:H5] epoch=5/10 step=250/1086 loss=0.4217
[train:safeobjworld_r_det:H5] epoch=5/10 step=275/1086 loss=0.4321
[train:safeobjworld_r_det:H5] epoch=5/10 step=300/1086 loss=0.4438
[train:safeobjworld_r_det:H5] epoch=5/10 step=325/1086 loss=0.4224
[train:safeobjworld_r_det:H5] epoch=5/10 step=350/1086 loss=0.4568
[train:safeobjworld_r_det:H5] epoch=5/10 step=375/1086 loss=0.4319
[train:safeobjworld_r_det:H5] epoch=5/10 step=400/1086 loss=0.4427
[train:safeobjworld_r_det:H5] epoch=5/10 step=425/1086 loss=0.4088
[train:safeobjworld_r_det:H5] epoch=5/10 step=450/1086 loss=0.4217
[train:safeobjworld_r_det:H5] epoch=5/10 step=475/1086 loss=0.4490
[train:safeobjworld_r_det:H5] epoch=5/10 step=500/1086 loss=0.4020
[train:safeobjworld_r_det:H5] epoch=5/10 step=525/1086 loss=0.4048
[train:safeobjworld_r_det:H5] epoch=5/10 step=550/1086 loss=0.4378
[train:safeobjworld_r_det:H5] epoch=5/10 step=575/1086 loss=0.4320
[train:safeobjworld_r_det:H5] epoch=5/10 step=600/1086 loss=0.4414
[train:safeobjworld_r_det:H5] epoch=5/10 step=625/1086 loss=0.4184
[train:safeobjworld_r_det:H5] epoch=5/10 step=650/1086 loss=0.4263
[train:safeobjworld_r_det:H5] epoch=5/10 step=675/1086 loss=0.4727
[train:safeobjworld_r_det:H5] epoch=5/10 step=700/1086 loss=0.4068
[train:safeobjworld_r_det:H5] epoch=5/10 step=725/1086 loss=0.3890
[train:safeobjworld_r_det:H5] epoch=5/10 step=750/1086 loss=0.4527
[train:safeobjworld_r_det:H5] epoch=5/10 step=775/1086 loss=0.4357
[train:safeobjworld_r_det:H5] epoch=5/10 step=800/1086 loss=0.4296
[train:safeobjworld_r_det:H5] epoch=5/10 step=825/1086 loss=0.4045
[train:safeobjworld_r_det:H5] epoch=5/10 step=850/1086 loss=0.3846
[train:safeobjworld_r_det:H5] epoch=5/10 step=875/1086 loss=0.4000
[train:safeobjworld_r_det:H5] epoch=5/10 step=900/1086 loss=0.4252
[train:safeobjworld_r_det:H5] epoch=5/10 step=925/1086 loss=0.4378
[train:safeobjworld_r_det:H5] epoch=5/10 step=950/1086 loss=0.3967
[train:safeobjworld_r_det:H5] epoch=5/10 step=975/1086 loss=0.4047
[train:safeobjworld_r_det:H5] epoch=5/10 step=1000/1086 loss=0.4301
[train:safeobjworld_r_det:H5] epoch=5/10 step=1025/1086 loss=0.4332
[train:safeobjworld_r_det:H5] epoch=5/10 step=1050/1086 loss=0.4173
[train:safeobjworld_r_det:H5] epoch=5/10 step=1075/1086 loss=0.4097
[epoch] method=safeobjworld_r_det epoch=5 train=0.4250 val=0.4198 best=0.3578
[train:safeobjworld_r_det:H5] epoch=6/10 step=0/1086 loss=0.3968
[train:safeobjworld_r_det:H5] epoch=6/10 step=25/1086 loss=0.4551
[train:safeobjworld_r_det:H5] epoch=6/10 step=50/1086 loss=0.4261
[train:safeobjworld_r_det:H5] epoch=6/10 step=75/1086 loss=0.4038
[train:safeobjworld_r_det:H5] epoch=6/10 step=100/1086 loss=0.4160
[train:safeobjworld_r_det:H5] epoch=6/10 step=125/1086 loss=0.4334
[train:safeobjworld_r_det:H5] epoch=6/10 step=150/1086 loss=0.4411
[train:safeobjworld_r_det:H5] epoch=6/10 step=175/1086 loss=0.4240
[train:safeobjworld_r_det:H5] epoch=6/10 step=200/1086 loss=0.4178
[train:safeobjworld_r_det:H5] epoch=6/10 step=225/1086 loss=0.4226
[train:safeobjworld_r_det:H5] epoch=6/10 step=250/1086 loss=0.4544
[train:safeobjworld_r_det:H5] epoch=6/10 step=275/1086 loss=0.4283
[train:safeobjworld_r_det:H5] epoch=6/10 step=300/1086 loss=0.4041
[train:safeobjworld_r_det:H5] epoch=6/10 step=325/1086 loss=0.3902
[train:safeobjworld_r_det:H5] epoch=6/10 step=350/1086 loss=0.3797
[train:safeobjworld_r_det:H5] epoch=6/10 step=375/1086 loss=0.4294
[train:safeobjworld_r_det:H5] epoch=6/10 step=400/1086 loss=0.3999
[train:safeobjworld_r_det:H5] epoch=6/10 step=425/1086 loss=0.4060
[train:safeobjworld_r_det:H5] epoch=6/10 step=450/1086 loss=0.3919
[train:safeobjworld_r_det:H5] epoch=6/10 step=475/1086 loss=0.4523
[train:safeobjworld_r_det:H5] epoch=6/10 step=500/1086 loss=0.4088
[train:safeobjworld_r_det:H5] epoch=6/10 step=525/1086 loss=0.4470
[train:safeobjworld_r_det:H5] epoch=6/10 step=550/1086 loss=0.3975
[train:safeobjworld_r_det:H5] epoch=6/10 step=575/1086 loss=0.3902
[train:safeobjworld_r_det:H5] epoch=6/10 step=600/1086 loss=0.4119
[train:safeobjworld_r_det:H5] epoch=6/10 step=625/1086 loss=0.4209
[train:safeobjworld_r_det:H5] epoch=6/10 step=650/1086 loss=0.4178
[train:safeobjworld_r_det:H5] epoch=6/10 step=675/1086 loss=0.4330
[train:safeobjworld_r_det:H5] epoch=6/10 step=700/1086 loss=0.4083
[train:safeobjworld_r_det:H5] epoch=6/10 step=725/1086 loss=0.4106
[train:safeobjworld_r_det:H5] epoch=6/10 step=750/1086 loss=0.4200
[train:safeobjworld_r_det:H5] epoch=6/10 step=775/1086 loss=0.4717
[train:safeobjworld_r_det:H5] epoch=6/10 step=800/1086 loss=0.4708
[train:safeobjworld_r_det:H5] epoch=6/10 step=825/1086 loss=0.4163
[train:safeobjworld_r_det:H5] epoch=6/10 step=850/1086 loss=0.4362
[train:safeobjworld_r_det:H5] epoch=6/10 step=875/1086 loss=0.4082
[train:safeobjworld_r_det:H5] epoch=6/10 step=900/1086 loss=0.3983
[train:safeobjworld_r_det:H5] epoch=6/10 step=925/1086 loss=0.4416
[train:safeobjworld_r_det:H5] epoch=6/10 step=950/1086 loss=0.4245
[train:safeobjworld_r_det:H5] epoch=6/10 step=975/1086 loss=0.4235
[train:safeobjworld_r_det:H5] epoch=6/10 step=1000/1086 loss=0.4368
[train:safeobjworld_r_det:H5] epoch=6/10 step=1025/1086 loss=0.4157
[train:safeobjworld_r_det:H5] epoch=6/10 step=1050/1086 loss=0.4211
[train:safeobjworld_r_det:H5] epoch=6/10 step=1075/1086 loss=0.3914
[epoch] method=safeobjworld_r_det epoch=6 train=0.4187 val=0.3587 best=0.3578
[train:safeobjworld_r_det:H5] epoch=7/10 step=0/1086 loss=0.3989
[train:safeobjworld_r_det:H5] epoch=7/10 step=25/1086 loss=0.4476
[train:safeobjworld_r_det:H5] epoch=7/10 step=50/1086 loss=0.4459
[train:safeobjworld_r_det:H5] epoch=7/10 step=75/1086 loss=0.4244
[train:safeobjworld_r_det:H5] epoch=7/10 step=100/1086 loss=0.4104
[train:safeobjworld_r_det:H5] epoch=7/10 step=125/1086 loss=0.4281
[train:safeobjworld_r_det:H5] epoch=7/10 step=150/1086 loss=0.4059
[train:safeobjworld_r_det:H5] epoch=7/10 step=175/1086 loss=0.4389
[train:safeobjworld_r_det:H5] epoch=7/10 step=200/1086 loss=0.4087
[train:safeobjworld_r_det:H5] epoch=7/10 step=225/1086 loss=0.4100
[train:safeobjworld_r_det:H5] epoch=7/10 step=250/1086 loss=0.4230
[train:safeobjworld_r_det:H5] epoch=7/10 step=275/1086 loss=0.3840
[train:safeobjworld_r_det:H5] epoch=7/10 step=300/1086 loss=0.3726
[train:safeobjworld_r_det:H5] epoch=7/10 step=325/1086 loss=0.3943
[train:safeobjworld_r_det:H5] epoch=7/10 step=350/1086 loss=0.3852
[train:safeobjworld_r_det:H5] epoch=7/10 step=375/1086 loss=0.4216
[train:safeobjworld_r_det:H5] epoch=7/10 step=400/1086 loss=0.4094
[train:safeobjworld_r_det:H5] epoch=7/10 step=425/1086 loss=0.3952
[train:safeobjworld_r_det:H5] epoch=7/10 step=450/1086 loss=0.3904
[train:safeobjworld_r_det:H5] epoch=7/10 step=475/1086 loss=0.3986
[train:safeobjworld_r_det:H5] epoch=7/10 step=500/1086 loss=0.3755
[train:safeobjworld_r_det:H5] epoch=7/10 step=525/1086 loss=0.4354
[train:safeobjworld_r_det:H5] epoch=7/10 step=550/1086 loss=0.3966
[train:safeobjworld_r_det:H5] epoch=7/10 step=575/1086 loss=0.3662
[train:safeobjworld_r_det:H5] epoch=7/10 step=600/1086 loss=0.4173
[train:safeobjworld_r_det:H5] epoch=7/10 step=625/1086 loss=0.4438
[train:safeobjworld_r_det:H5] epoch=7/10 step=650/1086 loss=0.4217
[train:safeobjworld_r_det:H5] epoch=7/10 step=675/1086 loss=0.4292
[train:safeobjworld_r_det:H5] epoch=7/10 step=700/1086 loss=0.4168
[train:safeobjworld_r_det:H5] epoch=7/10 step=725/1086 loss=0.4294
[train:safeobjworld_r_det:H5] epoch=7/10 step=750/1086 loss=0.4031
[train:safeobjworld_r_det:H5] epoch=7/10 step=775/1086 loss=0.4103
[train:safeobjworld_r_det:H5] epoch=7/10 step=800/1086 loss=0.4111
[train:safeobjworld_r_det:H5] epoch=7/10 step=825/1086 loss=0.4191
[train:safeobjworld_r_det:H5] epoch=7/10 step=850/1086 loss=0.3963
[train:safeobjworld_r_det:H5] epoch=7/10 step=875/1086 loss=0.3805
[train:safeobjworld_r_det:H5] epoch=7/10 step=900/1086 loss=0.4405
[train:safeobjworld_r_det:H5] epoch=7/10 step=925/1086 loss=0.4356
[train:safeobjworld_r_det:H5] epoch=7/10 step=950/1086 loss=0.4153
[train:safeobjworld_r_det:H5] epoch=7/10 step=975/1086 loss=0.3929
[train:safeobjworld_r_det:H5] epoch=7/10 step=1000/1086 loss=0.4216
[train:safeobjworld_r_det:H5] epoch=7/10 step=1025/1086 loss=0.3927
[train:safeobjworld_r_det:H5] epoch=7/10 step=1050/1086 loss=0.4214
[train:safeobjworld_r_det:H5] epoch=7/10 step=1075/1086 loss=0.4252
[epoch] method=safeobjworld_r_det epoch=7 train=0.4129 val=0.3496 best=0.3496
[train:safeobjworld_r_det:H5] epoch=8/10 step=0/1086 loss=0.4399
[train:safeobjworld_r_det:H5] epoch=8/10 step=25/1086 loss=0.3921
[train:safeobjworld_r_det:H5] epoch=8/10 step=50/1086 loss=0.4026
[train:safeobjworld_r_det:H5] epoch=8/10 step=75/1086 loss=0.3812
[train:safeobjworld_r_det:H5] epoch=8/10 step=100/1086 loss=0.4071
[train:safeobjworld_r_det:H5] epoch=8/10 step=125/1086 loss=0.4217
[train:safeobjworld_r_det:H5] epoch=8/10 step=150/1086 loss=0.3883
[train:safeobjworld_r_det:H5] epoch=8/10 step=175/1086 loss=0.3766
[train:safeobjworld_r_det:H5] epoch=8/10 step=200/1086 loss=0.4000
[train:safeobjworld_r_det:H5] epoch=8/10 step=225/1086 loss=0.4350
[train:safeobjworld_r_det:H5] epoch=8/10 step=250/1086 loss=0.3793
[train:safeobjworld_r_det:H5] epoch=8/10 step=275/1086 loss=0.3808
[train:safeobjworld_r_det:H5] epoch=8/10 step=300/1086 loss=0.4118
[train:safeobjworld_r_det:H5] epoch=8/10 step=325/1086 loss=0.4313
[train:safeobjworld_r_det:H5] epoch=8/10 step=350/1086 loss=0.3732
[train:safeobjworld_r_det:H5] epoch=8/10 step=375/1086 loss=0.3893
[train:safeobjworld_r_det:H5] epoch=8/10 step=400/1086 loss=0.3924
[train:safeobjworld_r_det:H5] epoch=8/10 step=425/1086 loss=0.4326
[train:safeobjworld_r_det:H5] epoch=8/10 step=450/1086 loss=0.4145
[train:safeobjworld_r_det:H5] epoch=8/10 step=475/1086 loss=0.4687
[train:safeobjworld_r_det:H5] epoch=8/10 step=500/1086 loss=0.4035
[train:safeobjworld_r_det:H5] epoch=8/10 step=525/1086 loss=0.3731
[train:safeobjworld_r_det:H5] epoch=8/10 step=550/1086 loss=0.4068
[train:safeobjworld_r_det:H5] epoch=8/10 step=575/1086 loss=0.4320
[train:safeobjworld_r_det:H5] epoch=8/10 step=600/1086 loss=0.4237
[train:safeobjworld_r_det:H5] epoch=8/10 step=625/1086 loss=0.4039
[train:safeobjworld_r_det:H5] epoch=8/10 step=650/1086 loss=0.4149
[train:safeobjworld_r_det:H5] epoch=8/10 step=675/1086 loss=0.4186
[train:safeobjworld_r_det:H5] epoch=8/10 step=700/1086 loss=0.4139
[train:safeobjworld_r_det:H5] epoch=8/10 step=725/1086 loss=0.3978
[train:safeobjworld_r_det:H5] epoch=8/10 step=750/1086 loss=0.4023
[train:safeobjworld_r_det:H5] epoch=8/10 step=775/1086 loss=0.4231
[train:safeobjworld_r_det:H5] epoch=8/10 step=800/1086 loss=0.4221
[train:safeobjworld_r_det:H5] epoch=8/10 step=825/1086 loss=0.4367
[train:safeobjworld_r_det:H5] epoch=8/10 step=850/1086 loss=0.4195
[train:safeobjworld_r_det:H5] epoch=8/10 step=875/1086 loss=0.4047
[train:safeobjworld_r_det:H5] epoch=8/10 step=900/1086 loss=0.4104
[train:safeobjworld_r_det:H5] epoch=8/10 step=925/1086 loss=0.3997
[train:safeobjworld_r_det:H5] epoch=8/10 step=950/1086 loss=0.4220
[train:safeobjworld_r_det:H5] epoch=8/10 step=975/1086 loss=0.4075
[train:safeobjworld_r_det:H5] epoch=8/10 step=1000/1086 loss=0.3952
[train:safeobjworld_r_det:H5] epoch=8/10 step=1025/1086 loss=0.4360
[train:safeobjworld_r_det:H5] epoch=8/10 step=1050/1086 loss=0.3853
[train:safeobjworld_r_det:H5] epoch=8/10 step=1075/1086 loss=0.4145
[epoch] method=safeobjworld_r_det epoch=8 train=0.4071 val=0.3573 best=0.3496
[train:safeobjworld_r_det:H5] epoch=9/10 step=0/1086 loss=0.3835
[train:safeobjworld_r_det:H5] epoch=9/10 step=25/1086 loss=0.4177
[train:safeobjworld_r_det:H5] epoch=9/10 step=50/1086 loss=0.3888
[train:safeobjworld_r_det:H5] epoch=9/10 step=75/1086 loss=0.4141
[train:safeobjworld_r_det:H5] epoch=9/10 step=100/1086 loss=0.4049
[train:safeobjworld_r_det:H5] epoch=9/10 step=125/1086 loss=0.4084
[train:safeobjworld_r_det:H5] epoch=9/10 step=150/1086 loss=0.4242
[train:safeobjworld_r_det:H5] epoch=9/10 step=175/1086 loss=0.3895
[train:safeobjworld_r_det:H5] epoch=9/10 step=200/1086 loss=0.3967
[train:safeobjworld_r_det:H5] epoch=9/10 step=225/1086 loss=0.4069
[train:safeobjworld_r_det:H5] epoch=9/10 step=250/1086 loss=0.3986
[train:safeobjworld_r_det:H5] epoch=9/10 step=275/1086 loss=0.4230
[train:safeobjworld_r_det:H5] epoch=9/10 step=300/1086 loss=0.3924
[train:safeobjworld_r_det:H5] epoch=9/10 step=325/1086 loss=0.3737
[train:safeobjworld_r_det:H5] epoch=9/10 step=350/1086 loss=0.4112
[train:safeobjworld_r_det:H5] epoch=9/10 step=375/1086 loss=0.4366
[train:safeobjworld_r_det:H5] epoch=9/10 step=400/1086 loss=0.3985
[train:safeobjworld_r_det:H5] epoch=9/10 step=425/1086 loss=0.4139
[train:safeobjworld_r_det:H5] epoch=9/10 step=450/1086 loss=0.4232
[train:safeobjworld_r_det:H5] epoch=9/10 step=475/1086 loss=0.3934
[train:safeobjworld_r_det:H5] epoch=9/10 step=500/1086 loss=0.4138
[train:safeobjworld_r_det:H5] epoch=9/10 step=525/1086 loss=0.4368
[train:safeobjworld_r_det:H5] epoch=9/10 step=550/1086 loss=0.4148
[train:safeobjworld_r_det:H5] epoch=9/10 step=575/1086 loss=0.4271
[train:safeobjworld_r_det:H5] epoch=9/10 step=600/1086 loss=0.3735
[train:safeobjworld_r_det:H5] epoch=9/10 step=625/1086 loss=0.3974
[train:safeobjworld_r_det:H5] epoch=9/10 step=650/1086 loss=0.3858
[train:safeobjworld_r_det:H5] epoch=9/10 step=675/1086 loss=0.4220
[train:safeobjworld_r_det:H5] epoch=9/10 step=700/1086 loss=0.3922
[train:safeobjworld_r_det:H5] epoch=9/10 step=725/1086 loss=0.4007
[train:safeobjworld_r_det:H5] epoch=9/10 step=750/1086 loss=0.4219
[train:safeobjworld_r_det:H5] epoch=9/10 step=775/1086 loss=0.3922
[train:safeobjworld_r_det:H5] epoch=9/10 step=800/1086 loss=0.3993
[train:safeobjworld_r_det:H5] epoch=9/10 step=825/1086 loss=0.4149
[train:safeobjworld_r_det:H5] epoch=9/10 step=850/1086 loss=0.4115
[train:safeobjworld_r_det:H5] epoch=9/10 step=875/1086 loss=0.4078
[train:safeobjworld_r_det:H5] epoch=9/10 step=900/1086 loss=0.4675
[train:safeobjworld_r_det:H5] epoch=9/10 step=925/1086 loss=0.3562
[train:safeobjworld_r_det:H5] epoch=9/10 step=950/1086 loss=0.4205
[train:safeobjworld_r_det:H5] epoch=9/10 step=975/1086 loss=0.3746
[train:safeobjworld_r_det:H5] epoch=9/10 step=1000/1086 loss=0.4381
[train:safeobjworld_r_det:H5] epoch=9/10 step=1025/1086 loss=0.4085
[train:safeobjworld_r_det:H5] epoch=9/10 step=1050/1086 loss=0.4076
[train:safeobjworld_r_det:H5] epoch=9/10 step=1075/1086 loss=0.3784
[epoch] method=safeobjworld_r_det epoch=9 train=0.4026 val=0.3508 best=0.3496
[train:safeobjworld_r_det:H5] epoch=10/10 step=0/1086 loss=0.3677
[train:safeobjworld_r_det:H5] epoch=10/10 step=25/1086 loss=0.3950
[train:safeobjworld_r_det:H5] epoch=10/10 step=50/1086 loss=0.3818
[train:safeobjworld_r_det:H5] epoch=10/10 step=75/1086 loss=0.3723
[train:safeobjworld_r_det:H5] epoch=10/10 step=100/1086 loss=0.3644
[train:safeobjworld_r_det:H5] epoch=10/10 step=125/1086 loss=0.3672
[train:safeobjworld_r_det:H5] epoch=10/10 step=150/1086 loss=0.4111
[train:safeobjworld_r_det:H5] epoch=10/10 step=175/1086 loss=0.4056
[train:safeobjworld_r_det:H5] epoch=10/10 step=200/1086 loss=0.4021
[train:safeobjworld_r_det:H5] epoch=10/10 step=225/1086 loss=0.4022
[train:safeobjworld_r_det:H5] epoch=10/10 step=250/1086 loss=0.4306
[train:safeobjworld_r_det:H5] epoch=10/10 step=275/1086 loss=0.3895
[train:safeobjworld_r_det:H5] epoch=10/10 step=300/1086 loss=0.4271
[train:safeobjworld_r_det:H5] epoch=10/10 step=325/1086 loss=0.3993
[train:safeobjworld_r_det:H5] epoch=10/10 step=350/1086 loss=0.4017
[train:safeobjworld_r_det:H5] epoch=10/10 step=375/1086 loss=0.3926
[train:safeobjworld_r_det:H5] epoch=10/10 step=400/1086 loss=0.4127
[train:safeobjworld_r_det:H5] epoch=10/10 step=425/1086 loss=0.4345
[train:safeobjworld_r_det:H5] epoch=10/10 step=450/1086 loss=0.3816
[train:safeobjworld_r_det:H5] epoch=10/10 step=475/1086 loss=0.3862
[train:safeobjworld_r_det:H5] epoch=10/10 step=500/1086 loss=0.4010
[train:safeobjworld_r_det:H5] epoch=10/10 step=525/1086 loss=0.4050
[train:safeobjworld_r_det:H5] epoch=10/10 step=550/1086 loss=0.3644
[train:safeobjworld_r_det:H5] epoch=10/10 step=575/1086 loss=0.4280
[train:safeobjworld_r_det:H5] epoch=10/10 step=600/1086 loss=0.3927
[train:safeobjworld_r_det:H5] epoch=10/10 step=625/1086 loss=0.3817
[train:safeobjworld_r_det:H5] epoch=10/10 step=650/1086 loss=0.4018
[train:safeobjworld_r_det:H5] epoch=10/10 step=675/1086 loss=0.4114
[train:safeobjworld_r_det:H5] epoch=10/10 step=700/1086 loss=0.4419
[train:safeobjworld_r_det:H5] epoch=10/10 step=725/1086 loss=0.4188
[train:safeobjworld_r_det:H5] epoch=10/10 step=750/1086 loss=0.3888
[train:safeobjworld_r_det:H5] epoch=10/10 step=775/1086 loss=0.3877
[train:safeobjworld_r_det:H5] epoch=10/10 step=800/1086 loss=0.4073
[train:safeobjworld_r_det:H5] epoch=10/10 step=825/1086 loss=0.3784
[train:safeobjworld_r_det:H5] epoch=10/10 step=850/1086 loss=0.3610
[train:safeobjworld_r_det:H5] epoch=10/10 step=875/1086 loss=0.3925
[train:safeobjworld_r_det:H5] epoch=10/10 step=900/1086 loss=0.4178
[train:safeobjworld_r_det:H5] epoch=10/10 step=925/1086 loss=0.4153
[train:safeobjworld_r_det:H5] epoch=10/10 step=950/1086 loss=0.4077
[train:safeobjworld_r_det:H5] epoch=10/10 step=975/1086 loss=0.3964
[train:safeobjworld_r_det:H5] epoch=10/10 step=1000/1086 loss=0.3978
[train:safeobjworld_r_det:H5] epoch=10/10 step=1025/1086 loss=0.4088
[train:safeobjworld_r_det:H5] epoch=10/10 step=1050/1086 loss=0.3915
[train:safeobjworld_r_det:H5] epoch=10/10 step=1075/1086 loss=0.4272
[epoch] method=safeobjworld_r_det epoch=10 train=0.3980 val=0.3528 best=0.3496
[done train] /home/tahiti/SafeObjWorld/runs_v2_full/models/safeobjworld_r_det/H5/best.pt
