====================================================================================================
SafeObjWorld V2 runner
{
  "mode": "train",
  "dataset_root": "/home/tahiti/SafeObjWorld/data/DAVIS2017",
  "run_root": "/home/tahiti/SafeObjWorld/runs_v2_full",
  "year": "2017",
  "method": "safeobjworld_r_no_stress",
  "stress": "clean",
  "prefix_len": 3,
  "max_h": 5,
  "image_size": 192,
  "batch_size": 8,
  "epochs": 10,
  "lr": 0.0002,
  "weight_decay": 0.0001,
  "max_train_samples": 0,
  "max_val_samples": 0,
  "num_workers": 4,
  "seed": 42,
  "eval_k_override": 0,
  "amp": true,
  "cpu": false,
  "skip_existing": true,
  "log_every": 25
}
====================================================================================================
[train] method=safeobjworld_r_no_stress device=cuda cfg={'stress_train': False, 'temporal_weight': 0.05, 'split_weight': 0.005, 'area_weight': 0.1, 'mc_eval': True, 'eval_k': 5}
[train:safeobjworld_r_no_stress:H5] epoch=1/10 step=0/1086 loss=1.6628
[train:safeobjworld_r_no_stress:H5] epoch=1/10 step=25/1086 loss=1.4953
[train:safeobjworld_r_no_stress:H5] epoch=1/10 step=50/1086 loss=0.8991
[train:safeobjworld_r_no_stress:H5] epoch=1/10 step=75/1086 loss=0.7216
[train:safeobjworld_r_no_stress:H5] epoch=1/10 step=100/1086 loss=0.6227
[train:safeobjworld_r_no_stress:H5] epoch=1/10 step=125/1086 loss=0.6022
[train:safeobjworld_r_no_stress:H5] epoch=1/10 step=150/1086 loss=0.6067
[train:safeobjworld_r_no_stress:H5] epoch=1/10 step=175/1086 loss=0.5710
[train:safeobjworld_r_no_stress:H5] epoch=1/10 step=200/1086 loss=0.5515
[train:safeobjworld_r_no_stress:H5] epoch=1/10 step=225/1086 loss=0.5352
[train:safeobjworld_r_no_stress:H5] epoch=1/10 step=250/1086 loss=0.5638
[train:safeobjworld_r_no_stress:H5] epoch=1/10 step=275/1086 loss=0.5879
[train:safeobjworld_r_no_stress:H5] epoch=1/10 step=300/1086 loss=0.4904
[train:safeobjworld_r_no_stress:H5] epoch=1/10 step=325/1086 loss=0.5386
[train:safeobjworld_r_no_stress:H5] epoch=1/10 step=350/1086 loss=0.5461
[train:safeobjworld_r_no_stress:H5] epoch=1/10 step=375/1086 loss=0.5562
[train:safeobjworld_r_no_stress:H5] epoch=1/10 step=400/1086 loss=0.5650
[train:safeobjworld_r_no_stress:H5] epoch=1/10 step=425/1086 loss=0.4634
[train:safeobjworld_r_no_stress:H5] epoch=1/10 step=450/1086 loss=0.5249
[train:safeobjworld_r_no_stress:H5] epoch=1/10 step=475/1086 loss=0.5448
[train:safeobjworld_r_no_stress:H5] epoch=1/10 step=500/1086 loss=0.5137
[train:safeobjworld_r_no_stress:H5] epoch=1/10 step=525/1086 loss=0.5009
[train:safeobjworld_r_no_stress:H5] epoch=1/10 step=550/1086 loss=0.5180
[train:safeobjworld_r_no_stress:H5] epoch=1/10 step=575/1086 loss=0.5026
[train:safeobjworld_r_no_stress:H5] epoch=1/10 step=600/1086 loss=0.5030
[train:safeobjworld_r_no_stress:H5] epoch=1/10 step=625/1086 loss=0.4878
[train:safeobjworld_r_no_stress:H5] epoch=1/10 step=650/1086 loss=0.5077
[train:safeobjworld_r_no_stress:H5] epoch=1/10 step=675/1086 loss=0.4866
[train:safeobjworld_r_no_stress:H5] epoch=1/10 step=700/1086 loss=0.4837
[train:safeobjworld_r_no_stress:H5] epoch=1/10 step=725/1086 loss=0.4844
[train:safeobjworld_r_no_stress:H5] epoch=1/10 step=750/1086 loss=0.5051
[train:safeobjworld_r_no_stress:H5] epoch=1/10 step=775/1086 loss=0.5184
[train:safeobjworld_r_no_stress:H5] epoch=1/10 step=800/1086 loss=0.4689
[train:safeobjworld_r_no_stress:H5] epoch=1/10 step=825/1086 loss=0.4407
[train:safeobjworld_r_no_stress:H5] epoch=1/10 step=850/1086 loss=0.5137
[train:safeobjworld_r_no_stress:H5] epoch=1/10 step=875/1086 loss=0.4936
[train:safeobjworld_r_no_stress:H5] epoch=1/10 step=900/1086 loss=0.4360
[train:safeobjworld_r_no_stress:H5] epoch=1/10 step=925/1086 loss=0.4611
[train:safeobjworld_r_no_stress:H5] epoch=1/10 step=950/1086 loss=0.5039
[train:safeobjworld_r_no_stress:H5] epoch=1/10 step=975/1086 loss=0.4398
[train:safeobjworld_r_no_stress:H5] epoch=1/10 step=1000/1086 loss=0.4311
[train:safeobjworld_r_no_stress:H5] epoch=1/10 step=1025/1086 loss=0.4875
[train:safeobjworld_r_no_stress:H5] epoch=1/10 step=1050/1086 loss=0.4697
[train:safeobjworld_r_no_stress:H5] epoch=1/10 step=1075/1086 loss=0.4651
[epoch] method=safeobjworld_r_no_stress epoch=1 train=0.5500 val=0.3784 best=0.3784
[train:safeobjworld_r_no_stress:H5] epoch=2/10 step=0/1086 loss=0.2553
[train:safeobjworld_r_no_stress:H5] epoch=2/10 step=25/1086 loss=0.4668
[train:safeobjworld_r_no_stress:H5] epoch=2/10 step=50/1086 loss=0.4212
[train:safeobjworld_r_no_stress:H5] epoch=2/10 step=75/1086 loss=0.4360
[train:safeobjworld_r_no_stress:H5] epoch=2/10 step=100/1086 loss=0.4923
[train:safeobjworld_r_no_stress:H5] epoch=2/10 step=125/1086 loss=0.4590
[train:safeobjworld_r_no_stress:H5] epoch=2/10 step=150/1086 loss=0.4527
[train:safeobjworld_r_no_stress:H5] epoch=2/10 step=175/1086 loss=0.4587
[train:safeobjworld_r_no_stress:H5] epoch=2/10 step=200/1086 loss=0.4731
[train:safeobjworld_r_no_stress:H5] epoch=2/10 step=225/1086 loss=0.4291
[train:safeobjworld_r_no_stress:H5] epoch=2/10 step=250/1086 loss=0.4748
[train:safeobjworld_r_no_stress:H5] epoch=2/10 step=275/1086 loss=0.4622
[train:safeobjworld_r_no_stress:H5] epoch=2/10 step=300/1086 loss=0.4267
[train:safeobjworld_r_no_stress:H5] epoch=2/10 step=325/1086 loss=0.4734
[train:safeobjworld_r_no_stress:H5] epoch=2/10 step=350/1086 loss=0.4703
[train:safeobjworld_r_no_stress:H5] epoch=2/10 step=375/1086 loss=0.4565
[train:safeobjworld_r_no_stress:H5] epoch=2/10 step=400/1086 loss=0.4297
[train:safeobjworld_r_no_stress:H5] epoch=2/10 step=425/1086 loss=0.5306
[train:safeobjworld_r_no_stress:H5] epoch=2/10 step=450/1086 loss=0.4637
[train:safeobjworld_r_no_stress:H5] epoch=2/10 step=475/1086 loss=0.4963
[train:safeobjworld_r_no_stress:H5] epoch=2/10 step=500/1086 loss=0.4444
[train:safeobjworld_r_no_stress:H5] epoch=2/10 step=525/1086 loss=0.4268
[train:safeobjworld_r_no_stress:H5] epoch=2/10 step=550/1086 loss=0.4212
[train:safeobjworld_r_no_stress:H5] epoch=2/10 step=575/1086 loss=0.4413
[train:safeobjworld_r_no_stress:H5] epoch=2/10 step=600/1086 loss=0.4252
[train:safeobjworld_r_no_stress:H5] epoch=2/10 step=625/1086 loss=0.4734
[train:safeobjworld_r_no_stress:H5] epoch=2/10 step=650/1086 loss=0.4322
[train:safeobjworld_r_no_stress:H5] epoch=2/10 step=675/1086 loss=0.4783
[train:safeobjworld_r_no_stress:H5] epoch=2/10 step=700/1086 loss=0.4338
[train:safeobjworld_r_no_stress:H5] epoch=2/10 step=725/1086 loss=0.4659
[train:safeobjworld_r_no_stress:H5] epoch=2/10 step=750/1086 loss=0.4413
[train:safeobjworld_r_no_stress:H5] epoch=2/10 step=775/1086 loss=0.4581
[train:safeobjworld_r_no_stress:H5] epoch=2/10 step=800/1086 loss=0.3835
[train:safeobjworld_r_no_stress:H5] epoch=2/10 step=825/1086 loss=0.3976
[train:safeobjworld_r_no_stress:H5] epoch=2/10 step=850/1086 loss=0.4307
[train:safeobjworld_r_no_stress:H5] epoch=2/10 step=875/1086 loss=0.4578
[train:safeobjworld_r_no_stress:H5] epoch=2/10 step=900/1086 loss=0.4188
[train:safeobjworld_r_no_stress:H5] epoch=2/10 step=925/1086 loss=0.4202
[train:safeobjworld_r_no_stress:H5] epoch=2/10 step=950/1086 loss=0.4836
[train:safeobjworld_r_no_stress:H5] epoch=2/10 step=975/1086 loss=0.4154
[train:safeobjworld_r_no_stress:H5] epoch=2/10 step=1000/1086 loss=0.4214
[train:safeobjworld_r_no_stress:H5] epoch=2/10 step=1025/1086 loss=0.4547
[train:safeobjworld_r_no_stress:H5] epoch=2/10 step=1050/1086 loss=0.4420
[train:safeobjworld_r_no_stress:H5] epoch=2/10 step=1075/1086 loss=0.4709
[epoch] method=safeobjworld_r_no_stress epoch=2 train=0.4509 val=0.3627 best=0.3627
[train:safeobjworld_r_no_stress:H5] epoch=3/10 step=0/1086 loss=0.4934
[train:safeobjworld_r_no_stress:H5] epoch=3/10 step=25/1086 loss=0.4343
[train:safeobjworld_r_no_stress:H5] epoch=3/10 step=50/1086 loss=0.4385
[train:safeobjworld_r_no_stress:H5] epoch=3/10 step=75/1086 loss=0.4325
[train:safeobjworld_r_no_stress:H5] epoch=3/10 step=100/1086 loss=0.4278
[train:safeobjworld_r_no_stress:H5] epoch=3/10 step=125/1086 loss=0.5022
[train:safeobjworld_r_no_stress:H5] epoch=3/10 step=150/1086 loss=0.4051
[train:safeobjworld_r_no_stress:H5] epoch=3/10 step=175/1086 loss=0.4613
[train:safeobjworld_r_no_stress:H5] epoch=3/10 step=200/1086 loss=0.4594
[train:safeobjworld_r_no_stress:H5] epoch=3/10 step=225/1086 loss=0.4283
[train:safeobjworld_r_no_stress:H5] epoch=3/10 step=250/1086 loss=0.4784
[train:safeobjworld_r_no_stress:H5] epoch=3/10 step=275/1086 loss=0.4576
[train:safeobjworld_r_no_stress:H5] epoch=3/10 step=300/1086 loss=0.4514
[train:safeobjworld_r_no_stress:H5] epoch=3/10 step=325/1086 loss=0.4197
[train:safeobjworld_r_no_stress:H5] epoch=3/10 step=350/1086 loss=0.4269
[train:safeobjworld_r_no_stress:H5] epoch=3/10 step=375/1086 loss=0.4510
[train:safeobjworld_r_no_stress:H5] epoch=3/10 step=400/1086 loss=0.4482
[train:safeobjworld_r_no_stress:H5] epoch=3/10 step=425/1086 loss=0.4311
[train:safeobjworld_r_no_stress:H5] epoch=3/10 step=450/1086 loss=0.4379
[train:safeobjworld_r_no_stress:H5] epoch=3/10 step=475/1086 loss=0.4480
[train:safeobjworld_r_no_stress:H5] epoch=3/10 step=500/1086 loss=0.4251
[train:safeobjworld_r_no_stress:H5] epoch=3/10 step=525/1086 loss=0.4028
[train:safeobjworld_r_no_stress:H5] epoch=3/10 step=550/1086 loss=0.4246
[train:safeobjworld_r_no_stress:H5] epoch=3/10 step=575/1086 loss=0.4578
[train:safeobjworld_r_no_stress:H5] epoch=3/10 step=600/1086 loss=0.4138
[train:safeobjworld_r_no_stress:H5] epoch=3/10 step=625/1086 loss=0.4105
[train:safeobjworld_r_no_stress:H5] epoch=3/10 step=650/1086 loss=0.4028
[train:safeobjworld_r_no_stress:H5] epoch=3/10 step=675/1086 loss=0.4228
[train:safeobjworld_r_no_stress:H5] epoch=3/10 step=700/1086 loss=0.4675
[train:safeobjworld_r_no_stress:H5] epoch=3/10 step=725/1086 loss=0.4607
[train:safeobjworld_r_no_stress:H5] epoch=3/10 step=750/1086 loss=0.4035
[train:safeobjworld_r_no_stress:H5] epoch=3/10 step=775/1086 loss=0.3993
[train:safeobjworld_r_no_stress:H5] epoch=3/10 step=800/1086 loss=0.4334
[train:safeobjworld_r_no_stress:H5] epoch=3/10 step=825/1086 loss=0.4131
[train:safeobjworld_r_no_stress:H5] epoch=3/10 step=850/1086 loss=0.4535
[train:safeobjworld_r_no_stress:H5] epoch=3/10 step=875/1086 loss=0.4385
[train:safeobjworld_r_no_stress:H5] epoch=3/10 step=900/1086 loss=0.4443
[train:safeobjworld_r_no_stress:H5] epoch=3/10 step=925/1086 loss=0.4355
[train:safeobjworld_r_no_stress:H5] epoch=3/10 step=950/1086 loss=0.4303
[train:safeobjworld_r_no_stress:H5] epoch=3/10 step=975/1086 loss=0.4378
[train:safeobjworld_r_no_stress:H5] epoch=3/10 step=1000/1086 loss=0.3978
[train:safeobjworld_r_no_stress:H5] epoch=3/10 step=1025/1086 loss=0.4051
[train:safeobjworld_r_no_stress:H5] epoch=3/10 step=1050/1086 loss=0.4019
[train:safeobjworld_r_no_stress:H5] epoch=3/10 step=1075/1086 loss=0.4449
[epoch] method=safeobjworld_r_no_stress epoch=3 train=0.4336 val=0.3531 best=0.3531
[train:safeobjworld_r_no_stress:H5] epoch=4/10 step=0/1086 loss=0.4979
[train:safeobjworld_r_no_stress:H5] epoch=4/10 step=25/1086 loss=0.3918
[train:safeobjworld_r_no_stress:H5] epoch=4/10 step=50/1086 loss=0.4452
[train:safeobjworld_r_no_stress:H5] epoch=4/10 step=75/1086 loss=0.4140
[train:safeobjworld_r_no_stress:H5] epoch=4/10 step=100/1086 loss=0.4228
[train:safeobjworld_r_no_stress:H5] epoch=4/10 step=125/1086 loss=0.4385
[train:safeobjworld_r_no_stress:H5] epoch=4/10 step=150/1086 loss=0.4451
[train:safeobjworld_r_no_stress:H5] epoch=4/10 step=175/1086 loss=0.4360
[train:safeobjworld_r_no_stress:H5] epoch=4/10 step=200/1086 loss=0.4131
[train:safeobjworld_r_no_stress:H5] epoch=4/10 step=225/1086 loss=0.4302
[train:safeobjworld_r_no_stress:H5] epoch=4/10 step=250/1086 loss=0.4438
[train:safeobjworld_r_no_stress:H5] epoch=4/10 step=275/1086 loss=0.4401
[train:safeobjworld_r_no_stress:H5] epoch=4/10 step=300/1086 loss=0.4523
[train:safeobjworld_r_no_stress:H5] epoch=4/10 step=325/1086 loss=0.4362
[train:safeobjworld_r_no_stress:H5] epoch=4/10 step=350/1086 loss=0.4581
[train:safeobjworld_r_no_stress:H5] epoch=4/10 step=375/1086 loss=0.4254
[train:safeobjworld_r_no_stress:H5] epoch=4/10 step=400/1086 loss=0.3903
[train:safeobjworld_r_no_stress:H5] epoch=4/10 step=425/1086 loss=0.4388
[train:safeobjworld_r_no_stress:H5] epoch=4/10 step=450/1086 loss=0.3964
[train:safeobjworld_r_no_stress:H5] epoch=4/10 step=475/1086 loss=0.4223
[train:safeobjworld_r_no_stress:H5] epoch=4/10 step=500/1086 loss=0.3880
[train:safeobjworld_r_no_stress:H5] epoch=4/10 step=525/1086 loss=0.4039
[train:safeobjworld_r_no_stress:H5] epoch=4/10 step=550/1086 loss=0.4117
[train:safeobjworld_r_no_stress:H5] epoch=4/10 step=575/1086 loss=0.4089
[train:safeobjworld_r_no_stress:H5] epoch=4/10 step=600/1086 loss=0.4291
[train:safeobjworld_r_no_stress:H5] epoch=4/10 step=625/1086 loss=0.4093
[train:safeobjworld_r_no_stress:H5] epoch=4/10 step=650/1086 loss=0.4796
[train:safeobjworld_r_no_stress:H5] epoch=4/10 step=675/1086 loss=0.4289
[train:safeobjworld_r_no_stress:H5] epoch=4/10 step=700/1086 loss=0.3933
[train:safeobjworld_r_no_stress:H5] epoch=4/10 step=725/1086 loss=0.4129
[train:safeobjworld_r_no_stress:H5] epoch=4/10 step=750/1086 loss=0.4060
[train:safeobjworld_r_no_stress:H5] epoch=4/10 step=775/1086 loss=0.4029
[train:safeobjworld_r_no_stress:H5] epoch=4/10 step=800/1086 loss=0.4155
[train:safeobjworld_r_no_stress:H5] epoch=4/10 step=825/1086 loss=0.4430
[train:safeobjworld_r_no_stress:H5] epoch=4/10 step=850/1086 loss=0.4185
[train:safeobjworld_r_no_stress:H5] epoch=4/10 step=875/1086 loss=0.4365
[train:safeobjworld_r_no_stress:H5] epoch=4/10 step=900/1086 loss=0.3937
[train:safeobjworld_r_no_stress:H5] epoch=4/10 step=925/1086 loss=0.4360
[train:safeobjworld_r_no_stress:H5] epoch=4/10 step=950/1086 loss=0.4333
[train:safeobjworld_r_no_stress:H5] epoch=4/10 step=975/1086 loss=0.4235
[train:safeobjworld_r_no_stress:H5] epoch=4/10 step=1000/1086 loss=0.3788
[train:safeobjworld_r_no_stress:H5] epoch=4/10 step=1025/1086 loss=0.4186
[train:safeobjworld_r_no_stress:H5] epoch=4/10 step=1050/1086 loss=0.3863
[train:safeobjworld_r_no_stress:H5] epoch=4/10 step=1075/1086 loss=0.4137
[epoch] method=safeobjworld_r_no_stress epoch=4 train=0.4235 val=0.3518 best=0.3518
[train:safeobjworld_r_no_stress:H5] epoch=5/10 step=0/1086 loss=0.2789
[train:safeobjworld_r_no_stress:H5] epoch=5/10 step=25/1086 loss=0.3994
[train:safeobjworld_r_no_stress:H5] epoch=5/10 step=50/1086 loss=0.4284
[train:safeobjworld_r_no_stress:H5] epoch=5/10 step=75/1086 loss=0.3824
[train:safeobjworld_r_no_stress:H5] epoch=5/10 step=100/1086 loss=0.4402
[train:safeobjworld_r_no_stress:H5] epoch=5/10 step=125/1086 loss=0.4366
[train:safeobjworld_r_no_stress:H5] epoch=5/10 step=150/1086 loss=0.4314
[train:safeobjworld_r_no_stress:H5] epoch=5/10 step=175/1086 loss=0.4185
[train:safeobjworld_r_no_stress:H5] epoch=5/10 step=200/1086 loss=0.4462
[train:safeobjworld_r_no_stress:H5] epoch=5/10 step=225/1086 loss=0.3948
[train:safeobjworld_r_no_stress:H5] epoch=5/10 step=250/1086 loss=0.4131
[train:safeobjworld_r_no_stress:H5] epoch=5/10 step=275/1086 loss=0.4263
[train:safeobjworld_r_no_stress:H5] epoch=5/10 step=300/1086 loss=0.4385
[train:safeobjworld_r_no_stress:H5] epoch=5/10 step=325/1086 loss=0.4111
[train:safeobjworld_r_no_stress:H5] epoch=5/10 step=350/1086 loss=0.4464
[train:safeobjworld_r_no_stress:H5] epoch=5/10 step=375/1086 loss=0.4179
[train:safeobjworld_r_no_stress:H5] epoch=5/10 step=400/1086 loss=0.4405
[train:safeobjworld_r_no_stress:H5] epoch=5/10 step=425/1086 loss=0.4026
[train:safeobjworld_r_no_stress:H5] epoch=5/10 step=450/1086 loss=0.4150
[train:safeobjworld_r_no_stress:H5] epoch=5/10 step=475/1086 loss=0.4328
[train:safeobjworld_r_no_stress:H5] epoch=5/10 step=500/1086 loss=0.3959
[train:safeobjworld_r_no_stress:H5] epoch=5/10 step=525/1086 loss=0.3983
[train:safeobjworld_r_no_stress:H5] epoch=5/10 step=550/1086 loss=0.4292
[train:safeobjworld_r_no_stress:H5] epoch=5/10 step=575/1086 loss=0.4225
[train:safeobjworld_r_no_stress:H5] epoch=5/10 step=600/1086 loss=0.4335
[train:safeobjworld_r_no_stress:H5] epoch=5/10 step=625/1086 loss=0.4141
[train:safeobjworld_r_no_stress:H5] epoch=5/10 step=650/1086 loss=0.4210
[train:safeobjworld_r_no_stress:H5] epoch=5/10 step=675/1086 loss=0.4626
[train:safeobjworld_r_no_stress:H5] epoch=5/10 step=700/1086 loss=0.4004
[train:safeobjworld_r_no_stress:H5] epoch=5/10 step=725/1086 loss=0.3800
[train:safeobjworld_r_no_stress:H5] epoch=5/10 step=750/1086 loss=0.4419
[train:safeobjworld_r_no_stress:H5] epoch=5/10 step=775/1086 loss=0.4286
[train:safeobjworld_r_no_stress:H5] epoch=5/10 step=800/1086 loss=0.4260
[train:safeobjworld_r_no_stress:H5] epoch=5/10 step=825/1086 loss=0.3944
[train:safeobjworld_r_no_stress:H5] epoch=5/10 step=850/1086 loss=0.3754
[train:safeobjworld_r_no_stress:H5] epoch=5/10 step=875/1086 loss=0.3924
[train:safeobjworld_r_no_stress:H5] epoch=5/10 step=900/1086 loss=0.4205
[train:safeobjworld_r_no_stress:H5] epoch=5/10 step=925/1086 loss=0.4295
[train:safeobjworld_r_no_stress:H5] epoch=5/10 step=950/1086 loss=0.3843
[train:safeobjworld_r_no_stress:H5] epoch=5/10 step=975/1086 loss=0.3936
[train:safeobjworld_r_no_stress:H5] epoch=5/10 step=1000/1086 loss=0.4163
[train:safeobjworld_r_no_stress:H5] epoch=5/10 step=1025/1086 loss=0.4279
[train:safeobjworld_r_no_stress:H5] epoch=5/10 step=1050/1086 loss=0.4089
[train:safeobjworld_r_no_stress:H5] epoch=5/10 step=1075/1086 loss=0.4018
[epoch] method=safeobjworld_r_no_stress epoch=5 train=0.4163 val=0.3526 best=0.3518
[train:safeobjworld_r_no_stress:H5] epoch=6/10 step=0/1086 loss=0.4089
[train:safeobjworld_r_no_stress:H5] epoch=6/10 step=25/1086 loss=0.4469
[train:safeobjworld_r_no_stress:H5] epoch=6/10 step=50/1086 loss=0.4186
[train:safeobjworld_r_no_stress:H5] epoch=6/10 step=75/1086 loss=0.3958
[train:safeobjworld_r_no_stress:H5] epoch=6/10 step=100/1086 loss=0.4145
[train:safeobjworld_r_no_stress:H5] epoch=6/10 step=125/1086 loss=0.4226
[train:safeobjworld_r_no_stress:H5] epoch=6/10 step=150/1086 loss=0.4282
[train:safeobjworld_r_no_stress:H5] epoch=6/10 step=175/1086 loss=0.4230
[train:safeobjworld_r_no_stress:H5] epoch=6/10 step=200/1086 loss=0.4143
[train:safeobjworld_r_no_stress:H5] epoch=6/10 step=225/1086 loss=0.4111
[train:safeobjworld_r_no_stress:H5] epoch=6/10 step=250/1086 loss=0.4510
[train:safeobjworld_r_no_stress:H5] epoch=6/10 step=275/1086 loss=0.4239
[train:safeobjworld_r_no_stress:H5] epoch=6/10 step=300/1086 loss=0.3909
[train:safeobjworld_r_no_stress:H5] epoch=6/10 step=325/1086 loss=0.3811
[train:safeobjworld_r_no_stress:H5] epoch=6/10 step=350/1086 loss=0.3725
[train:safeobjworld_r_no_stress:H5] epoch=6/10 step=375/1086 loss=0.4241
[train:safeobjworld_r_no_stress:H5] epoch=6/10 step=400/1086 loss=0.3897
[train:safeobjworld_r_no_stress:H5] epoch=6/10 step=425/1086 loss=0.4002
[train:safeobjworld_r_no_stress:H5] epoch=6/10 step=450/1086 loss=0.3856
[train:safeobjworld_r_no_stress:H5] epoch=6/10 step=475/1086 loss=0.4393
[train:safeobjworld_r_no_stress:H5] epoch=6/10 step=500/1086 loss=0.4026
[train:safeobjworld_r_no_stress:H5] epoch=6/10 step=525/1086 loss=0.4444
[train:safeobjworld_r_no_stress:H5] epoch=6/10 step=550/1086 loss=0.3870
[train:safeobjworld_r_no_stress:H5] epoch=6/10 step=575/1086 loss=0.3879
[train:safeobjworld_r_no_stress:H5] epoch=6/10 step=600/1086 loss=0.4012
[train:safeobjworld_r_no_stress:H5] epoch=6/10 step=625/1086 loss=0.4148
[train:safeobjworld_r_no_stress:H5] epoch=6/10 step=650/1086 loss=0.4062
[train:safeobjworld_r_no_stress:H5] epoch=6/10 step=675/1086 loss=0.4268
[train:safeobjworld_r_no_stress:H5] epoch=6/10 step=700/1086 loss=0.4040
[train:safeobjworld_r_no_stress:H5] epoch=6/10 step=725/1086 loss=0.4000
[train:safeobjworld_r_no_stress:H5] epoch=6/10 step=750/1086 loss=0.4176
[train:safeobjworld_r_no_stress:H5] epoch=6/10 step=775/1086 loss=0.4636
[train:safeobjworld_r_no_stress:H5] epoch=6/10 step=800/1086 loss=0.4604
[train:safeobjworld_r_no_stress:H5] epoch=6/10 step=825/1086 loss=0.4057
[train:safeobjworld_r_no_stress:H5] epoch=6/10 step=850/1086 loss=0.4247
[train:safeobjworld_r_no_stress:H5] epoch=6/10 step=875/1086 loss=0.3973
[train:safeobjworld_r_no_stress:H5] epoch=6/10 step=900/1086 loss=0.3934
[train:safeobjworld_r_no_stress:H5] epoch=6/10 step=925/1086 loss=0.4247
[train:safeobjworld_r_no_stress:H5] epoch=6/10 step=950/1086 loss=0.4158
[train:safeobjworld_r_no_stress:H5] epoch=6/10 step=975/1086 loss=0.4183
[train:safeobjworld_r_no_stress:H5] epoch=6/10 step=1000/1086 loss=0.4311
[train:safeobjworld_r_no_stress:H5] epoch=6/10 step=1025/1086 loss=0.4079
[train:safeobjworld_r_no_stress:H5] epoch=6/10 step=1050/1086 loss=0.4122
[train:safeobjworld_r_no_stress:H5] epoch=6/10 step=1075/1086 loss=0.3695
[epoch] method=safeobjworld_r_no_stress epoch=6 train=0.4106 val=0.3479 best=0.3479
[train:safeobjworld_r_no_stress:H5] epoch=7/10 step=0/1086 loss=0.3792
[train:safeobjworld_r_no_stress:H5] epoch=7/10 step=25/1086 loss=0.4345
[train:safeobjworld_r_no_stress:H5] epoch=7/10 step=50/1086 loss=0.4358
[train:safeobjworld_r_no_stress:H5] epoch=7/10 step=75/1086 loss=0.4141
[train:safeobjworld_r_no_stress:H5] epoch=7/10 step=100/1086 loss=0.4085
[train:safeobjworld_r_no_stress:H5] epoch=7/10 step=125/1086 loss=0.4154
[train:safeobjworld_r_no_stress:H5] epoch=7/10 step=150/1086 loss=0.3999
[train:safeobjworld_r_no_stress:H5] epoch=7/10 step=175/1086 loss=0.4414
[train:safeobjworld_r_no_stress:H5] epoch=7/10 step=200/1086 loss=0.3989
[train:safeobjworld_r_no_stress:H5] epoch=7/10 step=225/1086 loss=0.4066
[train:safeobjworld_r_no_stress:H5] epoch=7/10 step=250/1086 loss=0.4179
[train:safeobjworld_r_no_stress:H5] epoch=7/10 step=275/1086 loss=0.3730
[train:safeobjworld_r_no_stress:H5] epoch=7/10 step=300/1086 loss=0.3672
[train:safeobjworld_r_no_stress:H5] epoch=7/10 step=325/1086 loss=0.3910
[train:safeobjworld_r_no_stress:H5] epoch=7/10 step=350/1086 loss=0.3791
[train:safeobjworld_r_no_stress:H5] epoch=7/10 step=375/1086 loss=0.4162
[train:safeobjworld_r_no_stress:H5] epoch=7/10 step=400/1086 loss=0.4048
[train:safeobjworld_r_no_stress:H5] epoch=7/10 step=425/1086 loss=0.3901
[train:safeobjworld_r_no_stress:H5] epoch=7/10 step=450/1086 loss=0.3851
[train:safeobjworld_r_no_stress:H5] epoch=7/10 step=475/1086 loss=0.4020
[train:safeobjworld_r_no_stress:H5] epoch=7/10 step=500/1086 loss=0.3718
[train:safeobjworld_r_no_stress:H5] epoch=7/10 step=525/1086 loss=0.4219
[train:safeobjworld_r_no_stress:H5] epoch=7/10 step=550/1086 loss=0.3818
[train:safeobjworld_r_no_stress:H5] epoch=7/10 step=575/1086 loss=0.3589
[train:safeobjworld_r_no_stress:H5] epoch=7/10 step=600/1086 loss=0.4072
[train:safeobjworld_r_no_stress:H5] epoch=7/10 step=625/1086 loss=0.4348
[train:safeobjworld_r_no_stress:H5] epoch=7/10 step=650/1086 loss=0.4185
[train:safeobjworld_r_no_stress:H5] epoch=7/10 step=675/1086 loss=0.4199
[train:safeobjworld_r_no_stress:H5] epoch=7/10 step=700/1086 loss=0.4012
[train:safeobjworld_r_no_stress:H5] epoch=7/10 step=725/1086 loss=0.4206
[train:safeobjworld_r_no_stress:H5] epoch=7/10 step=750/1086 loss=0.3987
[train:safeobjworld_r_no_stress:H5] epoch=7/10 step=775/1086 loss=0.4083
[train:safeobjworld_r_no_stress:H5] epoch=7/10 step=800/1086 loss=0.4055
[train:safeobjworld_r_no_stress:H5] epoch=7/10 step=825/1086 loss=0.4146
[train:safeobjworld_r_no_stress:H5] epoch=7/10 step=850/1086 loss=0.3879
[train:safeobjworld_r_no_stress:H5] epoch=7/10 step=875/1086 loss=0.3822
[train:safeobjworld_r_no_stress:H5] epoch=7/10 step=900/1086 loss=0.4272
[train:safeobjworld_r_no_stress:H5] epoch=7/10 step=925/1086 loss=0.4326
[train:safeobjworld_r_no_stress:H5] epoch=7/10 step=950/1086 loss=0.4130
[train:safeobjworld_r_no_stress:H5] epoch=7/10 step=975/1086 loss=0.3822
[train:safeobjworld_r_no_stress:H5] epoch=7/10 step=1000/1086 loss=0.4150
[train:safeobjworld_r_no_stress:H5] epoch=7/10 step=1025/1086 loss=0.3802
[train:safeobjworld_r_no_stress:H5] epoch=7/10 step=1050/1086 loss=0.4127
[train:safeobjworld_r_no_stress:H5] epoch=7/10 step=1075/1086 loss=0.4201
[epoch] method=safeobjworld_r_no_stress epoch=7 train=0.4061 val=0.3453 best=0.3453
[train:safeobjworld_r_no_stress:H5] epoch=8/10 step=0/1086 loss=0.4143
[train:safeobjworld_r_no_stress:H5] epoch=8/10 step=25/1086 loss=0.3904
[train:safeobjworld_r_no_stress:H5] epoch=8/10 step=50/1086 loss=0.3985
[train:safeobjworld_r_no_stress:H5] epoch=8/10 step=75/1086 loss=0.3811
[train:safeobjworld_r_no_stress:H5] epoch=8/10 step=100/1086 loss=0.4067
[train:safeobjworld_r_no_stress:H5] epoch=8/10 step=125/1086 loss=0.4178
[train:safeobjworld_r_no_stress:H5] epoch=8/10 step=150/1086 loss=0.3844
[train:safeobjworld_r_no_stress:H5] epoch=8/10 step=175/1086 loss=0.3730
[train:safeobjworld_r_no_stress:H5] epoch=8/10 step=200/1086 loss=0.3974
[train:safeobjworld_r_no_stress:H5] epoch=8/10 step=225/1086 loss=0.4304
[train:safeobjworld_r_no_stress:H5] epoch=8/10 step=250/1086 loss=0.3755
[train:safeobjworld_r_no_stress:H5] epoch=8/10 step=275/1086 loss=0.3690
[train:safeobjworld_r_no_stress:H5] epoch=8/10 step=300/1086 loss=0.4153
[train:safeobjworld_r_no_stress:H5] epoch=8/10 step=325/1086 loss=0.4222
[train:safeobjworld_r_no_stress:H5] epoch=8/10 step=350/1086 loss=0.3652
[train:safeobjworld_r_no_stress:H5] epoch=8/10 step=375/1086 loss=0.3815
[train:safeobjworld_r_no_stress:H5] epoch=8/10 step=400/1086 loss=0.3839
[train:safeobjworld_r_no_stress:H5] epoch=8/10 step=425/1086 loss=0.4268
[train:safeobjworld_r_no_stress:H5] epoch=8/10 step=450/1086 loss=0.4001
[train:safeobjworld_r_no_stress:H5] epoch=8/10 step=475/1086 loss=0.4584
[train:safeobjworld_r_no_stress:H5] epoch=8/10 step=500/1086 loss=0.3985
[train:safeobjworld_r_no_stress:H5] epoch=8/10 step=525/1086 loss=0.3695
[train:safeobjworld_r_no_stress:H5] epoch=8/10 step=550/1086 loss=0.3980
[train:safeobjworld_r_no_stress:H5] epoch=8/10 step=575/1086 loss=0.4202
[train:safeobjworld_r_no_stress:H5] epoch=8/10 step=600/1086 loss=0.4097
[train:safeobjworld_r_no_stress:H5] epoch=8/10 step=625/1086 loss=0.3985
[train:safeobjworld_r_no_stress:H5] epoch=8/10 step=650/1086 loss=0.4077
[train:safeobjworld_r_no_stress:H5] epoch=8/10 step=675/1086 loss=0.4180
[train:safeobjworld_r_no_stress:H5] epoch=8/10 step=700/1086 loss=0.4097
[train:safeobjworld_r_no_stress:H5] epoch=8/10 step=725/1086 loss=0.3903
[train:safeobjworld_r_no_stress:H5] epoch=8/10 step=750/1086 loss=0.4025
[train:safeobjworld_r_no_stress:H5] epoch=8/10 step=775/1086 loss=0.4162
[train:safeobjworld_r_no_stress:H5] epoch=8/10 step=800/1086 loss=0.4201
[train:safeobjworld_r_no_stress:H5] epoch=8/10 step=825/1086 loss=0.4285
[train:safeobjworld_r_no_stress:H5] epoch=8/10 step=850/1086 loss=0.4112
[train:safeobjworld_r_no_stress:H5] epoch=8/10 step=875/1086 loss=0.4050
[train:safeobjworld_r_no_stress:H5] epoch=8/10 step=900/1086 loss=0.4038
[train:safeobjworld_r_no_stress:H5] epoch=8/10 step=925/1086 loss=0.3976
[train:safeobjworld_r_no_stress:H5] epoch=8/10 step=950/1086 loss=0.4170
[train:safeobjworld_r_no_stress:H5] epoch=8/10 step=975/1086 loss=0.4013
[train:safeobjworld_r_no_stress:H5] epoch=8/10 step=1000/1086 loss=0.3840
[train:safeobjworld_r_no_stress:H5] epoch=8/10 step=1025/1086 loss=0.4235
[train:safeobjworld_r_no_stress:H5] epoch=8/10 step=1050/1086 loss=0.3803
[train:safeobjworld_r_no_stress:H5] epoch=8/10 step=1075/1086 loss=0.4144
[epoch] method=safeobjworld_r_no_stress epoch=8 train=0.4016 val=0.3463 best=0.3453
[train:safeobjworld_r_no_stress:H5] epoch=9/10 step=0/1086 loss=0.3858
[train:safeobjworld_r_no_stress:H5] epoch=9/10 step=25/1086 loss=0.4181
[train:safeobjworld_r_no_stress:H5] epoch=9/10 step=50/1086 loss=0.3840
[train:safeobjworld_r_no_stress:H5] epoch=9/10 step=75/1086 loss=0.4129
[train:safeobjworld_r_no_stress:H5] epoch=9/10 step=100/1086 loss=0.4025
[train:safeobjworld_r_no_stress:H5] epoch=9/10 step=125/1086 loss=0.4013
[train:safeobjworld_r_no_stress:H5] epoch=9/10 step=150/1086 loss=0.4127
[train:safeobjworld_r_no_stress:H5] epoch=9/10 step=175/1086 loss=0.3839
[train:safeobjworld_r_no_stress:H5] epoch=9/10 step=200/1086 loss=0.3972
[train:safeobjworld_r_no_stress:H5] epoch=9/10 step=225/1086 loss=0.3989
[train:safeobjworld_r_no_stress:H5] epoch=9/10 step=250/1086 loss=0.3852
[train:safeobjworld_r_no_stress:H5] epoch=9/10 step=275/1086 loss=0.4143
[train:safeobjworld_r_no_stress:H5] epoch=9/10 step=300/1086 loss=0.3904
[train:safeobjworld_r_no_stress:H5] epoch=9/10 step=325/1086 loss=0.3741
[train:safeobjworld_r_no_stress:H5] epoch=9/10 step=350/1086 loss=0.4055
[train:safeobjworld_r_no_stress:H5] epoch=9/10 step=375/1086 loss=0.4252
[train:safeobjworld_r_no_stress:H5] epoch=9/10 step=400/1086 loss=0.4012
[train:safeobjworld_r_no_stress:H5] epoch=9/10 step=425/1086 loss=0.4086
[train:safeobjworld_r_no_stress:H5] epoch=9/10 step=450/1086 loss=0.4119
[train:safeobjworld_r_no_stress:H5] epoch=9/10 step=475/1086 loss=0.3922
[train:safeobjworld_r_no_stress:H5] epoch=9/10 step=500/1086 loss=0.4149
[train:safeobjworld_r_no_stress:H5] epoch=9/10 step=525/1086 loss=0.4306
[train:safeobjworld_r_no_stress:H5] epoch=9/10 step=550/1086 loss=0.4031
[train:safeobjworld_r_no_stress:H5] epoch=9/10 step=575/1086 loss=0.4243
[train:safeobjworld_r_no_stress:H5] epoch=9/10 step=600/1086 loss=0.3721
[train:safeobjworld_r_no_stress:H5] epoch=9/10 step=625/1086 loss=0.3902
[train:safeobjworld_r_no_stress:H5] epoch=9/10 step=650/1086 loss=0.3817
[train:safeobjworld_r_no_stress:H5] epoch=9/10 step=675/1086 loss=0.4161
[train:safeobjworld_r_no_stress:H5] epoch=9/10 step=700/1086 loss=0.3817
[train:safeobjworld_r_no_stress:H5] epoch=9/10 step=725/1086 loss=0.3936
[train:safeobjworld_r_no_stress:H5] epoch=9/10 step=750/1086 loss=0.4253
[train:safeobjworld_r_no_stress:H5] epoch=9/10 step=775/1086 loss=0.3890
[train:safeobjworld_r_no_stress:H5] epoch=9/10 step=800/1086 loss=0.3930
[train:safeobjworld_r_no_stress:H5] epoch=9/10 step=825/1086 loss=0.4140
[train:safeobjworld_r_no_stress:H5] epoch=9/10 step=850/1086 loss=0.4044
[train:safeobjworld_r_no_stress:H5] epoch=9/10 step=875/1086 loss=0.4007
[train:safeobjworld_r_no_stress:H5] epoch=9/10 step=900/1086 loss=0.4613
[train:safeobjworld_r_no_stress:H5] epoch=9/10 step=925/1086 loss=0.3547
[train:safeobjworld_r_no_stress:H5] epoch=9/10 step=950/1086 loss=0.4140
[train:safeobjworld_r_no_stress:H5] epoch=9/10 step=975/1086 loss=0.3745
[train:safeobjworld_r_no_stress:H5] epoch=9/10 step=1000/1086 loss=0.4377
[train:safeobjworld_r_no_stress:H5] epoch=9/10 step=1025/1086 loss=0.4005
[train:safeobjworld_r_no_stress:H5] epoch=9/10 step=1050/1086 loss=0.4067
[train:safeobjworld_r_no_stress:H5] epoch=9/10 step=1075/1086 loss=0.3758
[epoch] method=safeobjworld_r_no_stress epoch=9 train=0.3978 val=0.3463 best=0.3453
[train:safeobjworld_r_no_stress:H5] epoch=10/10 step=0/1086 loss=0.3744
[train:safeobjworld_r_no_stress:H5] epoch=10/10 step=25/1086 loss=0.3957
[train:safeobjworld_r_no_stress:H5] epoch=10/10 step=50/1086 loss=0.3785
[train:safeobjworld_r_no_stress:H5] epoch=10/10 step=75/1086 loss=0.3724
[train:safeobjworld_r_no_stress:H5] epoch=10/10 step=100/1086 loss=0.3686
[train:safeobjworld_r_no_stress:H5] epoch=10/10 step=125/1086 loss=0.3605
[train:safeobjworld_r_no_stress:H5] epoch=10/10 step=150/1086 loss=0.4150
[train:safeobjworld_r_no_stress:H5] epoch=10/10 step=175/1086 loss=0.4054
[train:safeobjworld_r_no_stress:H5] epoch=10/10 step=200/1086 loss=0.4083
[train:safeobjworld_r_no_stress:H5] epoch=10/10 step=225/1086 loss=0.3974
[train:safeobjworld_r_no_stress:H5] epoch=10/10 step=250/1086 loss=0.4234
[train:safeobjworld_r_no_stress:H5] epoch=10/10 step=275/1086 loss=0.3861
[train:safeobjworld_r_no_stress:H5] epoch=10/10 step=300/1086 loss=0.4253
[train:safeobjworld_r_no_stress:H5] epoch=10/10 step=325/1086 loss=0.3885
[train:safeobjworld_r_no_stress:H5] epoch=10/10 step=350/1086 loss=0.3921
[train:safeobjworld_r_no_stress:H5] epoch=10/10 step=375/1086 loss=0.3882
[train:safeobjworld_r_no_stress:H5] epoch=10/10 step=400/1086 loss=0.4138
[train:safeobjworld_r_no_stress:H5] epoch=10/10 step=425/1086 loss=0.4284
[train:safeobjworld_r_no_stress:H5] epoch=10/10 step=450/1086 loss=0.3753
[train:safeobjworld_r_no_stress:H5] epoch=10/10 step=475/1086 loss=0.3832
[train:safeobjworld_r_no_stress:H5] epoch=10/10 step=500/1086 loss=0.3936
[train:safeobjworld_r_no_stress:H5] epoch=10/10 step=525/1086 loss=0.4005
[train:safeobjworld_r_no_stress:H5] epoch=10/10 step=550/1086 loss=0.3581
[train:safeobjworld_r_no_stress:H5] epoch=10/10 step=575/1086 loss=0.4216
[train:safeobjworld_r_no_stress:H5] epoch=10/10 step=600/1086 loss=0.3886
[train:safeobjworld_r_no_stress:H5] epoch=10/10 step=625/1086 loss=0.3774
[train:safeobjworld_r_no_stress:H5] epoch=10/10 step=650/1086 loss=0.4019
[train:safeobjworld_r_no_stress:H5] epoch=10/10 step=675/1086 loss=0.4080
[train:safeobjworld_r_no_stress:H5] epoch=10/10 step=700/1086 loss=0.4441
[train:safeobjworld_r_no_stress:H5] epoch=10/10 step=725/1086 loss=0.4180
[train:safeobjworld_r_no_stress:H5] epoch=10/10 step=750/1086 loss=0.3823
[train:safeobjworld_r_no_stress:H5] epoch=10/10 step=775/1086 loss=0.3873
[train:safeobjworld_r_no_stress:H5] epoch=10/10 step=800/1086 loss=0.4033
[train:safeobjworld_r_no_stress:H5] epoch=10/10 step=825/1086 loss=0.3755
[train:safeobjworld_r_no_stress:H5] epoch=10/10 step=850/1086 loss=0.3614
[train:safeobjworld_r_no_stress:H5] epoch=10/10 step=875/1086 loss=0.3858
[train:safeobjworld_r_no_stress:H5] epoch=10/10 step=900/1086 loss=0.4214
[train:safeobjworld_r_no_stress:H5] epoch=10/10 step=925/1086 loss=0.4102
[train:safeobjworld_r_no_stress:H5] epoch=10/10 step=950/1086 loss=0.4023
[train:safeobjworld_r_no_stress:H5] epoch=10/10 step=975/1086 loss=0.3874
[train:safeobjworld_r_no_stress:H5] epoch=10/10 step=1000/1086 loss=0.3953
[train:safeobjworld_r_no_stress:H5] epoch=10/10 step=1025/1086 loss=0.4090
[train:safeobjworld_r_no_stress:H5] epoch=10/10 step=1050/1086 loss=0.3842
[train:safeobjworld_r_no_stress:H5] epoch=10/10 step=1075/1086 loss=0.4221
[epoch] method=safeobjworld_r_no_stress epoch=10 train=0.3946 val=0.3446 best=0.3446
[done train] /home/tahiti/SafeObjWorld/runs_v2_full/models/safeobjworld_r_no_stress/H5/best.pt
