====================================================================================================
SafeObjWorld V2 runner
{
  "mode": "train",
  "dataset_root": "/home/tahiti/SafeObjWorld/data/DAVIS2017",
  "run_root": "/home/tahiti/SafeObjWorld/runs_v2_full",
  "year": "2017",
  "method": "safeobjworld_r_det",
  "stress": "clean",
  "prefix_len": 3,
  "max_h": 10,
  "image_size": 192,
  "batch_size": 8,
  "epochs": 10,
  "lr": 0.0002,
  "weight_decay": 0.0001,
  "max_train_samples": 0,
  "max_val_samples": 0,
  "num_workers": 4,
  "seed": 42,
  "eval_k_override": 0,
  "amp": true,
  "cpu": false,
  "skip_existing": true,
  "log_every": 25
}
====================================================================================================
[train] method=safeobjworld_r_det device=cuda cfg={'stress_train': True, 'temporal_weight': 0.05, 'split_weight': 0.005, 'area_weight': 0.1, 'mc_eval': False, 'eval_k': 1}
[train:safeobjworld_r_det:H10] epoch=1/10 step=0/1003 loss=1.5773
[train:safeobjworld_r_det:H10] epoch=1/10 step=25/1003 loss=1.5052
[train:safeobjworld_r_det:H10] epoch=1/10 step=50/1003 loss=0.9927
[train:safeobjworld_r_det:H10] epoch=1/10 step=75/1003 loss=0.8710
[train:safeobjworld_r_det:H10] epoch=1/10 step=100/1003 loss=0.7571
[train:safeobjworld_r_det:H10] epoch=1/10 step=125/1003 loss=0.6888
[train:safeobjworld_r_det:H10] epoch=1/10 step=150/1003 loss=0.7653
[train:safeobjworld_r_det:H10] epoch=1/10 step=175/1003 loss=0.7091
[train:safeobjworld_r_det:H10] epoch=1/10 step=200/1003 loss=0.6813
[train:safeobjworld_r_det:H10] epoch=1/10 step=225/1003 loss=0.6784
[train:safeobjworld_r_det:H10] epoch=1/10 step=250/1003 loss=0.7363
[train:safeobjworld_r_det:H10] epoch=1/10 step=275/1003 loss=0.6499
[train:safeobjworld_r_det:H10] epoch=1/10 step=300/1003 loss=0.6884
[train:safeobjworld_r_det:H10] epoch=1/10 step=325/1003 loss=0.6744
[train:safeobjworld_r_det:H10] epoch=1/10 step=350/1003 loss=0.6642
[train:safeobjworld_r_det:H10] epoch=1/10 step=375/1003 loss=0.6529
[train:safeobjworld_r_det:H10] epoch=1/10 step=400/1003 loss=0.6680
[train:safeobjworld_r_det:H10] epoch=1/10 step=425/1003 loss=0.6696
[train:safeobjworld_r_det:H10] epoch=1/10 step=450/1003 loss=0.6058
[train:safeobjworld_r_det:H10] epoch=1/10 step=475/1003 loss=0.6886
[train:safeobjworld_r_det:H10] epoch=1/10 step=500/1003 loss=0.6777
[train:safeobjworld_r_det:H10] epoch=1/10 step=525/1003 loss=0.6761
[train:safeobjworld_r_det:H10] epoch=1/10 step=550/1003 loss=0.6429
[train:safeobjworld_r_det:H10] epoch=1/10 step=575/1003 loss=0.6762
[train:safeobjworld_r_det:H10] epoch=1/10 step=600/1003 loss=0.6389
[train:safeobjworld_r_det:H10] epoch=1/10 step=625/1003 loss=0.6134
[train:safeobjworld_r_det:H10] epoch=1/10 step=650/1003 loss=0.6442
[train:safeobjworld_r_det:H10] epoch=1/10 step=675/1003 loss=0.6228
[train:safeobjworld_r_det:H10] epoch=1/10 step=700/1003 loss=0.6541
[train:safeobjworld_r_det:H10] epoch=1/10 step=725/1003 loss=0.6079
[train:safeobjworld_r_det:H10] epoch=1/10 step=750/1003 loss=0.6101
[train:safeobjworld_r_det:H10] epoch=1/10 step=775/1003 loss=0.6260
[train:safeobjworld_r_det:H10] epoch=1/10 step=800/1003 loss=0.6341
[train:safeobjworld_r_det:H10] epoch=1/10 step=825/1003 loss=0.6286
[train:safeobjworld_r_det:H10] epoch=1/10 step=850/1003 loss=0.6414
[train:safeobjworld_r_det:H10] epoch=1/10 step=875/1003 loss=0.6000
[train:safeobjworld_r_det:H10] epoch=1/10 step=900/1003 loss=0.6353
[train:safeobjworld_r_det:H10] epoch=1/10 step=925/1003 loss=0.5798
[train:safeobjworld_r_det:H10] epoch=1/10 step=950/1003 loss=0.5737
[train:safeobjworld_r_det:H10] epoch=1/10 step=975/1003 loss=0.5907
[train:safeobjworld_r_det:H10] epoch=1/10 step=1000/1003 loss=0.6388
[epoch] method=safeobjworld_r_det epoch=1 train=0.6937 val=0.5042 best=0.5042
[train:safeobjworld_r_det:H10] epoch=2/10 step=0/1003 loss=0.3994
[train:safeobjworld_r_det:H10] epoch=2/10 step=25/1003 loss=0.5926
[train:safeobjworld_r_det:H10] epoch=2/10 step=50/1003 loss=0.6072
[train:safeobjworld_r_det:H10] epoch=2/10 step=75/1003 loss=0.6152
[train:safeobjworld_r_det:H10] epoch=2/10 step=100/1003 loss=0.6113
[train:safeobjworld_r_det:H10] epoch=2/10 step=125/1003 loss=0.5875
[train:safeobjworld_r_det:H10] epoch=2/10 step=150/1003 loss=0.6489
[train:safeobjworld_r_det:H10] epoch=2/10 step=175/1003 loss=0.5899
[train:safeobjworld_r_det:H10] epoch=2/10 step=200/1003 loss=0.5702
[train:safeobjworld_r_det:H10] epoch=2/10 step=225/1003 loss=0.6297
[train:safeobjworld_r_det:H10] epoch=2/10 step=250/1003 loss=0.6249
[train:safeobjworld_r_det:H10] epoch=2/10 step=275/1003 loss=0.6283
[train:safeobjworld_r_det:H10] epoch=2/10 step=300/1003 loss=0.5818
[train:safeobjworld_r_det:H10] epoch=2/10 step=325/1003 loss=0.6502
[train:safeobjworld_r_det:H10] epoch=2/10 step=350/1003 loss=0.6118
[train:safeobjworld_r_det:H10] epoch=2/10 step=375/1003 loss=0.6037
[train:safeobjworld_r_det:H10] epoch=2/10 step=400/1003 loss=0.5865
[train:safeobjworld_r_det:H10] epoch=2/10 step=425/1003 loss=0.6079
[train:safeobjworld_r_det:H10] epoch=2/10 step=450/1003 loss=0.5979
[train:safeobjworld_r_det:H10] epoch=2/10 step=475/1003 loss=0.5986
[train:safeobjworld_r_det:H10] epoch=2/10 step=500/1003 loss=0.5565
[train:safeobjworld_r_det:H10] epoch=2/10 step=525/1003 loss=0.6334
[train:safeobjworld_r_det:H10] epoch=2/10 step=550/1003 loss=0.5764
[train:safeobjworld_r_det:H10] epoch=2/10 step=575/1003 loss=0.5868
[train:safeobjworld_r_det:H10] epoch=2/10 step=600/1003 loss=0.5683
[train:safeobjworld_r_det:H10] epoch=2/10 step=625/1003 loss=0.5467
[train:safeobjworld_r_det:H10] epoch=2/10 step=650/1003 loss=0.6161
[train:safeobjworld_r_det:H10] epoch=2/10 step=675/1003 loss=0.6306
[train:safeobjworld_r_det:H10] epoch=2/10 step=700/1003 loss=0.6294
[train:safeobjworld_r_det:H10] epoch=2/10 step=725/1003 loss=0.5985
[train:safeobjworld_r_det:H10] epoch=2/10 step=750/1003 loss=0.6063
[train:safeobjworld_r_det:H10] epoch=2/10 step=775/1003 loss=0.6041
[train:safeobjworld_r_det:H10] epoch=2/10 step=800/1003 loss=0.5905
[train:safeobjworld_r_det:H10] epoch=2/10 step=825/1003 loss=0.6129
[train:safeobjworld_r_det:H10] epoch=2/10 step=850/1003 loss=0.5847
[train:safeobjworld_r_det:H10] epoch=2/10 step=875/1003 loss=0.5754
[train:safeobjworld_r_det:H10] epoch=2/10 step=900/1003 loss=0.6036
[train:safeobjworld_r_det:H10] epoch=2/10 step=925/1003 loss=0.6353
[train:safeobjworld_r_det:H10] epoch=2/10 step=950/1003 loss=0.5628
[train:safeobjworld_r_det:H10] epoch=2/10 step=975/1003 loss=0.6087
[train:safeobjworld_r_det:H10] epoch=2/10 step=1000/1003 loss=0.6222
[epoch] method=safeobjworld_r_det epoch=2 train=0.6046 val=0.4942 best=0.4942
[train:safeobjworld_r_det:H10] epoch=3/10 step=0/1003 loss=0.6163
[train:safeobjworld_r_det:H10] epoch=3/10 step=25/1003 loss=0.6243
[train:safeobjworld_r_det:H10] epoch=3/10 step=50/1003 loss=0.6074
[train:safeobjworld_r_det:H10] epoch=3/10 step=75/1003 loss=0.5748
[train:safeobjworld_r_det:H10] epoch=3/10 step=100/1003 loss=0.5974
[train:safeobjworld_r_det:H10] epoch=3/10 step=125/1003 loss=0.5951
[train:safeobjworld_r_det:H10] epoch=3/10 step=150/1003 loss=0.5884
[train:safeobjworld_r_det:H10] epoch=3/10 step=175/1003 loss=0.5508
[train:safeobjworld_r_det:H10] epoch=3/10 step=200/1003 loss=0.6239
[train:safeobjworld_r_det:H10] epoch=3/10 step=225/1003 loss=0.6305
[train:safeobjworld_r_det:H10] epoch=3/10 step=250/1003 loss=0.5862
[train:safeobjworld_r_det:H10] epoch=3/10 step=275/1003 loss=0.5730
[train:safeobjworld_r_det:H10] epoch=3/10 step=300/1003 loss=0.5857
[train:safeobjworld_r_det:H10] epoch=3/10 step=325/1003 loss=0.5776
[train:safeobjworld_r_det:H10] epoch=3/10 step=350/1003 loss=0.6122
[train:safeobjworld_r_det:H10] epoch=3/10 step=375/1003 loss=0.5731
[train:safeobjworld_r_det:H10] epoch=3/10 step=400/1003 loss=0.5764
[train:safeobjworld_r_det:H10] epoch=3/10 step=425/1003 loss=0.6068
[train:safeobjworld_r_det:H10] epoch=3/10 step=450/1003 loss=0.5703
[train:safeobjworld_r_det:H10] epoch=3/10 step=475/1003 loss=0.6070
[train:safeobjworld_r_det:H10] epoch=3/10 step=500/1003 loss=0.5671
[train:safeobjworld_r_det:H10] epoch=3/10 step=525/1003 loss=0.6027
[train:safeobjworld_r_det:H10] epoch=3/10 step=550/1003 loss=0.5775
[train:safeobjworld_r_det:H10] epoch=3/10 step=575/1003 loss=0.6361
[train:safeobjworld_r_det:H10] epoch=3/10 step=600/1003 loss=0.6212
[train:safeobjworld_r_det:H10] epoch=3/10 step=625/1003 loss=0.6123
[train:safeobjworld_r_det:H10] epoch=3/10 step=650/1003 loss=0.5709
[train:safeobjworld_r_det:H10] epoch=3/10 step=675/1003 loss=0.5647
[train:safeobjworld_r_det:H10] epoch=3/10 step=700/1003 loss=0.5810
[train:safeobjworld_r_det:H10] epoch=3/10 step=725/1003 loss=0.6129
[train:safeobjworld_r_det:H10] epoch=3/10 step=750/1003 loss=0.5302
[train:safeobjworld_r_det:H10] epoch=3/10 step=775/1003 loss=0.5853
[train:safeobjworld_r_det:H10] epoch=3/10 step=800/1003 loss=0.6018
[train:safeobjworld_r_det:H10] epoch=3/10 step=825/1003 loss=0.5887
[train:safeobjworld_r_det:H10] epoch=3/10 step=850/1003 loss=0.6030
[train:safeobjworld_r_det:H10] epoch=3/10 step=875/1003 loss=0.5916
[train:safeobjworld_r_det:H10] epoch=3/10 step=900/1003 loss=0.5675
[train:safeobjworld_r_det:H10] epoch=3/10 step=925/1003 loss=0.5723
[train:safeobjworld_r_det:H10] epoch=3/10 step=950/1003 loss=0.5395
[train:safeobjworld_r_det:H10] epoch=3/10 step=975/1003 loss=0.5570
[train:safeobjworld_r_det:H10] epoch=3/10 step=1000/1003 loss=0.5881
[epoch] method=safeobjworld_r_det epoch=3 train=0.5862 val=0.5245 best=0.4942
[train:safeobjworld_r_det:H10] epoch=4/10 step=0/1003 loss=0.5023
[train:safeobjworld_r_det:H10] epoch=4/10 step=25/1003 loss=0.5882
[train:safeobjworld_r_det:H10] epoch=4/10 step=50/1003 loss=0.6068
[train:safeobjworld_r_det:H10] epoch=4/10 step=75/1003 loss=0.6112
[train:safeobjworld_r_det:H10] epoch=4/10 step=100/1003 loss=0.5641
[train:safeobjworld_r_det:H10] epoch=4/10 step=125/1003 loss=0.5775
[train:safeobjworld_r_det:H10] epoch=4/10 step=150/1003 loss=0.5495
[train:safeobjworld_r_det:H10] epoch=4/10 step=175/1003 loss=0.5995
[train:safeobjworld_r_det:H10] epoch=4/10 step=200/1003 loss=0.6025
[train:safeobjworld_r_det:H10] epoch=4/10 step=225/1003 loss=0.5668
[train:safeobjworld_r_det:H10] epoch=4/10 step=250/1003 loss=0.5315
[train:safeobjworld_r_det:H10] epoch=4/10 step=275/1003 loss=0.5743
[train:safeobjworld_r_det:H10] epoch=4/10 step=300/1003 loss=0.5640
[train:safeobjworld_r_det:H10] epoch=4/10 step=325/1003 loss=0.5795
[train:safeobjworld_r_det:H10] epoch=4/10 step=350/1003 loss=0.5470
[train:safeobjworld_r_det:H10] epoch=4/10 step=375/1003 loss=0.5692
[train:safeobjworld_r_det:H10] epoch=4/10 step=400/1003 loss=0.5590
[train:safeobjworld_r_det:H10] epoch=4/10 step=425/1003 loss=0.5663
[train:safeobjworld_r_det:H10] epoch=4/10 step=450/1003 loss=0.5729
[train:safeobjworld_r_det:H10] epoch=4/10 step=475/1003 loss=0.5664
[train:safeobjworld_r_det:H10] epoch=4/10 step=500/1003 loss=0.5080
[train:safeobjworld_r_det:H10] epoch=4/10 step=525/1003 loss=0.5835
[train:safeobjworld_r_det:H10] epoch=4/10 step=550/1003 loss=0.5606
[train:safeobjworld_r_det:H10] epoch=4/10 step=575/1003 loss=0.6348
[train:safeobjworld_r_det:H10] epoch=4/10 step=600/1003 loss=0.5358
[train:safeobjworld_r_det:H10] epoch=4/10 step=625/1003 loss=0.5156
[train:safeobjworld_r_det:H10] epoch=4/10 step=650/1003 loss=0.6373
[train:safeobjworld_r_det:H10] epoch=4/10 step=675/1003 loss=0.5853
[train:safeobjworld_r_det:H10] epoch=4/10 step=700/1003 loss=0.5873
[train:safeobjworld_r_det:H10] epoch=4/10 step=725/1003 loss=0.5941
[train:safeobjworld_r_det:H10] epoch=4/10 step=750/1003 loss=0.5602
[train:safeobjworld_r_det:H10] epoch=4/10 step=775/1003 loss=0.5620
[train:safeobjworld_r_det:H10] epoch=4/10 step=800/1003 loss=0.5644
[train:safeobjworld_r_det:H10] epoch=4/10 step=825/1003 loss=0.5297
[train:safeobjworld_r_det:H10] epoch=4/10 step=850/1003 loss=0.5425
[train:safeobjworld_r_det:H10] epoch=4/10 step=875/1003 loss=0.5921
[train:safeobjworld_r_det:H10] epoch=4/10 step=900/1003 loss=0.5764
[train:safeobjworld_r_det:H10] epoch=4/10 step=925/1003 loss=0.5577
[train:safeobjworld_r_det:H10] epoch=4/10 step=950/1003 loss=0.5496
[train:safeobjworld_r_det:H10] epoch=4/10 step=975/1003 loss=0.5720
[train:safeobjworld_r_det:H10] epoch=4/10 step=1000/1003 loss=0.5831
[epoch] method=safeobjworld_r_det epoch=4 train=0.5716 val=0.4759 best=0.4759
[train:safeobjworld_r_det:H10] epoch=5/10 step=0/1003 loss=0.4304
[train:safeobjworld_r_det:H10] epoch=5/10 step=25/1003 loss=0.5609
[train:safeobjworld_r_det:H10] epoch=5/10 step=50/1003 loss=0.5921
[train:safeobjworld_r_det:H10] epoch=5/10 step=75/1003 loss=0.6189
[train:safeobjworld_r_det:H10] epoch=5/10 step=100/1003 loss=0.5636
[train:safeobjworld_r_det:H10] epoch=5/10 step=125/1003 loss=0.5345
[train:safeobjworld_r_det:H10] epoch=5/10 step=150/1003 loss=0.5640
[train:safeobjworld_r_det:H10] epoch=5/10 step=175/1003 loss=0.5175
[train:safeobjworld_r_det:H10] epoch=5/10 step=200/1003 loss=0.6031
[train:safeobjworld_r_det:H10] epoch=5/10 step=225/1003 loss=0.5411
[train:safeobjworld_r_det:H10] epoch=5/10 step=250/1003 loss=0.5600
[train:safeobjworld_r_det:H10] epoch=5/10 step=275/1003 loss=0.5474
[train:safeobjworld_r_det:H10] epoch=5/10 step=300/1003 loss=0.5577
[train:safeobjworld_r_det:H10] epoch=5/10 step=325/1003 loss=0.5472
[train:safeobjworld_r_det:H10] epoch=5/10 step=350/1003 loss=0.5833
[train:safeobjworld_r_det:H10] epoch=5/10 step=375/1003 loss=0.5370
[train:safeobjworld_r_det:H10] epoch=5/10 step=400/1003 loss=0.5051
[train:safeobjworld_r_det:H10] epoch=5/10 step=425/1003 loss=0.5693
[train:safeobjworld_r_det:H10] epoch=5/10 step=450/1003 loss=0.5905
[train:safeobjworld_r_det:H10] epoch=5/10 step=475/1003 loss=0.5646
[train:safeobjworld_r_det:H10] epoch=5/10 step=500/1003 loss=0.6141
[train:safeobjworld_r_det:H10] epoch=5/10 step=525/1003 loss=0.5511
[train:safeobjworld_r_det:H10] epoch=5/10 step=550/1003 loss=0.5532
[train:safeobjworld_r_det:H10] epoch=5/10 step=575/1003 loss=0.5636
[train:safeobjworld_r_det:H10] epoch=5/10 step=600/1003 loss=0.5956
[train:safeobjworld_r_det:H10] epoch=5/10 step=625/1003 loss=0.5644
[train:safeobjworld_r_det:H10] epoch=5/10 step=650/1003 loss=0.5448
[train:safeobjworld_r_det:H10] epoch=5/10 step=675/1003 loss=0.5521
[train:safeobjworld_r_det:H10] epoch=5/10 step=700/1003 loss=0.5475
[train:safeobjworld_r_det:H10] epoch=5/10 step=725/1003 loss=0.5830
[train:safeobjworld_r_det:H10] epoch=5/10 step=750/1003 loss=0.5463
[train:safeobjworld_r_det:H10] epoch=5/10 step=775/1003 loss=0.5533
[train:safeobjworld_r_det:H10] epoch=5/10 step=800/1003 loss=0.5459
[train:safeobjworld_r_det:H10] epoch=5/10 step=825/1003 loss=0.5668
[train:safeobjworld_r_det:H10] epoch=5/10 step=850/1003 loss=0.5752
[train:safeobjworld_r_det:H10] epoch=5/10 step=875/1003 loss=0.5744
[train:safeobjworld_r_det:H10] epoch=5/10 step=900/1003 loss=0.5706
[train:safeobjworld_r_det:H10] epoch=5/10 step=925/1003 loss=0.5762
[train:safeobjworld_r_det:H10] epoch=5/10 step=950/1003 loss=0.5655
[train:safeobjworld_r_det:H10] epoch=5/10 step=975/1003 loss=0.5736
[train:safeobjworld_r_det:H10] epoch=5/10 step=1000/1003 loss=0.5584
[epoch] method=safeobjworld_r_det epoch=5 train=0.5613 val=0.4842 best=0.4759
[train:safeobjworld_r_det:H10] epoch=6/10 step=0/1003 loss=0.6100
[train:safeobjworld_r_det:H10] epoch=6/10 step=25/1003 loss=0.5663
[train:safeobjworld_r_det:H10] epoch=6/10 step=50/1003 loss=0.5713
[train:safeobjworld_r_det:H10] epoch=6/10 step=75/1003 loss=0.5051
[train:safeobjworld_r_det:H10] epoch=6/10 step=100/1003 loss=0.5090
[train:safeobjworld_r_det:H10] epoch=6/10 step=125/1003 loss=0.5415
[train:safeobjworld_r_det:H10] epoch=6/10 step=150/1003 loss=0.5594
[train:safeobjworld_r_det:H10] epoch=6/10 step=175/1003 loss=0.5538
[train:safeobjworld_r_det:H10] epoch=6/10 step=200/1003 loss=0.5732
[train:safeobjworld_r_det:H10] epoch=6/10 step=225/1003 loss=0.5848
[train:safeobjworld_r_det:H10] epoch=6/10 step=250/1003 loss=0.5412
[train:safeobjworld_r_det:H10] epoch=6/10 step=275/1003 loss=0.5648
[train:safeobjworld_r_det:H10] epoch=6/10 step=300/1003 loss=0.5952
[train:safeobjworld_r_det:H10] epoch=6/10 step=325/1003 loss=0.5477
[train:safeobjworld_r_det:H10] epoch=6/10 step=350/1003 loss=0.5559
[train:safeobjworld_r_det:H10] epoch=6/10 step=375/1003 loss=0.5313
[train:safeobjworld_r_det:H10] epoch=6/10 step=400/1003 loss=0.5612
[train:safeobjworld_r_det:H10] epoch=6/10 step=425/1003 loss=0.5901
[train:safeobjworld_r_det:H10] epoch=6/10 step=450/1003 loss=0.5399
[train:safeobjworld_r_det:H10] epoch=6/10 step=475/1003 loss=0.5344
[train:safeobjworld_r_det:H10] epoch=6/10 step=500/1003 loss=0.5707
[train:safeobjworld_r_det:H10] epoch=6/10 step=525/1003 loss=0.5337
[train:safeobjworld_r_det:H10] epoch=6/10 step=550/1003 loss=0.5547
[train:safeobjworld_r_det:H10] epoch=6/10 step=575/1003 loss=0.5609
[train:safeobjworld_r_det:H10] epoch=6/10 step=600/1003 loss=0.5751
[train:safeobjworld_r_det:H10] epoch=6/10 step=625/1003 loss=0.5583
[train:safeobjworld_r_det:H10] epoch=6/10 step=650/1003 loss=0.5609
[train:safeobjworld_r_det:H10] epoch=6/10 step=675/1003 loss=0.5482
[train:safeobjworld_r_det:H10] epoch=6/10 step=700/1003 loss=0.5693
[train:safeobjworld_r_det:H10] epoch=6/10 step=725/1003 loss=0.5270
[train:safeobjworld_r_det:H10] epoch=6/10 step=750/1003 loss=0.5501
[train:safeobjworld_r_det:H10] epoch=6/10 step=775/1003 loss=0.5492
[train:safeobjworld_r_det:H10] epoch=6/10 step=800/1003 loss=0.5395
[train:safeobjworld_r_det:H10] epoch=6/10 step=825/1003 loss=0.5232
[train:safeobjworld_r_det:H10] epoch=6/10 step=850/1003 loss=0.5594
[train:safeobjworld_r_det:H10] epoch=6/10 step=875/1003 loss=0.5032
[train:safeobjworld_r_det:H10] epoch=6/10 step=900/1003 loss=0.6004
[train:safeobjworld_r_det:H10] epoch=6/10 step=925/1003 loss=0.5169
[train:safeobjworld_r_det:H10] epoch=6/10 step=950/1003 loss=0.5467
[train:safeobjworld_r_det:H10] epoch=6/10 step=975/1003 loss=0.5906
[train:safeobjworld_r_det:H10] epoch=6/10 step=1000/1003 loss=0.5240
[epoch] method=safeobjworld_r_det epoch=6 train=0.5532 val=0.4826 best=0.4759
[train:safeobjworld_r_det:H10] epoch=7/10 step=0/1003 loss=0.7688
[train:safeobjworld_r_det:H10] epoch=7/10 step=25/1003 loss=0.5732
[train:safeobjworld_r_det:H10] epoch=7/10 step=50/1003 loss=0.5582
[train:safeobjworld_r_det:H10] epoch=7/10 step=75/1003 loss=0.5656
[train:safeobjworld_r_det:H10] epoch=7/10 step=100/1003 loss=0.5386
[train:safeobjworld_r_det:H10] epoch=7/10 step=125/1003 loss=0.5592
[train:safeobjworld_r_det:H10] epoch=7/10 step=150/1003 loss=0.5369
[train:safeobjworld_r_det:H10] epoch=7/10 step=175/1003 loss=0.5795
[train:safeobjworld_r_det:H10] epoch=7/10 step=200/1003 loss=0.5293
[train:safeobjworld_r_det:H10] epoch=7/10 step=225/1003 loss=0.5850
[train:safeobjworld_r_det:H10] epoch=7/10 step=250/1003 loss=0.5685
[train:safeobjworld_r_det:H10] epoch=7/10 step=275/1003 loss=0.5457
[train:safeobjworld_r_det:H10] epoch=7/10 step=300/1003 loss=0.5111
[train:safeobjworld_r_det:H10] epoch=7/10 step=325/1003 loss=0.5235
[train:safeobjworld_r_det:H10] epoch=7/10 step=350/1003 loss=0.5332
[train:safeobjworld_r_det:H10] epoch=7/10 step=375/1003 loss=0.5929
[train:safeobjworld_r_det:H10] epoch=7/10 step=400/1003 loss=0.5585
[train:safeobjworld_r_det:H10] epoch=7/10 step=425/1003 loss=0.5369
[train:safeobjworld_r_det:H10] epoch=7/10 step=450/1003 loss=0.5706
[train:safeobjworld_r_det:H10] epoch=7/10 step=475/1003 loss=0.5596
[train:safeobjworld_r_det:H10] epoch=7/10 step=500/1003 loss=0.5790
[train:safeobjworld_r_det:H10] epoch=7/10 step=525/1003 loss=0.5140
[train:safeobjworld_r_det:H10] epoch=7/10 step=550/1003 loss=0.5259
[train:safeobjworld_r_det:H10] epoch=7/10 step=575/1003 loss=0.5338
[train:safeobjworld_r_det:H10] epoch=7/10 step=600/1003 loss=0.5528
[train:safeobjworld_r_det:H10] epoch=7/10 step=625/1003 loss=0.5420
[train:safeobjworld_r_det:H10] epoch=7/10 step=650/1003 loss=0.5361
[train:safeobjworld_r_det:H10] epoch=7/10 step=675/1003 loss=0.5477
[train:safeobjworld_r_det:H10] epoch=7/10 step=700/1003 loss=0.5770
[train:safeobjworld_r_det:H10] epoch=7/10 step=725/1003 loss=0.5395
[train:safeobjworld_r_det:H10] epoch=7/10 step=750/1003 loss=0.5551
[train:safeobjworld_r_det:H10] epoch=7/10 step=775/1003 loss=0.5586
[train:safeobjworld_r_det:H10] epoch=7/10 step=800/1003 loss=0.5190
[train:safeobjworld_r_det:H10] epoch=7/10 step=825/1003 loss=0.5175
[train:safeobjworld_r_det:H10] epoch=7/10 step=850/1003 loss=0.5430
[train:safeobjworld_r_det:H10] epoch=7/10 step=875/1003 loss=0.5255
[train:safeobjworld_r_det:H10] epoch=7/10 step=900/1003 loss=0.5450
[train:safeobjworld_r_det:H10] epoch=7/10 step=925/1003 loss=0.5517
[train:safeobjworld_r_det:H10] epoch=7/10 step=950/1003 loss=0.5391
[train:safeobjworld_r_det:H10] epoch=7/10 step=975/1003 loss=0.5588
[train:safeobjworld_r_det:H10] epoch=7/10 step=1000/1003 loss=0.5383
[epoch] method=safeobjworld_r_det epoch=7 train=0.5462 val=0.4805 best=0.4759
[train:safeobjworld_r_det:H10] epoch=8/10 step=0/1003 loss=0.6760
[train:safeobjworld_r_det:H10] epoch=8/10 step=25/1003 loss=0.5390
[train:safeobjworld_r_det:H10] epoch=8/10 step=50/1003 loss=0.5194
[train:safeobjworld_r_det:H10] epoch=8/10 step=75/1003 loss=0.5100
[train:safeobjworld_r_det:H10] epoch=8/10 step=100/1003 loss=0.5363
[train:safeobjworld_r_det:H10] epoch=8/10 step=125/1003 loss=0.5325
[train:safeobjworld_r_det:H10] epoch=8/10 step=150/1003 loss=0.5241
[train:safeobjworld_r_det:H10] epoch=8/10 step=175/1003 loss=0.5880
[train:safeobjworld_r_det:H10] epoch=8/10 step=200/1003 loss=0.5287
[train:safeobjworld_r_det:H10] epoch=8/10 step=225/1003 loss=0.5757
[train:safeobjworld_r_det:H10] epoch=8/10 step=250/1003 loss=0.5737
[train:safeobjworld_r_det:H10] epoch=8/10 step=275/1003 loss=0.5173
[train:safeobjworld_r_det:H10] epoch=8/10 step=300/1003 loss=0.5397
[train:safeobjworld_r_det:H10] epoch=8/10 step=325/1003 loss=0.5323
[train:safeobjworld_r_det:H10] epoch=8/10 step=350/1003 loss=0.5663
[train:safeobjworld_r_det:H10] epoch=8/10 step=375/1003 loss=0.5662
[train:safeobjworld_r_det:H10] epoch=8/10 step=400/1003 loss=0.5369
[train:safeobjworld_r_det:H10] epoch=8/10 step=425/1003 loss=0.5200
[train:safeobjworld_r_det:H10] epoch=8/10 step=450/1003 loss=0.5401
[train:safeobjworld_r_det:H10] epoch=8/10 step=475/1003 loss=0.5294
[train:safeobjworld_r_det:H10] epoch=8/10 step=500/1003 loss=0.5207
[train:safeobjworld_r_det:H10] epoch=8/10 step=525/1003 loss=0.5551
[train:safeobjworld_r_det:H10] epoch=8/10 step=550/1003 loss=0.5280
[train:safeobjworld_r_det:H10] epoch=8/10 step=575/1003 loss=0.5031
[train:safeobjworld_r_det:H10] epoch=8/10 step=600/1003 loss=0.5032
[train:safeobjworld_r_det:H10] epoch=8/10 step=625/1003 loss=0.5186
[train:safeobjworld_r_det:H10] epoch=8/10 step=650/1003 loss=0.5236
[train:safeobjworld_r_det:H10] epoch=8/10 step=675/1003 loss=0.5338
[train:safeobjworld_r_det:H10] epoch=8/10 step=700/1003 loss=0.5536
[train:safeobjworld_r_det:H10] epoch=8/10 step=725/1003 loss=0.5374
[train:safeobjworld_r_det:H10] epoch=8/10 step=750/1003 loss=0.5298
[train:safeobjworld_r_det:H10] epoch=8/10 step=775/1003 loss=0.5890
[train:safeobjworld_r_det:H10] epoch=8/10 step=800/1003 loss=0.5583
[train:safeobjworld_r_det:H10] epoch=8/10 step=825/1003 loss=0.5377
[train:safeobjworld_r_det:H10] epoch=8/10 step=850/1003 loss=0.5790
[train:safeobjworld_r_det:H10] epoch=8/10 step=875/1003 loss=0.5372
[train:safeobjworld_r_det:H10] epoch=8/10 step=900/1003 loss=0.5198
[train:safeobjworld_r_det:H10] epoch=8/10 step=925/1003 loss=0.5571
[train:safeobjworld_r_det:H10] epoch=8/10 step=950/1003 loss=0.5389
[train:safeobjworld_r_det:H10] epoch=8/10 step=975/1003 loss=0.5800
[train:safeobjworld_r_det:H10] epoch=8/10 step=1000/1003 loss=0.5543
[epoch] method=safeobjworld_r_det epoch=8 train=0.5382 val=0.4784 best=0.4759
[train:safeobjworld_r_det:H10] epoch=9/10 step=0/1003 loss=0.5496
[train:safeobjworld_r_det:H10] epoch=9/10 step=25/1003 loss=0.5051
[train:safeobjworld_r_det:H10] epoch=9/10 step=50/1003 loss=0.5682
[train:safeobjworld_r_det:H10] epoch=9/10 step=75/1003 loss=0.5337
[train:safeobjworld_r_det:H10] epoch=9/10 step=100/1003 loss=0.5610
[train:safeobjworld_r_det:H10] epoch=9/10 step=125/1003 loss=0.5460
[train:safeobjworld_r_det:H10] epoch=9/10 step=150/1003 loss=0.4898
[train:safeobjworld_r_det:H10] epoch=9/10 step=175/1003 loss=0.5588
[train:safeobjworld_r_det:H10] epoch=9/10 step=200/1003 loss=0.5426
[train:safeobjworld_r_det:H10] epoch=9/10 step=225/1003 loss=0.4930
[train:safeobjworld_r_det:H10] epoch=9/10 step=250/1003 loss=0.5321
[train:safeobjworld_r_det:H10] epoch=9/10 step=275/1003 loss=0.5061
[train:safeobjworld_r_det:H10] epoch=9/10 step=300/1003 loss=0.5200
[train:safeobjworld_r_det:H10] epoch=9/10 step=325/1003 loss=0.5097
[train:safeobjworld_r_det:H10] epoch=9/10 step=350/1003 loss=0.5303
[train:safeobjworld_r_det:H10] epoch=9/10 step=375/1003 loss=0.5440
[train:safeobjworld_r_det:H10] epoch=9/10 step=400/1003 loss=0.5153
[train:safeobjworld_r_det:H10] epoch=9/10 step=425/1003 loss=0.5314
[train:safeobjworld_r_det:H10] epoch=9/10 step=450/1003 loss=0.5651
[train:safeobjworld_r_det:H10] epoch=9/10 step=475/1003 loss=0.5070
[train:safeobjworld_r_det:H10] epoch=9/10 step=500/1003 loss=0.5611
[train:safeobjworld_r_det:H10] epoch=9/10 step=525/1003 loss=0.5382
[train:safeobjworld_r_det:H10] epoch=9/10 step=550/1003 loss=0.5514
[train:safeobjworld_r_det:H10] epoch=9/10 step=575/1003 loss=0.5991
[train:safeobjworld_r_det:H10] epoch=9/10 step=600/1003 loss=0.5116
[train:safeobjworld_r_det:H10] epoch=9/10 step=625/1003 loss=0.5117
[train:safeobjworld_r_det:H10] epoch=9/10 step=650/1003 loss=0.5198
[train:safeobjworld_r_det:H10] epoch=9/10 step=675/1003 loss=0.5205
[train:safeobjworld_r_det:H10] epoch=9/10 step=700/1003 loss=0.5582
[train:safeobjworld_r_det:H10] epoch=9/10 step=725/1003 loss=0.5396
[train:safeobjworld_r_det:H10] epoch=9/10 step=750/1003 loss=0.5410
[train:safeobjworld_r_det:H10] epoch=9/10 step=775/1003 loss=0.5376
[train:safeobjworld_r_det:H10] epoch=9/10 step=800/1003 loss=0.5811
[train:safeobjworld_r_det:H10] epoch=9/10 step=825/1003 loss=0.5358
[train:safeobjworld_r_det:H10] epoch=9/10 step=850/1003 loss=0.5458
[train:safeobjworld_r_det:H10] epoch=9/10 step=875/1003 loss=0.5393
[train:safeobjworld_r_det:H10] epoch=9/10 step=900/1003 loss=0.5607
[train:safeobjworld_r_det:H10] epoch=9/10 step=925/1003 loss=0.5401
[train:safeobjworld_r_det:H10] epoch=9/10 step=950/1003 loss=0.5371
[train:safeobjworld_r_det:H10] epoch=9/10 step=975/1003 loss=0.5284
[train:safeobjworld_r_det:H10] epoch=9/10 step=1000/1003 loss=0.5204
[epoch] method=safeobjworld_r_det epoch=9 train=0.5327 val=0.4785 best=0.4759
[train:safeobjworld_r_det:H10] epoch=10/10 step=0/1003 loss=0.4388
[train:safeobjworld_r_det:H10] epoch=10/10 step=25/1003 loss=0.5149
[train:safeobjworld_r_det:H10] epoch=10/10 step=50/1003 loss=0.5284
[train:safeobjworld_r_det:H10] epoch=10/10 step=75/1003 loss=0.5112
[train:safeobjworld_r_det:H10] epoch=10/10 step=100/1003 loss=0.5363
[train:safeobjworld_r_det:H10] epoch=10/10 step=125/1003 loss=0.5120
[train:safeobjworld_r_det:H10] epoch=10/10 step=150/1003 loss=0.4969
[train:safeobjworld_r_det:H10] epoch=10/10 step=175/1003 loss=0.5228
[train:safeobjworld_r_det:H10] epoch=10/10 step=200/1003 loss=0.5348
[train:safeobjworld_r_det:H10] epoch=10/10 step=225/1003 loss=0.5119
[train:safeobjworld_r_det:H10] epoch=10/10 step=250/1003 loss=0.4964
[train:safeobjworld_r_det:H10] epoch=10/10 step=275/1003 loss=0.5866
[train:safeobjworld_r_det:H10] epoch=10/10 step=300/1003 loss=0.5261
[train:safeobjworld_r_det:H10] epoch=10/10 step=325/1003 loss=0.5483
[train:safeobjworld_r_det:H10] epoch=10/10 step=350/1003 loss=0.5250
[train:safeobjworld_r_det:H10] epoch=10/10 step=375/1003 loss=0.5508
[train:safeobjworld_r_det:H10] epoch=10/10 step=400/1003 loss=0.5616
[train:safeobjworld_r_det:H10] epoch=10/10 step=425/1003 loss=0.5332
[train:safeobjworld_r_det:H10] epoch=10/10 step=450/1003 loss=0.5243
[train:safeobjworld_r_det:H10] epoch=10/10 step=475/1003 loss=0.5402
[train:safeobjworld_r_det:H10] epoch=10/10 step=500/1003 loss=0.5339
[train:safeobjworld_r_det:H10] epoch=10/10 step=525/1003 loss=0.5393
[train:safeobjworld_r_det:H10] epoch=10/10 step=550/1003 loss=0.5387
[train:safeobjworld_r_det:H10] epoch=10/10 step=575/1003 loss=0.5368
[train:safeobjworld_r_det:H10] epoch=10/10 step=600/1003 loss=0.5077
[train:safeobjworld_r_det:H10] epoch=10/10 step=625/1003 loss=0.5062
[train:safeobjworld_r_det:H10] epoch=10/10 step=650/1003 loss=0.5081
[train:safeobjworld_r_det:H10] epoch=10/10 step=675/1003 loss=0.5568
[train:safeobjworld_r_det:H10] epoch=10/10 step=700/1003 loss=0.5342
[train:safeobjworld_r_det:H10] epoch=10/10 step=725/1003 loss=0.5317
[train:safeobjworld_r_det:H10] epoch=10/10 step=750/1003 loss=0.5101
[train:safeobjworld_r_det:H10] epoch=10/10 step=775/1003 loss=0.5273
[train:safeobjworld_r_det:H10] epoch=10/10 step=800/1003 loss=0.5063
[train:safeobjworld_r_det:H10] epoch=10/10 step=825/1003 loss=0.5301
[train:safeobjworld_r_det:H10] epoch=10/10 step=850/1003 loss=0.5194
[train:safeobjworld_r_det:H10] epoch=10/10 step=875/1003 loss=0.4931
[train:safeobjworld_r_det:H10] epoch=10/10 step=900/1003 loss=0.5202
[train:safeobjworld_r_det:H10] epoch=10/10 step=925/1003 loss=0.5239
[train:safeobjworld_r_det:H10] epoch=10/10 step=950/1003 loss=0.5651
[train:safeobjworld_r_det:H10] epoch=10/10 step=975/1003 loss=0.4827
[train:safeobjworld_r_det:H10] epoch=10/10 step=1000/1003 loss=0.4937
[epoch] method=safeobjworld_r_det epoch=10 train=0.5274 val=0.4773 best=0.4759
[done train] /home/tahiti/SafeObjWorld/runs_v2_full/models/safeobjworld_r_det/H10/best.pt
