====================================================================================================
SafeObjWorld V2 runner
{
  "mode": "train",
  "dataset_root": "/home/tahiti/SafeObjWorld/data/DAVIS2017",
  "run_root": "/home/tahiti/SafeObjWorld/runs_v2_full",
  "year": "2017",
  "method": "safeobjworld_r_mask_only",
  "stress": "clean",
  "prefix_len": 3,
  "max_h": 10,
  "image_size": 192,
  "batch_size": 8,
  "epochs": 10,
  "lr": 0.0002,
  "weight_decay": 0.0001,
  "max_train_samples": 0,
  "max_val_samples": 0,
  "num_workers": 4,
  "seed": 42,
  "eval_k_override": 0,
  "amp": true,
  "cpu": false,
  "skip_existing": true,
  "log_every": 25
}
====================================================================================================
[train] method=safeobjworld_r_mask_only device=cuda cfg={'stress_train': True, 'temporal_weight': 0.05, 'split_weight': 0.005, 'area_weight': 0.1, 'mc_eval': True, 'eval_k': 5}
[train:safeobjworld_r_mask_only:H10] epoch=1/10 step=0/1003 loss=1.6619
[train:safeobjworld_r_mask_only:H10] epoch=1/10 step=25/1003 loss=1.5977
[train:safeobjworld_r_mask_only:H10] epoch=1/10 step=50/1003 loss=1.0593
[train:safeobjworld_r_mask_only:H10] epoch=1/10 step=75/1003 loss=0.7524
[train:safeobjworld_r_mask_only:H10] epoch=1/10 step=100/1003 loss=0.7751
[train:safeobjworld_r_mask_only:H10] epoch=1/10 step=125/1003 loss=0.7672
[train:safeobjworld_r_mask_only:H10] epoch=1/10 step=150/1003 loss=0.6976
[train:safeobjworld_r_mask_only:H10] epoch=1/10 step=175/1003 loss=0.6804
[train:safeobjworld_r_mask_only:H10] epoch=1/10 step=200/1003 loss=0.6736
[train:safeobjworld_r_mask_only:H10] epoch=1/10 step=225/1003 loss=0.7123
[train:safeobjworld_r_mask_only:H10] epoch=1/10 step=250/1003 loss=0.6977
[train:safeobjworld_r_mask_only:H10] epoch=1/10 step=275/1003 loss=0.6794
[train:safeobjworld_r_mask_only:H10] epoch=1/10 step=300/1003 loss=0.7453
[train:safeobjworld_r_mask_only:H10] epoch=1/10 step=325/1003 loss=0.6962
[train:safeobjworld_r_mask_only:H10] epoch=1/10 step=350/1003 loss=0.6852
[train:safeobjworld_r_mask_only:H10] epoch=1/10 step=375/1003 loss=0.6707
[train:safeobjworld_r_mask_only:H10] epoch=1/10 step=400/1003 loss=0.6911
[train:safeobjworld_r_mask_only:H10] epoch=1/10 step=425/1003 loss=0.6828
[train:safeobjworld_r_mask_only:H10] epoch=1/10 step=450/1003 loss=0.6625
[train:safeobjworld_r_mask_only:H10] epoch=1/10 step=475/1003 loss=0.6457
[train:safeobjworld_r_mask_only:H10] epoch=1/10 step=500/1003 loss=0.6746
[train:safeobjworld_r_mask_only:H10] epoch=1/10 step=525/1003 loss=0.6568
[train:safeobjworld_r_mask_only:H10] epoch=1/10 step=550/1003 loss=0.6375
[train:safeobjworld_r_mask_only:H10] epoch=1/10 step=575/1003 loss=0.6338
[train:safeobjworld_r_mask_only:H10] epoch=1/10 step=600/1003 loss=0.6166
[train:safeobjworld_r_mask_only:H10] epoch=1/10 step=625/1003 loss=0.6211
[train:safeobjworld_r_mask_only:H10] epoch=1/10 step=650/1003 loss=0.6555
[train:safeobjworld_r_mask_only:H10] epoch=1/10 step=675/1003 loss=0.6311
[train:safeobjworld_r_mask_only:H10] epoch=1/10 step=700/1003 loss=0.6466
[train:safeobjworld_r_mask_only:H10] epoch=1/10 step=725/1003 loss=0.6485
[train:safeobjworld_r_mask_only:H10] epoch=1/10 step=750/1003 loss=0.6327
[train:safeobjworld_r_mask_only:H10] epoch=1/10 step=775/1003 loss=0.6405
[train:safeobjworld_r_mask_only:H10] epoch=1/10 step=800/1003 loss=0.6533
[train:safeobjworld_r_mask_only:H10] epoch=1/10 step=825/1003 loss=0.6528
[train:safeobjworld_r_mask_only:H10] epoch=1/10 step=850/1003 loss=0.6209
[train:safeobjworld_r_mask_only:H10] epoch=1/10 step=875/1003 loss=0.6774
[train:safeobjworld_r_mask_only:H10] epoch=1/10 step=900/1003 loss=0.6138
[train:safeobjworld_r_mask_only:H10] epoch=1/10 step=925/1003 loss=0.6357
[train:safeobjworld_r_mask_only:H10] epoch=1/10 step=950/1003 loss=0.6429
[train:safeobjworld_r_mask_only:H10] epoch=1/10 step=975/1003 loss=0.6580
[train:safeobjworld_r_mask_only:H10] epoch=1/10 step=1000/1003 loss=0.6181
[epoch] method=safeobjworld_r_mask_only epoch=1 train=0.7054 val=0.5095 best=0.5095
[train:safeobjworld_r_mask_only:H10] epoch=2/10 step=0/1003 loss=0.5121
[train:safeobjworld_r_mask_only:H10] epoch=2/10 step=25/1003 loss=0.6503
[train:safeobjworld_r_mask_only:H10] epoch=2/10 step=50/1003 loss=0.6133
[train:safeobjworld_r_mask_only:H10] epoch=2/10 step=75/1003 loss=0.6401
[train:safeobjworld_r_mask_only:H10] epoch=2/10 step=100/1003 loss=0.6268
[train:safeobjworld_r_mask_only:H10] epoch=2/10 step=125/1003 loss=0.6256
[train:safeobjworld_r_mask_only:H10] epoch=2/10 step=150/1003 loss=0.6402
[train:safeobjworld_r_mask_only:H10] epoch=2/10 step=175/1003 loss=0.6645
[train:safeobjworld_r_mask_only:H10] epoch=2/10 step=200/1003 loss=0.6592
[train:safeobjworld_r_mask_only:H10] epoch=2/10 step=225/1003 loss=0.6207
[train:safeobjworld_r_mask_only:H10] epoch=2/10 step=250/1003 loss=0.5906
[train:safeobjworld_r_mask_only:H10] epoch=2/10 step=275/1003 loss=0.6121
[train:safeobjworld_r_mask_only:H10] epoch=2/10 step=300/1003 loss=0.6067
[train:safeobjworld_r_mask_only:H10] epoch=2/10 step=325/1003 loss=0.6147
[train:safeobjworld_r_mask_only:H10] epoch=2/10 step=350/1003 loss=0.6372
[train:safeobjworld_r_mask_only:H10] epoch=2/10 step=375/1003 loss=0.6099
[train:safeobjworld_r_mask_only:H10] epoch=2/10 step=400/1003 loss=0.6535
[train:safeobjworld_r_mask_only:H10] epoch=2/10 step=425/1003 loss=0.6419
[train:safeobjworld_r_mask_only:H10] epoch=2/10 step=450/1003 loss=0.6220
[train:safeobjworld_r_mask_only:H10] epoch=2/10 step=475/1003 loss=0.6319
[train:safeobjworld_r_mask_only:H10] epoch=2/10 step=500/1003 loss=0.6456
[train:safeobjworld_r_mask_only:H10] epoch=2/10 step=525/1003 loss=0.6146
[train:safeobjworld_r_mask_only:H10] epoch=2/10 step=550/1003 loss=0.6808
[train:safeobjworld_r_mask_only:H10] epoch=2/10 step=575/1003 loss=0.5981
[train:safeobjworld_r_mask_only:H10] epoch=2/10 step=600/1003 loss=0.5703
[train:safeobjworld_r_mask_only:H10] epoch=2/10 step=625/1003 loss=0.6664
[train:safeobjworld_r_mask_only:H10] epoch=2/10 step=650/1003 loss=0.6184
[train:safeobjworld_r_mask_only:H10] epoch=2/10 step=675/1003 loss=0.6690
[train:safeobjworld_r_mask_only:H10] epoch=2/10 step=700/1003 loss=0.6277
[train:safeobjworld_r_mask_only:H10] epoch=2/10 step=725/1003 loss=0.6083
[train:safeobjworld_r_mask_only:H10] epoch=2/10 step=750/1003 loss=0.5672
[train:safeobjworld_r_mask_only:H10] epoch=2/10 step=775/1003 loss=0.6445
[train:safeobjworld_r_mask_only:H10] epoch=2/10 step=800/1003 loss=0.6398
[train:safeobjworld_r_mask_only:H10] epoch=2/10 step=825/1003 loss=0.6598
[train:safeobjworld_r_mask_only:H10] epoch=2/10 step=850/1003 loss=0.5868
[train:safeobjworld_r_mask_only:H10] epoch=2/10 step=875/1003 loss=0.6191
[train:safeobjworld_r_mask_only:H10] epoch=2/10 step=900/1003 loss=0.6441
[train:safeobjworld_r_mask_only:H10] epoch=2/10 step=925/1003 loss=0.6120
[train:safeobjworld_r_mask_only:H10] epoch=2/10 step=950/1003 loss=0.6359
[train:safeobjworld_r_mask_only:H10] epoch=2/10 step=975/1003 loss=0.6045
[train:safeobjworld_r_mask_only:H10] epoch=2/10 step=1000/1003 loss=0.5879
[epoch] method=safeobjworld_r_mask_only epoch=2 train=0.6258 val=0.4943 best=0.4943
[train:safeobjworld_r_mask_only:H10] epoch=3/10 step=0/1003 loss=0.6416
[train:safeobjworld_r_mask_only:H10] epoch=3/10 step=25/1003 loss=0.6060
[train:safeobjworld_r_mask_only:H10] epoch=3/10 step=50/1003 loss=0.5911
[train:safeobjworld_r_mask_only:H10] epoch=3/10 step=75/1003 loss=0.5998
[train:safeobjworld_r_mask_only:H10] epoch=3/10 step=100/1003 loss=0.6308
[train:safeobjworld_r_mask_only:H10] epoch=3/10 step=125/1003 loss=0.6525
[train:safeobjworld_r_mask_only:H10] epoch=3/10 step=150/1003 loss=0.6405
[train:safeobjworld_r_mask_only:H10] epoch=3/10 step=175/1003 loss=0.5984
[train:safeobjworld_r_mask_only:H10] epoch=3/10 step=200/1003 loss=0.5957
[train:safeobjworld_r_mask_only:H10] epoch=3/10 step=225/1003 loss=0.6122
[train:safeobjworld_r_mask_only:H10] epoch=3/10 step=250/1003 loss=0.6055
[train:safeobjworld_r_mask_only:H10] epoch=3/10 step=275/1003 loss=0.6453
[train:safeobjworld_r_mask_only:H10] epoch=3/10 step=300/1003 loss=0.6366
[train:safeobjworld_r_mask_only:H10] epoch=3/10 step=325/1003 loss=0.6103
[train:safeobjworld_r_mask_only:H10] epoch=3/10 step=350/1003 loss=0.5795
[train:safeobjworld_r_mask_only:H10] epoch=3/10 step=375/1003 loss=0.5890
[train:safeobjworld_r_mask_only:H10] epoch=3/10 step=400/1003 loss=0.6242
[train:safeobjworld_r_mask_only:H10] epoch=3/10 step=425/1003 loss=0.6013
[train:safeobjworld_r_mask_only:H10] epoch=3/10 step=450/1003 loss=0.5982
[train:safeobjworld_r_mask_only:H10] epoch=3/10 step=475/1003 loss=0.6575
[train:safeobjworld_r_mask_only:H10] epoch=3/10 step=500/1003 loss=0.5921
[train:safeobjworld_r_mask_only:H10] epoch=3/10 step=525/1003 loss=0.5803
[train:safeobjworld_r_mask_only:H10] epoch=3/10 step=550/1003 loss=0.6185
[train:safeobjworld_r_mask_only:H10] epoch=3/10 step=575/1003 loss=0.5880
[train:safeobjworld_r_mask_only:H10] epoch=3/10 step=600/1003 loss=0.6258
[train:safeobjworld_r_mask_only:H10] epoch=3/10 step=625/1003 loss=0.6424
[train:safeobjworld_r_mask_only:H10] epoch=3/10 step=650/1003 loss=0.6242
[train:safeobjworld_r_mask_only:H10] epoch=3/10 step=675/1003 loss=0.6209
[train:safeobjworld_r_mask_only:H10] epoch=3/10 step=700/1003 loss=0.6132
[train:safeobjworld_r_mask_only:H10] epoch=3/10 step=725/1003 loss=0.6086
[train:safeobjworld_r_mask_only:H10] epoch=3/10 step=750/1003 loss=0.6235
[train:safeobjworld_r_mask_only:H10] epoch=3/10 step=775/1003 loss=0.5899
[train:safeobjworld_r_mask_only:H10] epoch=3/10 step=800/1003 loss=0.6050
[train:safeobjworld_r_mask_only:H10] epoch=3/10 step=825/1003 loss=0.6119
[train:safeobjworld_r_mask_only:H10] epoch=3/10 step=850/1003 loss=0.6058
[train:safeobjworld_r_mask_only:H10] epoch=3/10 step=875/1003 loss=0.5884
[train:safeobjworld_r_mask_only:H10] epoch=3/10 step=900/1003 loss=0.5921
[train:safeobjworld_r_mask_only:H10] epoch=3/10 step=925/1003 loss=0.5731
[train:safeobjworld_r_mask_only:H10] epoch=3/10 step=950/1003 loss=0.5933
[train:safeobjworld_r_mask_only:H10] epoch=3/10 step=975/1003 loss=0.5873
[train:safeobjworld_r_mask_only:H10] epoch=3/10 step=1000/1003 loss=0.6394
[epoch] method=safeobjworld_r_mask_only epoch=3 train=0.6107 val=0.4898 best=0.4898
[train:safeobjworld_r_mask_only:H10] epoch=4/10 step=0/1003 loss=0.8573
[train:safeobjworld_r_mask_only:H10] epoch=4/10 step=25/1003 loss=0.6260
[train:safeobjworld_r_mask_only:H10] epoch=4/10 step=50/1003 loss=0.6225
[train:safeobjworld_r_mask_only:H10] epoch=4/10 step=75/1003 loss=0.5798
[train:safeobjworld_r_mask_only:H10] epoch=4/10 step=100/1003 loss=0.6144
[train:safeobjworld_r_mask_only:H10] epoch=4/10 step=125/1003 loss=0.6361
[train:safeobjworld_r_mask_only:H10] epoch=4/10 step=150/1003 loss=0.6199
[train:safeobjworld_r_mask_only:H10] epoch=4/10 step=175/1003 loss=0.6094
[train:safeobjworld_r_mask_only:H10] epoch=4/10 step=200/1003 loss=0.6076
[train:safeobjworld_r_mask_only:H10] epoch=4/10 step=225/1003 loss=0.5911
[train:safeobjworld_r_mask_only:H10] epoch=4/10 step=250/1003 loss=0.6334
[train:safeobjworld_r_mask_only:H10] epoch=4/10 step=275/1003 loss=0.6042
[train:safeobjworld_r_mask_only:H10] epoch=4/10 step=300/1003 loss=0.5767
[train:safeobjworld_r_mask_only:H10] epoch=4/10 step=325/1003 loss=0.6009
[train:safeobjworld_r_mask_only:H10] epoch=4/10 step=350/1003 loss=0.5916
[train:safeobjworld_r_mask_only:H10] epoch=4/10 step=375/1003 loss=0.5973
[train:safeobjworld_r_mask_only:H10] epoch=4/10 step=400/1003 loss=0.5710
[train:safeobjworld_r_mask_only:H10] epoch=4/10 step=425/1003 loss=0.6274
[train:safeobjworld_r_mask_only:H10] epoch=4/10 step=450/1003 loss=0.6033
[train:safeobjworld_r_mask_only:H10] epoch=4/10 step=475/1003 loss=0.6180
[train:safeobjworld_r_mask_only:H10] epoch=4/10 step=500/1003 loss=0.5784
[train:safeobjworld_r_mask_only:H10] epoch=4/10 step=525/1003 loss=0.5949
[train:safeobjworld_r_mask_only:H10] epoch=4/10 step=550/1003 loss=0.6126
[train:safeobjworld_r_mask_only:H10] epoch=4/10 step=575/1003 loss=0.5969
[train:safeobjworld_r_mask_only:H10] epoch=4/10 step=600/1003 loss=0.5964
[train:safeobjworld_r_mask_only:H10] epoch=4/10 step=625/1003 loss=0.6587
[train:safeobjworld_r_mask_only:H10] epoch=4/10 step=650/1003 loss=0.5875
[train:safeobjworld_r_mask_only:H10] epoch=4/10 step=675/1003 loss=0.5872
[train:safeobjworld_r_mask_only:H10] epoch=4/10 step=700/1003 loss=0.5767
[train:safeobjworld_r_mask_only:H10] epoch=4/10 step=725/1003 loss=0.6009
[train:safeobjworld_r_mask_only:H10] epoch=4/10 step=750/1003 loss=0.5830
[train:safeobjworld_r_mask_only:H10] epoch=4/10 step=775/1003 loss=0.5859
[train:safeobjworld_r_mask_only:H10] epoch=4/10 step=800/1003 loss=0.5855
[train:safeobjworld_r_mask_only:H10] epoch=4/10 step=825/1003 loss=0.5794
[train:safeobjworld_r_mask_only:H10] epoch=4/10 step=850/1003 loss=0.5693
[train:safeobjworld_r_mask_only:H10] epoch=4/10 step=875/1003 loss=0.6318
[train:safeobjworld_r_mask_only:H10] epoch=4/10 step=900/1003 loss=0.5794
[train:safeobjworld_r_mask_only:H10] epoch=4/10 step=925/1003 loss=0.5787
[train:safeobjworld_r_mask_only:H10] epoch=4/10 step=950/1003 loss=0.5811
[train:safeobjworld_r_mask_only:H10] epoch=4/10 step=975/1003 loss=0.6142
[train:safeobjworld_r_mask_only:H10] epoch=4/10 step=1000/1003 loss=0.6244
[epoch] method=safeobjworld_r_mask_only epoch=4 train=0.6012 val=0.4910 best=0.4898
[train:safeobjworld_r_mask_only:H10] epoch=5/10 step=0/1003 loss=0.7963
[train:safeobjworld_r_mask_only:H10] epoch=5/10 step=25/1003 loss=0.5833
[train:safeobjworld_r_mask_only:H10] epoch=5/10 step=50/1003 loss=0.5814
[train:safeobjworld_r_mask_only:H10] epoch=5/10 step=75/1003 loss=0.5578
[train:safeobjworld_r_mask_only:H10] epoch=5/10 step=100/1003 loss=0.5436
[train:safeobjworld_r_mask_only:H10] epoch=5/10 step=125/1003 loss=0.5988
[train:safeobjworld_r_mask_only:H10] epoch=5/10 step=150/1003 loss=0.5760
[train:safeobjworld_r_mask_only:H10] epoch=5/10 step=175/1003 loss=0.6220
[train:safeobjworld_r_mask_only:H10] epoch=5/10 step=200/1003 loss=0.5999
[train:safeobjworld_r_mask_only:H10] epoch=5/10 step=225/1003 loss=0.6258
[train:safeobjworld_r_mask_only:H10] epoch=5/10 step=250/1003 loss=0.6092
[train:safeobjworld_r_mask_only:H10] epoch=5/10 step=275/1003 loss=0.5564
[train:safeobjworld_r_mask_only:H10] epoch=5/10 step=300/1003 loss=0.5906
[train:safeobjworld_r_mask_only:H10] epoch=5/10 step=325/1003 loss=0.6291
[train:safeobjworld_r_mask_only:H10] epoch=5/10 step=350/1003 loss=0.6069
[train:safeobjworld_r_mask_only:H10] epoch=5/10 step=375/1003 loss=0.5985
[train:safeobjworld_r_mask_only:H10] epoch=5/10 step=400/1003 loss=0.5950
[train:safeobjworld_r_mask_only:H10] epoch=5/10 step=425/1003 loss=0.6099
[train:safeobjworld_r_mask_only:H10] epoch=5/10 step=450/1003 loss=0.6012
[train:safeobjworld_r_mask_only:H10] epoch=5/10 step=475/1003 loss=0.5618
[train:safeobjworld_r_mask_only:H10] epoch=5/10 step=500/1003 loss=0.5920
[train:safeobjworld_r_mask_only:H10] epoch=5/10 step=525/1003 loss=0.6046
[train:safeobjworld_r_mask_only:H10] epoch=5/10 step=550/1003 loss=0.5648
[train:safeobjworld_r_mask_only:H10] epoch=5/10 step=575/1003 loss=0.5988
[train:safeobjworld_r_mask_only:H10] epoch=5/10 step=600/1003 loss=0.5806
[train:safeobjworld_r_mask_only:H10] epoch=5/10 step=625/1003 loss=0.6200
[train:safeobjworld_r_mask_only:H10] epoch=5/10 step=650/1003 loss=0.6555
[train:safeobjworld_r_mask_only:H10] epoch=5/10 step=675/1003 loss=0.5935
[train:safeobjworld_r_mask_only:H10] epoch=5/10 step=700/1003 loss=0.5909
[train:safeobjworld_r_mask_only:H10] epoch=5/10 step=725/1003 loss=0.5853
[train:safeobjworld_r_mask_only:H10] epoch=5/10 step=750/1003 loss=0.6084
[train:safeobjworld_r_mask_only:H10] epoch=5/10 step=775/1003 loss=0.5952
[train:safeobjworld_r_mask_only:H10] epoch=5/10 step=800/1003 loss=0.6004
[train:safeobjworld_r_mask_only:H10] epoch=5/10 step=825/1003 loss=0.5852
[train:safeobjworld_r_mask_only:H10] epoch=5/10 step=850/1003 loss=0.6117
[train:safeobjworld_r_mask_only:H10] epoch=5/10 step=875/1003 loss=0.5747
[train:safeobjworld_r_mask_only:H10] epoch=5/10 step=900/1003 loss=0.5912
[train:safeobjworld_r_mask_only:H10] epoch=5/10 step=925/1003 loss=0.5500
[train:safeobjworld_r_mask_only:H10] epoch=5/10 step=950/1003 loss=0.5920
[train:safeobjworld_r_mask_only:H10] epoch=5/10 step=975/1003 loss=0.5991
[train:safeobjworld_r_mask_only:H10] epoch=5/10 step=1000/1003 loss=0.5866
[epoch] method=safeobjworld_r_mask_only epoch=5 train=0.5933 val=0.4796 best=0.4796
[train:safeobjworld_r_mask_only:H10] epoch=6/10 step=0/1003 loss=0.6306
[train:safeobjworld_r_mask_only:H10] epoch=6/10 step=25/1003 loss=0.5927
[train:safeobjworld_r_mask_only:H10] epoch=6/10 step=50/1003 loss=0.6223
[train:safeobjworld_r_mask_only:H10] epoch=6/10 step=75/1003 loss=0.5885
[train:safeobjworld_r_mask_only:H10] epoch=6/10 step=100/1003 loss=0.5700
[train:safeobjworld_r_mask_only:H10] epoch=6/10 step=125/1003 loss=0.5412
[train:safeobjworld_r_mask_only:H10] epoch=6/10 step=150/1003 loss=0.5777
[train:safeobjworld_r_mask_only:H10] epoch=6/10 step=175/1003 loss=0.5922
[train:safeobjworld_r_mask_only:H10] epoch=6/10 step=200/1003 loss=0.6015
[train:safeobjworld_r_mask_only:H10] epoch=6/10 step=225/1003 loss=0.5657
[train:safeobjworld_r_mask_only:H10] epoch=6/10 step=250/1003 loss=0.5886
[train:safeobjworld_r_mask_only:H10] epoch=6/10 step=275/1003 loss=0.5809
[train:safeobjworld_r_mask_only:H10] epoch=6/10 step=300/1003 loss=0.6520
[train:safeobjworld_r_mask_only:H10] epoch=6/10 step=325/1003 loss=0.5634
[train:safeobjworld_r_mask_only:H10] epoch=6/10 step=350/1003 loss=0.5128
[train:safeobjworld_r_mask_only:H10] epoch=6/10 step=375/1003 loss=0.5901
[train:safeobjworld_r_mask_only:H10] epoch=6/10 step=400/1003 loss=0.6056
[train:safeobjworld_r_mask_only:H10] epoch=6/10 step=425/1003 loss=0.6078
[train:safeobjworld_r_mask_only:H10] epoch=6/10 step=450/1003 loss=0.5825
[train:safeobjworld_r_mask_only:H10] epoch=6/10 step=475/1003 loss=0.5794
[train:safeobjworld_r_mask_only:H10] epoch=6/10 step=500/1003 loss=0.5976
[train:safeobjworld_r_mask_only:H10] epoch=6/10 step=525/1003 loss=0.5989
[train:safeobjworld_r_mask_only:H10] epoch=6/10 step=550/1003 loss=0.6195
[train:safeobjworld_r_mask_only:H10] epoch=6/10 step=575/1003 loss=0.5831
[train:safeobjworld_r_mask_only:H10] epoch=6/10 step=600/1003 loss=0.5773
[train:safeobjworld_r_mask_only:H10] epoch=6/10 step=625/1003 loss=0.5629
[train:safeobjworld_r_mask_only:H10] epoch=6/10 step=650/1003 loss=0.6029
[train:safeobjworld_r_mask_only:H10] epoch=6/10 step=675/1003 loss=0.5419
[train:safeobjworld_r_mask_only:H10] epoch=6/10 step=700/1003 loss=0.5718
[train:safeobjworld_r_mask_only:H10] epoch=6/10 step=725/1003 loss=0.6298
[train:safeobjworld_r_mask_only:H10] epoch=6/10 step=750/1003 loss=0.6025
[train:safeobjworld_r_mask_only:H10] epoch=6/10 step=775/1003 loss=0.5828
[train:safeobjworld_r_mask_only:H10] epoch=6/10 step=800/1003 loss=0.5695
[train:safeobjworld_r_mask_only:H10] epoch=6/10 step=825/1003 loss=0.6285
[train:safeobjworld_r_mask_only:H10] epoch=6/10 step=850/1003 loss=0.5662
[train:safeobjworld_r_mask_only:H10] epoch=6/10 step=875/1003 loss=0.5829
[train:safeobjworld_r_mask_only:H10] epoch=6/10 step=900/1003 loss=0.5780
[train:safeobjworld_r_mask_only:H10] epoch=6/10 step=925/1003 loss=0.5505
[train:safeobjworld_r_mask_only:H10] epoch=6/10 step=950/1003 loss=0.6214
[train:safeobjworld_r_mask_only:H10] epoch=6/10 step=975/1003 loss=0.5900
[train:safeobjworld_r_mask_only:H10] epoch=6/10 step=1000/1003 loss=0.5796
[epoch] method=safeobjworld_r_mask_only epoch=6 train=0.5865 val=0.4773 best=0.4773
[train:safeobjworld_r_mask_only:H10] epoch=7/10 step=0/1003 loss=0.6283
[train:safeobjworld_r_mask_only:H10] epoch=7/10 step=25/1003 loss=0.5738
[train:safeobjworld_r_mask_only:H10] epoch=7/10 step=50/1003 loss=0.5782
[train:safeobjworld_r_mask_only:H10] epoch=7/10 step=75/1003 loss=0.6146
[train:safeobjworld_r_mask_only:H10] epoch=7/10 step=100/1003 loss=0.5560
[train:safeobjworld_r_mask_only:H10] epoch=7/10 step=125/1003 loss=0.5838
[train:safeobjworld_r_mask_only:H10] epoch=7/10 step=150/1003 loss=0.5981
[train:safeobjworld_r_mask_only:H10] epoch=7/10 step=175/1003 loss=0.5638
[train:safeobjworld_r_mask_only:H10] epoch=7/10 step=200/1003 loss=0.5975
[train:safeobjworld_r_mask_only:H10] epoch=7/10 step=225/1003 loss=0.6455
[train:safeobjworld_r_mask_only:H10] epoch=7/10 step=250/1003 loss=0.5664
[train:safeobjworld_r_mask_only:H10] epoch=7/10 step=275/1003 loss=0.5260
[train:safeobjworld_r_mask_only:H10] epoch=7/10 step=300/1003 loss=0.6097
[train:safeobjworld_r_mask_only:H10] epoch=7/10 step=325/1003 loss=0.6078
[train:safeobjworld_r_mask_only:H10] epoch=7/10 step=350/1003 loss=0.5835
[train:safeobjworld_r_mask_only:H10] epoch=7/10 step=375/1003 loss=0.5426
[train:safeobjworld_r_mask_only:H10] epoch=7/10 step=400/1003 loss=0.5888
[train:safeobjworld_r_mask_only:H10] epoch=7/10 step=425/1003 loss=0.5809
[train:safeobjworld_r_mask_only:H10] epoch=7/10 step=450/1003 loss=0.6092
[train:safeobjworld_r_mask_only:H10] epoch=7/10 step=475/1003 loss=0.6198
[train:safeobjworld_r_mask_only:H10] epoch=7/10 step=500/1003 loss=0.5628
[train:safeobjworld_r_mask_only:H10] epoch=7/10 step=525/1003 loss=0.5691
[train:safeobjworld_r_mask_only:H10] epoch=7/10 step=550/1003 loss=0.5396
[train:safeobjworld_r_mask_only:H10] epoch=7/10 step=575/1003 loss=0.6226
[train:safeobjworld_r_mask_only:H10] epoch=7/10 step=600/1003 loss=0.6126
[train:safeobjworld_r_mask_only:H10] epoch=7/10 step=625/1003 loss=0.5677
[train:safeobjworld_r_mask_only:H10] epoch=7/10 step=650/1003 loss=0.5860
[train:safeobjworld_r_mask_only:H10] epoch=7/10 step=675/1003 loss=0.5501
[train:safeobjworld_r_mask_only:H10] epoch=7/10 step=700/1003 loss=0.5471
[train:safeobjworld_r_mask_only:H10] epoch=7/10 step=725/1003 loss=0.5878
[train:safeobjworld_r_mask_only:H10] epoch=7/10 step=750/1003 loss=0.5705
[train:safeobjworld_r_mask_only:H10] epoch=7/10 step=775/1003 loss=0.5645
[train:safeobjworld_r_mask_only:H10] epoch=7/10 step=800/1003 loss=0.6211
[train:safeobjworld_r_mask_only:H10] epoch=7/10 step=825/1003 loss=0.5435
[train:safeobjworld_r_mask_only:H10] epoch=7/10 step=850/1003 loss=0.5640
[train:safeobjworld_r_mask_only:H10] epoch=7/10 step=875/1003 loss=0.5608
[train:safeobjworld_r_mask_only:H10] epoch=7/10 step=900/1003 loss=0.5820
[train:safeobjworld_r_mask_only:H10] epoch=7/10 step=925/1003 loss=0.5984
[train:safeobjworld_r_mask_only:H10] epoch=7/10 step=950/1003 loss=0.5588
[train:safeobjworld_r_mask_only:H10] epoch=7/10 step=975/1003 loss=0.5803
[train:safeobjworld_r_mask_only:H10] epoch=7/10 step=1000/1003 loss=0.5417
[epoch] method=safeobjworld_r_mask_only epoch=7 train=0.5800 val=0.4784 best=0.4773
[train:safeobjworld_r_mask_only:H10] epoch=8/10 step=0/1003 loss=0.4944
[train:safeobjworld_r_mask_only:H10] epoch=8/10 step=25/1003 loss=0.5878
[train:safeobjworld_r_mask_only:H10] epoch=8/10 step=50/1003 loss=0.5911
[train:safeobjworld_r_mask_only:H10] epoch=8/10 step=75/1003 loss=0.5515
[train:safeobjworld_r_mask_only:H10] epoch=8/10 step=100/1003 loss=0.5996
[train:safeobjworld_r_mask_only:H10] epoch=8/10 step=125/1003 loss=0.5442
[train:safeobjworld_r_mask_only:H10] epoch=8/10 step=150/1003 loss=0.5620
[train:safeobjworld_r_mask_only:H10] epoch=8/10 step=175/1003 loss=0.5626
[train:safeobjworld_r_mask_only:H10] epoch=8/10 step=200/1003 loss=0.5642
[train:safeobjworld_r_mask_only:H10] epoch=8/10 step=225/1003 loss=0.6044
[train:safeobjworld_r_mask_only:H10] epoch=8/10 step=250/1003 loss=0.5415
[train:safeobjworld_r_mask_only:H10] epoch=8/10 step=275/1003 loss=0.5629
[train:safeobjworld_r_mask_only:H10] epoch=8/10 step=300/1003 loss=0.5565
[train:safeobjworld_r_mask_only:H10] epoch=8/10 step=325/1003 loss=0.5894
[train:safeobjworld_r_mask_only:H10] epoch=8/10 step=350/1003 loss=0.5451
[train:safeobjworld_r_mask_only:H10] epoch=8/10 step=375/1003 loss=0.6183
[train:safeobjworld_r_mask_only:H10] epoch=8/10 step=400/1003 loss=0.6067
[train:safeobjworld_r_mask_only:H10] epoch=8/10 step=425/1003 loss=0.5644
[train:safeobjworld_r_mask_only:H10] epoch=8/10 step=450/1003 loss=0.5301
[train:safeobjworld_r_mask_only:H10] epoch=8/10 step=475/1003 loss=0.5417
[train:safeobjworld_r_mask_only:H10] epoch=8/10 step=500/1003 loss=0.5812
[train:safeobjworld_r_mask_only:H10] epoch=8/10 step=525/1003 loss=0.5422
[train:safeobjworld_r_mask_only:H10] epoch=8/10 step=550/1003 loss=0.5883
[train:safeobjworld_r_mask_only:H10] epoch=8/10 step=575/1003 loss=0.5488
[train:safeobjworld_r_mask_only:H10] epoch=8/10 step=600/1003 loss=0.5857
[train:safeobjworld_r_mask_only:H10] epoch=8/10 step=625/1003 loss=0.5811
[train:safeobjworld_r_mask_only:H10] epoch=8/10 step=650/1003 loss=0.6141
[train:safeobjworld_r_mask_only:H10] epoch=8/10 step=675/1003 loss=0.5601
[train:safeobjworld_r_mask_only:H10] epoch=8/10 step=700/1003 loss=0.5893
[train:safeobjworld_r_mask_only:H10] epoch=8/10 step=725/1003 loss=0.5912
[train:safeobjworld_r_mask_only:H10] epoch=8/10 step=750/1003 loss=0.5832
[train:safeobjworld_r_mask_only:H10] epoch=8/10 step=775/1003 loss=0.6231
[train:safeobjworld_r_mask_only:H10] epoch=8/10 step=800/1003 loss=0.5700
[train:safeobjworld_r_mask_only:H10] epoch=8/10 step=825/1003 loss=0.5720
[train:safeobjworld_r_mask_only:H10] epoch=8/10 step=850/1003 loss=0.5610
[train:safeobjworld_r_mask_only:H10] epoch=8/10 step=875/1003 loss=0.6279
[train:safeobjworld_r_mask_only:H10] epoch=8/10 step=900/1003 loss=0.5742
[train:safeobjworld_r_mask_only:H10] epoch=8/10 step=925/1003 loss=0.5527
[train:safeobjworld_r_mask_only:H10] epoch=8/10 step=950/1003 loss=0.5673
[train:safeobjworld_r_mask_only:H10] epoch=8/10 step=975/1003 loss=0.5647
[train:safeobjworld_r_mask_only:H10] epoch=8/10 step=1000/1003 loss=0.6038
[epoch] method=safeobjworld_r_mask_only epoch=8 train=0.5749 val=0.4754 best=0.4754
[train:safeobjworld_r_mask_only:H10] epoch=9/10 step=0/1003 loss=0.4056
[train:safeobjworld_r_mask_only:H10] epoch=9/10 step=25/1003 loss=0.5563
[train:safeobjworld_r_mask_only:H10] epoch=9/10 step=50/1003 loss=0.5547
[train:safeobjworld_r_mask_only:H10] epoch=9/10 step=75/1003 loss=0.5804
[train:safeobjworld_r_mask_only:H10] epoch=9/10 step=100/1003 loss=0.5859
[train:safeobjworld_r_mask_only:H10] epoch=9/10 step=125/1003 loss=0.5941
[train:safeobjworld_r_mask_only:H10] epoch=9/10 step=150/1003 loss=0.5942
[train:safeobjworld_r_mask_only:H10] epoch=9/10 step=175/1003 loss=0.5427
[train:safeobjworld_r_mask_only:H10] epoch=9/10 step=200/1003 loss=0.6316
[train:safeobjworld_r_mask_only:H10] epoch=9/10 step=225/1003 loss=0.5812
[train:safeobjworld_r_mask_only:H10] epoch=9/10 step=250/1003 loss=0.5576
[train:safeobjworld_r_mask_only:H10] epoch=9/10 step=275/1003 loss=0.5542
[train:safeobjworld_r_mask_only:H10] epoch=9/10 step=300/1003 loss=0.5548
[train:safeobjworld_r_mask_only:H10] epoch=9/10 step=325/1003 loss=0.5674
[train:safeobjworld_r_mask_only:H10] epoch=9/10 step=350/1003 loss=0.5688
[train:safeobjworld_r_mask_only:H10] epoch=9/10 step=375/1003 loss=0.5696
[train:safeobjworld_r_mask_only:H10] epoch=9/10 step=400/1003 loss=0.5322
[train:safeobjworld_r_mask_only:H10] epoch=9/10 step=425/1003 loss=0.6073
[train:safeobjworld_r_mask_only:H10] epoch=9/10 step=450/1003 loss=0.5642
[train:safeobjworld_r_mask_only:H10] epoch=9/10 step=475/1003 loss=0.5275
[train:safeobjworld_r_mask_only:H10] epoch=9/10 step=500/1003 loss=0.5834
[train:safeobjworld_r_mask_only:H10] epoch=9/10 step=525/1003 loss=0.5733
[train:safeobjworld_r_mask_only:H10] epoch=9/10 step=550/1003 loss=0.5687
[train:safeobjworld_r_mask_only:H10] epoch=9/10 step=575/1003 loss=0.5890
[train:safeobjworld_r_mask_only:H10] epoch=9/10 step=600/1003 loss=0.5804
[train:safeobjworld_r_mask_only:H10] epoch=9/10 step=625/1003 loss=0.5549
[train:safeobjworld_r_mask_only:H10] epoch=9/10 step=650/1003 loss=0.5571
[train:safeobjworld_r_mask_only:H10] epoch=9/10 step=675/1003 loss=0.5933
[train:safeobjworld_r_mask_only:H10] epoch=9/10 step=700/1003 loss=0.5837
[train:safeobjworld_r_mask_only:H10] epoch=9/10 step=725/1003 loss=0.5531
[train:safeobjworld_r_mask_only:H10] epoch=9/10 step=750/1003 loss=0.5815
[train:safeobjworld_r_mask_only:H10] epoch=9/10 step=775/1003 loss=0.5586
[train:safeobjworld_r_mask_only:H10] epoch=9/10 step=800/1003 loss=0.5365
[train:safeobjworld_r_mask_only:H10] epoch=9/10 step=825/1003 loss=0.5658
[train:safeobjworld_r_mask_only:H10] epoch=9/10 step=850/1003 loss=0.5715
[train:safeobjworld_r_mask_only:H10] epoch=9/10 step=875/1003 loss=0.5948
[train:safeobjworld_r_mask_only:H10] epoch=9/10 step=900/1003 loss=0.5704
[train:safeobjworld_r_mask_only:H10] epoch=9/10 step=925/1003 loss=0.5623
[train:safeobjworld_r_mask_only:H10] epoch=9/10 step=950/1003 loss=0.6206
[train:safeobjworld_r_mask_only:H10] epoch=9/10 step=975/1003 loss=0.5992
[train:safeobjworld_r_mask_only:H10] epoch=9/10 step=1000/1003 loss=0.5186
[epoch] method=safeobjworld_r_mask_only epoch=9 train=0.5714 val=0.4720 best=0.4720
[train:safeobjworld_r_mask_only:H10] epoch=10/10 step=0/1003 loss=0.5286
[train:safeobjworld_r_mask_only:H10] epoch=10/10 step=25/1003 loss=0.5544
[train:safeobjworld_r_mask_only:H10] epoch=10/10 step=50/1003 loss=0.5965
[train:safeobjworld_r_mask_only:H10] epoch=10/10 step=75/1003 loss=0.5833
[train:safeobjworld_r_mask_only:H10] epoch=10/10 step=100/1003 loss=0.5995
[train:safeobjworld_r_mask_only:H10] epoch=10/10 step=125/1003 loss=0.5436
[train:safeobjworld_r_mask_only:H10] epoch=10/10 step=150/1003 loss=0.5908
[train:safeobjworld_r_mask_only:H10] epoch=10/10 step=175/1003 loss=0.5495
[train:safeobjworld_r_mask_only:H10] epoch=10/10 step=200/1003 loss=0.5377
[train:safeobjworld_r_mask_only:H10] epoch=10/10 step=225/1003 loss=0.5680
[train:safeobjworld_r_mask_only:H10] epoch=10/10 step=250/1003 loss=0.5930
[train:safeobjworld_r_mask_only:H10] epoch=10/10 step=275/1003 loss=0.5685
[train:safeobjworld_r_mask_only:H10] epoch=10/10 step=300/1003 loss=0.5597
[train:safeobjworld_r_mask_only:H10] epoch=10/10 step=325/1003 loss=0.5831
[train:safeobjworld_r_mask_only:H10] epoch=10/10 step=350/1003 loss=0.5506
[train:safeobjworld_r_mask_only:H10] epoch=10/10 step=375/1003 loss=0.5268
[train:safeobjworld_r_mask_only:H10] epoch=10/10 step=400/1003 loss=0.5264
[train:safeobjworld_r_mask_only:H10] epoch=10/10 step=425/1003 loss=0.5607
[train:safeobjworld_r_mask_only:H10] epoch=10/10 step=450/1003 loss=0.6102
[train:safeobjworld_r_mask_only:H10] epoch=10/10 step=475/1003 loss=0.5528
[train:safeobjworld_r_mask_only:H10] epoch=10/10 step=500/1003 loss=0.5443
[train:safeobjworld_r_mask_only:H10] epoch=10/10 step=525/1003 loss=0.5592
[train:safeobjworld_r_mask_only:H10] epoch=10/10 step=550/1003 loss=0.5615
[train:safeobjworld_r_mask_only:H10] epoch=10/10 step=575/1003 loss=0.5408
[train:safeobjworld_r_mask_only:H10] epoch=10/10 step=600/1003 loss=0.5383
[train:safeobjworld_r_mask_only:H10] epoch=10/10 step=625/1003 loss=0.5893
[train:safeobjworld_r_mask_only:H10] epoch=10/10 step=650/1003 loss=0.5779
[train:safeobjworld_r_mask_only:H10] epoch=10/10 step=675/1003 loss=0.5846
[train:safeobjworld_r_mask_only:H10] epoch=10/10 step=700/1003 loss=0.5346
[train:safeobjworld_r_mask_only:H10] epoch=10/10 step=725/1003 loss=0.5375
[train:safeobjworld_r_mask_only:H10] epoch=10/10 step=750/1003 loss=0.5135
[train:safeobjworld_r_mask_only:H10] epoch=10/10 step=775/1003 loss=0.5651
[train:safeobjworld_r_mask_only:H10] epoch=10/10 step=800/1003 loss=0.5505
[train:safeobjworld_r_mask_only:H10] epoch=10/10 step=825/1003 loss=0.5382
[train:safeobjworld_r_mask_only:H10] epoch=10/10 step=850/1003 loss=0.5761
[train:safeobjworld_r_mask_only:H10] epoch=10/10 step=875/1003 loss=0.5612
[train:safeobjworld_r_mask_only:H10] epoch=10/10 step=900/1003 loss=0.5724
[train:safeobjworld_r_mask_only:H10] epoch=10/10 step=925/1003 loss=0.6130
[train:safeobjworld_r_mask_only:H10] epoch=10/10 step=950/1003 loss=0.5741
[train:safeobjworld_r_mask_only:H10] epoch=10/10 step=975/1003 loss=0.5971
[train:safeobjworld_r_mask_only:H10] epoch=10/10 step=1000/1003 loss=0.5759
[epoch] method=safeobjworld_r_mask_only epoch=10 train=0.5657 val=0.4697 best=0.4697
[done train] /home/tahiti/SafeObjWorld/runs_v2_full/models/safeobjworld_r_mask_only/H10/best.pt
