====================================================================================================
SafeObjWorld V2 runner
{
  "mode": "train",
  "dataset_root": "/home/tahiti/SafeObjWorld/data/DAVIS2017",
  "run_root": "/home/tahiti/SafeObjWorld/runs_v2_full",
  "year": "2017",
  "method": "safeobjworld_r_no_split",
  "stress": "clean",
  "prefix_len": 3,
  "max_h": 5,
  "image_size": 192,
  "batch_size": 8,
  "epochs": 10,
  "lr": 0.0002,
  "weight_decay": 0.0001,
  "max_train_samples": 0,
  "max_val_samples": 0,
  "num_workers": 4,
  "seed": 42,
  "eval_k_override": 0,
  "amp": true,
  "cpu": false,
  "skip_existing": true,
  "log_every": 25
}
====================================================================================================
[train] method=safeobjworld_r_no_split device=cuda cfg={'stress_train': True, 'temporal_weight': 0.05, 'split_weight': 0.0, 'area_weight': 0.1, 'mc_eval': True, 'eval_k': 5}
[train:safeobjworld_r_no_split:H5] epoch=1/10 step=0/1086 loss=1.6628
[train:safeobjworld_r_no_split:H5] epoch=1/10 step=25/1086 loss=1.4815
[train:safeobjworld_r_no_split:H5] epoch=1/10 step=50/1086 loss=0.9311
[train:safeobjworld_r_no_split:H5] epoch=1/10 step=75/1086 loss=0.7533
[train:safeobjworld_r_no_split:H5] epoch=1/10 step=100/1086 loss=0.6767
[train:safeobjworld_r_no_split:H5] epoch=1/10 step=125/1086 loss=0.6414
[train:safeobjworld_r_no_split:H5] epoch=1/10 step=150/1086 loss=0.6444
[train:safeobjworld_r_no_split:H5] epoch=1/10 step=175/1086 loss=0.5957
[train:safeobjworld_r_no_split:H5] epoch=1/10 step=200/1086 loss=0.5805
[train:safeobjworld_r_no_split:H5] epoch=1/10 step=225/1086 loss=0.5667
[train:safeobjworld_r_no_split:H5] epoch=1/10 step=250/1086 loss=0.5946
[train:safeobjworld_r_no_split:H5] epoch=1/10 step=275/1086 loss=0.6217
[train:safeobjworld_r_no_split:H5] epoch=1/10 step=300/1086 loss=0.5162
[train:safeobjworld_r_no_split:H5] epoch=1/10 step=325/1086 loss=0.5668
[train:safeobjworld_r_no_split:H5] epoch=1/10 step=350/1086 loss=0.5724
[train:safeobjworld_r_no_split:H5] epoch=1/10 step=375/1086 loss=0.5823
[train:safeobjworld_r_no_split:H5] epoch=1/10 step=400/1086 loss=0.5954
[train:safeobjworld_r_no_split:H5] epoch=1/10 step=425/1086 loss=0.4901
[train:safeobjworld_r_no_split:H5] epoch=1/10 step=450/1086 loss=0.5554
[train:safeobjworld_r_no_split:H5] epoch=1/10 step=475/1086 loss=0.5662
[train:safeobjworld_r_no_split:H5] epoch=1/10 step=500/1086 loss=0.5378
[train:safeobjworld_r_no_split:H5] epoch=1/10 step=525/1086 loss=0.5215
[train:safeobjworld_r_no_split:H5] epoch=1/10 step=550/1086 loss=0.5564
[train:safeobjworld_r_no_split:H5] epoch=1/10 step=575/1086 loss=0.5483
[train:safeobjworld_r_no_split:H5] epoch=1/10 step=600/1086 loss=0.5325
[train:safeobjworld_r_no_split:H5] epoch=1/10 step=625/1086 loss=0.5225
[train:safeobjworld_r_no_split:H5] epoch=1/10 step=650/1086 loss=0.5328
[train:safeobjworld_r_no_split:H5] epoch=1/10 step=675/1086 loss=0.5235
[train:safeobjworld_r_no_split:H5] epoch=1/10 step=700/1086 loss=0.5159
[train:safeobjworld_r_no_split:H5] epoch=1/10 step=725/1086 loss=0.5142
[train:safeobjworld_r_no_split:H5] epoch=1/10 step=750/1086 loss=0.5325
[train:safeobjworld_r_no_split:H5] epoch=1/10 step=775/1086 loss=0.5478
[train:safeobjworld_r_no_split:H5] epoch=1/10 step=800/1086 loss=0.4929
[train:safeobjworld_r_no_split:H5] epoch=1/10 step=825/1086 loss=0.4755
[train:safeobjworld_r_no_split:H5] epoch=1/10 step=850/1086 loss=0.5334
[train:safeobjworld_r_no_split:H5] epoch=1/10 step=875/1086 loss=0.5414
[train:safeobjworld_r_no_split:H5] epoch=1/10 step=900/1086 loss=0.4550
[train:safeobjworld_r_no_split:H5] epoch=1/10 step=925/1086 loss=0.4928
[train:safeobjworld_r_no_split:H5] epoch=1/10 step=950/1086 loss=0.5340
[train:safeobjworld_r_no_split:H5] epoch=1/10 step=975/1086 loss=0.4766
[train:safeobjworld_r_no_split:H5] epoch=1/10 step=1000/1086 loss=0.4630
[train:safeobjworld_r_no_split:H5] epoch=1/10 step=1025/1086 loss=0.5184
[train:safeobjworld_r_no_split:H5] epoch=1/10 step=1050/1086 loss=0.5034
[train:safeobjworld_r_no_split:H5] epoch=1/10 step=1075/1086 loss=0.4864
[epoch] method=safeobjworld_r_no_split epoch=1 train=0.5794 val=0.3845 best=0.3845
[train:safeobjworld_r_no_split:H5] epoch=2/10 step=0/1086 loss=0.2671
[train:safeobjworld_r_no_split:H5] epoch=2/10 step=25/1086 loss=0.4985
[train:safeobjworld_r_no_split:H5] epoch=2/10 step=50/1086 loss=0.4537
[train:safeobjworld_r_no_split:H5] epoch=2/10 step=75/1086 loss=0.4717
[train:safeobjworld_r_no_split:H5] epoch=2/10 step=100/1086 loss=0.5165
[train:safeobjworld_r_no_split:H5] epoch=2/10 step=125/1086 loss=0.4985
[train:safeobjworld_r_no_split:H5] epoch=2/10 step=150/1086 loss=0.4777
[train:safeobjworld_r_no_split:H5] epoch=2/10 step=175/1086 loss=0.4864
[train:safeobjworld_r_no_split:H5] epoch=2/10 step=200/1086 loss=0.4953
[train:safeobjworld_r_no_split:H5] epoch=2/10 step=225/1086 loss=0.4653
[train:safeobjworld_r_no_split:H5] epoch=2/10 step=250/1086 loss=0.5022
[train:safeobjworld_r_no_split:H5] epoch=2/10 step=275/1086 loss=0.5010
[train:safeobjworld_r_no_split:H5] epoch=2/10 step=300/1086 loss=0.4560
[train:safeobjworld_r_no_split:H5] epoch=2/10 step=325/1086 loss=0.5052
[train:safeobjworld_r_no_split:H5] epoch=2/10 step=350/1086 loss=0.4951
[train:safeobjworld_r_no_split:H5] epoch=2/10 step=375/1086 loss=0.4839
[train:safeobjworld_r_no_split:H5] epoch=2/10 step=400/1086 loss=0.4593
[train:safeobjworld_r_no_split:H5] epoch=2/10 step=425/1086 loss=0.5574
[train:safeobjworld_r_no_split:H5] epoch=2/10 step=450/1086 loss=0.4833
[train:safeobjworld_r_no_split:H5] epoch=2/10 step=475/1086 loss=0.5302
[train:safeobjworld_r_no_split:H5] epoch=2/10 step=500/1086 loss=0.4665
[train:safeobjworld_r_no_split:H5] epoch=2/10 step=525/1086 loss=0.4567
[train:safeobjworld_r_no_split:H5] epoch=2/10 step=550/1086 loss=0.4566
[train:safeobjworld_r_no_split:H5] epoch=2/10 step=575/1086 loss=0.4734
[train:safeobjworld_r_no_split:H5] epoch=2/10 step=600/1086 loss=0.4504
[train:safeobjworld_r_no_split:H5] epoch=2/10 step=625/1086 loss=0.5019
[train:safeobjworld_r_no_split:H5] epoch=2/10 step=650/1086 loss=0.4667
[train:safeobjworld_r_no_split:H5] epoch=2/10 step=675/1086 loss=0.5101
[train:safeobjworld_r_no_split:H5] epoch=2/10 step=700/1086 loss=0.4595
[train:safeobjworld_r_no_split:H5] epoch=2/10 step=725/1086 loss=0.5003
[train:safeobjworld_r_no_split:H5] epoch=2/10 step=750/1086 loss=0.4657
[train:safeobjworld_r_no_split:H5] epoch=2/10 step=775/1086 loss=0.4850
[train:safeobjworld_r_no_split:H5] epoch=2/10 step=800/1086 loss=0.4120
[train:safeobjworld_r_no_split:H5] epoch=2/10 step=825/1086 loss=0.4203
[train:safeobjworld_r_no_split:H5] epoch=2/10 step=850/1086 loss=0.4657
[train:safeobjworld_r_no_split:H5] epoch=2/10 step=875/1086 loss=0.4853
[train:safeobjworld_r_no_split:H5] epoch=2/10 step=900/1086 loss=0.4390
[train:safeobjworld_r_no_split:H5] epoch=2/10 step=925/1086 loss=0.4502
[train:safeobjworld_r_no_split:H5] epoch=2/10 step=950/1086 loss=0.5239
[train:safeobjworld_r_no_split:H5] epoch=2/10 step=975/1086 loss=0.4460
[train:safeobjworld_r_no_split:H5] epoch=2/10 step=1000/1086 loss=0.4448
[train:safeobjworld_r_no_split:H5] epoch=2/10 step=1025/1086 loss=0.4799
[train:safeobjworld_r_no_split:H5] epoch=2/10 step=1050/1086 loss=0.4681
[train:safeobjworld_r_no_split:H5] epoch=2/10 step=1075/1086 loss=0.5067
[epoch] method=safeobjworld_r_no_split epoch=2 train=0.4799 val=0.3710 best=0.3710
[train:safeobjworld_r_no_split:H5] epoch=3/10 step=0/1086 loss=0.5067
[train:safeobjworld_r_no_split:H5] epoch=3/10 step=25/1086 loss=0.4605
[train:safeobjworld_r_no_split:H5] epoch=3/10 step=50/1086 loss=0.4667
[train:safeobjworld_r_no_split:H5] epoch=3/10 step=75/1086 loss=0.4554
[train:safeobjworld_r_no_split:H5] epoch=3/10 step=100/1086 loss=0.4526
[train:safeobjworld_r_no_split:H5] epoch=3/10 step=125/1086 loss=0.5178
[train:safeobjworld_r_no_split:H5] epoch=3/10 step=150/1086 loss=0.4347
[train:safeobjworld_r_no_split:H5] epoch=3/10 step=175/1086 loss=0.4833
[train:safeobjworld_r_no_split:H5] epoch=3/10 step=200/1086 loss=0.4793
[train:safeobjworld_r_no_split:H5] epoch=3/10 step=225/1086 loss=0.4484
[train:safeobjworld_r_no_split:H5] epoch=3/10 step=250/1086 loss=0.5039
[train:safeobjworld_r_no_split:H5] epoch=3/10 step=275/1086 loss=0.4836
[train:safeobjworld_r_no_split:H5] epoch=3/10 step=300/1086 loss=0.4801
[train:safeobjworld_r_no_split:H5] epoch=3/10 step=325/1086 loss=0.4504
[train:safeobjworld_r_no_split:H5] epoch=3/10 step=350/1086 loss=0.4469
[train:safeobjworld_r_no_split:H5] epoch=3/10 step=375/1086 loss=0.4808
[train:safeobjworld_r_no_split:H5] epoch=3/10 step=400/1086 loss=0.4754
[train:safeobjworld_r_no_split:H5] epoch=3/10 step=425/1086 loss=0.4543
[train:safeobjworld_r_no_split:H5] epoch=3/10 step=450/1086 loss=0.4629
[train:safeobjworld_r_no_split:H5] epoch=3/10 step=475/1086 loss=0.4716
[train:safeobjworld_r_no_split:H5] epoch=3/10 step=500/1086 loss=0.4384
[train:safeobjworld_r_no_split:H5] epoch=3/10 step=525/1086 loss=0.4270
[train:safeobjworld_r_no_split:H5] epoch=3/10 step=550/1086 loss=0.4514
[train:safeobjworld_r_no_split:H5] epoch=3/10 step=575/1086 loss=0.4778
[train:safeobjworld_r_no_split:H5] epoch=3/10 step=600/1086 loss=0.4440
[train:safeobjworld_r_no_split:H5] epoch=3/10 step=625/1086 loss=0.4375
[train:safeobjworld_r_no_split:H5] epoch=3/10 step=650/1086 loss=0.4254
[train:safeobjworld_r_no_split:H5] epoch=3/10 step=675/1086 loss=0.4487
[train:safeobjworld_r_no_split:H5] epoch=3/10 step=700/1086 loss=0.4938
[train:safeobjworld_r_no_split:H5] epoch=3/10 step=725/1086 loss=0.4864
[train:safeobjworld_r_no_split:H5] epoch=3/10 step=750/1086 loss=0.4254
[train:safeobjworld_r_no_split:H5] epoch=3/10 step=775/1086 loss=0.4230
[train:safeobjworld_r_no_split:H5] epoch=3/10 step=800/1086 loss=0.4579
[train:safeobjworld_r_no_split:H5] epoch=3/10 step=825/1086 loss=0.4377
[train:safeobjworld_r_no_split:H5] epoch=3/10 step=850/1086 loss=0.4797
[train:safeobjworld_r_no_split:H5] epoch=3/10 step=875/1086 loss=0.4691
[train:safeobjworld_r_no_split:H5] epoch=3/10 step=900/1086 loss=0.4749
[train:safeobjworld_r_no_split:H5] epoch=3/10 step=925/1086 loss=0.4593
[train:safeobjworld_r_no_split:H5] epoch=3/10 step=950/1086 loss=0.4549
[train:safeobjworld_r_no_split:H5] epoch=3/10 step=975/1086 loss=0.4659
[train:safeobjworld_r_no_split:H5] epoch=3/10 step=1000/1086 loss=0.4186
[train:safeobjworld_r_no_split:H5] epoch=3/10 step=1025/1086 loss=0.4247
[train:safeobjworld_r_no_split:H5] epoch=3/10 step=1050/1086 loss=0.4242
[train:safeobjworld_r_no_split:H5] epoch=3/10 step=1075/1086 loss=0.4821
[epoch] method=safeobjworld_r_no_split epoch=3 train=0.4584 val=0.3646 best=0.3646
[train:safeobjworld_r_no_split:H5] epoch=4/10 step=0/1086 loss=0.5218
[train:safeobjworld_r_no_split:H5] epoch=4/10 step=25/1086 loss=0.4121
[train:safeobjworld_r_no_split:H5] epoch=4/10 step=50/1086 loss=0.4662
[train:safeobjworld_r_no_split:H5] epoch=4/10 step=75/1086 loss=0.4309
[train:safeobjworld_r_no_split:H5] epoch=4/10 step=100/1086 loss=0.4389
[train:safeobjworld_r_no_split:H5] epoch=4/10 step=125/1086 loss=0.4592
[train:safeobjworld_r_no_split:H5] epoch=4/10 step=150/1086 loss=0.4706
[train:safeobjworld_r_no_split:H5] epoch=4/10 step=175/1086 loss=0.4559
[train:safeobjworld_r_no_split:H5] epoch=4/10 step=200/1086 loss=0.4307
[train:safeobjworld_r_no_split:H5] epoch=4/10 step=225/1086 loss=0.4560
[train:safeobjworld_r_no_split:H5] epoch=4/10 step=250/1086 loss=0.4603
[train:safeobjworld_r_no_split:H5] epoch=4/10 step=275/1086 loss=0.4618
[train:safeobjworld_r_no_split:H5] epoch=4/10 step=300/1086 loss=0.4718
[train:safeobjworld_r_no_split:H5] epoch=4/10 step=325/1086 loss=0.4599
[train:safeobjworld_r_no_split:H5] epoch=4/10 step=350/1086 loss=0.4809
[train:safeobjworld_r_no_split:H5] epoch=4/10 step=375/1086 loss=0.4495
[train:safeobjworld_r_no_split:H5] epoch=4/10 step=400/1086 loss=0.4185
[train:safeobjworld_r_no_split:H5] epoch=4/10 step=425/1086 loss=0.4739
[train:safeobjworld_r_no_split:H5] epoch=4/10 step=450/1086 loss=0.4179
[train:safeobjworld_r_no_split:H5] epoch=4/10 step=475/1086 loss=0.4483
[train:safeobjworld_r_no_split:H5] epoch=4/10 step=500/1086 loss=0.4168
[train:safeobjworld_r_no_split:H5] epoch=4/10 step=525/1086 loss=0.4306
[train:safeobjworld_r_no_split:H5] epoch=4/10 step=550/1086 loss=0.4360
[train:safeobjworld_r_no_split:H5] epoch=4/10 step=575/1086 loss=0.4329
[train:safeobjworld_r_no_split:H5] epoch=4/10 step=600/1086 loss=0.4484
[train:safeobjworld_r_no_split:H5] epoch=4/10 step=625/1086 loss=0.4309
[train:safeobjworld_r_no_split:H5] epoch=4/10 step=650/1086 loss=0.5006
[train:safeobjworld_r_no_split:H5] epoch=4/10 step=675/1086 loss=0.4574
[train:safeobjworld_r_no_split:H5] epoch=4/10 step=700/1086 loss=0.4132
[train:safeobjworld_r_no_split:H5] epoch=4/10 step=725/1086 loss=0.4444
[train:safeobjworld_r_no_split:H5] epoch=4/10 step=750/1086 loss=0.4241
[train:safeobjworld_r_no_split:H5] epoch=4/10 step=775/1086 loss=0.4278
[train:safeobjworld_r_no_split:H5] epoch=4/10 step=800/1086 loss=0.4413
[train:safeobjworld_r_no_split:H5] epoch=4/10 step=825/1086 loss=0.4612
[train:safeobjworld_r_no_split:H5] epoch=4/10 step=850/1086 loss=0.4374
[train:safeobjworld_r_no_split:H5] epoch=4/10 step=875/1086 loss=0.4543
[train:safeobjworld_r_no_split:H5] epoch=4/10 step=900/1086 loss=0.4092
[train:safeobjworld_r_no_split:H5] epoch=4/10 step=925/1086 loss=0.4595
[train:safeobjworld_r_no_split:H5] epoch=4/10 step=950/1086 loss=0.4626
[train:safeobjworld_r_no_split:H5] epoch=4/10 step=975/1086 loss=0.4461
[train:safeobjworld_r_no_split:H5] epoch=4/10 step=1000/1086 loss=0.4005
[train:safeobjworld_r_no_split:H5] epoch=4/10 step=1025/1086 loss=0.4426
[train:safeobjworld_r_no_split:H5] epoch=4/10 step=1050/1086 loss=0.4057
[train:safeobjworld_r_no_split:H5] epoch=4/10 step=1075/1086 loss=0.4417
[epoch] method=safeobjworld_r_no_split epoch=4 train=0.4455 val=0.3583 best=0.3583
[train:safeobjworld_r_no_split:H5] epoch=5/10 step=0/1086 loss=0.3185
[train:safeobjworld_r_no_split:H5] epoch=5/10 step=25/1086 loss=0.4190
[train:safeobjworld_r_no_split:H5] epoch=5/10 step=50/1086 loss=0.4556
[train:safeobjworld_r_no_split:H5] epoch=5/10 step=75/1086 loss=0.3997
[train:safeobjworld_r_no_split:H5] epoch=5/10 step=100/1086 loss=0.4638
[train:safeobjworld_r_no_split:H5] epoch=5/10 step=125/1086 loss=0.4582
[train:safeobjworld_r_no_split:H5] epoch=5/10 step=150/1086 loss=0.4489
[train:safeobjworld_r_no_split:H5] epoch=5/10 step=175/1086 loss=0.4350
[train:safeobjworld_r_no_split:H5] epoch=5/10 step=200/1086 loss=0.4661
[train:safeobjworld_r_no_split:H5] epoch=5/10 step=225/1086 loss=0.4233
[train:safeobjworld_r_no_split:H5] epoch=5/10 step=250/1086 loss=0.4315
[train:safeobjworld_r_no_split:H5] epoch=5/10 step=275/1086 loss=0.4472
[train:safeobjworld_r_no_split:H5] epoch=5/10 step=300/1086 loss=0.4568
[train:safeobjworld_r_no_split:H5] epoch=5/10 step=325/1086 loss=0.4363
[train:safeobjworld_r_no_split:H5] epoch=5/10 step=350/1086 loss=0.4744
[train:safeobjworld_r_no_split:H5] epoch=5/10 step=375/1086 loss=0.4422
[train:safeobjworld_r_no_split:H5] epoch=5/10 step=400/1086 loss=0.4545
[train:safeobjworld_r_no_split:H5] epoch=5/10 step=425/1086 loss=0.4219
[train:safeobjworld_r_no_split:H5] epoch=5/10 step=450/1086 loss=0.4335
[train:safeobjworld_r_no_split:H5] epoch=5/10 step=475/1086 loss=0.4576
[train:safeobjworld_r_no_split:H5] epoch=5/10 step=500/1086 loss=0.4114
[train:safeobjworld_r_no_split:H5] epoch=5/10 step=525/1086 loss=0.4190
[train:safeobjworld_r_no_split:H5] epoch=5/10 step=550/1086 loss=0.4515
[train:safeobjworld_r_no_split:H5] epoch=5/10 step=575/1086 loss=0.4382
[train:safeobjworld_r_no_split:H5] epoch=5/10 step=600/1086 loss=0.4535
[train:safeobjworld_r_no_split:H5] epoch=5/10 step=625/1086 loss=0.4287
[train:safeobjworld_r_no_split:H5] epoch=5/10 step=650/1086 loss=0.4401
[train:safeobjworld_r_no_split:H5] epoch=5/10 step=675/1086 loss=0.4840
[train:safeobjworld_r_no_split:H5] epoch=5/10 step=700/1086 loss=0.4163
[train:safeobjworld_r_no_split:H5] epoch=5/10 step=725/1086 loss=0.4034
[train:safeobjworld_r_no_split:H5] epoch=5/10 step=750/1086 loss=0.4644
[train:safeobjworld_r_no_split:H5] epoch=5/10 step=775/1086 loss=0.4445
[train:safeobjworld_r_no_split:H5] epoch=5/10 step=800/1086 loss=0.4414
[train:safeobjworld_r_no_split:H5] epoch=5/10 step=825/1086 loss=0.4136
[train:safeobjworld_r_no_split:H5] epoch=5/10 step=850/1086 loss=0.3915
[train:safeobjworld_r_no_split:H5] epoch=5/10 step=875/1086 loss=0.4107
[train:safeobjworld_r_no_split:H5] epoch=5/10 step=900/1086 loss=0.4350
[train:safeobjworld_r_no_split:H5] epoch=5/10 step=925/1086 loss=0.4466
[train:safeobjworld_r_no_split:H5] epoch=5/10 step=950/1086 loss=0.4060
[train:safeobjworld_r_no_split:H5] epoch=5/10 step=975/1086 loss=0.4123
[train:safeobjworld_r_no_split:H5] epoch=5/10 step=1000/1086 loss=0.4378
[train:safeobjworld_r_no_split:H5] epoch=5/10 step=1025/1086 loss=0.4585
[train:safeobjworld_r_no_split:H5] epoch=5/10 step=1050/1086 loss=0.4272
[train:safeobjworld_r_no_split:H5] epoch=5/10 step=1075/1086 loss=0.4232
[epoch] method=safeobjworld_r_no_split epoch=5 train=0.4368 val=0.3601 best=0.3583
[train:safeobjworld_r_no_split:H5] epoch=6/10 step=0/1086 loss=0.4140
[train:safeobjworld_r_no_split:H5] epoch=6/10 step=25/1086 loss=0.4654
[train:safeobjworld_r_no_split:H5] epoch=6/10 step=50/1086 loss=0.4343
[train:safeobjworld_r_no_split:H5] epoch=6/10 step=75/1086 loss=0.4145
[train:safeobjworld_r_no_split:H5] epoch=6/10 step=100/1086 loss=0.4333
[train:safeobjworld_r_no_split:H5] epoch=6/10 step=125/1086 loss=0.4429
[train:safeobjworld_r_no_split:H5] epoch=6/10 step=150/1086 loss=0.4521
[train:safeobjworld_r_no_split:H5] epoch=6/10 step=175/1086 loss=0.4411
[train:safeobjworld_r_no_split:H5] epoch=6/10 step=200/1086 loss=0.4346
[train:safeobjworld_r_no_split:H5] epoch=6/10 step=225/1086 loss=0.4331
[train:safeobjworld_r_no_split:H5] epoch=6/10 step=250/1086 loss=0.4673
[train:safeobjworld_r_no_split:H5] epoch=6/10 step=275/1086 loss=0.4392
[train:safeobjworld_r_no_split:H5] epoch=6/10 step=300/1086 loss=0.4176
[train:safeobjworld_r_no_split:H5] epoch=6/10 step=325/1086 loss=0.4017
[train:safeobjworld_r_no_split:H5] epoch=6/10 step=350/1086 loss=0.3925
[train:safeobjworld_r_no_split:H5] epoch=6/10 step=375/1086 loss=0.4400
[train:safeobjworld_r_no_split:H5] epoch=6/10 step=400/1086 loss=0.4108
[train:safeobjworld_r_no_split:H5] epoch=6/10 step=425/1086 loss=0.4178
[train:safeobjworld_r_no_split:H5] epoch=6/10 step=450/1086 loss=0.4057
[train:safeobjworld_r_no_split:H5] epoch=6/10 step=475/1086 loss=0.4638
[train:safeobjworld_r_no_split:H5] epoch=6/10 step=500/1086 loss=0.4262
[train:safeobjworld_r_no_split:H5] epoch=6/10 step=525/1086 loss=0.4652
[train:safeobjworld_r_no_split:H5] epoch=6/10 step=550/1086 loss=0.4098
[train:safeobjworld_r_no_split:H5] epoch=6/10 step=575/1086 loss=0.4023
[train:safeobjworld_r_no_split:H5] epoch=6/10 step=600/1086 loss=0.4221
[train:safeobjworld_r_no_split:H5] epoch=6/10 step=625/1086 loss=0.4336
[train:safeobjworld_r_no_split:H5] epoch=6/10 step=650/1086 loss=0.4286
[train:safeobjworld_r_no_split:H5] epoch=6/10 step=675/1086 loss=0.4456
[train:safeobjworld_r_no_split:H5] epoch=6/10 step=700/1086 loss=0.4201
[train:safeobjworld_r_no_split:H5] epoch=6/10 step=725/1086 loss=0.4194
[train:safeobjworld_r_no_split:H5] epoch=6/10 step=750/1086 loss=0.4295
[train:safeobjworld_r_no_split:H5] epoch=6/10 step=775/1086 loss=0.4844
[train:safeobjworld_r_no_split:H5] epoch=6/10 step=800/1086 loss=0.4862
[train:safeobjworld_r_no_split:H5] epoch=6/10 step=825/1086 loss=0.4303
[train:safeobjworld_r_no_split:H5] epoch=6/10 step=850/1086 loss=0.4508
[train:safeobjworld_r_no_split:H5] epoch=6/10 step=875/1086 loss=0.4236
[train:safeobjworld_r_no_split:H5] epoch=6/10 step=900/1086 loss=0.4096
[train:safeobjworld_r_no_split:H5] epoch=6/10 step=925/1086 loss=0.4542
[train:safeobjworld_r_no_split:H5] epoch=6/10 step=950/1086 loss=0.4415
[train:safeobjworld_r_no_split:H5] epoch=6/10 step=975/1086 loss=0.4381
[train:safeobjworld_r_no_split:H5] epoch=6/10 step=1000/1086 loss=0.4484
[train:safeobjworld_r_no_split:H5] epoch=6/10 step=1025/1086 loss=0.4252
[train:safeobjworld_r_no_split:H5] epoch=6/10 step=1050/1086 loss=0.4298
[train:safeobjworld_r_no_split:H5] epoch=6/10 step=1075/1086 loss=0.3989
[epoch] method=safeobjworld_r_no_split epoch=6 train=0.4313 val=0.3573 best=0.3573
[train:safeobjworld_r_no_split:H5] epoch=7/10 step=0/1086 loss=0.4109
[train:safeobjworld_r_no_split:H5] epoch=7/10 step=25/1086 loss=0.4576
[train:safeobjworld_r_no_split:H5] epoch=7/10 step=50/1086 loss=0.4569
[train:safeobjworld_r_no_split:H5] epoch=7/10 step=75/1086 loss=0.4379
[train:safeobjworld_r_no_split:H5] epoch=7/10 step=100/1086 loss=0.4291
[train:safeobjworld_r_no_split:H5] epoch=7/10 step=125/1086 loss=0.4410
[train:safeobjworld_r_no_split:H5] epoch=7/10 step=150/1086 loss=0.4161
[train:safeobjworld_r_no_split:H5] epoch=7/10 step=175/1086 loss=0.4532
[train:safeobjworld_r_no_split:H5] epoch=7/10 step=200/1086 loss=0.4204
[train:safeobjworld_r_no_split:H5] epoch=7/10 step=225/1086 loss=0.4282
[train:safeobjworld_r_no_split:H5] epoch=7/10 step=250/1086 loss=0.4380
[train:safeobjworld_r_no_split:H5] epoch=7/10 step=275/1086 loss=0.3920
[train:safeobjworld_r_no_split:H5] epoch=7/10 step=300/1086 loss=0.3833
[train:safeobjworld_r_no_split:H5] epoch=7/10 step=325/1086 loss=0.4084
[train:safeobjworld_r_no_split:H5] epoch=7/10 step=350/1086 loss=0.3952
[train:safeobjworld_r_no_split:H5] epoch=7/10 step=375/1086 loss=0.4293
[train:safeobjworld_r_no_split:H5] epoch=7/10 step=400/1086 loss=0.4194
[train:safeobjworld_r_no_split:H5] epoch=7/10 step=425/1086 loss=0.4078
[train:safeobjworld_r_no_split:H5] epoch=7/10 step=450/1086 loss=0.4025
[train:safeobjworld_r_no_split:H5] epoch=7/10 step=475/1086 loss=0.4127
[train:safeobjworld_r_no_split:H5] epoch=7/10 step=500/1086 loss=0.3869
[train:safeobjworld_r_no_split:H5] epoch=7/10 step=525/1086 loss=0.4460
[train:safeobjworld_r_no_split:H5] epoch=7/10 step=550/1086 loss=0.4067
[train:safeobjworld_r_no_split:H5] epoch=7/10 step=575/1086 loss=0.3759
[train:safeobjworld_r_no_split:H5] epoch=7/10 step=600/1086 loss=0.4328
[train:safeobjworld_r_no_split:H5] epoch=7/10 step=625/1086 loss=0.4564
[train:safeobjworld_r_no_split:H5] epoch=7/10 step=650/1086 loss=0.4398
[train:safeobjworld_r_no_split:H5] epoch=7/10 step=675/1086 loss=0.4427
[train:safeobjworld_r_no_split:H5] epoch=7/10 step=700/1086 loss=0.4261
[train:safeobjworld_r_no_split:H5] epoch=7/10 step=725/1086 loss=0.4423
[train:safeobjworld_r_no_split:H5] epoch=7/10 step=750/1086 loss=0.4156
[train:safeobjworld_r_no_split:H5] epoch=7/10 step=775/1086 loss=0.4228
[train:safeobjworld_r_no_split:H5] epoch=7/10 step=800/1086 loss=0.4268
[train:safeobjworld_r_no_split:H5] epoch=7/10 step=825/1086 loss=0.4343
[train:safeobjworld_r_no_split:H5] epoch=7/10 step=850/1086 loss=0.4175
[train:safeobjworld_r_no_split:H5] epoch=7/10 step=875/1086 loss=0.3964
[train:safeobjworld_r_no_split:H5] epoch=7/10 step=900/1086 loss=0.4496
[train:safeobjworld_r_no_split:H5] epoch=7/10 step=925/1086 loss=0.4505
[train:safeobjworld_r_no_split:H5] epoch=7/10 step=950/1086 loss=0.4228
[train:safeobjworld_r_no_split:H5] epoch=7/10 step=975/1086 loss=0.4003
[train:safeobjworld_r_no_split:H5] epoch=7/10 step=1000/1086 loss=0.4302
[train:safeobjworld_r_no_split:H5] epoch=7/10 step=1025/1086 loss=0.4002
[train:safeobjworld_r_no_split:H5] epoch=7/10 step=1050/1086 loss=0.4325
[train:safeobjworld_r_no_split:H5] epoch=7/10 step=1075/1086 loss=0.4394
[epoch] method=safeobjworld_r_no_split epoch=7 train=0.4252 val=0.3516 best=0.3516
[train:safeobjworld_r_no_split:H5] epoch=8/10 step=0/1086 loss=0.4358
[train:safeobjworld_r_no_split:H5] epoch=8/10 step=25/1086 loss=0.4081
[train:safeobjworld_r_no_split:H5] epoch=8/10 step=50/1086 loss=0.4143
[train:safeobjworld_r_no_split:H5] epoch=8/10 step=75/1086 loss=0.3914
[train:safeobjworld_r_no_split:H5] epoch=8/10 step=100/1086 loss=0.4196
[train:safeobjworld_r_no_split:H5] epoch=8/10 step=125/1086 loss=0.4346
[train:safeobjworld_r_no_split:H5] epoch=8/10 step=150/1086 loss=0.4011
[train:safeobjworld_r_no_split:H5] epoch=8/10 step=175/1086 loss=0.3917
[train:safeobjworld_r_no_split:H5] epoch=8/10 step=200/1086 loss=0.4153
[train:safeobjworld_r_no_split:H5] epoch=8/10 step=225/1086 loss=0.4505
[train:safeobjworld_r_no_split:H5] epoch=8/10 step=250/1086 loss=0.3922
[train:safeobjworld_r_no_split:H5] epoch=8/10 step=275/1086 loss=0.3909
[train:safeobjworld_r_no_split:H5] epoch=8/10 step=300/1086 loss=0.4297
[train:safeobjworld_r_no_split:H5] epoch=8/10 step=325/1086 loss=0.4412
[train:safeobjworld_r_no_split:H5] epoch=8/10 step=350/1086 loss=0.3871
[train:safeobjworld_r_no_split:H5] epoch=8/10 step=375/1086 loss=0.4069
[train:safeobjworld_r_no_split:H5] epoch=8/10 step=400/1086 loss=0.4081
[train:safeobjworld_r_no_split:H5] epoch=8/10 step=425/1086 loss=0.4469
[train:safeobjworld_r_no_split:H5] epoch=8/10 step=450/1086 loss=0.4238
[train:safeobjworld_r_no_split:H5] epoch=8/10 step=475/1086 loss=0.4794
[train:safeobjworld_r_no_split:H5] epoch=8/10 step=500/1086 loss=0.4183
[train:safeobjworld_r_no_split:H5] epoch=8/10 step=525/1086 loss=0.3836
[train:safeobjworld_r_no_split:H5] epoch=8/10 step=550/1086 loss=0.4199
[train:safeobjworld_r_no_split:H5] epoch=8/10 step=575/1086 loss=0.4475
[train:safeobjworld_r_no_split:H5] epoch=8/10 step=600/1086 loss=0.4362
[train:safeobjworld_r_no_split:H5] epoch=8/10 step=625/1086 loss=0.4155
[train:safeobjworld_r_no_split:H5] epoch=8/10 step=650/1086 loss=0.4273
[train:safeobjworld_r_no_split:H5] epoch=8/10 step=675/1086 loss=0.4293
[train:safeobjworld_r_no_split:H5] epoch=8/10 step=700/1086 loss=0.4297
[train:safeobjworld_r_no_split:H5] epoch=8/10 step=725/1086 loss=0.4177
[train:safeobjworld_r_no_split:H5] epoch=8/10 step=750/1086 loss=0.4205
[train:safeobjworld_r_no_split:H5] epoch=8/10 step=775/1086 loss=0.4369
[train:safeobjworld_r_no_split:H5] epoch=8/10 step=800/1086 loss=0.4405
[train:safeobjworld_r_no_split:H5] epoch=8/10 step=825/1086 loss=0.4527
[train:safeobjworld_r_no_split:H5] epoch=8/10 step=850/1086 loss=0.4295
[train:safeobjworld_r_no_split:H5] epoch=8/10 step=875/1086 loss=0.4212
[train:safeobjworld_r_no_split:H5] epoch=8/10 step=900/1086 loss=0.4222
[train:safeobjworld_r_no_split:H5] epoch=8/10 step=925/1086 loss=0.4122
[train:safeobjworld_r_no_split:H5] epoch=8/10 step=950/1086 loss=0.4371
[train:safeobjworld_r_no_split:H5] epoch=8/10 step=975/1086 loss=0.4203
[train:safeobjworld_r_no_split:H5] epoch=8/10 step=1000/1086 loss=0.4101
[train:safeobjworld_r_no_split:H5] epoch=8/10 step=1025/1086 loss=0.4498
[train:safeobjworld_r_no_split:H5] epoch=8/10 step=1050/1086 loss=0.3971
[train:safeobjworld_r_no_split:H5] epoch=8/10 step=1075/1086 loss=0.4313
[epoch] method=safeobjworld_r_no_split epoch=8 train=0.4209 val=0.3520 best=0.3516
[train:safeobjworld_r_no_split:H5] epoch=9/10 step=0/1086 loss=0.3995
[train:safeobjworld_r_no_split:H5] epoch=9/10 step=25/1086 loss=0.4317
[train:safeobjworld_r_no_split:H5] epoch=9/10 step=50/1086 loss=0.4066
[train:safeobjworld_r_no_split:H5] epoch=9/10 step=75/1086 loss=0.4251
[train:safeobjworld_r_no_split:H5] epoch=9/10 step=100/1086 loss=0.4189
[train:safeobjworld_r_no_split:H5] epoch=9/10 step=125/1086 loss=0.4193
[train:safeobjworld_r_no_split:H5] epoch=9/10 step=150/1086 loss=0.4371
[train:safeobjworld_r_no_split:H5] epoch=9/10 step=175/1086 loss=0.4060
[train:safeobjworld_r_no_split:H5] epoch=9/10 step=200/1086 loss=0.4091
[train:safeobjworld_r_no_split:H5] epoch=9/10 step=225/1086 loss=0.4194
[train:safeobjworld_r_no_split:H5] epoch=9/10 step=250/1086 loss=0.4112
[train:safeobjworld_r_no_split:H5] epoch=9/10 step=275/1086 loss=0.4324
[train:safeobjworld_r_no_split:H5] epoch=9/10 step=300/1086 loss=0.4064
[train:safeobjworld_r_no_split:H5] epoch=9/10 step=325/1086 loss=0.3909
[train:safeobjworld_r_no_split:H5] epoch=9/10 step=350/1086 loss=0.4278
[train:safeobjworld_r_no_split:H5] epoch=9/10 step=375/1086 loss=0.4536
[train:safeobjworld_r_no_split:H5] epoch=9/10 step=400/1086 loss=0.4103
[train:safeobjworld_r_no_split:H5] epoch=9/10 step=425/1086 loss=0.4267
[train:safeobjworld_r_no_split:H5] epoch=9/10 step=450/1086 loss=0.4394
[train:safeobjworld_r_no_split:H5] epoch=9/10 step=475/1086 loss=0.4107
[train:safeobjworld_r_no_split:H5] epoch=9/10 step=500/1086 loss=0.4277
[train:safeobjworld_r_no_split:H5] epoch=9/10 step=525/1086 loss=0.4540
[train:safeobjworld_r_no_split:H5] epoch=9/10 step=550/1086 loss=0.4286
[train:safeobjworld_r_no_split:H5] epoch=9/10 step=575/1086 loss=0.4453
[train:safeobjworld_r_no_split:H5] epoch=9/10 step=600/1086 loss=0.3854
[train:safeobjworld_r_no_split:H5] epoch=9/10 step=625/1086 loss=0.4116
[train:safeobjworld_r_no_split:H5] epoch=9/10 step=650/1086 loss=0.4050
[train:safeobjworld_r_no_split:H5] epoch=9/10 step=675/1086 loss=0.4307
[train:safeobjworld_r_no_split:H5] epoch=9/10 step=700/1086 loss=0.4033
[train:safeobjworld_r_no_split:H5] epoch=9/10 step=725/1086 loss=0.4140
[train:safeobjworld_r_no_split:H5] epoch=9/10 step=750/1086 loss=0.4488
[train:safeobjworld_r_no_split:H5] epoch=9/10 step=775/1086 loss=0.4066
[train:safeobjworld_r_no_split:H5] epoch=9/10 step=800/1086 loss=0.4114
[train:safeobjworld_r_no_split:H5] epoch=9/10 step=825/1086 loss=0.4311
[train:safeobjworld_r_no_split:H5] epoch=9/10 step=850/1086 loss=0.4286
[train:safeobjworld_r_no_split:H5] epoch=9/10 step=875/1086 loss=0.4206
[train:safeobjworld_r_no_split:H5] epoch=9/10 step=900/1086 loss=0.4781
[train:safeobjworld_r_no_split:H5] epoch=9/10 step=925/1086 loss=0.3697
[train:safeobjworld_r_no_split:H5] epoch=9/10 step=950/1086 loss=0.4363
[train:safeobjworld_r_no_split:H5] epoch=9/10 step=975/1086 loss=0.3846
[train:safeobjworld_r_no_split:H5] epoch=9/10 step=1000/1086 loss=0.4498
[train:safeobjworld_r_no_split:H5] epoch=9/10 step=1025/1086 loss=0.4190
[train:safeobjworld_r_no_split:H5] epoch=9/10 step=1050/1086 loss=0.4235
[train:safeobjworld_r_no_split:H5] epoch=9/10 step=1075/1086 loss=0.3984
[epoch] method=safeobjworld_r_no_split epoch=9 train=0.4168 val=0.3534 best=0.3516
[train:safeobjworld_r_no_split:H5] epoch=10/10 step=0/1086 loss=0.3868
[train:safeobjworld_r_no_split:H5] epoch=10/10 step=25/1086 loss=0.4114
[train:safeobjworld_r_no_split:H5] epoch=10/10 step=50/1086 loss=0.3951
[train:safeobjworld_r_no_split:H5] epoch=10/10 step=75/1086 loss=0.3917
[train:safeobjworld_r_no_split:H5] epoch=10/10 step=100/1086 loss=0.3808
[train:safeobjworld_r_no_split:H5] epoch=10/10 step=125/1086 loss=0.3856
[train:safeobjworld_r_no_split:H5] epoch=10/10 step=150/1086 loss=0.4293
[train:safeobjworld_r_no_split:H5] epoch=10/10 step=175/1086 loss=0.4223
[train:safeobjworld_r_no_split:H5] epoch=10/10 step=200/1086 loss=0.4217
[train:safeobjworld_r_no_split:H5] epoch=10/10 step=225/1086 loss=0.4195
[train:safeobjworld_r_no_split:H5] epoch=10/10 step=250/1086 loss=0.4437
[train:safeobjworld_r_no_split:H5] epoch=10/10 step=275/1086 loss=0.4043
[train:safeobjworld_r_no_split:H5] epoch=10/10 step=300/1086 loss=0.4459
[train:safeobjworld_r_no_split:H5] epoch=10/10 step=325/1086 loss=0.4115
[train:safeobjworld_r_no_split:H5] epoch=10/10 step=350/1086 loss=0.4139
[train:safeobjworld_r_no_split:H5] epoch=10/10 step=375/1086 loss=0.4072
[train:safeobjworld_r_no_split:H5] epoch=10/10 step=400/1086 loss=0.4244
[train:safeobjworld_r_no_split:H5] epoch=10/10 step=425/1086 loss=0.4446
[train:safeobjworld_r_no_split:H5] epoch=10/10 step=450/1086 loss=0.3938
[train:safeobjworld_r_no_split:H5] epoch=10/10 step=475/1086 loss=0.4006
[train:safeobjworld_r_no_split:H5] epoch=10/10 step=500/1086 loss=0.4160
[train:safeobjworld_r_no_split:H5] epoch=10/10 step=525/1086 loss=0.4148
[train:safeobjworld_r_no_split:H5] epoch=10/10 step=550/1086 loss=0.3844
[train:safeobjworld_r_no_split:H5] epoch=10/10 step=575/1086 loss=0.4414
[train:safeobjworld_r_no_split:H5] epoch=10/10 step=600/1086 loss=0.4143
[train:safeobjworld_r_no_split:H5] epoch=10/10 step=625/1086 loss=0.3994
[train:safeobjworld_r_no_split:H5] epoch=10/10 step=650/1086 loss=0.4198
[train:safeobjworld_r_no_split:H5] epoch=10/10 step=675/1086 loss=0.4252
[train:safeobjworld_r_no_split:H5] epoch=10/10 step=700/1086 loss=0.4602
[train:safeobjworld_r_no_split:H5] epoch=10/10 step=725/1086 loss=0.4338
[train:safeobjworld_r_no_split:H5] epoch=10/10 step=750/1086 loss=0.4048
[train:safeobjworld_r_no_split:H5] epoch=10/10 step=775/1086 loss=0.4094
[train:safeobjworld_r_no_split:H5] epoch=10/10 step=800/1086 loss=0.4251
[train:safeobjworld_r_no_split:H5] epoch=10/10 step=825/1086 loss=0.3955
[train:safeobjworld_r_no_split:H5] epoch=10/10 step=850/1086 loss=0.3689
[train:safeobjworld_r_no_split:H5] epoch=10/10 step=875/1086 loss=0.4040
[train:safeobjworld_r_no_split:H5] epoch=10/10 step=900/1086 loss=0.4340
[train:safeobjworld_r_no_split:H5] epoch=10/10 step=925/1086 loss=0.4305
[train:safeobjworld_r_no_split:H5] epoch=10/10 step=950/1086 loss=0.4228
[train:safeobjworld_r_no_split:H5] epoch=10/10 step=975/1086 loss=0.4064
[train:safeobjworld_r_no_split:H5] epoch=10/10 step=1000/1086 loss=0.4124
[train:safeobjworld_r_no_split:H5] epoch=10/10 step=1025/1086 loss=0.4303
[train:safeobjworld_r_no_split:H5] epoch=10/10 step=1050/1086 loss=0.4043
[train:safeobjworld_r_no_split:H5] epoch=10/10 step=1075/1086 loss=0.4437
[epoch] method=safeobjworld_r_no_split epoch=10 train=0.4132 val=0.3513 best=0.3513
[done train] /home/tahiti/SafeObjWorld/runs_v2_full/models/safeobjworld_r_no_split/H5/best.pt
