====================================================================================================
SafeObjWorld V2 runner
{
  "mode": "train",
  "dataset_root": "/home/tahiti/SafeObjWorld/data/DAVIS2017",
  "run_root": "/home/tahiti/SafeObjWorld/runs_v2_full",
  "year": "2017",
  "method": "convlstm_stress",
  "stress": "clean",
  "prefix_len": 3,
  "max_h": 5,
  "image_size": 192,
  "batch_size": 8,
  "epochs": 10,
  "lr": 0.0002,
  "weight_decay": 0.0001,
  "max_train_samples": 0,
  "max_val_samples": 0,
  "num_workers": 4,
  "seed": 42,
  "eval_k_override": 0,
  "amp": true,
  "cpu": false,
  "skip_existing": true,
  "log_every": 25
}
====================================================================================================
[train] method=convlstm_stress device=cuda cfg={'stress_train': True, 'temporal_weight': 0.0, 'split_weight': 0.0, 'area_weight': 0.0, 'mc_eval': False, 'eval_k': 1}
[train:convlstm_stress:H5] epoch=1/10 step=0/1086 loss=1.6514
[train:convlstm_stress:H5] epoch=1/10 step=25/1086 loss=1.4714
[train:convlstm_stress:H5] epoch=1/10 step=50/1086 loss=0.9223
[train:convlstm_stress:H5] epoch=1/10 step=75/1086 loss=0.7136
[train:convlstm_stress:H5] epoch=1/10 step=100/1086 loss=0.6202
[train:convlstm_stress:H5] epoch=1/10 step=125/1086 loss=0.6146
[train:convlstm_stress:H5] epoch=1/10 step=150/1086 loss=0.6032
[train:convlstm_stress:H5] epoch=1/10 step=175/1086 loss=0.5580
[train:convlstm_stress:H5] epoch=1/10 step=200/1086 loss=0.5423
[train:convlstm_stress:H5] epoch=1/10 step=225/1086 loss=0.5253
[train:convlstm_stress:H5] epoch=1/10 step=250/1086 loss=0.5611
[train:convlstm_stress:H5] epoch=1/10 step=275/1086 loss=0.5860
[train:convlstm_stress:H5] epoch=1/10 step=300/1086 loss=0.4764
[train:convlstm_stress:H5] epoch=1/10 step=325/1086 loss=0.5281
[train:convlstm_stress:H5] epoch=1/10 step=350/1086 loss=0.5458
[train:convlstm_stress:H5] epoch=1/10 step=375/1086 loss=0.5497
[train:convlstm_stress:H5] epoch=1/10 step=400/1086 loss=0.5814
[train:convlstm_stress:H5] epoch=1/10 step=425/1086 loss=0.4635
[train:convlstm_stress:H5] epoch=1/10 step=450/1086 loss=0.5311
[train:convlstm_stress:H5] epoch=1/10 step=475/1086 loss=0.5362
[train:convlstm_stress:H5] epoch=1/10 step=500/1086 loss=0.5093
[train:convlstm_stress:H5] epoch=1/10 step=525/1086 loss=0.5021
[train:convlstm_stress:H5] epoch=1/10 step=550/1086 loss=0.5248
[train:convlstm_stress:H5] epoch=1/10 step=575/1086 loss=0.5290
[train:convlstm_stress:H5] epoch=1/10 step=600/1086 loss=0.5136
[train:convlstm_stress:H5] epoch=1/10 step=625/1086 loss=0.5010
[train:convlstm_stress:H5] epoch=1/10 step=650/1086 loss=0.5063
[train:convlstm_stress:H5] epoch=1/10 step=675/1086 loss=0.4994
[train:convlstm_stress:H5] epoch=1/10 step=700/1086 loss=0.4837
[train:convlstm_stress:H5] epoch=1/10 step=725/1086 loss=0.4893
[train:convlstm_stress:H5] epoch=1/10 step=750/1086 loss=0.5103
[train:convlstm_stress:H5] epoch=1/10 step=775/1086 loss=0.5235
[train:convlstm_stress:H5] epoch=1/10 step=800/1086 loss=0.4743
[train:convlstm_stress:H5] epoch=1/10 step=825/1086 loss=0.4596
[train:convlstm_stress:H5] epoch=1/10 step=850/1086 loss=0.5166
[train:convlstm_stress:H5] epoch=1/10 step=875/1086 loss=0.5222
[train:convlstm_stress:H5] epoch=1/10 step=900/1086 loss=0.4415
[train:convlstm_stress:H5] epoch=1/10 step=925/1086 loss=0.4787
[train:convlstm_stress:H5] epoch=1/10 step=950/1086 loss=0.5201
[train:convlstm_stress:H5] epoch=1/10 step=975/1086 loss=0.4504
[train:convlstm_stress:H5] epoch=1/10 step=1000/1086 loss=0.4468
[train:convlstm_stress:H5] epoch=1/10 step=1025/1086 loss=0.4977
[train:convlstm_stress:H5] epoch=1/10 step=1050/1086 loss=0.4860
[train:convlstm_stress:H5] epoch=1/10 step=1075/1086 loss=0.4738
[epoch] method=convlstm_stress epoch=1 train=0.5541 val=0.3836 best=0.3836
[train:convlstm_stress:H5] epoch=2/10 step=0/1086 loss=0.2676
[train:convlstm_stress:H5] epoch=2/10 step=25/1086 loss=0.4828
[train:convlstm_stress:H5] epoch=2/10 step=50/1086 loss=0.4403
[train:convlstm_stress:H5] epoch=2/10 step=75/1086 loss=0.4516
[train:convlstm_stress:H5] epoch=2/10 step=100/1086 loss=0.4974
[train:convlstm_stress:H5] epoch=2/10 step=125/1086 loss=0.4772
[train:convlstm_stress:H5] epoch=2/10 step=150/1086 loss=0.4687
[train:convlstm_stress:H5] epoch=2/10 step=175/1086 loss=0.4739
[train:convlstm_stress:H5] epoch=2/10 step=200/1086 loss=0.4899
[train:convlstm_stress:H5] epoch=2/10 step=225/1086 loss=0.4467
[train:convlstm_stress:H5] epoch=2/10 step=250/1086 loss=0.4916
[train:convlstm_stress:H5] epoch=2/10 step=275/1086 loss=0.4883
[train:convlstm_stress:H5] epoch=2/10 step=300/1086 loss=0.4509
[train:convlstm_stress:H5] epoch=2/10 step=325/1086 loss=0.4834
[train:convlstm_stress:H5] epoch=2/10 step=350/1086 loss=0.4825
[train:convlstm_stress:H5] epoch=2/10 step=375/1086 loss=0.4705
[train:convlstm_stress:H5] epoch=2/10 step=400/1086 loss=0.4453
[train:convlstm_stress:H5] epoch=2/10 step=425/1086 loss=0.5423
[train:convlstm_stress:H5] epoch=2/10 step=450/1086 loss=0.4714
[train:convlstm_stress:H5] epoch=2/10 step=475/1086 loss=0.5138
[train:convlstm_stress:H5] epoch=2/10 step=500/1086 loss=0.4529
[train:convlstm_stress:H5] epoch=2/10 step=525/1086 loss=0.4435
[train:convlstm_stress:H5] epoch=2/10 step=550/1086 loss=0.4400
[train:convlstm_stress:H5] epoch=2/10 step=575/1086 loss=0.4644
[train:convlstm_stress:H5] epoch=2/10 step=600/1086 loss=0.4351
[train:convlstm_stress:H5] epoch=2/10 step=625/1086 loss=0.4797
[train:convlstm_stress:H5] epoch=2/10 step=650/1086 loss=0.4461
[train:convlstm_stress:H5] epoch=2/10 step=675/1086 loss=0.4962
[train:convlstm_stress:H5] epoch=2/10 step=700/1086 loss=0.4474
[train:convlstm_stress:H5] epoch=2/10 step=725/1086 loss=0.4882
[train:convlstm_stress:H5] epoch=2/10 step=750/1086 loss=0.4532
[train:convlstm_stress:H5] epoch=2/10 step=775/1086 loss=0.4707
[train:convlstm_stress:H5] epoch=2/10 step=800/1086 loss=0.3988
[train:convlstm_stress:H5] epoch=2/10 step=825/1086 loss=0.4126
[train:convlstm_stress:H5] epoch=2/10 step=850/1086 loss=0.4532
[train:convlstm_stress:H5] epoch=2/10 step=875/1086 loss=0.4723
[train:convlstm_stress:H5] epoch=2/10 step=900/1086 loss=0.4269
[train:convlstm_stress:H5] epoch=2/10 step=925/1086 loss=0.4410
[train:convlstm_stress:H5] epoch=2/10 step=950/1086 loss=0.5058
[train:convlstm_stress:H5] epoch=2/10 step=975/1086 loss=0.4342
[train:convlstm_stress:H5] epoch=2/10 step=1000/1086 loss=0.4375
[train:convlstm_stress:H5] epoch=2/10 step=1025/1086 loss=0.4686
[train:convlstm_stress:H5] epoch=2/10 step=1050/1086 loss=0.4497
[train:convlstm_stress:H5] epoch=2/10 step=1075/1086 loss=0.4854
[epoch] method=convlstm_stress epoch=2 train=0.4660 val=0.3722 best=0.3722
[train:convlstm_stress:H5] epoch=3/10 step=0/1086 loss=0.4900
[train:convlstm_stress:H5] epoch=3/10 step=25/1086 loss=0.4521
[train:convlstm_stress:H5] epoch=3/10 step=50/1086 loss=0.4504
[train:convlstm_stress:H5] epoch=3/10 step=75/1086 loss=0.4437
[train:convlstm_stress:H5] epoch=3/10 step=100/1086 loss=0.4407
[train:convlstm_stress:H5] epoch=3/10 step=125/1086 loss=0.5068
[train:convlstm_stress:H5] epoch=3/10 step=150/1086 loss=0.4186
[train:convlstm_stress:H5] epoch=3/10 step=175/1086 loss=0.4767
[train:convlstm_stress:H5] epoch=3/10 step=200/1086 loss=0.4617
[train:convlstm_stress:H5] epoch=3/10 step=225/1086 loss=0.4380
[train:convlstm_stress:H5] epoch=3/10 step=250/1086 loss=0.4943
[train:convlstm_stress:H5] epoch=3/10 step=275/1086 loss=0.4642
[train:convlstm_stress:H5] epoch=3/10 step=300/1086 loss=0.4655
[train:convlstm_stress:H5] epoch=3/10 step=325/1086 loss=0.4351
[train:convlstm_stress:H5] epoch=3/10 step=350/1086 loss=0.4285
[train:convlstm_stress:H5] epoch=3/10 step=375/1086 loss=0.4654
[train:convlstm_stress:H5] epoch=3/10 step=400/1086 loss=0.4622
[train:convlstm_stress:H5] epoch=3/10 step=425/1086 loss=0.4427
[train:convlstm_stress:H5] epoch=3/10 step=450/1086 loss=0.4490
[train:convlstm_stress:H5] epoch=3/10 step=475/1086 loss=0.4540
[train:convlstm_stress:H5] epoch=3/10 step=500/1086 loss=0.4271
[train:convlstm_stress:H5] epoch=3/10 step=525/1086 loss=0.4107
[train:convlstm_stress:H5] epoch=3/10 step=550/1086 loss=0.4407
[train:convlstm_stress:H5] epoch=3/10 step=575/1086 loss=0.4651
[train:convlstm_stress:H5] epoch=3/10 step=600/1086 loss=0.4262
[train:convlstm_stress:H5] epoch=3/10 step=625/1086 loss=0.4287
[train:convlstm_stress:H5] epoch=3/10 step=650/1086 loss=0.4145
[train:convlstm_stress:H5] epoch=3/10 step=675/1086 loss=0.4324
[train:convlstm_stress:H5] epoch=3/10 step=700/1086 loss=0.4764
[train:convlstm_stress:H5] epoch=3/10 step=725/1086 loss=0.4719
[train:convlstm_stress:H5] epoch=3/10 step=750/1086 loss=0.4170
[train:convlstm_stress:H5] epoch=3/10 step=775/1086 loss=0.4083
[train:convlstm_stress:H5] epoch=3/10 step=800/1086 loss=0.4461
[train:convlstm_stress:H5] epoch=3/10 step=825/1086 loss=0.4241
[train:convlstm_stress:H5] epoch=3/10 step=850/1086 loss=0.4629
[train:convlstm_stress:H5] epoch=3/10 step=875/1086 loss=0.4575
[train:convlstm_stress:H5] epoch=3/10 step=900/1086 loss=0.4605
[train:convlstm_stress:H5] epoch=3/10 step=925/1086 loss=0.4494
[train:convlstm_stress:H5] epoch=3/10 step=950/1086 loss=0.4379
[train:convlstm_stress:H5] epoch=3/10 step=975/1086 loss=0.4586
[train:convlstm_stress:H5] epoch=3/10 step=1000/1086 loss=0.4132
[train:convlstm_stress:H5] epoch=3/10 step=1025/1086 loss=0.4128
[train:convlstm_stress:H5] epoch=3/10 step=1050/1086 loss=0.4136
[train:convlstm_stress:H5] epoch=3/10 step=1075/1086 loss=0.4669
[epoch] method=convlstm_stress epoch=3 train=0.4458 val=0.3701 best=0.3701
[train:convlstm_stress:H5] epoch=4/10 step=0/1086 loss=0.5207
[train:convlstm_stress:H5] epoch=4/10 step=25/1086 loss=0.4047
[train:convlstm_stress:H5] epoch=4/10 step=50/1086 loss=0.4529
[train:convlstm_stress:H5] epoch=4/10 step=75/1086 loss=0.4184
[train:convlstm_stress:H5] epoch=4/10 step=100/1086 loss=0.4290
[train:convlstm_stress:H5] epoch=4/10 step=125/1086 loss=0.4487
[train:convlstm_stress:H5] epoch=4/10 step=150/1086 loss=0.4540
[train:convlstm_stress:H5] epoch=4/10 step=175/1086 loss=0.4462
[train:convlstm_stress:H5] epoch=4/10 step=200/1086 loss=0.4166
[train:convlstm_stress:H5] epoch=4/10 step=225/1086 loss=0.4405
[train:convlstm_stress:H5] epoch=4/10 step=250/1086 loss=0.4476
[train:convlstm_stress:H5] epoch=4/10 step=275/1086 loss=0.4511
[train:convlstm_stress:H5] epoch=4/10 step=300/1086 loss=0.4585
[train:convlstm_stress:H5] epoch=4/10 step=325/1086 loss=0.4475
[train:convlstm_stress:H5] epoch=4/10 step=350/1086 loss=0.4692
[train:convlstm_stress:H5] epoch=4/10 step=375/1086 loss=0.4410
[train:convlstm_stress:H5] epoch=4/10 step=400/1086 loss=0.4061
[train:convlstm_stress:H5] epoch=4/10 step=425/1086 loss=0.4518
[train:convlstm_stress:H5] epoch=4/10 step=450/1086 loss=0.4068
[train:convlstm_stress:H5] epoch=4/10 step=475/1086 loss=0.4321
[train:convlstm_stress:H5] epoch=4/10 step=500/1086 loss=0.4063
[train:convlstm_stress:H5] epoch=4/10 step=525/1086 loss=0.4132
[train:convlstm_stress:H5] epoch=4/10 step=550/1086 loss=0.4249
[train:convlstm_stress:H5] epoch=4/10 step=575/1086 loss=0.4245
[train:convlstm_stress:H5] epoch=4/10 step=600/1086 loss=0.4366
[train:convlstm_stress:H5] epoch=4/10 step=625/1086 loss=0.4156
[train:convlstm_stress:H5] epoch=4/10 step=650/1086 loss=0.4832
[train:convlstm_stress:H5] epoch=4/10 step=675/1086 loss=0.4460
[train:convlstm_stress:H5] epoch=4/10 step=700/1086 loss=0.4006
[train:convlstm_stress:H5] epoch=4/10 step=725/1086 loss=0.4278
[train:convlstm_stress:H5] epoch=4/10 step=750/1086 loss=0.4131
[train:convlstm_stress:H5] epoch=4/10 step=775/1086 loss=0.4151
[train:convlstm_stress:H5] epoch=4/10 step=800/1086 loss=0.4331
[train:convlstm_stress:H5] epoch=4/10 step=825/1086 loss=0.4546
[train:convlstm_stress:H5] epoch=4/10 step=850/1086 loss=0.4272
[train:convlstm_stress:H5] epoch=4/10 step=875/1086 loss=0.4431
[train:convlstm_stress:H5] epoch=4/10 step=900/1086 loss=0.3989
[train:convlstm_stress:H5] epoch=4/10 step=925/1086 loss=0.4458
[train:convlstm_stress:H5] epoch=4/10 step=950/1086 loss=0.4498
[train:convlstm_stress:H5] epoch=4/10 step=975/1086 loss=0.4350
[train:convlstm_stress:H5] epoch=4/10 step=1000/1086 loss=0.3886
[train:convlstm_stress:H5] epoch=4/10 step=1025/1086 loss=0.4315
[train:convlstm_stress:H5] epoch=4/10 step=1050/1086 loss=0.3965
[train:convlstm_stress:H5] epoch=4/10 step=1075/1086 loss=0.4253
[epoch] method=convlstm_stress epoch=4 train=0.4337 val=0.3563 best=0.3563
[train:convlstm_stress:H5] epoch=5/10 step=0/1086 loss=0.2782
[train:convlstm_stress:H5] epoch=5/10 step=25/1086 loss=0.4086
[train:convlstm_stress:H5] epoch=5/10 step=50/1086 loss=0.4403
[train:convlstm_stress:H5] epoch=5/10 step=75/1086 loss=0.3910
[train:convlstm_stress:H5] epoch=5/10 step=100/1086 loss=0.4545
[train:convlstm_stress:H5] epoch=5/10 step=125/1086 loss=0.4488
[train:convlstm_stress:H5] epoch=5/10 step=150/1086 loss=0.4343
[train:convlstm_stress:H5] epoch=5/10 step=175/1086 loss=0.4223
[train:convlstm_stress:H5] epoch=5/10 step=200/1086 loss=0.4558
[train:convlstm_stress:H5] epoch=5/10 step=225/1086 loss=0.4110
[train:convlstm_stress:H5] epoch=5/10 step=250/1086 loss=0.4222
[train:convlstm_stress:H5] epoch=5/10 step=275/1086 loss=0.4320
[train:convlstm_stress:H5] epoch=5/10 step=300/1086 loss=0.4446
[train:convlstm_stress:H5] epoch=5/10 step=325/1086 loss=0.4221
[train:convlstm_stress:H5] epoch=5/10 step=350/1086 loss=0.4583
[train:convlstm_stress:H5] epoch=5/10 step=375/1086 loss=0.4293
[train:convlstm_stress:H5] epoch=5/10 step=400/1086 loss=0.4425
[train:convlstm_stress:H5] epoch=5/10 step=425/1086 loss=0.4104
[train:convlstm_stress:H5] epoch=5/10 step=450/1086 loss=0.4203
[train:convlstm_stress:H5] epoch=5/10 step=475/1086 loss=0.4515
[train:convlstm_stress:H5] epoch=5/10 step=500/1086 loss=0.4016
[train:convlstm_stress:H5] epoch=5/10 step=525/1086 loss=0.4059
[train:convlstm_stress:H5] epoch=5/10 step=550/1086 loss=0.4403
[train:convlstm_stress:H5] epoch=5/10 step=575/1086 loss=0.4326
[train:convlstm_stress:H5] epoch=5/10 step=600/1086 loss=0.4432
[train:convlstm_stress:H5] epoch=5/10 step=625/1086 loss=0.4207
[train:convlstm_stress:H5] epoch=5/10 step=650/1086 loss=0.4254
[train:convlstm_stress:H5] epoch=5/10 step=675/1086 loss=0.4714
[train:convlstm_stress:H5] epoch=5/10 step=700/1086 loss=0.4073
[train:convlstm_stress:H5] epoch=5/10 step=725/1086 loss=0.3915
[train:convlstm_stress:H5] epoch=5/10 step=750/1086 loss=0.4532
[train:convlstm_stress:H5] epoch=5/10 step=775/1086 loss=0.4342
[train:convlstm_stress:H5] epoch=5/10 step=800/1086 loss=0.4313
[train:convlstm_stress:H5] epoch=5/10 step=825/1086 loss=0.4046
[train:convlstm_stress:H5] epoch=5/10 step=850/1086 loss=0.3833
[train:convlstm_stress:H5] epoch=5/10 step=875/1086 loss=0.3987
[train:convlstm_stress:H5] epoch=5/10 step=900/1086 loss=0.4228
[train:convlstm_stress:H5] epoch=5/10 step=925/1086 loss=0.4391
[train:convlstm_stress:H5] epoch=5/10 step=950/1086 loss=0.3977
[train:convlstm_stress:H5] epoch=5/10 step=975/1086 loss=0.4060
[train:convlstm_stress:H5] epoch=5/10 step=1000/1086 loss=0.4288
[train:convlstm_stress:H5] epoch=5/10 step=1025/1086 loss=0.4317
[train:convlstm_stress:H5] epoch=5/10 step=1050/1086 loss=0.4159
[train:convlstm_stress:H5] epoch=5/10 step=1075/1086 loss=0.4106
[epoch] method=convlstm_stress epoch=5 train=0.4252 val=0.3907 best=0.3563
[train:convlstm_stress:H5] epoch=6/10 step=0/1086 loss=0.4109
[train:convlstm_stress:H5] epoch=6/10 step=25/1086 loss=0.4561
[train:convlstm_stress:H5] epoch=6/10 step=50/1086 loss=0.4262
[train:convlstm_stress:H5] epoch=6/10 step=75/1086 loss=0.4033
[train:convlstm_stress:H5] epoch=6/10 step=100/1086 loss=0.4163
[train:convlstm_stress:H5] epoch=6/10 step=125/1086 loss=0.4316
[train:convlstm_stress:H5] epoch=6/10 step=150/1086 loss=0.4417
[train:convlstm_stress:H5] epoch=6/10 step=175/1086 loss=0.4315
[train:convlstm_stress:H5] epoch=6/10 step=200/1086 loss=0.4172
[train:convlstm_stress:H5] epoch=6/10 step=225/1086 loss=0.4190
[train:convlstm_stress:H5] epoch=6/10 step=250/1086 loss=0.4558
[train:convlstm_stress:H5] epoch=6/10 step=275/1086 loss=0.4268
[train:convlstm_stress:H5] epoch=6/10 step=300/1086 loss=0.4050
[train:convlstm_stress:H5] epoch=6/10 step=325/1086 loss=0.3875
[train:convlstm_stress:H5] epoch=6/10 step=350/1086 loss=0.3813
[train:convlstm_stress:H5] epoch=6/10 step=375/1086 loss=0.4286
[train:convlstm_stress:H5] epoch=6/10 step=400/1086 loss=0.3992
[train:convlstm_stress:H5] epoch=6/10 step=425/1086 loss=0.4054
[train:convlstm_stress:H5] epoch=6/10 step=450/1086 loss=0.3951
[train:convlstm_stress:H5] epoch=6/10 step=475/1086 loss=0.4501
[train:convlstm_stress:H5] epoch=6/10 step=500/1086 loss=0.4121
[train:convlstm_stress:H5] epoch=6/10 step=525/1086 loss=0.4473
[train:convlstm_stress:H5] epoch=6/10 step=550/1086 loss=0.3959
[train:convlstm_stress:H5] epoch=6/10 step=575/1086 loss=0.3896
[train:convlstm_stress:H5] epoch=6/10 step=600/1086 loss=0.4125
[train:convlstm_stress:H5] epoch=6/10 step=625/1086 loss=0.4204
[train:convlstm_stress:H5] epoch=6/10 step=650/1086 loss=0.4209
[train:convlstm_stress:H5] epoch=6/10 step=675/1086 loss=0.4308
[train:convlstm_stress:H5] epoch=6/10 step=700/1086 loss=0.4090
[train:convlstm_stress:H5] epoch=6/10 step=725/1086 loss=0.4087
[train:convlstm_stress:H5] epoch=6/10 step=750/1086 loss=0.4234
[train:convlstm_stress:H5] epoch=6/10 step=775/1086 loss=0.4741
[train:convlstm_stress:H5] epoch=6/10 step=800/1086 loss=0.4726
[train:convlstm_stress:H5] epoch=6/10 step=825/1086 loss=0.4167
[train:convlstm_stress:H5] epoch=6/10 step=850/1086 loss=0.4365
[train:convlstm_stress:H5] epoch=6/10 step=875/1086 loss=0.4103
[train:convlstm_stress:H5] epoch=6/10 step=900/1086 loss=0.3986
[train:convlstm_stress:H5] epoch=6/10 step=925/1086 loss=0.4435
[train:convlstm_stress:H5] epoch=6/10 step=950/1086 loss=0.4258
[train:convlstm_stress:H5] epoch=6/10 step=975/1086 loss=0.4223
[train:convlstm_stress:H5] epoch=6/10 step=1000/1086 loss=0.4365
[train:convlstm_stress:H5] epoch=6/10 step=1025/1086 loss=0.4153
[train:convlstm_stress:H5] epoch=6/10 step=1050/1086 loss=0.4206
[train:convlstm_stress:H5] epoch=6/10 step=1075/1086 loss=0.3903
[epoch] method=convlstm_stress epoch=6 train=0.4190 val=0.3582 best=0.3563
[train:convlstm_stress:H5] epoch=7/10 step=0/1086 loss=0.4022
[train:convlstm_stress:H5] epoch=7/10 step=25/1086 loss=0.4478
[train:convlstm_stress:H5] epoch=7/10 step=50/1086 loss=0.4484
[train:convlstm_stress:H5] epoch=7/10 step=75/1086 loss=0.4235
[train:convlstm_stress:H5] epoch=7/10 step=100/1086 loss=0.4084
[train:convlstm_stress:H5] epoch=7/10 step=125/1086 loss=0.4284
[train:convlstm_stress:H5] epoch=7/10 step=150/1086 loss=0.4076
[train:convlstm_stress:H5] epoch=7/10 step=175/1086 loss=0.4400
[train:convlstm_stress:H5] epoch=7/10 step=200/1086 loss=0.4083
[train:convlstm_stress:H5] epoch=7/10 step=225/1086 loss=0.4130
[train:convlstm_stress:H5] epoch=7/10 step=250/1086 loss=0.4228
[train:convlstm_stress:H5] epoch=7/10 step=275/1086 loss=0.3845
[train:convlstm_stress:H5] epoch=7/10 step=300/1086 loss=0.3727
[train:convlstm_stress:H5] epoch=7/10 step=325/1086 loss=0.3929
[train:convlstm_stress:H5] epoch=7/10 step=350/1086 loss=0.3838
[train:convlstm_stress:H5] epoch=7/10 step=375/1086 loss=0.4199
[train:convlstm_stress:H5] epoch=7/10 step=400/1086 loss=0.4089
[train:convlstm_stress:H5] epoch=7/10 step=425/1086 loss=0.3959
[train:convlstm_stress:H5] epoch=7/10 step=450/1086 loss=0.3923
[train:convlstm_stress:H5] epoch=7/10 step=475/1086 loss=0.3998
[train:convlstm_stress:H5] epoch=7/10 step=500/1086 loss=0.3751
[train:convlstm_stress:H5] epoch=7/10 step=525/1086 loss=0.4352
[train:convlstm_stress:H5] epoch=7/10 step=550/1086 loss=0.3924
[train:convlstm_stress:H5] epoch=7/10 step=575/1086 loss=0.3662
[train:convlstm_stress:H5] epoch=7/10 step=600/1086 loss=0.4182
[train:convlstm_stress:H5] epoch=7/10 step=625/1086 loss=0.4464
[train:convlstm_stress:H5] epoch=7/10 step=650/1086 loss=0.4192
[train:convlstm_stress:H5] epoch=7/10 step=675/1086 loss=0.4296
[train:convlstm_stress:H5] epoch=7/10 step=700/1086 loss=0.4158
[train:convlstm_stress:H5] epoch=7/10 step=725/1086 loss=0.4257
[train:convlstm_stress:H5] epoch=7/10 step=750/1086 loss=0.4012
[train:convlstm_stress:H5] epoch=7/10 step=775/1086 loss=0.4108
[train:convlstm_stress:H5] epoch=7/10 step=800/1086 loss=0.4125
[train:convlstm_stress:H5] epoch=7/10 step=825/1086 loss=0.4205
[train:convlstm_stress:H5] epoch=7/10 step=850/1086 loss=0.4011
[train:convlstm_stress:H5] epoch=7/10 step=875/1086 loss=0.3800
[train:convlstm_stress:H5] epoch=7/10 step=900/1086 loss=0.4434
[train:convlstm_stress:H5] epoch=7/10 step=925/1086 loss=0.4400
[train:convlstm_stress:H5] epoch=7/10 step=950/1086 loss=0.4185
[train:convlstm_stress:H5] epoch=7/10 step=975/1086 loss=0.3925
[train:convlstm_stress:H5] epoch=7/10 step=1000/1086 loss=0.4204
[train:convlstm_stress:H5] epoch=7/10 step=1025/1086 loss=0.3913
[train:convlstm_stress:H5] epoch=7/10 step=1050/1086 loss=0.4203
[train:convlstm_stress:H5] epoch=7/10 step=1075/1086 loss=0.4243
[epoch] method=convlstm_stress epoch=7 train=0.4130 val=0.3492 best=0.3492
[train:convlstm_stress:H5] epoch=8/10 step=0/1086 loss=0.4409
[train:convlstm_stress:H5] epoch=8/10 step=25/1086 loss=0.3970
[train:convlstm_stress:H5] epoch=8/10 step=50/1086 loss=0.4018
[train:convlstm_stress:H5] epoch=8/10 step=75/1086 loss=0.3794
[train:convlstm_stress:H5] epoch=8/10 step=100/1086 loss=0.4080
[train:convlstm_stress:H5] epoch=8/10 step=125/1086 loss=0.4265
[train:convlstm_stress:H5] epoch=8/10 step=150/1086 loss=0.3904
[train:convlstm_stress:H5] epoch=8/10 step=175/1086 loss=0.3773
[train:convlstm_stress:H5] epoch=8/10 step=200/1086 loss=0.4017
[train:convlstm_stress:H5] epoch=8/10 step=225/1086 loss=0.4362
[train:convlstm_stress:H5] epoch=8/10 step=250/1086 loss=0.3811
[train:convlstm_stress:H5] epoch=8/10 step=275/1086 loss=0.3771
[train:convlstm_stress:H5] epoch=8/10 step=300/1086 loss=0.4140
[train:convlstm_stress:H5] epoch=8/10 step=325/1086 loss=0.4274
[train:convlstm_stress:H5] epoch=8/10 step=350/1086 loss=0.3724
[train:convlstm_stress:H5] epoch=8/10 step=375/1086 loss=0.3931
[train:convlstm_stress:H5] epoch=8/10 step=400/1086 loss=0.3962
[train:convlstm_stress:H5] epoch=8/10 step=425/1086 loss=0.4314
[train:convlstm_stress:H5] epoch=8/10 step=450/1086 loss=0.4134
[train:convlstm_stress:H5] epoch=8/10 step=475/1086 loss=0.4701
[train:convlstm_stress:H5] epoch=8/10 step=500/1086 loss=0.4005
[train:convlstm_stress:H5] epoch=8/10 step=525/1086 loss=0.3708
[train:convlstm_stress:H5] epoch=8/10 step=550/1086 loss=0.4070
[train:convlstm_stress:H5] epoch=8/10 step=575/1086 loss=0.4296
[train:convlstm_stress:H5] epoch=8/10 step=600/1086 loss=0.4188
[train:convlstm_stress:H5] epoch=8/10 step=625/1086 loss=0.4022
[train:convlstm_stress:H5] epoch=8/10 step=650/1086 loss=0.4169
[train:convlstm_stress:H5] epoch=8/10 step=675/1086 loss=0.4180
[train:convlstm_stress:H5] epoch=8/10 step=700/1086 loss=0.4143
[train:convlstm_stress:H5] epoch=8/10 step=725/1086 loss=0.3984
[train:convlstm_stress:H5] epoch=8/10 step=750/1086 loss=0.4051
[train:convlstm_stress:H5] epoch=8/10 step=775/1086 loss=0.4213
[train:convlstm_stress:H5] epoch=8/10 step=800/1086 loss=0.4218
[train:convlstm_stress:H5] epoch=8/10 step=825/1086 loss=0.4374
[train:convlstm_stress:H5] epoch=8/10 step=850/1086 loss=0.4168
[train:convlstm_stress:H5] epoch=8/10 step=875/1086 loss=0.4026
[train:convlstm_stress:H5] epoch=8/10 step=900/1086 loss=0.4124
[train:convlstm_stress:H5] epoch=8/10 step=925/1086 loss=0.4005
[train:convlstm_stress:H5] epoch=8/10 step=950/1086 loss=0.4244
[train:convlstm_stress:H5] epoch=8/10 step=975/1086 loss=0.4068
[train:convlstm_stress:H5] epoch=8/10 step=1000/1086 loss=0.3924
[train:convlstm_stress:H5] epoch=8/10 step=1025/1086 loss=0.4313
[train:convlstm_stress:H5] epoch=8/10 step=1050/1086 loss=0.3836
[train:convlstm_stress:H5] epoch=8/10 step=1075/1086 loss=0.4165
[epoch] method=convlstm_stress epoch=8 train=0.4072 val=0.3577 best=0.3492
[train:convlstm_stress:H5] epoch=9/10 step=0/1086 loss=0.3886
[train:convlstm_stress:H5] epoch=9/10 step=25/1086 loss=0.4158
[train:convlstm_stress:H5] epoch=9/10 step=50/1086 loss=0.3889
[train:convlstm_stress:H5] epoch=9/10 step=75/1086 loss=0.4129
[train:convlstm_stress:H5] epoch=9/10 step=100/1086 loss=0.4053
[train:convlstm_stress:H5] epoch=9/10 step=125/1086 loss=0.4063
[train:convlstm_stress:H5] epoch=9/10 step=150/1086 loss=0.4205
[train:convlstm_stress:H5] epoch=9/10 step=175/1086 loss=0.3908
[train:convlstm_stress:H5] epoch=9/10 step=200/1086 loss=0.3962
[train:convlstm_stress:H5] epoch=9/10 step=225/1086 loss=0.4066
[train:convlstm_stress:H5] epoch=9/10 step=250/1086 loss=0.3997
[train:convlstm_stress:H5] epoch=9/10 step=275/1086 loss=0.4208
[train:convlstm_stress:H5] epoch=9/10 step=300/1086 loss=0.3926
[train:convlstm_stress:H5] epoch=9/10 step=325/1086 loss=0.3757
[train:convlstm_stress:H5] epoch=9/10 step=350/1086 loss=0.4109
[train:convlstm_stress:H5] epoch=9/10 step=375/1086 loss=0.4390
[train:convlstm_stress:H5] epoch=9/10 step=400/1086 loss=0.3984
[train:convlstm_stress:H5] epoch=9/10 step=425/1086 loss=0.4130
[train:convlstm_stress:H5] epoch=9/10 step=450/1086 loss=0.4245
[train:convlstm_stress:H5] epoch=9/10 step=475/1086 loss=0.3935
[train:convlstm_stress:H5] epoch=9/10 step=500/1086 loss=0.4126
[train:convlstm_stress:H5] epoch=9/10 step=525/1086 loss=0.4349
[train:convlstm_stress:H5] epoch=9/10 step=550/1086 loss=0.4154
[train:convlstm_stress:H5] epoch=9/10 step=575/1086 loss=0.4300
[train:convlstm_stress:H5] epoch=9/10 step=600/1086 loss=0.3733
[train:convlstm_stress:H5] epoch=9/10 step=625/1086 loss=0.3980
[train:convlstm_stress:H5] epoch=9/10 step=650/1086 loss=0.3883
[train:convlstm_stress:H5] epoch=9/10 step=675/1086 loss=0.4263
[train:convlstm_stress:H5] epoch=9/10 step=700/1086 loss=0.3889
[train:convlstm_stress:H5] epoch=9/10 step=725/1086 loss=0.4004
[train:convlstm_stress:H5] epoch=9/10 step=750/1086 loss=0.4254
[train:convlstm_stress:H5] epoch=9/10 step=775/1086 loss=0.3922
[train:convlstm_stress:H5] epoch=9/10 step=800/1086 loss=0.4003
[train:convlstm_stress:H5] epoch=9/10 step=825/1086 loss=0.4148
[train:convlstm_stress:H5] epoch=9/10 step=850/1086 loss=0.4126
[train:convlstm_stress:H5] epoch=9/10 step=875/1086 loss=0.4071
[train:convlstm_stress:H5] epoch=9/10 step=900/1086 loss=0.4679
[train:convlstm_stress:H5] epoch=9/10 step=925/1086 loss=0.3556
[train:convlstm_stress:H5] epoch=9/10 step=950/1086 loss=0.4219
[train:convlstm_stress:H5] epoch=9/10 step=975/1086 loss=0.3724
[train:convlstm_stress:H5] epoch=9/10 step=1000/1086 loss=0.4372
[train:convlstm_stress:H5] epoch=9/10 step=1025/1086 loss=0.4095
[train:convlstm_stress:H5] epoch=9/10 step=1050/1086 loss=0.4092
[train:convlstm_stress:H5] epoch=9/10 step=1075/1086 loss=0.3825
[epoch] method=convlstm_stress epoch=9 train=0.4028 val=0.3521 best=0.3492
[train:convlstm_stress:H5] epoch=10/10 step=0/1086 loss=0.3728
[train:convlstm_stress:H5] epoch=10/10 step=25/1086 loss=0.3955
[train:convlstm_stress:H5] epoch=10/10 step=50/1086 loss=0.3818
[train:convlstm_stress:H5] epoch=10/10 step=75/1086 loss=0.3702
[train:convlstm_stress:H5] epoch=10/10 step=100/1086 loss=0.3654
[train:convlstm_stress:H5] epoch=10/10 step=125/1086 loss=0.3681
[train:convlstm_stress:H5] epoch=10/10 step=150/1086 loss=0.4144
[train:convlstm_stress:H5] epoch=10/10 step=175/1086 loss=0.4077
[train:convlstm_stress:H5] epoch=10/10 step=200/1086 loss=0.4071
[train:convlstm_stress:H5] epoch=10/10 step=225/1086 loss=0.4026
[train:convlstm_stress:H5] epoch=10/10 step=250/1086 loss=0.4302
[train:convlstm_stress:H5] epoch=10/10 step=275/1086 loss=0.3894
[train:convlstm_stress:H5] epoch=10/10 step=300/1086 loss=0.4297
[train:convlstm_stress:H5] epoch=10/10 step=325/1086 loss=0.4001
[train:convlstm_stress:H5] epoch=10/10 step=350/1086 loss=0.4008
[train:convlstm_stress:H5] epoch=10/10 step=375/1086 loss=0.3907
[train:convlstm_stress:H5] epoch=10/10 step=400/1086 loss=0.4136
[train:convlstm_stress:H5] epoch=10/10 step=425/1086 loss=0.4337
[train:convlstm_stress:H5] epoch=10/10 step=450/1086 loss=0.3810
[train:convlstm_stress:H5] epoch=10/10 step=475/1086 loss=0.3910
[train:convlstm_stress:H5] epoch=10/10 step=500/1086 loss=0.4011
[train:convlstm_stress:H5] epoch=10/10 step=525/1086 loss=0.4072
[train:convlstm_stress:H5] epoch=10/10 step=550/1086 loss=0.3629
[train:convlstm_stress:H5] epoch=10/10 step=575/1086 loss=0.4267
[train:convlstm_stress:H5] epoch=10/10 step=600/1086 loss=0.3911
[train:convlstm_stress:H5] epoch=10/10 step=625/1086 loss=0.3823
[train:convlstm_stress:H5] epoch=10/10 step=650/1086 loss=0.4029
[train:convlstm_stress:H5] epoch=10/10 step=675/1086 loss=0.4111
[train:convlstm_stress:H5] epoch=10/10 step=700/1086 loss=0.4418
[train:convlstm_stress:H5] epoch=10/10 step=725/1086 loss=0.4212
[train:convlstm_stress:H5] epoch=10/10 step=750/1086 loss=0.3888
[train:convlstm_stress:H5] epoch=10/10 step=775/1086 loss=0.3871
[train:convlstm_stress:H5] epoch=10/10 step=800/1086 loss=0.4106
[train:convlstm_stress:H5] epoch=10/10 step=825/1086 loss=0.3787
[train:convlstm_stress:H5] epoch=10/10 step=850/1086 loss=0.3600
[train:convlstm_stress:H5] epoch=10/10 step=875/1086 loss=0.3894
[train:convlstm_stress:H5] epoch=10/10 step=900/1086 loss=0.4194
[train:convlstm_stress:H5] epoch=10/10 step=925/1086 loss=0.4127
[train:convlstm_stress:H5] epoch=10/10 step=950/1086 loss=0.4086
[train:convlstm_stress:H5] epoch=10/10 step=975/1086 loss=0.3936
[train:convlstm_stress:H5] epoch=10/10 step=1000/1086 loss=0.4009
[train:convlstm_stress:H5] epoch=10/10 step=1025/1086 loss=0.4090
[train:convlstm_stress:H5] epoch=10/10 step=1050/1086 loss=0.3903
[train:convlstm_stress:H5] epoch=10/10 step=1075/1086 loss=0.4249
[epoch] method=convlstm_stress epoch=10 train=0.3983 val=0.3549 best=0.3492
[done train] /home/tahiti/SafeObjWorld/runs_v2_full/models/convlstm_stress/H5/best.pt
